[2020-10-22 08:39:38,145] I EventLoop.py | Kiwoom-_event_connect_slot-0107 I DEBUG    > 정상처리
[2020-10-22 08:39:38,263] I EventLoop.py | Kiwoom-msg_slot-1559 I DEBUG    > 스크린: 2000, 요청이름: 예수금상세현황요청, tr코드: opw00001 --- [00Z310] 모의투자 조회가 완료되었습니다
[2020-10-22 08:39:38,265] I EventLoop.py | Kiwoom-_tr_data_slot-0222 I DEBUG    > 예수금 : 46201925
[2020-10-22 08:39:38,354] I EventLoop.py | Kiwoom-msg_slot-1559 I DEBUG    > 스크린: 2000, 요청이름: 계좌평가잔고내역요청, tr코드: opw00018 --- [00Z310] 모의투자 조회가 완료되었습니다
[2020-10-22 08:39:38,356] I EventLoop.py | Kiwoom-_tr_data_slot-0237 I DEBUG    > 계좌평가잔고내역요청 싱글데이터 : 000000003033480 - -00000000019886 - -00000000.66
[2020-10-22 08:39:38,357] I EventLoop.py | Kiwoom-_tr_data_slot-0253 I DEBUG    > 종목코드: 011150 - 종목명: CJ씨푸드                                 - 보유수량: 000000000000098 - 매입가:000000000005100 - 수익률: 000000002.17 - 현재가: 000000005260
[2020-10-22 08:39:38,357] I EventLoop.py | Kiwoom-_tr_data_slot-0253 I DEBUG    > 종목코드: 011280 - 종목명: 태림포장                                 - 보유수량: 000000000000094 - 매입가:000000000005280 - 수익률: -00000005.09 - 현재가: 000000005060
[2020-10-22 08:39:38,358] I EventLoop.py | Kiwoom-_tr_data_slot-0253 I DEBUG    > 종목코드: 011930 - 종목명: 신성이엔지                               - 보유수량: 000000000000163 - 매입가:000000000003054 - 수익률: -00000000.59 - 현재가: 000000003065
[2020-10-22 08:39:38,359] I EventLoop.py | Kiwoom-_tr_data_slot-0253 I DEBUG    > 종목코드: 018000 - 종목명: 유니슨                                   - 보유수량: 000000000000094 - 매입가:000000000005302 - 수익률: -00000000.24 - 현재가: 000000005340
[2020-10-22 08:39:38,359] I EventLoop.py | Kiwoom-_tr_data_slot-0253 I DEBUG    > 종목코드: 025820 - 종목명: 이구산업                                 - 보유수량: 000000000000024 - 매입가:000000000001735 - 수익률: 000000000.23 - 현재가: 000000001755
[2020-10-22 08:39:38,360] I EventLoop.py | Kiwoom-_tr_data_slot-0253 I DEBUG    > 종목코드: 058400 - 종목명: KNN                                      - 보유수량: 000000000000232 - 매입가:000000000002149 - 수익률: -00000001.83 - 현재가: 000000002130
[2020-10-22 08:39:38,360] I EventLoop.py | Kiwoom-_tr_data_slot-0253 I DEBUG    > 종목코드: 137940 - 종목명: 넥스트아이                               - 보유수량: 000000000000258 - 매입가:000000000001940 - 수익률: 000000001.61 - 현재가: 000000001990
[2020-10-22 08:39:38,361] I EventLoop.py | Kiwoom-_tr_data_slot-0276 I DEBUG    > sPreNext : <built-in function next>
[2020-10-22 08:40:00,468] I EventLoop.py | Kiwoom-_receive_real_data_slot-1016 I DEBUG    > 장 시작 전
[2020-10-22 08:41:00,464] I EventLoop.py | Kiwoom-_receive_real_data_slot-1016 I DEBUG    > 장 시작 전
[2020-10-22 08:42:00,469] I EventLoop.py | Kiwoom-_receive_real_data_slot-1016 I DEBUG    > 장 시작 전
[2020-10-22 08:43:00,461] I EventLoop.py | Kiwoom-_receive_real_data_slot-1016 I DEBUG    > 장 시작 전
[2020-10-22 08:44:00,464] I EventLoop.py | Kiwoom-_receive_real_data_slot-1016 I DEBUG    > 장 시작 전
[2020-10-22 08:45:00,465] I EventLoop.py | Kiwoom-_receive_real_data_slot-1016 I DEBUG    > 장 시작 전
[2020-10-22 08:46:00,472] I EventLoop.py | Kiwoom-_receive_real_data_slot-1016 I DEBUG    > 장 시작 전
[2020-10-22 08:47:00,460] I EventLoop.py | Kiwoom-_receive_real_data_slot-1016 I DEBUG    > 장 시작 전
[2020-10-22 08:48:00,459] I EventLoop.py | Kiwoom-_receive_real_data_slot-1016 I DEBUG    > 장 시작 전
[2020-10-22 08:49:00,459] I EventLoop.py | Kiwoom-_receive_real_data_slot-1016 I DEBUG    > 장 시작 전
[2020-10-22 08:50:00,462] I EventLoop.py | Kiwoom-_receive_real_data_slot-1016 I DEBUG    > 장 시작 전
[2020-10-22 08:51:00,458] I EventLoop.py | Kiwoom-_receive_real_data_slot-1016 I DEBUG    > 장 시작 전
[2020-10-22 08:52:00,465] I EventLoop.py | Kiwoom-_receive_real_data_slot-1016 I DEBUG    > 장 시작 전
[2020-10-22 08:53:00,461] I EventLoop.py | Kiwoom-_receive_real_data_slot-1016 I DEBUG    > 장 시작 전
[2020-10-22 08:54:00,456] I EventLoop.py | Kiwoom-_receive_real_data_slot-1016 I DEBUG    > 장 시작 전
[2020-10-22 08:55:00,456] I EventLoop.py | Kiwoom-_receive_real_data_slot-1016 I DEBUG    > 장 시작 전
[2020-10-22 08:56:00,463] I EventLoop.py | Kiwoom-_receive_real_data_slot-1016 I DEBUG    > 장 시작 전
[2020-10-22 08:57:00,463] I EventLoop.py | Kiwoom-_receive_real_data_slot-1016 I DEBUG    > 장 시작 전
[2020-10-22 08:58:00,460] I EventLoop.py | Kiwoom-_receive_real_data_slot-1016 I DEBUG    > 장 시작 전
[2020-10-22 08:59:00,451] I EventLoop.py | Kiwoom-_receive_real_data_slot-1016 I DEBUG    > 장 시작 전
[2020-10-22 08:59:10,466] I EventLoop.py | Kiwoom-_receive_real_data_slot-1016 I DEBUG    > 장 시작 전
[2020-10-22 08:59:20,454] I EventLoop.py | Kiwoom-_receive_real_data_slot-1016 I DEBUG    > 장 시작 전
[2020-10-22 08:59:30,462] I EventLoop.py | Kiwoom-_receive_real_data_slot-1016 I DEBUG    > 장 시작 전
[2020-10-22 08:59:40,460] I EventLoop.py | Kiwoom-_receive_real_data_slot-1016 I DEBUG    > 장 시작 전
[2020-10-22 08:59:50,458] I EventLoop.py | Kiwoom-_receive_real_data_slot-1016 I DEBUG    > 장 시작 전
[2020-10-22 09:00:00,553] I EventLoop.py | Kiwoom-_receive_real_data_slot-1019 I DEBUG    > 장 시작
[2020-10-22 09:00:13,398] I EventLoop.py | Kiwoom-_receive_real_data_slot-1229 I DEBUG    > 코드 : 011280 매도주문 전달 성공
[2020-10-22 09:00:18,508] I EventLoop.py | Kiwoom-msg_slot-1559 I DEBUG    > 스크린: 6001, 요청이름: 신규매도, tr코드: KOA_NORMAL_SELL_KP_ORD --- [00Z113] 모의투자 정상처리 되었습니다
[2020-10-22 09:00:19,371] I EventLoop.py | Kiwoom-chejan_slot-1483 I DEBUG    > 주문체결: {'미체결수량': 94, '원주문번호': '0000000', '현재가': 5040, '주문/체결시간': '090011', '종목명': '태림포장', '주문가격': 0, '체결가': 0, '주문수량': 94, '주문구분': '매도', '주문상태': '접수', '(최우선)매도호가': 5040, '(최우선)매수호가': 5030, '주문번호': '0009892', '종목코드': '011280', '체결량': 0}
[2020-10-22 09:00:19,372] I EventLoop.py | Kiwoom-chejan_slot-1531 I DEBUG    > 잔고반영: {'종목명': '태림포장', '(최우선)매수호가': 5030, '총매입가': 496320, '보유수량': 94, '(최우선)매도호가': 5040, '현재가': 5040, '주문가능수량': 0, '종목코드': '011280', '매입단가': 5280, '매도매수구분': '매도'}
[2020-10-22 09:00:28,353] I EventLoop.py | Kiwoom-chejan_slot-1483 I DEBUG    > 주문체결: {'미체결수량': 0, '원주문번호': '0000000', '현재가': 5010, '주문/체결시간': '090018', '종목명': '태림포장', '주문가격': 0, '체결가': 5040, '주문수량': 94, '주문구분': '매도', '주문상태': '체결', '(최우선)매도호가': 5020, '(최우선)매수호가': 5010, '주문번호': '0009892', '종목코드': '011280', '체결량': 94}
[2020-10-22 09:00:28,356] I EventLoop.py | Kiwoom-chejan_slot-1531 I DEBUG    > 잔고반영: {'종목명': '태림포장', '(최우선)매수호가': 5010, '총매입가': 0, '보유수량': 0, '(최우선)매도호가': 5020, '현재가': 5010, '주문가능수량': 0, '종목코드': '011280', '매입단가': 0, '매도매수구분': '매도'}
[2020-10-22 09:01:04,386] I EventLoop.py | Kiwoom-_receive_real_data_slot-1229 I DEBUG    > 코드 : 011930 매도주문 전달 성공
[2020-10-22 09:02:02,197] I EventLoop.py | Kiwoom-chejan_slot-1483 I DEBUG    > 주문체결: {'미체결수량': 163, '원주문번호': '0000000', '현재가': 2990, '주문/체결시간': '090106', '종목명': '신성이엔지', '주문가격': 0, '체결가': 0, '주문수량': 163, '주문구분': '매도', '주문상태': '접수', '(최우선)매도호가': 2990, '(최우선)매수호가': 2985, '주문번호': '0012581', '종목코드': '011930', '체결량': 0}
[2020-10-22 09:02:02,199] I EventLoop.py | Kiwoom-chejan_slot-1531 I DEBUG    > 잔고반영: {'종목명': '신성이엔지', '(최우선)매수호가': 2985, '총매입가': 497960, '보유수량': 163, '(최우선)매도호가': 2990, '현재가': 2990, '주문가능수량': 0, '종목코드': '011930', '매입단가': 3055, '매도매수구분': '매도'}
[2020-10-22 09:02:11,103] I EventLoop.py | Kiwoom-chejan_slot-1483 I DEBUG    > 주문체결: {'미체결수량': 79, '원주문번호': '0000000', '현재가': 2985, '주문/체결시간': '090109', '종목명': '신성이엔지', '주문가격': 0, '체결가': 2985, '주문수량': 163, '주문구분': '매도', '주문상태': '체결', '(최우선)매도호가': 2985, '(최우선)매수호가': 2980, '주문번호': '0012581', '종목코드': '011930', '체결량': 84}
[2020-10-22 09:02:11,105] I EventLoop.py | Kiwoom-chejan_slot-1531 I DEBUG    > 잔고반영: {'종목명': '신성이엔지', '(최우선)매수호가': 2980, '총매입가': 241343, '보유수량': 79, '(최우선)매도호가': 2985, '현재가': 2985, '주문가능수량': 0, '종목코드': '011930', '매입단가': 3055, '매도매수구분': '매도'}
[2020-10-22 09:02:18,363] I EventLoop.py | Kiwoom-chejan_slot-1483 I DEBUG    > 주문체결: {'미체결수량': 0, '원주문번호': '0000000', '현재가': 2995, '주문/체결시간': '090112', '종목명': '신성이엔지', '주문가격': 0, '체결가': 2987, '주문수량': 163, '주문구분': '매도', '주문상태': '체결', '(최우선)매도호가': 2995, '(최우선)매수호가': 2990, '주문번호': '0012581', '종목코드': '011930', '체결량': 163}
[2020-10-22 09:02:18,364] I EventLoop.py | Kiwoom-chejan_slot-1531 I DEBUG    > 잔고반영: {'종목명': '신성이엔지', '(최우선)매수호가': 2990, '총매입가': 0, '보유수량': 0, '(최우선)매도호가': 2995, '현재가': 2995, '주문가능수량': 0, '종목코드': '011930', '매입단가': 0, '매도매수구분': '매도'}
[2020-10-22 09:03:21,281] I EventLoop.py | Kiwoom-_event_connect_slot-0107 I DEBUG    > 정상처리
[2020-10-22 09:03:21,894] I EventLoop.py | Kiwoom-msg_slot-1560 I DEBUG    > 스크린: 2000, 요청이름: 예수금상세현황요청, tr코드: opw00001 --- [00Z310] 모의투자 조회가 완료되었습니다
[2020-10-22 09:03:21,896] I EventLoop.py | Kiwoom-_tr_data_slot-0222 I DEBUG    > 예수금 : 46201925
[2020-10-22 09:03:24,302] I EventLoop.py | Kiwoom-msg_slot-1560 I DEBUG    > 스크린: 2000, 요청이름: 계좌평가잔고내역요청, tr코드: opw00018 --- [00Z310] 모의투자 조회가 완료되었습니다
[2020-10-22 09:03:24,303] I EventLoop.py | Kiwoom-_tr_data_slot-0237 I DEBUG    > 계좌평가잔고내역요청 싱글데이터 : 000000002039200 - -00000000015853 - -00000000.78
[2020-10-22 09:03:24,304] I EventLoop.py | Kiwoom-_tr_data_slot-0253 I DEBUG    > 종목코드: 011150 - 종목명: CJ씨푸드                                 - 보유수량: 000000000000098 - 매입가:000000000005100 - 수익률: 000000000.03 - 현재가: 000000005150
[2020-10-22 09:03:24,304] I EventLoop.py | Kiwoom-_tr_data_slot-0253 I DEBUG    > 종목코드: 018000 - 종목명: 유니슨                                   - 보유수량: 000000000000094 - 매입가:000000000005302 - 수익률: -00000000.99 - 현재가: 000000005300
[2020-10-22 09:03:24,305] I EventLoop.py | Kiwoom-_tr_data_slot-0253 I DEBUG    > 종목코드: 025820 - 종목명: 이구산업                                 - 보유수량: 000000000000024 - 매입가:000000000001735 - 수익률: 000000003.66 - 현재가: 000000001815
[2020-10-22 09:03:24,305] I EventLoop.py | Kiwoom-_tr_data_slot-0253 I DEBUG    > 종목코드: 058400 - 종목명: KNN                                      - 보유수량: 000000000000232 - 매입가:000000000002149 - 수익률: -00000002.29 - 현재가: 000000002120
[2020-10-22 09:03:24,306] I EventLoop.py | Kiwoom-_tr_data_slot-0253 I DEBUG    > 종목코드: 137940 - 종목명: 넥스트아이                               - 보유수량: 000000000000258 - 매입가:000000000001940 - 수익률: -00000000.18 - 현재가: 000000001955
[2020-10-22 09:03:24,306] I EventLoop.py | Kiwoom-_tr_data_slot-0276 I DEBUG    > sPreNext : <built-in function next>
[2020-10-22 09:11:20,959] I EventLoop.py | Kiwoom-_event_connect_slot-0107 I DEBUG    > 정상처리
[2020-10-22 09:11:22,980] I EventLoop.py | Kiwoom-msg_slot-1560 I DEBUG    > 스크린: 2000, 요청이름: 예수금상세현황요청, tr코드: opw00001 --- [00Z310] 모의투자 조회가 완료되었습니다
[2020-10-22 09:11:22,981] I EventLoop.py | Kiwoom-_tr_data_slot-0222 I DEBUG    > 예수금 : 46201925
[2020-10-22 09:11:25,750] I EventLoop.py | Kiwoom-msg_slot-1560 I DEBUG    > 스크린: 2000, 요청이름: 계좌평가잔고내역요청, tr코드: opw00018 --- [00Z310] 모의투자 조회가 완료되었습니다
[2020-10-22 09:11:25,751] I EventLoop.py | Kiwoom-_tr_data_slot-0237 I DEBUG    > 계좌평가잔고내역요청 싱글데이터 : 000000002039200 - -00000000008373 - -00000000.41
[2020-10-22 09:11:25,752] I EventLoop.py | Kiwoom-_tr_data_slot-0253 I DEBUG    > 종목코드: 011150 - 종목명: CJ씨푸드                                 - 보유수량: 000000000000098 - 매입가:000000000005100 - 수익률: 000000000.81 - 현재가: 000000005190
[2020-10-22 09:11:25,752] I EventLoop.py | Kiwoom-_tr_data_slot-0253 I DEBUG    > 종목코드: 018000 - 종목명: 유니슨                                   - 보유수량: 000000000000094 - 매입가:000000000005302 - 수익률: -00000001.55 - 현재가: 000000005270
[2020-10-22 09:11:25,753] I EventLoop.py | Kiwoom-_tr_data_slot-0253 I DEBUG    > 종목코드: 025820 - 종목명: 이구산업                                 - 보유수량: 000000000000024 - 매입가:000000000001735 - 수익률: 000000012.54 - 현재가: 000000001970
[2020-10-22 09:11:25,753] I EventLoop.py | Kiwoom-_tr_data_slot-0253 I DEBUG    > 종목코드: 058400 - 종목명: KNN                                      - 보유수량: 000000000000232 - 매입가:000000000002149 - 수익률: -00000000.21 - 현재가: 000000002165
[2020-10-22 09:11:25,754] I EventLoop.py | Kiwoom-_tr_data_slot-0253 I DEBUG    > 종목코드: 137940 - 종목명: 넥스트아이                               - 보유수량: 000000000000258 - 매입가:000000000001940 - 수익률: -00000001.72 - 현재가: 000000001925
[2020-10-22 09:11:25,754] I EventLoop.py | Kiwoom-_tr_data_slot-0276 I DEBUG    > sPreNext : <built-in function next>
[2020-10-22 09:14:12,831] I EventLoop.py | Kiwoom-_event_connect_slot-0107 I DEBUG    > 정상처리
[2020-10-22 09:14:12,868] I EventLoop.py | Kiwoom-msg_slot-1560 I DEBUG    > 스크린: 2000, 요청이름: 예수금상세현황요청, tr코드: opw00001 --- [00Z310] 모의투자 조회가 완료되었습니다
[2020-10-22 09:14:12,870] I EventLoop.py | Kiwoom-_tr_data_slot-0222 I DEBUG    > 예수금 : 46201925
[2020-10-22 09:14:14,327] I EventLoop.py | Kiwoom-msg_slot-1560 I DEBUG    > 스크린: 2000, 요청이름: 계좌평가잔고내역요청, tr코드: opw00018 --- [00Z310] 모의투자 조회가 완료되었습니다
[2020-10-22 09:14:14,329] I EventLoop.py | Kiwoom-_tr_data_slot-0237 I DEBUG    > 계좌평가잔고내역요청 싱글데이터 : 000000002039200 - -00000000012874 - -00000000.63
[2020-10-22 09:14:14,330] I EventLoop.py | Kiwoom-_tr_data_slot-0253 I DEBUG    > 종목코드: 011150 - 종목명: CJ씨푸드                                 - 보유수량: 000000000000098 - 매입가:000000000005100 - 수익률: -00000000.17 - 현재가: 000000005140
[2020-10-22 09:14:14,330] I EventLoop.py | Kiwoom-_tr_data_slot-0253 I DEBUG    > 종목코드: 018000 - 종목명: 유니슨                                   - 보유수량: 000000000000094 - 매입가:000000000005302 - 수익률: -00000002.30 - 현재가: 000000005230
[2020-10-22 09:14:14,331] I EventLoop.py | Kiwoom-_tr_data_slot-0253 I DEBUG    > 종목코드: 025820 - 종목명: 이구산업                                 - 보유수량: 000000000000024 - 매입가:000000000001735 - 수익률: 000000011.96 - 현재가: 000000001960
[2020-10-22 09:14:14,331] I EventLoop.py | Kiwoom-_tr_data_slot-0253 I DEBUG    > 종목코드: 058400 - 종목명: KNN                                      - 보유수량: 000000000000232 - 매입가:000000000002149 - 수익률: 000000001.18 - 현재가: 000000002195
[2020-10-22 09:14:14,332] I EventLoop.py | Kiwoom-_tr_data_slot-0253 I DEBUG    > 종목코드: 137940 - 종목명: 넥스트아이                               - 보유수량: 000000000000258 - 매입가:000000000001940 - 수익률: -00000002.23 - 현재가: 000000001915
[2020-10-22 09:14:14,332] I EventLoop.py | Kiwoom-_tr_data_slot-0276 I DEBUG    > sPreNext : <built-in function next>
[2020-10-22 09:15:25,502] I EventLoop.py | Kiwoom-_event_connect_slot-0107 I DEBUG    > 정상처리
[2020-10-22 09:15:26,009] I EventLoop.py | Kiwoom-msg_slot-1560 I DEBUG    > 스크린: 2000, 요청이름: 예수금상세현황요청, tr코드: opw00001 --- [00Z310] 모의투자 조회가 완료되었습니다
[2020-10-22 09:15:26,011] I EventLoop.py | Kiwoom-_tr_data_slot-0222 I DEBUG    > 예수금 : 46201925
[2020-10-22 09:15:30,422] I EventLoop.py | Kiwoom-msg_slot-1560 I DEBUG    > 스크린: 2000, 요청이름: 계좌평가잔고내역요청, tr코드: opw00018 --- [00Z310] 모의투자 조회가 완료되었습니다
[2020-10-22 09:15:30,423] I EventLoop.py | Kiwoom-_tr_data_slot-0237 I DEBUG    > 계좌평가잔고내역요청 싱글데이터 : 000000002039200 - -00000000013081 - -00000000.64
[2020-10-22 09:15:30,424] I EventLoop.py | Kiwoom-_tr_data_slot-0253 I DEBUG    > 종목코드: 011150 - 종목명: CJ씨푸드                                 - 보유수량: 000000000000098 - 매입가:000000000005100 - 수익률: 000000000.03 - 현재가: 000000005150
[2020-10-22 09:15:30,424] I EventLoop.py | Kiwoom-_tr_data_slot-0253 I DEBUG    > 종목코드: 018000 - 종목명: 유니슨                                   - 보유수량: 000000000000094 - 매입가:000000000005302 - 수익률: -00000003.05 - 현재가: 000000005190
[2020-10-22 09:15:30,424] I EventLoop.py | Kiwoom-_tr_data_slot-0253 I DEBUG    > 종목코드: 025820 - 종목명: 이구산업                                 - 보유수량: 000000000000024 - 매입가:000000000001735 - 수익률: 000000012.54 - 현재가: 000000001970
[2020-10-22 09:15:30,425] I EventLoop.py | Kiwoom-_tr_data_slot-0253 I DEBUG    > 종목코드: 058400 - 종목명: KNN                                      - 보유수량: 000000000000232 - 매입가:000000000002149 - 수익률: 000000001.64 - 현재가: 000000002205
[2020-10-22 09:15:30,426] I EventLoop.py | Kiwoom-_tr_data_slot-0253 I DEBUG    > 종목코드: 137940 - 종목명: 넥스트아이                               - 보유수량: 000000000000258 - 매입가:000000000001940 - 수익률: -00000002.23 - 현재가: 000000001915
[2020-10-22 09:15:30,426] I EventLoop.py | Kiwoom-_tr_data_slot-0276 I DEBUG    > sPreNext : <built-in function next>
[2020-10-22 09:17:07,843] I EventLoop.py | Kiwoom-_event_connect_slot-0107 I DEBUG    > 정상처리
[2020-10-22 09:17:07,875] I EventLoop.py | Kiwoom-msg_slot-1560 I DEBUG    > 스크린: 2000, 요청이름: 예수금상세현황요청, tr코드: opw00001 --- [00Z310] 모의투자 조회가 완료되었습니다
[2020-10-22 09:17:07,876] I EventLoop.py | Kiwoom-_tr_data_slot-0222 I DEBUG    > 예수금 : 46201925
[2020-10-22 09:17:08,105] I EventLoop.py | Kiwoom-msg_slot-1560 I DEBUG    > 스크린: 2000, 요청이름: 계좌평가잔고내역요청, tr코드: opw00018 --- [00Z310] 모의투자 조회가 완료되었습니다
[2020-10-22 09:17:08,107] I EventLoop.py | Kiwoom-_tr_data_slot-0237 I DEBUG    > 계좌평가잔고내역요청 싱글데이터 : 000000002039200 - -00000000009301 - -00000000.46
[2020-10-22 09:17:08,108] I EventLoop.py | Kiwoom-_tr_data_slot-0253 I DEBUG    > 종목코드: 011150 - 종목명: CJ씨푸드                                 - 보유수량: 000000000000098 - 매입가:000000000005100 - 수익률: 000000000.22 - 현재가: 000000005160
[2020-10-22 09:17:08,109] I EventLoop.py | Kiwoom-_tr_data_slot-0253 I DEBUG    > 종목코드: 018000 - 종목명: 유니슨                                   - 보유수량: 000000000000094 - 매입가:000000000005302 - 수익률: -00000003.24 - 현재가: 000000005180
[2020-10-22 09:17:08,110] I EventLoop.py | Kiwoom-_tr_data_slot-0253 I DEBUG    > 종목코드: 025820 - 종목명: 이구산업                                 - 보유수량: 000000000000024 - 매입가:000000000001735 - 수익률: 000000015.97 - 현재가: 000000002030
[2020-10-22 09:17:08,110] I EventLoop.py | Kiwoom-_tr_data_slot-0253 I DEBUG    > 종목코드: 058400 - 종목명: KNN                                      - 보유수량: 000000000000232 - 매입가:000000000002149 - 수익률: 000000002.10 - 현재가: 000000002215
[2020-10-22 09:17:08,111] I EventLoop.py | Kiwoom-_tr_data_slot-0253 I DEBUG    > 종목코드: 137940 - 종목명: 넥스트아이                               - 보유수량: 000000000000258 - 매입가:000000000001940 - 수익률: -00000002.23 - 현재가: 000000001915
[2020-10-22 09:17:08,111] I EventLoop.py | Kiwoom-_tr_data_slot-0276 I DEBUG    > sPreNext : <built-in function next>
[2020-10-22 09:19:25,298] I EventLoop.py | Kiwoom-_event_connect_slot-0107 I DEBUG    > 정상처리
[2020-10-22 09:19:25,617] I EventLoop.py | Kiwoom-msg_slot-1560 I DEBUG    > 스크린: 2000, 요청이름: 예수금상세현황요청, tr코드: opw00001 --- [00Z310] 모의투자 조회가 완료되었습니다
[2020-10-22 09:19:25,619] I EventLoop.py | Kiwoom-_tr_data_slot-0222 I DEBUG    > 예수금 : 46201925
[2020-10-22 09:19:28,467] I EventLoop.py | Kiwoom-msg_slot-1560 I DEBUG    > 스크린: 2000, 요청이름: 계좌평가잔고내역요청, tr코드: opw00018 --- [00Z310] 모의투자 조회가 완료되었습니다
[2020-10-22 09:19:28,470] I EventLoop.py | Kiwoom-_tr_data_slot-0237 I DEBUG    > 계좌평가잔고내역요청 싱글데이터 : 000000002039200 - 000000000002370 - 000000000.12
[2020-10-22 09:19:28,470] I EventLoop.py | Kiwoom-_tr_data_slot-0253 I DEBUG    > 종목코드: 011150 - 종목명: CJ씨푸드                                 - 보유수량: 000000000000098 - 매입가:000000000005100 - 수익률: 000000000.42 - 현재가: 000000005170
[2020-10-22 09:19:28,471] I EventLoop.py | Kiwoom-_tr_data_slot-0253 I DEBUG    > 종목코드: 018000 - 종목명: 유니슨                                   - 보유수량: 000000000000094 - 매입가:000000000005302 - 수익률: -00000003.05 - 현재가: 000000005190
[2020-10-22 09:19:28,472] I EventLoop.py | Kiwoom-_tr_data_slot-0253 I DEBUG    > 종목코드: 025820 - 종목명: 이구산업                                 - 보유수량: 000000000000024 - 매입가:000000000001735 - 수익률: 000000015.13 - 현재가: 000000002015
[2020-10-22 09:19:28,472] I EventLoop.py | Kiwoom-_tr_data_slot-0253 I DEBUG    > 종목코드: 058400 - 종목명: KNN                                      - 보유수량: 000000000000232 - 매입가:000000000002149 - 수익률: 000000002.33 - 현재가: 000000002220
[2020-10-22 09:19:28,473] I EventLoop.py | Kiwoom-_tr_data_slot-0253 I DEBUG    > 종목코드: 137940 - 종목명: 넥스트아이                               - 보유수량: 000000000000258 - 매입가:000000000001940 - 수익률: -00000000.44 - 현재가: 000000001950
[2020-10-22 09:19:28,474] I EventLoop.py | Kiwoom-_tr_data_slot-0276 I DEBUG    > sPreNext : <built-in function next>
[2020-10-22 09:30:31,868] I EventLoop.py | Kiwoom-_event_connect_slot-0107 I DEBUG    > 정상처리
[2020-10-22 09:30:33,013] I EventLoop.py | Kiwoom-msg_slot-1560 I DEBUG    > 스크린: 2000, 요청이름: 예수금상세현황요청, tr코드: opw00001 --- [00Z310] 모의투자 조회가 완료되었습니다
[2020-10-22 09:30:33,014] I EventLoop.py | Kiwoom-_tr_data_slot-0222 I DEBUG    > 예수금 : 46201925
[2020-10-22 09:30:35,806] I EventLoop.py | Kiwoom-msg_slot-1560 I DEBUG    > 스크린: 2000, 요청이름: 계좌평가잔고내역요청, tr코드: opw00018 --- [00Z310] 모의투자 조회가 완료되었습니다
[2020-10-22 09:30:35,808] I EventLoop.py | Kiwoom-_tr_data_slot-0237 I DEBUG    > 계좌평가잔고내역요청 싱글데이터 : 000000002039200 - -00000000019266 - -00000000.94
[2020-10-22 09:30:35,808] I EventLoop.py | Kiwoom-_tr_data_slot-0253 I DEBUG    > 종목코드: 011150 - 종목명: CJ씨푸드                                 - 보유수량: 000000000000098 - 매입가:000000000005100 - 수익률: -00000000.36 - 현재가: 000000005130
[2020-10-22 09:30:35,809] I EventLoop.py | Kiwoom-_tr_data_slot-0253 I DEBUG    > 종목코드: 018000 - 종목명: 유니슨                                   - 보유수량: 000000000000094 - 매입가:000000000005302 - 수익률: -00000003.99 - 현재가: 000000005140
[2020-10-22 09:30:35,809] I EventLoop.py | Kiwoom-_tr_data_slot-0253 I DEBUG    > 종목코드: 025820 - 종목명: 이구산업                                 - 보유수량: 000000000000024 - 매입가:000000000001735 - 수익률: 000000015.13 - 현재가: 000000002015
[2020-10-22 09:30:35,810] I EventLoop.py | Kiwoom-_tr_data_slot-0253 I DEBUG    > 종목코드: 058400 - 종목명: KNN                                      - 보유수량: 000000000000232 - 매입가:000000000002149 - 수익률: 000000000.48 - 현재가: 000000002180
[2020-10-22 09:30:35,811] I EventLoop.py | Kiwoom-_tr_data_slot-0253 I DEBUG    > 종목코드: 137940 - 종목명: 넥스트아이                               - 보유수량: 000000000000258 - 매입가:000000000001940 - 수익률: -00000001.20 - 현재가: 000000001935
[2020-10-22 09:30:35,811] I EventLoop.py | Kiwoom-_tr_data_slot-0276 I DEBUG    > sPreNext : <built-in function next>
[2020-10-22 09:30:38,719] I EventLoop.py | Kiwoom-_receive_real_data_slot-1230 I DEBUG    > 코드 : 018000 매도주문 전달 성공
[2020-10-22 09:30:44,371] I EventLoop.py | Kiwoom-msg_slot-1560 I DEBUG    > 스크린: 6001, 요청이름: 신규매도, tr코드: KOA_NORMAL_SELL_KQ_ORD --- [00Z113] 모의투자 정상처리 되었습니다
[2020-10-22 09:30:44,998] I EventLoop.py | Kiwoom-chejan_slot-1484 I DEBUG    > 주문체결: {'체결량': 0, '원주문번호': '0000000', '주문번호': '0048052', '종목코드': '018000', '주문/체결시간': '093036', '체결가': 0, '주문상태': '접수', '(최우선)매도호가': 5130, '주문가격': 0, '미체결수량': 94, '주문수량': 94, '현재가': 5130, '주문구분': '매도', '종목명': '유니슨', '(최우선)매수호가': 5120}
[2020-10-22 09:30:44,999] I EventLoop.py | Kiwoom-chejan_slot-1532 I DEBUG    > 잔고반영: {'(최우선)매도호가': 5130, '보유수량': 94, '종목코드': '018000', '매도매수구분': '매도', '주문가능수량': 0, '매입단가': 5303, '종목명': '유니슨', '(최우선)매수호가': 5120, '현재가': 5130, '총매입가': 498450}
[2020-10-22 09:30:45,668] I EventLoop.py | Kiwoom-chejan_slot-1484 I DEBUG    > 주문체결: {'체결량': 3, '원주문번호': '0000000', '주문번호': '0048052', '종목코드': '018000', '주문/체결시간': '093037', '체결가': 5130, '주문상태': '체결', '(최우선)매도호가': 5130, '주문가격': 0, '미체결수량': 91, '주문수량': 94, '현재가': 5130, '주문구분': '매도', '종목명': '유니슨', '(최우선)매수호가': 5120}
[2020-10-22 09:30:45,670] I EventLoop.py | Kiwoom-chejan_slot-1532 I DEBUG    > 잔고반영: {'(최우선)매도호가': 5130, '보유수량': 91, '종목코드': '018000', '매도매수구분': '매도', '주문가능수량': 0, '매입단가': 5303, '종목명': '유니슨', '(최우선)매수호가': 5120, '현재가': 5130, '총매입가': 482542}
[2020-10-22 09:30:49,298] I EventLoop.py | Kiwoom-_receive_real_data_slot-1257 I DEBUG    > 코드 : 011150 매도주문 전달 성공
[2020-10-22 09:30:49,716] I EventLoop.py | Kiwoom-chejan_slot-1484 I DEBUG    > 주문체결: {'체결량': 15, '원주문번호': '0000000', '주문번호': '0048052', '종목코드': '018000', '주문/체결시간': '093037', '체결가': 5130, '주문상태': '체결', '(최우선)매도호가': 5130, '주문가격': 0, '미체결수량': 79, '주문수량': 94, '현재가': 5130, '주문구분': '매도', '종목명': '유니슨', '(최우선)매수호가': 5120}
[2020-10-22 09:30:49,717] I EventLoop.py | Kiwoom-chejan_slot-1532 I DEBUG    > 잔고반영: {'(최우선)매도호가': 5130, '보유수량': 79, '종목코드': '018000', '매도매수구분': '매도', '주문가능수량': 0, '매입단가': 5303, '종목명': '유니슨', '(최우선)매수호가': 5120, '현재가': 5130, '총매입가': 418910}
[2020-10-22 09:30:52,342] I EventLoop.py | Kiwoom-chejan_slot-1484 I DEBUG    > 주문체결: {'체결량': 94, '원주문번호': '0000000', '주문번호': '0048052', '종목코드': '018000', '주문/체결시간': '093038', '체결가': 5130, '주문상태': '체결', '(최우선)매도호가': 5130, '주문가격': 0, '미체결수량': 0, '주문수량': 94, '현재가': 5130, '주문구분': '매도', '종목명': '유니슨', '(최우선)매수호가': 5120}
[2020-10-22 09:30:52,343] I EventLoop.py | Kiwoom-chejan_slot-1532 I DEBUG    > 잔고반영: {'(최우선)매도호가': 5130, '보유수량': 0, '종목코드': '018000', '매도매수구분': '매도', '주문가능수량': 0, '매입단가': 0, '종목명': '유니슨', '(최우선)매수호가': 5120, '현재가': 5130, '총매입가': 0}
[2020-10-22 09:31:43,278] I EventLoop.py | Kiwoom-chejan_slot-1484 I DEBUG    > 주문체결: {'체결량': 0, '원주문번호': '0000000', '주문번호': '0048234', '종목코드': '011150', '주문/체결시간': '093047', '체결가': 0, '주문상태': '접수', '(최우선)매도호가': 5130, '주문가격': 0, '미체결수량': 98, '주문수량': 98, '현재가': 5120, '주문구분': '매도', '종목명': 'CJ씨푸드', '(최우선)매수호가': 5120}
[2020-10-22 09:31:43,279] I EventLoop.py | Kiwoom-chejan_slot-1532 I DEBUG    > 잔고반영: {'(최우선)매도호가': 5130, '보유수량': 98, '종목코드': '011150', '매도매수구분': '매도', '주문가능수량': 0, '매입단가': 5100, '종목명': 'CJ씨푸드', '(최우선)매수호가': 5120, '현재가': 5120, '총매입가': 499800}
[2020-10-22 09:31:50,965] I EventLoop.py | Kiwoom-chejan_slot-1484 I DEBUG    > 주문체결: {'체결량': 98, '원주문번호': '0000000', '주문번호': '0048234', '종목코드': '011150', '주문/체결시간': '093049', '체결가': 5120, '주문상태': '체결', '(최우선)매도호가': 5130, '주문가격': 0, '미체결수량': 0, '주문수량': 98, '현재가': 5120, '주문구분': '매도', '종목명': 'CJ씨푸드', '(최우선)매수호가': 5120}
[2020-10-22 09:31:50,967] I EventLoop.py | Kiwoom-chejan_slot-1532 I DEBUG    > 잔고반영: {'(최우선)매도호가': 5130, '보유수량': 0, '종목코드': '011150', '매도매수구분': '매도', '주문가능수량': 0, '매입단가': 0, '종목명': 'CJ씨푸드', '(최우선)매수호가': 5120, '현재가': 5120, '총매입가': 0}
[2020-10-22 09:46:02,258] I EventLoop.py | Kiwoom-_receive_real_data_slot-1257 I DEBUG    > 코드 : 137940 매도주문 전달 성공
[2020-10-22 10:03:57,109] I EventLoop.py | Kiwoom-chejan_slot-1484 I DEBUG    > 주문체결: {'체결량': 0, '원주문번호': '0000000', '주문번호': '0059272', '종목코드': '025820', '주문/체결시간': '094556', '체결가': 0, '주문상태': '접수', '(최우선)매도호가': 1990, '주문가격': 0, '미체결수량': 24, '주문수량': 24, '현재가': 1990, '주문구분': '매도', '종목명': '이구산업', '(최우선)매수호가': 1985}
[2020-10-22 10:03:57,111] I EventLoop.py | Kiwoom-chejan_slot-1532 I DEBUG    > 잔고반영: {'(최우선)매도호가': 1990, '보유수량': 24, '종목코드': '025820', '매도매수구분': '매도', '주문가능수량': 0, '매입단가': 1735, '종목명': '이구산업', '(최우선)매수호가': 1985, '현재가': 1990, '총매입가': 41640}
[2020-10-22 10:03:57,585] I EventLoop.py | Kiwoom-chejan_slot-1484 I DEBUG    > 주문체결: {'체결량': 1, '원주문번호': '0000000', '주문번호': '0059272', '종목코드': '025820', '주문/체결시간': '094556', '체결가': 1990, '주문상태': '체결', '(최우선)매도호가': 1990, '주문가격': 0, '미체결수량': 23, '주문수량': 24, '현재가': 1990, '주문구분': '매도', '종목명': '이구산업', '(최우선)매수호가': 1985}
[2020-10-22 10:03:57,586] I EventLoop.py | Kiwoom-chejan_slot-1532 I DEBUG    > 잔고반영: {'(최우선)매도호가': 1990, '보유수량': 23, '종목코드': '025820', '매도매수구분': '매도', '주문가능수량': 0, '매입단가': 1735, '종목명': '이구산업', '(최우선)매수호가': 1985, '현재가': 1990, '총매입가': 39905}
[2020-10-22 10:03:57,712] I EventLoop.py | Kiwoom-chejan_slot-1484 I DEBUG    > 주문체결: {'체결량': 24, '원주문번호': '0000000', '주문번호': '0059272', '종목코드': '025820', '주문/체결시간': '094556', '체결가': 1985, '주문상태': '체결', '(최우선)매도호가': 1990, '주문가격': 0, '미체결수량': 0, '주문수량': 24, '현재가': 1990, '주문구분': '매도', '종목명': '이구산업', '(최우선)매수호가': 1985}
[2020-10-22 10:03:57,713] I EventLoop.py | Kiwoom-chejan_slot-1532 I DEBUG    > 잔고반영: {'(최우선)매도호가': 1990, '보유수량': 0, '종목코드': '025820', '매도매수구분': '매도', '주문가능수량': 0, '매입단가': 0, '종목명': '이구산업', '(최우선)매수호가': 1985, '현재가': 1990, '총매입가': 0}
[2020-10-22 10:33:32,638] I EventLoop.py | Kiwoom-_event_connect_slot-0105 I DEBUG    > 정상처리
[2020-10-22 10:33:32,681] I EventLoop.py | Kiwoom-msg_slot-1591 I DEBUG    > 스크린: 2000, 요청이름: 예수금상세현황요청, tr코드: opw00001 --- [00Z310] 모의투자 조회가 완료되었습니다
[2020-10-22 10:33:32,683] I EventLoop.py | Kiwoom-_tr_data_slot-0220 I DEBUG    > 예수금 : 46201925
[2020-10-22 10:33:34,231] I EventLoop.py | Kiwoom-msg_slot-1591 I DEBUG    > 스크린: 2000, 요청이름: 계좌평가잔고내역요청, tr코드: opw00018 --- [00Z310] 모의투자 조회가 완료되었습니다
[2020-10-22 10:33:34,232] I EventLoop.py | Kiwoom-_tr_data_slot-0235 I DEBUG    > 계좌평가잔고내역요청 싱글데이터 : 000000000498790 - 000000000004510 - 000000000.90
[2020-10-22 10:33:34,233] I EventLoop.py | Kiwoom-_tr_data_slot-0251 I DEBUG    > 종목코드: 058400 - 종목명: KNN                                      - 보유수량: 000000000000232 - 매입가:000000000002149 - 수익률: 000000000.95 - 현재가: 000000002190
[2020-10-22 10:33:34,233] I EventLoop.py | Kiwoom-_tr_data_slot-0274 I DEBUG    > sPreNext : <built-in function next>
[2020-10-22 10:35:42,963] I EventLoop.py | Kiwoom-_event_connect_slot-0105 I DEBUG    > 정상처리
[2020-10-22 10:35:43,138] I EventLoop.py | Kiwoom-msg_slot-1591 I DEBUG    > 스크린: 2000, 요청이름: 예수금상세현황요청, tr코드: opw00001 --- [00Z310] 모의투자 조회가 완료되었습니다
[2020-10-22 10:35:43,140] I EventLoop.py | Kiwoom-_tr_data_slot-0220 I DEBUG    > 예수금 : 46201925
[2020-10-22 10:35:45,174] I EventLoop.py | Kiwoom-msg_slot-1591 I DEBUG    > 스크린: 2000, 요청이름: 계좌평가잔고내역요청, tr코드: opw00018 --- [00Z310] 모의투자 조회가 완료되었습니다
[2020-10-22 10:35:45,176] I EventLoop.py | Kiwoom-_tr_data_slot-0235 I DEBUG    > 계좌평가잔고내역요청 싱글데이터 : 000000000498790 - 000000000003353 - 000000000.67
[2020-10-22 10:35:45,176] I EventLoop.py | Kiwoom-_tr_data_slot-0251 I DEBUG    > 종목코드: 058400 - 종목명: KNN                                      - 보유수량: 000000000000232 - 매입가:000000000002149 - 수익률: 000000000.72 - 현재가: 000000002185
[2020-10-22 10:35:45,176] I EventLoop.py | Kiwoom-_tr_data_slot-0274 I DEBUG    > sPreNext : <built-in function next>
[2020-10-22 10:37:10,808] I EventLoop.py | Kiwoom-_event_connect_slot-0105 I DEBUG    > 정상처리
[2020-10-22 10:37:11,859] I EventLoop.py | Kiwoom-msg_slot-1591 I DEBUG    > 스크린: 2000, 요청이름: 예수금상세현황요청, tr코드: opw00001 --- [00Z310] 모의투자 조회가 완료되었습니다
[2020-10-22 10:37:11,861] I EventLoop.py | Kiwoom-_tr_data_slot-0220 I DEBUG    > 예수금 : 46201925
[2020-10-22 10:37:14,841] I EventLoop.py | Kiwoom-msg_slot-1591 I DEBUG    > 스크린: 2000, 요청이름: 계좌평가잔고내역요청, tr코드: opw00018 --- [00Z310] 모의투자 조회가 완료되었습니다
[2020-10-22 10:37:14,843] I EventLoop.py | Kiwoom-_tr_data_slot-0235 I DEBUG    > 계좌평가잔고내역요청 싱글데이터 : 000000000498790 - 000000000003353 - 000000000.67
[2020-10-22 10:37:14,843] I EventLoop.py | Kiwoom-_tr_data_slot-0251 I DEBUG    > 종목코드: 058400 - 종목명: KNN                                      - 보유수량: 000000000000232 - 매입가:000000000002149 - 수익률: 000000000.72 - 현재가: 000000002185
[2020-10-22 10:37:14,844] I EventLoop.py | Kiwoom-_tr_data_slot-0274 I DEBUG    > sPreNext : <built-in function next>
[2020-10-22 10:41:06,339] I EventLoop.py | Kiwoom-_event_connect_slot-0105 I DEBUG    > 정상처리
[2020-10-22 10:41:07,534] I EventLoop.py | Kiwoom-msg_slot-1591 I DEBUG    > 스크린: 2000, 요청이름: 예수금상세현황요청, tr코드: opw00001 --- [00Z310] 모의투자 조회가 완료되었습니다
[2020-10-22 10:41:07,536] I EventLoop.py | Kiwoom-_tr_data_slot-0220 I DEBUG    > 예수금 : 46201925
[2020-10-22 10:41:11,445] I EventLoop.py | Kiwoom-msg_slot-1591 I DEBUG    > 스크린: 2000, 요청이름: 계좌평가잔고내역요청, tr코드: opw00018 --- [00Z310] 모의투자 조회가 완료되었습니다
[2020-10-22 10:41:11,447] I EventLoop.py | Kiwoom-_tr_data_slot-0235 I DEBUG    > 계좌평가잔고내역요청 싱글데이터 : 000000000498790 - 000000000003353 - 000000000.67
[2020-10-22 10:41:11,447] I EventLoop.py | Kiwoom-_tr_data_slot-0251 I DEBUG    > 종목코드: 058400 - 종목명: KNN                                      - 보유수량: 000000000000232 - 매입가:000000000002149 - 수익률: 000000000.72 - 현재가: 000000002185
[2020-10-22 10:41:11,447] I EventLoop.py | Kiwoom-_tr_data_slot-0274 I DEBUG    > sPreNext : <built-in function next>
[2020-10-22 11:12:05,074] I EventLoop.py | Kiwoom-_receive_real_data_slot-1288 I DEBUG    > 코드 : 058400 매도주문 전달 성공
[2020-10-22 11:12:07,767] I EventLoop.py | Kiwoom-msg_slot-1591 I DEBUG    > 스크린: 6001, 요청이름: 신규매도, tr코드: KOA_NORMAL_SELL_KQ_ORD --- [00Z113] 모의투자 정상처리 되었습니다
[2020-10-22 11:12:07,773] I EventLoop.py | Kiwoom-chejan_slot-1515 I DEBUG    > 주문체결: {'주문상태': '접수', '(최우선)매수호가': 2170, '주문가격': 0, '(최우선)매도호가': 2175, '현재가': 2170, '주문/체결시간': '111202', '체결량': 0, '원주문번호': '0000000', '종목코드': '058400', '주문번호': '0099382', '종목명': 'KNN', '미체결수량': 232, '주문구분': '매도', '체결가': 0, '주문수량': 232}
[2020-10-22 11:12:07,775] I EventLoop.py | Kiwoom-chejan_slot-1563 I DEBUG    > 잔고반영: {'종목코드': '058400', '매입단가': 2150, '총매입가': 498790, '주문가능수량': 0, '매도매수구분': '매도', '(최우선)매도호가': 2175, '종목명': 'KNN', '(최우선)매수호가': 2170, '현재가': 2170, '보유수량': 232}
[2020-10-22 11:12:10,273] I EventLoop.py | Kiwoom-chejan_slot-1515 I DEBUG    > 주문체결: {'주문상태': '체결', '(최우선)매수호가': 2170, '주문가격': 0, '(최우선)매도호가': 2175, '현재가': 2175, '주문/체결시간': '111203', '체결량': 1, '원주문번호': '0000000', '종목코드': '058400', '주문번호': '0099382', '종목명': 'KNN', '미체결수량': 231, '주문구분': '매도', '체결가': 2175, '주문수량': 232}
[2020-10-22 11:12:10,279] I EventLoop.py | Kiwoom-chejan_slot-1563 I DEBUG    > 잔고반영: {'종목코드': '058400', '매입단가': 2150, '총매입가': 496640, '주문가능수량': 0, '매도매수구분': '매도', '(최우선)매도호가': 2175, '종목명': 'KNN', '(최우선)매수호가': 2170, '현재가': 2175, '보유수량': 231}
[2020-10-22 11:12:17,088] I EventLoop.py | Kiwoom-chejan_slot-1515 I DEBUG    > 주문체결: {'주문상태': '체결', '(최우선)매수호가': 2170, '주문가격': 0, '(최우선)매도호가': 2175, '현재가': 2175, '주문/체결시간': '111211', '체결량': 232, '원주문번호': '0000000', '종목코드': '058400', '주문번호': '0099382', '종목명': 'KNN', '미체결수량': 0, '주문구분': '매도', '체결가': 2175, '주문수량': 232}
[2020-10-22 11:12:17,101] I EventLoop.py | Kiwoom-chejan_slot-1563 I DEBUG    > 잔고반영: {'종목코드': '058400', '매입단가': 0, '총매입가': 0, '주문가능수량': 0, '매도매수구분': '매도', '(최우선)매도호가': 2175, '종목명': 'KNN', '(최우선)매수호가': 2170, '현재가': 2175, '보유수량': 0}
[2020-10-22 11:33:09,184] I EventLoop.py | Kiwoom-_event_connect_slot-0105 I DEBUG    > 정상처리
[2020-10-22 11:33:09,468] I EventLoop.py | Kiwoom-msg_slot-1615 I DEBUG    > 스크린: 2000, 요청이름: 예수금상세현황요청, tr코드: opw00001 --- [00Z310] 모의투자 조회가 완료되었습니다
[2020-10-22 11:33:09,470] I EventLoop.py | Kiwoom-_tr_data_slot-0220 I DEBUG    > 예수금 : 46201925
[2020-10-22 11:33:11,522] I EventLoop.py | Kiwoom-msg_slot-1615 I DEBUG    > 스크린: 2000, 요청이름: 계좌평가잔고내역요청, tr코드: opw00018 --- [00Z310] 모의투자 조회가 완료되었습니다
[2020-10-22 11:33:11,523] I EventLoop.py | Kiwoom-_tr_data_slot-0235 I DEBUG    > 계좌평가잔고내역요청 싱글데이터 : 000000000000000 - 000000000000000 - 000000000.00
[2020-10-22 11:33:11,524] I EventLoop.py | Kiwoom-_tr_data_slot-0274 I DEBUG    > sPreNext : <built-in function next>
[2020-10-22 12:38:56,752] I EventLoop.py | Kiwoom-_event_connect_slot-0105 I DEBUG    > 정상처리
[2020-10-22 12:42:16,245] I EventLoop.py | Kiwoom-_event_connect_slot-0105 I DEBUG    > 정상처리
[2020-10-22 12:44:25,056] I EventLoop.py | Kiwoom-_event_connect_slot-0105 I DEBUG    > 정상처리
[2020-10-22 12:46:31,466] I EventLoop.py | Kiwoom-_event_connect_slot-0105 I DEBUG    > 정상처리
[2020-10-22 13:05:13,055] I EventLoop.py | Kiwoom-_event_connect_slot-0105 I DEBUG    > 정상처리
[2020-10-22 13:05:44,241] I EventLoop.py | Kiwoom-_event_connect_slot-0105 I DEBUG    > 정상처리
[2020-10-22 13:06:49,923] I EventLoop.py | Kiwoom-_event_connect_slot-0105 I DEBUG    > 정상처리
[2020-10-22 13:08:43,174] I EventLoop.py | Kiwoom-_event_connect_slot-0105 I DEBUG    > 정상처리
[2020-10-22 13:56:44,532] I EventLoop.py | Kiwoom-_event_connect_slot-0105 I DEBUG    > 정상처리
[2020-10-22 13:56:45,271] I EventLoop.py | Kiwoom-msg_slot-1655 I DEBUG    > 스크린: 2000, 요청이름: 예수금상세현황요청, tr코드: opw00001 --- [00Z310] 모의투자 조회가 완료되었습니다
[2020-10-22 13:56:45,273] I EventLoop.py | Kiwoom-_tr_data_slot-0220 I DEBUG    > 예수금 : 46201925
[2020-10-22 13:56:49,338] I EventLoop.py | Kiwoom-msg_slot-1655 I DEBUG    > 스크린: 2000, 요청이름: 계좌평가잔고내역요청, tr코드: opw00018 --- [00Z310] 모의투자 조회가 완료되었습니다
[2020-10-22 13:56:49,340] I EventLoop.py | Kiwoom-_tr_data_slot-0235 I DEBUG    > 계좌평가잔고내역요청 싱글데이터 : 000000000000000 - 000000000000000 - 000000000.00
[2020-10-22 13:56:49,340] I EventLoop.py | Kiwoom-_tr_data_slot-0274 I DEBUG    > sPreNext : <built-in function next>
[2020-10-22 14:04:39,781] I EventLoop.py | Kiwoom-_receive_real_data_slot-1454 I DEBUG    > 매수조건 통과 019550 
[2020-10-22 14:04:39,781] I EventLoop.py | Kiwoom-_receive_real_data_slot-1455 I DEBUG    > (최우선)매도호가 978 
[2020-10-22 14:04:40,085] I EventLoop.py | Kiwoom-_receive_real_data_slot-1476 I DEBUG    > 코드 : 019550 매수주문 전달 성공
[2020-10-22 14:04:40,193] I EventLoop.py | Kiwoom-_receive_real_data_slot-1454 I DEBUG    > 매수조건 통과 019550 
[2020-10-22 14:04:40,193] I EventLoop.py | Kiwoom-_receive_real_data_slot-1455 I DEBUG    > (최우선)매도호가 978 
[2020-10-22 14:04:40,312] I EventLoop.py | Kiwoom-_receive_real_data_slot-1454 I DEBUG    > 매수조건 통과 019550 
[2020-10-22 14:04:40,312] I EventLoop.py | Kiwoom-_receive_real_data_slot-1455 I DEBUG    > (최우선)매도호가 978 
[2020-10-22 14:04:40,417] I EventLoop.py | Kiwoom-_receive_real_data_slot-1454 I DEBUG    > 매수조건 통과 019550 
[2020-10-22 14:04:40,417] I EventLoop.py | Kiwoom-_receive_real_data_slot-1455 I DEBUG    > (최우선)매도호가 978 
[2020-10-22 14:04:40,523] I EventLoop.py | Kiwoom-_receive_real_data_slot-1454 I DEBUG    > 매수조건 통과 019550 
[2020-10-22 14:04:40,524] I EventLoop.py | Kiwoom-_receive_real_data_slot-1455 I DEBUG    > (최우선)매도호가 978 
[2020-10-22 14:04:40,640] I EventLoop.py | Kiwoom-_receive_real_data_slot-1454 I DEBUG    > 매수조건 통과 019550 
[2020-10-22 14:04:40,640] I EventLoop.py | Kiwoom-_receive_real_data_slot-1455 I DEBUG    > (최우선)매도호가 978 
[2020-10-22 14:04:40,753] I EventLoop.py | Kiwoom-_receive_real_data_slot-1454 I DEBUG    > 매수조건 통과 019550 
[2020-10-22 14:04:40,753] I EventLoop.py | Kiwoom-_receive_real_data_slot-1455 I DEBUG    > (최우선)매도호가 978 
[2020-10-22 14:04:40,875] I EventLoop.py | Kiwoom-_receive_real_data_slot-1454 I DEBUG    > 매수조건 통과 019550 
[2020-10-22 14:04:40,875] I EventLoop.py | Kiwoom-_receive_real_data_slot-1455 I DEBUG    > (최우선)매도호가 978 
[2020-10-22 14:04:40,995] I EventLoop.py | Kiwoom-_receive_real_data_slot-1454 I DEBUG    > 매수조건 통과 019550 
[2020-10-22 14:04:40,995] I EventLoop.py | Kiwoom-_receive_real_data_slot-1455 I DEBUG    > (최우선)매도호가 978 
[2020-10-22 14:04:41,835] I EventLoop.py | Kiwoom-msg_slot-1655 I DEBUG    > 스크린: 6001, 요청이름: 신규매수, tr코드: KOA_NORMAL_BUY_KQ_ORD --- [00Z219] 모의투자 매매금지 종목
[2020-10-22 14:04:47,190] I EventLoop.py | Kiwoom-_receive_real_data_slot-1454 I DEBUG    > 매수조건 통과 019550 
[2020-10-22 14:04:47,191] I EventLoop.py | Kiwoom-_receive_real_data_slot-1455 I DEBUG    > (최우선)매도호가 979 
[2020-10-22 14:04:47,307] I EventLoop.py | Kiwoom-_receive_real_data_slot-1454 I DEBUG    > 매수조건 통과 019550 
[2020-10-22 14:04:47,307] I EventLoop.py | Kiwoom-_receive_real_data_slot-1455 I DEBUG    > (최우선)매도호가 978 
[2020-10-22 14:04:47,421] I EventLoop.py | Kiwoom-_receive_real_data_slot-1454 I DEBUG    > 매수조건 통과 019550 
[2020-10-22 14:04:47,421] I EventLoop.py | Kiwoom-_receive_real_data_slot-1455 I DEBUG    > (최우선)매도호가 978 
[2020-10-22 14:04:47,529] I EventLoop.py | Kiwoom-_receive_real_data_slot-1454 I DEBUG    > 매수조건 통과 019550 
[2020-10-22 14:04:47,529] I EventLoop.py | Kiwoom-_receive_real_data_slot-1455 I DEBUG    > (최우선)매도호가 978 
[2020-10-22 14:04:47,651] I EventLoop.py | Kiwoom-_receive_real_data_slot-1454 I DEBUG    > 매수조건 통과 019550 
[2020-10-22 14:04:47,651] I EventLoop.py | Kiwoom-_receive_real_data_slot-1455 I DEBUG    > (최우선)매도호가 978 
[2020-10-22 14:04:48,136] I EventLoop.py | Kiwoom-_receive_real_data_slot-1454 I DEBUG    > 매수조건 통과 019550 
[2020-10-22 14:04:48,137] I EventLoop.py | Kiwoom-_receive_real_data_slot-1455 I DEBUG    > (최우선)매도호가 978 
[2020-10-22 14:04:48,358] I EventLoop.py | Kiwoom-_receive_real_data_slot-1454 I DEBUG    > 매수조건 통과 019550 
[2020-10-22 14:04:48,358] I EventLoop.py | Kiwoom-_receive_real_data_slot-1455 I DEBUG    > (최우선)매도호가 978 
[2020-10-22 14:04:48,487] I EventLoop.py | Kiwoom-_receive_real_data_slot-1454 I DEBUG    > 매수조건 통과 019550 
[2020-10-22 14:04:48,487] I EventLoop.py | Kiwoom-_receive_real_data_slot-1455 I DEBUG    > (최우선)매도호가 978 
[2020-10-22 14:04:54,180] I EventLoop.py | Kiwoom-_receive_real_data_slot-1454 I DEBUG    > 매수조건 통과 019550 
[2020-10-22 14:04:54,180] I EventLoop.py | Kiwoom-_receive_real_data_slot-1455 I DEBUG    > (최우선)매도호가 980 
[2020-10-22 14:04:54,287] I EventLoop.py | Kiwoom-_receive_real_data_slot-1454 I DEBUG    > 매수조건 통과 019550 
[2020-10-22 14:04:54,287] I EventLoop.py | Kiwoom-_receive_real_data_slot-1455 I DEBUG    > (최우선)매도호가 980 
[2020-10-22 14:04:54,544] I EventLoop.py | Kiwoom-_receive_real_data_slot-1454 I DEBUG    > 매수조건 통과 019550 
[2020-10-22 14:04:54,545] I EventLoop.py | Kiwoom-_receive_real_data_slot-1455 I DEBUG    > (최우선)매도호가 980 
[2020-10-22 14:04:54,657] I EventLoop.py | Kiwoom-_receive_real_data_slot-1454 I DEBUG    > 매수조건 통과 019550 
[2020-10-22 14:04:54,658] I EventLoop.py | Kiwoom-_receive_real_data_slot-1455 I DEBUG    > (최우선)매도호가 980 
[2020-10-22 14:04:55,153] I EventLoop.py | Kiwoom-_receive_real_data_slot-1454 I DEBUG    > 매수조건 통과 019550 
[2020-10-22 14:04:55,154] I EventLoop.py | Kiwoom-_receive_real_data_slot-1455 I DEBUG    > (최우선)매도호가 980 
[2020-10-22 14:04:55,267] I EventLoop.py | Kiwoom-_receive_real_data_slot-1454 I DEBUG    > 매수조건 통과 019550 
[2020-10-22 14:04:55,267] I EventLoop.py | Kiwoom-_receive_real_data_slot-1455 I DEBUG    > (최우선)매도호가 981 
[2020-10-22 14:04:55,390] I EventLoop.py | Kiwoom-_receive_real_data_slot-1454 I DEBUG    > 매수조건 통과 019550 
[2020-10-22 14:04:55,390] I EventLoop.py | Kiwoom-_receive_real_data_slot-1455 I DEBUG    > (최우선)매도호가 982 
[2020-10-22 14:04:55,508] I EventLoop.py | Kiwoom-_receive_real_data_slot-1454 I DEBUG    > 매수조건 통과 019550 
[2020-10-22 14:04:55,508] I EventLoop.py | Kiwoom-_receive_real_data_slot-1455 I DEBUG    > (최우선)매도호가 982 
[2020-10-22 14:04:55,641] I EventLoop.py | Kiwoom-_receive_real_data_slot-1454 I DEBUG    > 매수조건 통과 019550 
[2020-10-22 14:04:55,641] I EventLoop.py | Kiwoom-_receive_real_data_slot-1455 I DEBUG    > (최우선)매도호가 982 
[2020-10-22 14:04:55,755] I EventLoop.py | Kiwoom-_receive_real_data_slot-1454 I DEBUG    > 매수조건 통과 019550 
[2020-10-22 14:04:55,756] I EventLoop.py | Kiwoom-_receive_real_data_slot-1455 I DEBUG    > (최우선)매도호가 982 
[2020-10-22 14:04:56,057] I EventLoop.py | Kiwoom-_receive_real_data_slot-1454 I DEBUG    > 매수조건 통과 019550 
[2020-10-22 14:04:56,057] I EventLoop.py | Kiwoom-_receive_real_data_slot-1455 I DEBUG    > (최우선)매도호가 982 
[2020-10-22 14:04:56,263] I EventLoop.py | Kiwoom-_receive_real_data_slot-1454 I DEBUG    > 매수조건 통과 019550 
[2020-10-22 14:04:56,263] I EventLoop.py | Kiwoom-_receive_real_data_slot-1455 I DEBUG    > (최우선)매도호가 982 
[2020-10-22 14:04:56,823] I EventLoop.py | Kiwoom-_receive_real_data_slot-1454 I DEBUG    > 매수조건 통과 019550 
[2020-10-22 14:04:56,824] I EventLoop.py | Kiwoom-_receive_real_data_slot-1455 I DEBUG    > (최우선)매도호가 982 
[2020-10-22 14:04:57,330] I EventLoop.py | Kiwoom-_receive_real_data_slot-1454 I DEBUG    > 매수조건 통과 019550 
[2020-10-22 14:04:57,330] I EventLoop.py | Kiwoom-_receive_real_data_slot-1455 I DEBUG    > (최우선)매도호가 982 
[2020-10-22 14:04:57,533] I EventLoop.py | Kiwoom-_receive_real_data_slot-1454 I DEBUG    > 매수조건 통과 019550 
[2020-10-22 14:04:57,534] I EventLoop.py | Kiwoom-_receive_real_data_slot-1455 I DEBUG    > (최우선)매도호가 981 
[2020-10-22 14:08:01,860] I EventLoop.py | Kiwoom-_receive_real_data_slot-1454 I DEBUG    > 매수조건 통과 019550 
[2020-10-22 14:08:01,860] I EventLoop.py | Kiwoom-_receive_real_data_slot-1455 I DEBUG    > (최우선)매도호가 979 
[2020-10-22 14:09:56,525] I EventLoop.py | Kiwoom-_receive_real_data_slot-1454 I DEBUG    > 매수조건 통과 019550 
[2020-10-22 14:09:56,525] I EventLoop.py | Kiwoom-_receive_real_data_slot-1455 I DEBUG    > (최우선)매도호가 986 
[2020-10-22 14:09:56,673] I EventLoop.py | Kiwoom-_receive_real_data_slot-1454 I DEBUG    > 매수조건 통과 019550 
[2020-10-22 14:09:56,673] I EventLoop.py | Kiwoom-_receive_real_data_slot-1455 I DEBUG    > (최우선)매도호가 986 
[2020-10-22 14:09:56,883] I EventLoop.py | Kiwoom-_receive_real_data_slot-1454 I DEBUG    > 매수조건 통과 019550 
[2020-10-22 14:09:56,883] I EventLoop.py | Kiwoom-_receive_real_data_slot-1455 I DEBUG    > (최우선)매도호가 986 
[2020-10-22 14:09:57,038] I EventLoop.py | Kiwoom-_receive_real_data_slot-1454 I DEBUG    > 매수조건 통과 019550 
[2020-10-22 14:09:57,039] I EventLoop.py | Kiwoom-_receive_real_data_slot-1455 I DEBUG    > (최우선)매도호가 986 
[2020-10-22 14:09:57,186] I EventLoop.py | Kiwoom-_receive_real_data_slot-1454 I DEBUG    > 매수조건 통과 019550 
[2020-10-22 14:09:57,187] I EventLoop.py | Kiwoom-_receive_real_data_slot-1455 I DEBUG    > (최우선)매도호가 987 
[2020-10-22 14:09:57,314] I EventLoop.py | Kiwoom-_receive_real_data_slot-1454 I DEBUG    > 매수조건 통과 019550 
[2020-10-22 14:09:57,315] I EventLoop.py | Kiwoom-_receive_real_data_slot-1455 I DEBUG    > (최우선)매도호가 987 
[2020-10-22 14:09:57,421] I EventLoop.py | Kiwoom-_receive_real_data_slot-1454 I DEBUG    > 매수조건 통과 019550 
[2020-10-22 14:09:57,422] I EventLoop.py | Kiwoom-_receive_real_data_slot-1455 I DEBUG    > (최우선)매도호가 987 
[2020-10-22 14:09:57,641] I EventLoop.py | Kiwoom-_receive_real_data_slot-1454 I DEBUG    > 매수조건 통과 019550 
[2020-10-22 14:09:57,641] I EventLoop.py | Kiwoom-_receive_real_data_slot-1455 I DEBUG    > (최우선)매도호가 987 
[2020-10-22 14:10:32,378] I EventLoop.py | Kiwoom-_receive_real_data_slot-1454 I DEBUG    > 매수조건 통과 019550 
[2020-10-22 14:10:32,378] I EventLoop.py | Kiwoom-_receive_real_data_slot-1455 I DEBUG    > (최우선)매도호가 989 
[2020-10-22 14:10:32,487] I EventLoop.py | Kiwoom-_receive_real_data_slot-1454 I DEBUG    > 매수조건 통과 019550 
[2020-10-22 14:10:32,488] I EventLoop.py | Kiwoom-_receive_real_data_slot-1455 I DEBUG    > (최우선)매도호가 987 
[2020-10-22 14:10:32,601] I EventLoop.py | Kiwoom-_receive_real_data_slot-1454 I DEBUG    > 매수조건 통과 019550 
[2020-10-22 14:10:32,601] I EventLoop.py | Kiwoom-_receive_real_data_slot-1455 I DEBUG    > (최우선)매도호가 987 
[2020-10-22 14:10:33,559] I EventLoop.py | Kiwoom-_receive_real_data_slot-1454 I DEBUG    > 매수조건 통과 019550 
[2020-10-22 14:10:33,559] I EventLoop.py | Kiwoom-_receive_real_data_slot-1455 I DEBUG    > (최우선)매도호가 987 
[2020-10-22 14:10:33,771] I EventLoop.py | Kiwoom-_receive_real_data_slot-1454 I DEBUG    > 매수조건 통과 019550 
[2020-10-22 14:10:33,771] I EventLoop.py | Kiwoom-_receive_real_data_slot-1455 I DEBUG    > (최우선)매도호가 987 
[2020-10-22 14:10:33,903] I EventLoop.py | Kiwoom-_receive_real_data_slot-1454 I DEBUG    > 매수조건 통과 019550 
[2020-10-22 14:10:33,903] I EventLoop.py | Kiwoom-_receive_real_data_slot-1455 I DEBUG    > (최우선)매도호가 989 
[2020-10-22 14:10:34,054] I EventLoop.py | Kiwoom-_receive_real_data_slot-1454 I DEBUG    > 매수조건 통과 019550 
[2020-10-22 14:10:34,055] I EventLoop.py | Kiwoom-_receive_real_data_slot-1455 I DEBUG    > (최우선)매도호가 989 
[2020-10-22 14:10:35,840] I EventLoop.py | Kiwoom-_receive_real_data_slot-1454 I DEBUG    > 매수조건 통과 019550 
[2020-10-22 14:10:35,840] I EventLoop.py | Kiwoom-_receive_real_data_slot-1455 I DEBUG    > (최우선)매도호가 989 
[2020-10-22 14:10:36,507] I EventLoop.py | Kiwoom-_receive_real_data_slot-1454 I DEBUG    > 매수조건 통과 019550 
[2020-10-22 14:10:36,507] I EventLoop.py | Kiwoom-_receive_real_data_slot-1455 I DEBUG    > (최우선)매도호가 987 
[2020-10-22 14:13:20,735] I EventLoop.py | Kiwoom-_receive_real_data_slot-1454 I DEBUG    > 매수조건 통과 019550 
[2020-10-22 14:13:20,735] I EventLoop.py | Kiwoom-_receive_real_data_slot-1455 I DEBUG    > (최우선)매도호가 981 
[2020-10-22 14:26:55,537] I EventLoop.py | Kiwoom-_event_connect_slot-0105 I DEBUG    > 정상처리
[2020-10-22 14:26:56,170] I EventLoop.py | Kiwoom-msg_slot-1666 I DEBUG    > 스크린: 2000, 요청이름: 예수금상세현황요청, tr코드: opw00001 --- [00Z310] 모의투자 조회가 완료되었습니다
[2020-10-22 14:26:56,172] I EventLoop.py | Kiwoom-_tr_data_slot-0220 I DEBUG    > 예수금 : 46201925
[2020-10-22 14:26:59,480] I EventLoop.py | Kiwoom-msg_slot-1666 I DEBUG    > 스크린: 2000, 요청이름: 계좌평가잔고내역요청, tr코드: opw00018 --- [00Z310] 모의투자 조회가 완료되었습니다
[2020-10-22 14:26:59,481] I EventLoop.py | Kiwoom-_tr_data_slot-0235 I DEBUG    > 계좌평가잔고내역요청 싱글데이터 : 000000000000000 - 000000000000000 - 000000000.00
[2020-10-22 14:26:59,482] I EventLoop.py | Kiwoom-_tr_data_slot-0274 I DEBUG    > sPreNext : <built-in function next>
[2020-10-22 14:30:12,320] I EventLoop.py | Kiwoom-_event_connect_slot-0105 I DEBUG    > 정상처리
[2020-10-22 14:30:13,366] I EventLoop.py | Kiwoom-msg_slot-1666 I DEBUG    > 스크린: 2000, 요청이름: 예수금상세현황요청, tr코드: opw00001 --- [00Z310] 모의투자 조회가 완료되었습니다
[2020-10-22 14:30:13,367] I EventLoop.py | Kiwoom-_tr_data_slot-0220 I DEBUG    > 예수금 : 46201925
[2020-10-22 14:30:16,864] I EventLoop.py | Kiwoom-msg_slot-1666 I DEBUG    > 스크린: 2000, 요청이름: 계좌평가잔고내역요청, tr코드: opw00018 --- [00Z310] 모의투자 조회가 완료되었습니다
[2020-10-22 14:30:16,865] I EventLoop.py | Kiwoom-_tr_data_slot-0235 I DEBUG    > 계좌평가잔고내역요청 싱글데이터 : 000000000000000 - 000000000000000 - 000000000.00
[2020-10-22 14:30:16,866] I EventLoop.py | Kiwoom-_tr_data_slot-0274 I DEBUG    > sPreNext : <built-in function next>
[2020-10-22 14:40:00,310] I EventLoop.py | Kiwoom-_event_connect_slot-0105 I DEBUG    > 정상처리
[2020-10-22 14:40:01,137] I EventLoop.py | Kiwoom-msg_slot-1666 I DEBUG    > 스크린: 2000, 요청이름: 예수금상세현황요청, tr코드: opw00001 --- [00Z310] 모의투자 조회가 완료되었습니다
[2020-10-22 14:40:01,139] I EventLoop.py | Kiwoom-_tr_data_slot-0220 I DEBUG    > 예수금 : 46201925
[2020-10-22 14:40:04,254] I EventLoop.py | Kiwoom-msg_slot-1666 I DEBUG    > 스크린: 2000, 요청이름: 계좌평가잔고내역요청, tr코드: opw00018 --- [00Z310] 모의투자 조회가 완료되었습니다
[2020-10-22 14:40:04,255] I EventLoop.py | Kiwoom-_tr_data_slot-0235 I DEBUG    > 계좌평가잔고내역요청 싱글데이터 : 000000000000000 - 000000000000000 - 000000000.00
[2020-10-22 14:40:04,256] I EventLoop.py | Kiwoom-_tr_data_slot-0274 I DEBUG    > sPreNext : <built-in function next>
[2020-10-22 14:59:43,716] I EventLoop.py | Kiwoom-_event_connect_slot-0105 I DEBUG    > 정상처리
[2020-10-22 14:59:43,783] I EventLoop.py | Kiwoom-msg_slot-1666 I DEBUG    > 스크린: 2000, 요청이름: 예수금상세현황요청, tr코드: opw00001 --- [00Z310] 모의투자 조회가 완료되었습니다
[2020-10-22 14:59:43,785] I EventLoop.py | Kiwoom-_tr_data_slot-0220 I DEBUG    > 예수금 : 46201925
[2020-10-22 14:59:45,023] I EventLoop.py | Kiwoom-msg_slot-1666 I DEBUG    > 스크린: 2000, 요청이름: 계좌평가잔고내역요청, tr코드: opw00018 --- [00Z310] 모의투자 조회가 완료되었습니다
[2020-10-22 14:59:45,024] I EventLoop.py | Kiwoom-_tr_data_slot-0235 I DEBUG    > 계좌평가잔고내역요청 싱글데이터 : 000000000000000 - 000000000000000 - 000000000.00
[2020-10-22 14:59:45,024] I EventLoop.py | Kiwoom-_tr_data_slot-0274 I DEBUG    > sPreNext : <built-in function next>
[2020-10-22 15:24:28,860] I EventLoop.py | Kiwoom-_receive_real_data_slot-1022 I DEBUG    > 장 종료, 동시호가로 넘어감
[2020-10-22 15:24:28,896] I EventLoop.py | Kiwoom-_receive_real_data_slot-1022 I DEBUG    > 장 종료, 동시호가로 넘어감
[2020-10-22 15:24:28,986] I EventLoop.py | Kiwoom-_receive_real_data_slot-1022 I DEBUG    > 장 종료, 동시호가로 넘어감
[2020-10-22 15:24:29,051] I EventLoop.py | Kiwoom-_receive_real_data_slot-1022 I DEBUG    > 장 종료, 동시호가로 넘어감
[2020-10-22 15:24:29,128] I EventLoop.py | Kiwoom-_receive_real_data_slot-1022 I DEBUG    > 장 종료, 동시호가로 넘어감
[2020-10-22 15:25:00,268] I EventLoop.py | Kiwoom-_receive_real_data_slot-1022 I DEBUG    > 장 종료, 동시호가로 넘어감
[2020-10-22 15:26:00,270] I EventLoop.py | Kiwoom-_receive_real_data_slot-1022 I DEBUG    > 장 종료, 동시호가로 넘어감
[2020-10-22 15:27:00,270] I EventLoop.py | Kiwoom-_receive_real_data_slot-1022 I DEBUG    > 장 종료, 동시호가로 넘어감
[2020-10-22 15:28:00,268] I EventLoop.py | Kiwoom-_receive_real_data_slot-1022 I DEBUG    > 장 종료, 동시호가로 넘어감
[2020-10-22 15:29:00,273] I EventLoop.py | Kiwoom-_receive_real_data_slot-1022 I DEBUG    > 장 종료, 동시호가로 넘어감
[2020-10-22 15:29:10,273] I EventLoop.py | Kiwoom-_receive_real_data_slot-1022 I DEBUG    > 장 종료, 동시호가로 넘어감
[2020-10-22 15:29:20,271] I EventLoop.py | Kiwoom-_receive_real_data_slot-1022 I DEBUG    > 장 종료, 동시호가로 넘어감
[2020-10-22 15:29:30,267] I EventLoop.py | Kiwoom-_receive_real_data_slot-1022 I DEBUG    > 장 종료, 동시호가로 넘어감
[2020-10-22 15:29:40,271] I EventLoop.py | Kiwoom-_receive_real_data_slot-1022 I DEBUG    > 장 종료, 동시호가로 넘어감
[2020-10-22 15:29:50,278] I EventLoop.py | Kiwoom-_receive_real_data_slot-1022 I DEBUG    > 장 종료, 동시호가로 넘어감
[2020-10-22 15:30:00,268] I EventLoop.py | Kiwoom-_receive_real_data_slot-1025 I DEBUG    > 3시30분 장 종료
