[2020-09-29 12:15:17,769] I EventLoop.py | Kiwoom-_event_connect_slot-0053 I DEBUG    > 정상처리
[2020-09-29 12:15:17,769] I Signal.py | Kiwoom-get_account_info-0039 I DEBUG    > 계좌번호 : 8141851011
[2020-09-29 12:15:17,769] I Signal.py | Kiwoom-call_set_real_reg-0085 I DEBUG    > screenNo : 1000
[2020-09-29 12:15:17,769] I Signal.py | Kiwoom-call_set_real_reg-0086 I DEBUG    > codelist : 161570
[2020-09-29 12:15:17,769] I Signal.py | Kiwoom-call_set_real_reg-0087 I DEBUG    > fidlist : 20
[2020-09-29 12:15:17,770] I Signal.py | Kiwoom-call_set_real_reg-0088 I DEBUG    > optType : 0
[2020-09-29 12:20:34,115] I EventLoop.py | Kiwoom-_event_connect_slot-0053 I DEBUG    > 정상처리
[2020-09-29 12:20:34,115] I Signal.py | Kiwoom-get_account_info-0039 I DEBUG    > 계좌번호 : 8141851011
[2020-09-29 12:20:36,355] I RealEventLoop.py | Kiwoom-_receive_real_data_slot-0033 I DEBUG    > sRealType : 주식체결
[2020-09-29 12:20:43,051] I RealEventLoop.py | Kiwoom-_receive_real_data_slot-0033 I DEBUG    > sRealType : 주식체결
[2020-09-29 12:20:45,347] I RealEventLoop.py | Kiwoom-_receive_real_data_slot-0033 I DEBUG    > sRealType : 주식체결
[2020-09-29 12:20:45,454] I RealEventLoop.py | Kiwoom-_receive_real_data_slot-0033 I DEBUG    > sRealType : 주식체결
[2020-09-29 12:20:47,148] I RealEventLoop.py | Kiwoom-_receive_real_data_slot-0033 I DEBUG    > sRealType : 주식체결
[2020-09-29 12:20:47,444] I RealEventLoop.py | Kiwoom-_receive_real_data_slot-0033 I DEBUG    > sRealType : 주식체결
[2020-09-29 12:20:48,949] I RealEventLoop.py | Kiwoom-_receive_real_data_slot-0033 I DEBUG    > sRealType : 주식체결
[2020-09-29 12:54:55,984] I EventLoop.py | Kiwoom-_event_connect_slot-0053 I DEBUG    > 정상처리
[2020-09-29 12:54:55,984] I Signal.py | Kiwoom-get_account_info-0039 I DEBUG    > 계좌번호 : 8141851011
[2020-09-29 12:55:33,443] I EventLoop.py | Kiwoom-_event_connect_slot-0053 I DEBUG    > 정상처리
[2020-09-29 12:55:33,444] I Signal.py | Kiwoom-get_account_info-0039 I DEBUG    > 계좌번호 : 8141851011
[2020-09-29 12:58:01,902] I EventLoop.py | Kiwoom-_event_connect_slot-0053 I DEBUG    > 정상처리
[2020-09-29 12:58:01,903] I Signal.py | Kiwoom-get_account_info-0039 I DEBUG    > 계좌번호 : 8141851011
[2020-09-29 13:00:18,039] I EventLoop.py | Kiwoom-_event_connect_slot-0053 I DEBUG    > 정상처리
[2020-09-29 13:00:18,039] I Signal.py | Kiwoom-get_account_info-0039 I DEBUG    > 계좌번호 : 8141851011
[2020-09-29 13:05:16,093] I EventLoop.py | Kiwoom-_event_connect_slot-0053 I DEBUG    > 정상처리
[2020-09-29 13:05:16,093] I Signal.py | Kiwoom-get_account_info-0039 I DEBUG    > 계좌번호 : 8141851011
[2020-09-29 13:19:06,039] I EventLoop.py | Kiwoom-_event_connect_slot-0053 I DEBUG    > 정상처리
[2020-09-29 13:19:06,039] I Signal.py | Kiwoom-get_account_info-0039 I DEBUG    > 계좌번호 : 8141851011
[2020-09-29 13:20:19,806] I EventLoop.py | Kiwoom-_event_connect_slot-0053 I DEBUG    > 정상처리
[2020-09-29 13:20:19,806] I Signal.py | Kiwoom-get_account_info-0039 I DEBUG    > 계좌번호 : 8141851011
[2020-09-29 22:56:34,020] I EventLoop.py | Kiwoom-_event_connect_slot-0052 I DEBUG    > 정상처리
[2020-09-29 22:59:20,493] I EventLoop.py | Kiwoom-_event_connect_slot-0052 I DEBUG    > 정상처리
[2020-09-29 23:07:07,953] I EventLoop.py | Kiwoom-_event_connect_slot-0052 I DEBUG    > 정상처리
[2020-09-29 23:14:16,168] I EventLoop.py | Kiwoom-_event_connect_slot-0052 I DEBUG    > 정상처리
[2020-09-29 23:14:52,086] I EventLoop.py | Kiwoom-_event_connect_slot-0052 I DEBUG    > 정상처리
