[2020-10-12 00:01:09,504] I EventLoop.py | Kiwoom-_event_connect_slot-0084 I DEBUG    > 정상처리
[2020-10-12 00:01:45,795] I EventLoop.py | Kiwoom-_event_connect_slot-0084 I DEBUG    > 정상처리
[2020-10-12 00:04:10,670] I EventLoop.py | Kiwoom-_event_connect_slot-0084 I DEBUG    > 정상처리
[2020-10-12 00:04:45,839] I EventLoop.py | Kiwoom-_event_connect_slot-0084 I DEBUG    > 정상처리
[2020-10-12 00:10:08,628] I EventLoop.py | Kiwoom-_event_connect_slot-0083 I DEBUG    > 정상처리
[2020-10-12 00:10:51,697] I EventLoop.py | Kiwoom-_event_connect_slot-0083 I DEBUG    > 정상처리
[2020-10-12 00:12:00,767] I EventLoop.py | Kiwoom-_event_connect_slot-0083 I DEBUG    > 정상처리
[2020-10-12 00:15:04,369] I EventLoop.py | Kiwoom-_event_connect_slot-0083 I DEBUG    > 정상처리
[2020-10-12 00:15:58,243] I EventLoop.py | Kiwoom-_event_connect_slot-0083 I DEBUG    > 정상처리
[2020-10-12 00:30:14,206] I EventLoop.py | Kiwoom-_event_connect_slot-0083 I DEBUG    > 정상처리
[2020-10-12 00:38:25,702] I EventLoop.py | Kiwoom-_event_connect_slot-0083 I DEBUG    > 정상처리
[2020-10-12 00:41:10,832] I EventLoop.py | Kiwoom-_event_connect_slot-0083 I DEBUG    > 정상처리
[2020-10-12 08:51:05,646] I EventLoop.py | Kiwoom-_event_connect_slot-0092 I DEBUG    > 정상처리
[2020-10-12 08:52:35,791] I EventLoop.py | Kiwoom-_event_connect_slot-0092 I DEBUG    > 정상처리
[2020-10-12 08:53:00,934] I EventLoop.py | Kiwoom-_receive_real_data_slot-0483 I DEBUG    > 장 시작 전
[2020-10-12 08:54:00,933] I EventLoop.py | Kiwoom-_receive_real_data_slot-0483 I DEBUG    > 장 시작 전
[2020-10-12 08:55:00,931] I EventLoop.py | Kiwoom-_receive_real_data_slot-0483 I DEBUG    > 장 시작 전
[2020-10-12 08:56:00,932] I EventLoop.py | Kiwoom-_receive_real_data_slot-0483 I DEBUG    > 장 시작 전
[2020-10-12 08:57:00,933] I EventLoop.py | Kiwoom-_receive_real_data_slot-0483 I DEBUG    > 장 시작 전
[2020-10-12 08:58:00,936] I EventLoop.py | Kiwoom-_receive_real_data_slot-0483 I DEBUG    > 장 시작 전
[2020-10-12 08:59:00,935] I EventLoop.py | Kiwoom-_receive_real_data_slot-0483 I DEBUG    > 장 시작 전
[2020-10-12 08:59:10,932] I EventLoop.py | Kiwoom-_receive_real_data_slot-0483 I DEBUG    > 장 시작 전
[2020-10-12 08:59:20,929] I EventLoop.py | Kiwoom-_receive_real_data_slot-0483 I DEBUG    > 장 시작 전
[2020-10-12 08:59:30,932] I EventLoop.py | Kiwoom-_receive_real_data_slot-0483 I DEBUG    > 장 시작 전
[2020-10-12 08:59:40,927] I EventLoop.py | Kiwoom-_receive_real_data_slot-0483 I DEBUG    > 장 시작 전
[2020-10-12 08:59:50,929] I EventLoop.py | Kiwoom-_receive_real_data_slot-0483 I DEBUG    > 장 시작 전
[2020-10-12 09:00:00,928] I EventLoop.py | Kiwoom-_receive_real_data_slot-0486 I DEBUG    > 장 시작
[2020-10-12 09:03:59,852] I EventLoop.py | Kiwoom-_event_connect_slot-0092 I DEBUG    > 정상처리
[2020-10-12 09:06:18,154] I EventLoop.py | Kiwoom-_event_connect_slot-0092 I DEBUG    > 정상처리
[2020-10-12 09:07:37,565] I EventLoop.py | Kiwoom-_event_connect_slot-0092 I DEBUG    > 정상처리
[2020-10-12 09:09:52,068] I EventLoop.py | Kiwoom-_event_connect_slot-0092 I DEBUG    > 정상처리
[2020-10-12 09:11:36,323] I EventLoop.py | Kiwoom-_event_connect_slot-0092 I DEBUG    > 정상처리
[2020-10-12 09:13:04,008] I EventLoop.py | Kiwoom-_event_connect_slot-0092 I DEBUG    > 정상처리
[2020-10-12 09:15:26,552] I EventLoop.py | Kiwoom-_event_connect_slot-0092 I DEBUG    > 정상처리
[2020-10-12 09:16:51,035] I EventLoop.py | Kiwoom-_event_connect_slot-0092 I DEBUG    > 정상처리
[2020-10-12 09:29:48,164] I EventLoop.py | Kiwoom-_event_connect_slot-0092 I DEBUG    > 정상처리
[2020-10-12 09:31:25,320] I EventLoop.py | Kiwoom-_event_connect_slot-0092 I DEBUG    > 정상처리
[2020-10-12 09:34:17,258] I EventLoop.py | Kiwoom-_event_connect_slot-0092 I DEBUG    > 정상처리
[2020-10-12 09:36:01,336] I EventLoop.py | Kiwoom-_event_connect_slot-0092 I DEBUG    > 정상처리
[2020-10-12 09:36:46,271] I EventLoop.py | Kiwoom-_event_connect_slot-0092 I DEBUG    > 정상처리
[2020-10-12 09:37:40,854] I EventLoop.py | Kiwoom-_event_connect_slot-0092 I DEBUG    > 정상처리
[2020-10-12 09:39:51,227] I EventLoop.py | Kiwoom-_event_connect_slot-0092 I DEBUG    > 정상처리
[2020-10-12 09:43:58,269] I EventLoop.py | Kiwoom-_event_connect_slot-0092 I DEBUG    > 정상처리
[2020-10-12 09:45:24,518] I EventLoop.py | Kiwoom-_event_connect_slot-0092 I DEBUG    > 정상처리
[2020-10-12 09:46:07,660] I EventLoop.py | Kiwoom-_event_connect_slot-0092 I DEBUG    > 정상처리
[2020-10-12 09:47:31,976] I EventLoop.py | Kiwoom-_event_connect_slot-0092 I DEBUG    > 정상처리
[2020-10-12 09:48:23,869] I EventLoop.py | Kiwoom-_event_connect_slot-0092 I DEBUG    > 정상처리
[2020-10-12 09:50:17,268] I EventLoop.py | Kiwoom-_event_connect_slot-0092 I DEBUG    > 정상처리
[2020-10-12 10:29:08,177] I EventLoop.py | Kiwoom-_event_connect_slot-0092 I DEBUG    > 정상처리
[2020-10-12 10:30:19,338] I EventLoop.py | Kiwoom-_event_connect_slot-0092 I DEBUG    > 정상처리
[2020-10-12 10:38:36,145] I EventLoop.py | Kiwoom-_event_connect_slot-0092 I DEBUG    > 정상처리
[2020-10-12 10:58:17,181] I EventLoop.py | Kiwoom-_event_connect_slot-0092 I DEBUG    > 정상처리
[2020-10-12 10:59:58,970] I EventLoop.py | Kiwoom-_event_connect_slot-0092 I DEBUG    > 정상처리
[2020-10-12 11:02:09,306] I EventLoop.py | Kiwoom-_event_connect_slot-0092 I DEBUG    > 정상처리
[2020-10-12 11:05:51,524] I EventLoop.py | Kiwoom-_event_connect_slot-0092 I DEBUG    > 정상처리
[2020-10-12 11:17:21,797] I EventLoop.py | Kiwoom-_event_connect_slot-0092 I DEBUG    > 정상처리
[2020-10-12 11:55:08,924] I EventLoop.py | Kiwoom-_event_connect_slot-0092 I DEBUG    > 정상처리
[2020-10-12 12:24:05,302] I EventLoop.py | Kiwoom-_event_connect_slot-0092 I DEBUG    > 정상처리
[2020-10-12 12:24:56,846] I EventLoop.py | Kiwoom-_event_connect_slot-0092 I DEBUG    > 정상처리
[2020-10-12 12:34:57,355] I EventLoop.py | Kiwoom-_event_connect_slot-0092 I DEBUG    > 정상처리
[2020-10-12 12:50:13,174] I EventLoop.py | Kiwoom-_event_connect_slot-0092 I DEBUG    > 정상처리
[2020-10-12 12:52:50,201] I EventLoop.py | Kiwoom-_event_connect_slot-0092 I DEBUG    > 정상처리
[2020-10-12 12:58:37,271] I EventLoop.py | Kiwoom-_event_connect_slot-0092 I DEBUG    > 정상처리
[2020-10-12 12:59:51,751] I EventLoop.py | Kiwoom-_event_connect_slot-0092 I DEBUG    > 정상처리
[2020-10-12 13:01:28,892] I EventLoop.py | Kiwoom-_event_connect_slot-0092 I DEBUG    > 정상처리
[2020-10-12 13:02:35,818] I EventLoop.py | Kiwoom-_event_connect_slot-0092 I DEBUG    > 정상처리
[2020-10-12 13:04:02,010] I EventLoop.py | Kiwoom-_event_connect_slot-0092 I DEBUG    > 정상처리
[2020-10-12 13:11:36,935] I EventLoop.py | Kiwoom-_event_connect_slot-0092 I DEBUG    > 정상처리
[2020-10-12 13:12:18,895] I EventLoop.py | Kiwoom-_event_connect_slot-0092 I DEBUG    > 정상처리
[2020-10-12 13:16:24,202] I EventLoop.py | Kiwoom-_event_connect_slot-0092 I DEBUG    > 정상처리
[2020-10-12 13:17:07,545] I EventLoop.py | Kiwoom-_event_connect_slot-0092 I DEBUG    > 정상처리
[2020-10-12 13:21:56,023] I EventLoop.py | Kiwoom-_event_connect_slot-0092 I DEBUG    > 정상처리
[2020-10-12 13:36:56,653] I EventLoop.py | Kiwoom-_event_connect_slot-0092 I DEBUG    > 정상처리
[2020-10-12 13:43:48,747] I EventLoop.py | Kiwoom-_event_connect_slot-0092 I DEBUG    > 정상처리
[2020-10-12 13:44:37,839] I EventLoop.py | Kiwoom-_event_connect_slot-0092 I DEBUG    > 정상처리
[2020-10-12 14:01:39,921] I EventLoop.py | Kiwoom-_event_connect_slot-0092 I DEBUG    > 정상처리
[2020-10-12 14:04:56,014] I EventLoop.py | Kiwoom-_event_connect_slot-0092 I DEBUG    > 정상처리
[2020-10-12 14:07:17,814] I EventLoop.py | Kiwoom-_event_connect_slot-0092 I DEBUG    > 정상처리
[2020-10-12 14:19:02,258] I EventLoop.py | Kiwoom-_event_connect_slot-0092 I DEBUG    > 정상처리
[2020-10-12 14:20:36,937] I EventLoop.py | Kiwoom-_event_connect_slot-0092 I DEBUG    > 정상처리
[2020-10-12 14:22:00,696] I EventLoop.py | Kiwoom-_event_connect_slot-0092 I DEBUG    > 정상처리
[2020-10-12 14:22:33,240] I EventLoop.py | Kiwoom-_event_connect_slot-0092 I DEBUG    > 정상처리
[2020-10-12 14:23:39,503] I EventLoop.py | Kiwoom-_event_connect_slot-0092 I DEBUG    > 정상처리
[2020-10-12 14:25:53,444] I EventLoop.py | Kiwoom-_event_connect_slot-0092 I DEBUG    > 정상처리
[2020-10-12 14:27:58,714] I EventLoop.py | Kiwoom-_event_connect_slot-0092 I DEBUG    > 정상처리
[2020-10-12 15:20:00,871] I EventLoop.py | Kiwoom-_receive_real_data_slot-0588 I DEBUG    > 장 종료, 동시호가로 넘어감
[2020-10-12 15:21:00,875] I EventLoop.py | Kiwoom-_receive_real_data_slot-0588 I DEBUG    > 장 종료, 동시호가로 넘어감
[2020-10-12 15:22:00,765] I EventLoop.py | Kiwoom-_receive_real_data_slot-0588 I DEBUG    > 장 종료, 동시호가로 넘어감
[2020-10-12 15:23:00,870] I EventLoop.py | Kiwoom-_receive_real_data_slot-0588 I DEBUG    > 장 종료, 동시호가로 넘어감
[2020-10-12 15:24:00,870] I EventLoop.py | Kiwoom-_receive_real_data_slot-0588 I DEBUG    > 장 종료, 동시호가로 넘어감
[2020-10-12 15:25:00,863] I EventLoop.py | Kiwoom-_receive_real_data_slot-0588 I DEBUG    > 장 종료, 동시호가로 넘어감
[2020-10-12 15:26:00,868] I EventLoop.py | Kiwoom-_receive_real_data_slot-0588 I DEBUG    > 장 종료, 동시호가로 넘어감
[2020-10-12 15:27:00,861] I EventLoop.py | Kiwoom-_receive_real_data_slot-0588 I DEBUG    > 장 종료, 동시호가로 넘어감
[2020-10-12 15:27:41,003] I EventLoop.py | Kiwoom-_event_connect_slot-0092 I DEBUG    > 정상처리
[2020-10-12 15:28:00,793] I EventLoop.py | Kiwoom-_receive_real_data_slot-0555 I DEBUG    > 장 종료, 동시호가로 넘어감
[2020-10-12 15:29:00,801] I EventLoop.py | Kiwoom-_receive_real_data_slot-0555 I DEBUG    > 장 종료, 동시호가로 넘어감
[2020-10-12 15:29:10,795] I EventLoop.py | Kiwoom-_receive_real_data_slot-0555 I DEBUG    > 장 종료, 동시호가로 넘어감
[2020-10-12 15:29:20,795] I EventLoop.py | Kiwoom-_receive_real_data_slot-0555 I DEBUG    > 장 종료, 동시호가로 넘어감
[2020-10-12 15:29:30,801] I EventLoop.py | Kiwoom-_receive_real_data_slot-0555 I DEBUG    > 장 종료, 동시호가로 넘어감
[2020-10-12 15:29:40,792] I EventLoop.py | Kiwoom-_receive_real_data_slot-0555 I DEBUG    > 장 종료, 동시호가로 넘어감
[2020-10-12 15:29:50,799] I EventLoop.py | Kiwoom-_receive_real_data_slot-0555 I DEBUG    > 장 종료, 동시호가로 넘어감
[2020-10-12 15:30:00,800] I EventLoop.py | Kiwoom-_receive_real_data_slot-0558 I DEBUG    > 3시30분 장 종료
[2020-10-12 15:31:17,207] I EventLoop.py | Kiwoom-_event_connect_slot-0092 I DEBUG    > 정상처리
[2020-10-12 15:32:40,458] I EventLoop.py | Kiwoom-_event_connect_slot-0092 I DEBUG    > 정상처리
[2020-10-12 15:34:27,258] I EventLoop.py | Kiwoom-_event_connect_slot-0092 I DEBUG    > 정상처리
[2020-10-12 15:35:50,756] I EventLoop.py | Kiwoom-_event_connect_slot-0092 I DEBUG    > 정상처리
[2020-10-12 15:36:36,887] I EventLoop.py | Kiwoom-_event_connect_slot-0092 I DEBUG    > 정상처리
[2020-10-12 15:37:32,194] I EventLoop.py | Kiwoom-_event_connect_slot-0092 I DEBUG    > 정상처리
[2020-10-12 15:39:27,661] I EventLoop.py | Kiwoom-_event_connect_slot-0092 I DEBUG    > 정상처리
[2020-10-12 15:40:30,585] I EventLoop.py | Kiwoom-_event_connect_slot-0092 I DEBUG    > 정상처리
[2020-10-12 16:03:24,706] I EventLoop.py | Kiwoom-_event_connect_slot-0092 I DEBUG    > 정상처리
[2020-10-12 16:04:00,456] I EventLoop.py | Kiwoom-_event_connect_slot-0092 I DEBUG    > 정상처리
[2020-10-12 16:07:30,711] I EventLoop.py | Kiwoom-_event_connect_slot-0092 I DEBUG    > 정상처리
[2020-10-12 16:09:37,898] I EventLoop.py | Kiwoom-_event_connect_slot-0092 I DEBUG    > 정상처리
[2020-10-12 16:15:46,524] I EventLoop.py | Kiwoom-_event_connect_slot-0092 I DEBUG    > 정상처리
[2020-10-12 16:20:10,191] I EventLoop.py | Kiwoom-_event_connect_slot-0092 I DEBUG    > 정상처리
[2020-10-12 16:22:49,893] I EventLoop.py | Kiwoom-_event_connect_slot-0092 I DEBUG    > 정상처리
[2020-10-12 16:24:33,178] I EventLoop.py | Kiwoom-_event_connect_slot-0092 I DEBUG    > 정상처리
[2020-10-12 16:27:09,944] I EventLoop.py | Kiwoom-_event_connect_slot-0092 I DEBUG    > 정상처리
[2020-10-12 16:32:35,268] I EventLoop.py | Kiwoom-_event_connect_slot-0092 I DEBUG    > 정상처리
