[2020-10-08 09:00:53,428] I EventLoop.py | Kiwoom-_event_connect_slot-0089 I DEBUG    > 정상처리
[2020-10-08 09:00:53,555] I EventLoop.py | Kiwoom-_receive_real_data_slot-0740 I DEBUG    > 매수조건 통과 289080 
[2020-10-08 09:04:09,994] I EventLoop.py | Kiwoom-_event_connect_slot-0089 I DEBUG    > 정상처리
[2020-10-08 09:04:10,022] I EventLoop.py | Kiwoom-msg_slot-0911 I DEBUG    > 스크린: 2000, 요청이름: 예수금상세현황요청, tr코드: opw00001 --- [00Z310] 모의투자 조회가 완료되었습니다
[2020-10-08 09:04:10,024] I EventLoop.py | Kiwoom-_tr_data_slot-0141 I DEBUG    > 예수금 : 50000000
[2020-10-08 09:04:10,720] I EventLoop.py | Kiwoom-msg_slot-0911 I DEBUG    > 스크린: 2000, 요청이름: 계좌평가잔고내역요청, tr코드: opw00018 --- [00Z310] 모의투자 조회가 완료되었습니다
[2020-10-08 09:04:10,722] I EventLoop.py | Kiwoom-_tr_data_slot-0156 I DEBUG    > 계좌평가잔고내역요청 싱글데이터 : 000000000000000 - 000000000000000 - 000000000.00
[2020-10-08 09:04:10,723] I EventLoop.py | Kiwoom-_tr_data_slot-0195 I DEBUG    > sPreNext : <built-in function next>
[2020-10-08 09:04:10,822] I EventLoop.py | Kiwoom-_receive_real_data_slot-0740 I DEBUG    > 매수조건 통과 289080 
[2020-10-08 19:30:21,329] I EventLoop.py | Kiwoom-_event_connect_slot-0089 I DEBUG    > 정상처리
[2020-10-08 22:51:52,658] I EventLoop.py | Kiwoom-_event_connect_slot-0089 I DEBUG    > 정상처리
[2020-10-08 22:52:55,722] I EventLoop.py | Kiwoom-_event_connect_slot-0089 I DEBUG    > 정상처리
[2020-10-08 23:20:14,613] I EventLoop.py | Kiwoom-_event_connect_slot-0089 I DEBUG    > 정상처리
[2020-10-08 23:20:40,617] I EventLoop.py | Kiwoom-_event_connect_slot-0089 I DEBUG    > 정상처리
[2020-10-08 23:21:12,976] I EventLoop.py | Kiwoom-_event_connect_slot-0089 I DEBUG    > 정상처리
[2020-10-08 23:24:16,773] I EventLoop.py | Kiwoom-_event_connect_slot-0089 I DEBUG    > 정상처리
[2020-10-08 23:33:23,212] I EventLoop.py | Kiwoom-_event_connect_slot-0089 I DEBUG    > 정상처리
[2020-10-08 23:43:25,676] I EventLoop.py | Kiwoom-_event_connect_slot-0089 I DEBUG    > 정상처리
[2020-10-08 23:44:06,444] I EventLoop.py | Kiwoom-_event_connect_slot-0089 I DEBUG    > 정상처리
[2020-10-08 23:58:53,203] I EventLoop.py | Kiwoom-_event_connect_slot-0089 I DEBUG    > 정상처리
[2020-10-08 23:59:57,213] I EventLoop.py | Kiwoom-_event_connect_slot-0089 I DEBUG    > 사용자정보교환실패
[2020-10-08 23:59:57,217] I EventLoop.py | Kiwoom-_event_connect_slot-0089 I DEBUG    > 통신연결종료
[2020-10-08 23:59:57,405] I EventLoop.py | Kiwoom-_event_connect_slot-0089 I DEBUG    > 통신연결종료
