[2020-09-23 10:58:13,663] I EventLoop.py | Kiwoom-_event_connect_slot-0052 I DEBUG    > 정상처리
[2020-09-23 10:58:13,664] I Signal.py | Kiwoom-get_account_info-0032 I DEBUG    > 계좌번호 : 8141851011
[2020-09-23 10:58:13,664] I Signal.py | Kiwoom-call_set_real_reg-0078 I DEBUG    > screenNo : 1000
[2020-09-23 10:58:13,664] I Signal.py | Kiwoom-call_set_real_reg-0079 I DEBUG    > codelist :  
[2020-09-23 10:58:13,664] I Signal.py | Kiwoom-call_set_real_reg-0080 I DEBUG    > fidlist : 215
[2020-09-23 10:58:13,665] I Signal.py | Kiwoom-call_set_real_reg-0081 I DEBUG    > optType : 0
[2020-09-23 11:09:09,857] I EventLoop.py | Kiwoom-_event_connect_slot-0052 I DEBUG    > 정상처리
[2020-09-23 11:09:09,858] I Signal.py | Kiwoom-calculator_fuc-0169 I DEBUG    > 코스닥 갯수 1441
[2020-09-23 12:14:16,755] I EventLoop.py | Kiwoom-_event_connect_slot-0056 I DEBUG    > 정상처리
[2020-09-23 12:14:16,756] I Signal.py | Kiwoom-calculator_fuc-0173 I DEBUG    > 1 / 1441 : KOSDAQ Stock code : 900080 is updating...
[2020-09-23 12:28:46,239] I EventLoop.py | Kiwoom-_event_connect_slot-0056 I DEBUG    > 정상처리
[2020-09-23 12:28:46,240] I Signal.py | Kiwoom-calculator_fuc-0173 I DEBUG    > 1 / 1 : KOSDAQ Stock code : 900080 is updating...
[2020-09-23 12:31:18,376] I EventLoop.py | Kiwoom-_event_connect_slot-0056 I DEBUG    > 정상처리
[2020-09-23 12:31:18,377] I Signal.py | Kiwoom-calculator_fuc-0173 I DEBUG    > 1 / 1441 : KOSDAQ Stock code : 900080 is updating...
[2020-09-23 12:33:47,154] I EventLoop.py | Kiwoom-_event_connect_slot-0056 I DEBUG    > 정상처리
[2020-09-23 12:33:47,157] I Signal.py | Kiwoom-calculator_fuc-0173 I DEBUG    > 1 / 1441 : KOSDAQ Stock code : 900080 is updating...
[2020-09-23 12:36:02,013] I EventLoop.py | Kiwoom-_event_connect_slot-0056 I DEBUG    > 정상처리
[2020-09-23 12:36:02,014] I Signal.py | Kiwoom-calculator_fuc-0173 I DEBUG    > 1 / 1441 : KOSDAQ Stock code : 900080 is updating...
[2020-09-23 12:42:44,954] I EventLoop.py | Kiwoom-_event_connect_slot-0056 I DEBUG    > 정상처리
[2020-09-23 12:42:44,954] I Signal.py | Kiwoom-calculator_fuc-0167 I DEBUG    > 코스닥 갯수 : 1441
[2020-09-23 12:42:44,955] I Signal.py | Kiwoom-calculator_fuc-0173 I DEBUG    > 1 / 1441 : KOSDAQ Stock code : 900080 is updating...
[2020-09-23 12:54:29,372] I EventLoop.py | Kiwoom-_event_connect_slot-0056 I DEBUG    > 정상처리
[2020-09-23 12:54:29,373] I Signal.py | Kiwoom-calculator_fuc-0167 I DEBUG    > 코스닥 갯수 : 1441
[2020-09-23 12:54:29,374] I Signal.py | Kiwoom-calculator_fuc-0173 I DEBUG    > 1 / 1441 : KOSDAQ Stock code : 900080 is updating...
[2020-09-23 12:54:33,201] I Signal.py | Kiwoom-calculator_fuc-0173 I DEBUG    > 2 / 1441 : KOSDAQ Stock code : 900110 is updating...
[2020-09-23 12:54:36,968] I Signal.py | Kiwoom-calculator_fuc-0173 I DEBUG    > 3 / 1441 : KOSDAQ Stock code : 900270 is updating...
[2020-09-23 12:54:40,801] I Signal.py | Kiwoom-calculator_fuc-0173 I DEBUG    > 4 / 1441 : KOSDAQ Stock code : 900260 is updating...
[2020-09-23 12:54:44,613] I Signal.py | Kiwoom-calculator_fuc-0173 I DEBUG    > 5 / 1441 : KOSDAQ Stock code : 900290 is updating...
[2020-09-23 12:54:48,422] I Signal.py | Kiwoom-calculator_fuc-0173 I DEBUG    > 6 / 1441 : KOSDAQ Stock code : 900300 is updating...
[2020-09-23 12:54:52,225] I Signal.py | Kiwoom-calculator_fuc-0173 I DEBUG    > 7 / 1441 : KOSDAQ Stock code : 900310 is updating...
[2020-09-23 12:54:56,125] I Signal.py | Kiwoom-calculator_fuc-0173 I DEBUG    > 8 / 1441 : KOSDAQ Stock code : 900340 is updating...
[2020-09-23 12:54:59,880] I Signal.py | Kiwoom-calculator_fuc-0173 I DEBUG    > 9 / 1441 : KOSDAQ Stock code : 000250 is updating...
[2020-09-23 12:55:03,708] I Signal.py | Kiwoom-calculator_fuc-0173 I DEBUG    > 10 / 1441 : KOSDAQ Stock code : 000440 is updating...
[2020-09-23 12:55:07,545] I Signal.py | Kiwoom-calculator_fuc-0173 I DEBUG    > 11 / 1441 : KOSDAQ Stock code : 001000 is updating...
[2020-09-23 12:55:11,306] I Signal.py | Kiwoom-calculator_fuc-0173 I DEBUG    > 12 / 1441 : KOSDAQ Stock code : 001540 is updating...
[2020-09-23 12:55:15,073] I Signal.py | Kiwoom-calculator_fuc-0173 I DEBUG    > 13 / 1441 : KOSDAQ Stock code : 001810 is updating...
[2020-09-23 12:55:18,948] I Signal.py | Kiwoom-calculator_fuc-0173 I DEBUG    > 14 / 1441 : KOSDAQ Stock code : 001840 is updating...
[2020-09-23 12:55:22,742] I Signal.py | Kiwoom-calculator_fuc-0173 I DEBUG    > 15 / 1441 : KOSDAQ Stock code : 002230 is updating...
[2020-09-23 12:55:26,512] I Signal.py | Kiwoom-calculator_fuc-0173 I DEBUG    > 16 / 1441 : KOSDAQ Stock code : 002290 is updating...
[2020-09-23 12:55:30,490] I Signal.py | Kiwoom-calculator_fuc-0173 I DEBUG    > 17 / 1441 : KOSDAQ Stock code : 002680 is updating...
[2020-09-23 12:55:34,361] I Signal.py | Kiwoom-calculator_fuc-0173 I DEBUG    > 18 / 1441 : KOSDAQ Stock code : 002800 is updating...
[2020-09-23 12:55:38,346] I Signal.py | Kiwoom-calculator_fuc-0173 I DEBUG    > 19 / 1441 : KOSDAQ Stock code : 003100 is updating...
[2020-09-23 12:55:42,331] I Signal.py | Kiwoom-calculator_fuc-0173 I DEBUG    > 20 / 1441 : KOSDAQ Stock code : 003310 is updating...
[2020-09-23 12:55:46,095] I Signal.py | Kiwoom-calculator_fuc-0173 I DEBUG    > 21 / 1441 : KOSDAQ Stock code : 003380 is updating...
[2020-09-23 12:55:49,874] I Signal.py | Kiwoom-calculator_fuc-0173 I DEBUG    > 22 / 1441 : KOSDAQ Stock code : 003800 is updating...
[2020-09-23 12:55:53,640] I Signal.py | Kiwoom-calculator_fuc-0173 I DEBUG    > 23 / 1441 : KOSDAQ Stock code : 004590 is updating...
[2020-09-23 12:55:57,397] I Signal.py | Kiwoom-calculator_fuc-0173 I DEBUG    > 24 / 1441 : KOSDAQ Stock code : 004650 is updating...
[2020-09-23 12:56:01,181] I Signal.py | Kiwoom-calculator_fuc-0173 I DEBUG    > 25 / 1441 : KOSDAQ Stock code : 004780 is updating...
[2020-09-23 12:56:05,014] I Signal.py | Kiwoom-calculator_fuc-0173 I DEBUG    > 26 / 1441 : KOSDAQ Stock code : 005160 is updating...
[2020-09-23 12:56:08,789] I Signal.py | Kiwoom-calculator_fuc-0173 I DEBUG    > 27 / 1441 : KOSDAQ Stock code : 005290 is updating...
[2020-09-23 12:56:12,668] I Signal.py | Kiwoom-calculator_fuc-0173 I DEBUG    > 28 / 1441 : KOSDAQ Stock code : 005670 is updating...
[2020-09-23 12:56:16,461] I Signal.py | Kiwoom-calculator_fuc-0173 I DEBUG    > 29 / 1441 : KOSDAQ Stock code : 005710 is updating...
[2020-09-23 12:56:20,268] I Signal.py | Kiwoom-calculator_fuc-0173 I DEBUG    > 30 / 1441 : KOSDAQ Stock code : 005860 is updating...
[2020-09-23 12:56:24,247] I Signal.py | Kiwoom-calculator_fuc-0173 I DEBUG    > 31 / 1441 : KOSDAQ Stock code : 005990 is updating...
[2020-09-23 12:56:28,043] I Signal.py | Kiwoom-calculator_fuc-0173 I DEBUG    > 32 / 1441 : KOSDAQ Stock code : 006050 is updating...
[2020-09-23 12:56:31,819] I Signal.py | Kiwoom-calculator_fuc-0173 I DEBUG    > 33 / 1441 : KOSDAQ Stock code : 006140 is updating...
[2020-09-23 12:56:35,762] I Signal.py | Kiwoom-calculator_fuc-0173 I DEBUG    > 34 / 1441 : KOSDAQ Stock code : 006580 is updating...
[2020-09-23 12:56:39,550] I Signal.py | Kiwoom-calculator_fuc-0173 I DEBUG    > 35 / 1441 : KOSDAQ Stock code : 006620 is updating...
[2020-09-23 12:56:43,313] I Signal.py | Kiwoom-calculator_fuc-0173 I DEBUG    > 36 / 1441 : KOSDAQ Stock code : 006730 is updating...
[2020-09-23 12:56:47,101] I Signal.py | Kiwoom-calculator_fuc-0173 I DEBUG    > 37 / 1441 : KOSDAQ Stock code : 006910 is updating...
[2020-09-23 12:56:50,866] I Signal.py | Kiwoom-calculator_fuc-0173 I DEBUG    > 38 / 1441 : KOSDAQ Stock code : 006920 is updating...
[2020-09-23 12:56:54,653] I Signal.py | Kiwoom-calculator_fuc-0173 I DEBUG    > 39 / 1441 : KOSDAQ Stock code : 007330 is updating...
[2020-09-23 12:56:58,439] I Signal.py | Kiwoom-calculator_fuc-0173 I DEBUG    > 40 / 1441 : KOSDAQ Stock code : 007370 is updating...
[2020-09-23 12:57:02,207] I Signal.py | Kiwoom-calculator_fuc-0173 I DEBUG    > 41 / 1441 : KOSDAQ Stock code : 007390 is updating...
[2020-09-23 12:57:06,019] I Signal.py | Kiwoom-calculator_fuc-0173 I DEBUG    > 42 / 1441 : KOSDAQ Stock code : 007530 is updating...
[2020-09-23 12:57:09,789] I Signal.py | Kiwoom-calculator_fuc-0173 I DEBUG    > 43 / 1441 : KOSDAQ Stock code : 007680 is updating...
[2020-09-23 12:57:13,562] I Signal.py | Kiwoom-calculator_fuc-0173 I DEBUG    > 44 / 1441 : KOSDAQ Stock code : 007720 is updating...
[2020-09-23 12:57:17,452] I Signal.py | Kiwoom-calculator_fuc-0173 I DEBUG    > 45 / 1441 : KOSDAQ Stock code : 007770 is updating...
[2020-09-23 12:57:21,224] I Signal.py | Kiwoom-calculator_fuc-0173 I DEBUG    > 46 / 1441 : KOSDAQ Stock code : 007820 is updating...
[2020-09-23 12:57:25,003] I Signal.py | Kiwoom-calculator_fuc-0173 I DEBUG    > 47 / 1441 : KOSDAQ Stock code : 008290 is updating...
[2020-09-23 12:57:28,969] I Signal.py | Kiwoom-calculator_fuc-0173 I DEBUG    > 48 / 1441 : KOSDAQ Stock code : 008370 is updating...
[2020-09-23 12:57:32,769] I Signal.py | Kiwoom-calculator_fuc-0173 I DEBUG    > 49 / 1441 : KOSDAQ Stock code : 008470 is updating...
[2020-09-23 12:57:36,541] I Signal.py | Kiwoom-calculator_fuc-0173 I DEBUG    > 50 / 1441 : KOSDAQ Stock code : 008800 is updating...
[2020-09-23 12:57:40,299] I Signal.py | Kiwoom-calculator_fuc-0173 I DEBUG    > 51 / 1441 : KOSDAQ Stock code : 008830 is updating...
[2020-09-23 12:57:44,096] I Signal.py | Kiwoom-calculator_fuc-0173 I DEBUG    > 52 / 1441 : KOSDAQ Stock code : 009300 is updating...
[2020-09-23 12:57:47,861] I Signal.py | Kiwoom-calculator_fuc-0173 I DEBUG    > 53 / 1441 : KOSDAQ Stock code : 009520 is updating...
[2020-09-23 12:57:51,661] I Signal.py | Kiwoom-calculator_fuc-0173 I DEBUG    > 54 / 1441 : KOSDAQ Stock code : 009620 is updating...
[2020-09-23 12:57:55,990] I Signal.py | Kiwoom-calculator_fuc-0173 I DEBUG    > 55 / 1441 : KOSDAQ Stock code : 009730 is updating...
[2020-09-23 12:57:59,960] I Signal.py | Kiwoom-calculator_fuc-0173 I DEBUG    > 56 / 1441 : KOSDAQ Stock code : 009780 is updating...
[2020-09-23 12:58:03,789] I Signal.py | Kiwoom-calculator_fuc-0173 I DEBUG    > 57 / 1441 : KOSDAQ Stock code : 010170 is updating...
[2020-09-23 16:51:48,178] I EventLoop.py | Kiwoom-_event_connect_slot-0057 I DEBUG    > 정상처리
[2020-09-23 16:54:55,344] I EventLoop.py | Kiwoom-_event_connect_slot-0057 I DEBUG    > 정상처리
[2020-09-23 16:59:27,136] I EventLoop.py | Kiwoom-_event_connect_slot-0057 I DEBUG    > 정상처리
[2020-09-23 23:25:10,455] I EventLoop.py | Kiwoom-_event_connect_slot-0057 I DEBUG    > 정상처리
[2020-09-23 23:28:31,172] I EventLoop.py | Kiwoom-_event_connect_slot-0057 I DEBUG    > 정상처리
[2020-09-23 23:29:12,029] I EventLoop.py | Kiwoom-_event_connect_slot-0057 I DEBUG    > 정상처리
[2020-09-23 23:31:28,946] I EventLoop.py | Kiwoom-_event_connect_slot-0057 I DEBUG    > 정상처리
