[2020-10-25 00:26:25,760] I EventLoop.py | Kiwoom-_event_connect_slot-0103 I DEBUG    > 정상처리
[2020-10-25 00:29:26,047] I EventLoop.py | Kiwoom-_event_connect_slot-0103 I DEBUG    > 정상처리
[2020-10-25 00:31:32,606] I EventLoop.py | Kiwoom-_event_connect_slot-0103 I DEBUG    > 정상처리
[2020-10-25 00:31:32,927] I EventLoop.py | Kiwoom-condition_slot-0111 I DEBUG    > 호출 성공 여부 1, 호출결과 메시지 [OK] 사용자 조건검색식 읽기
[2020-10-25 00:31:32,956] I EventLoop.py | Kiwoom-condition_slot-0113 I DEBUG    > HTS의 조건검색식 이름 가져오기 022^----------데이트레이딩 실전 팁 책----------;000^급등주 찾기-초단타;001^신고가;003^돌파+신고가 실시간 검색;004^급락주공략(주가등락률안맞음);005^이평선공략(하락추세);009^세력주이평선수렴;002^확률높은돌파매매;028^---------- 종목탐색기 활용 책 기초 ----------;026^종목탐색기 기초;014^----------종목탐색기 활용 책(단타)----------;012^저가대비4%+1분최고거래량(오전9시30분이전);013^1분캔들20이평선연속양봉돌파(오전9시30분이전);015^----------종목탐색기 활용 책(스윙)----------;016^맥점+슈팅검색기(매일종가부근);017^수렴돌파검색기;018^5연속양봉캔들검색기;019^2음봉+장악형 검색기;020^단기로켓 검색기(이미지나간거보는건데?);023^----------  매일분석코너  ----------;007^신고가종목필터(장기보유);006^수급맥점이되는특수캔들(장마감후);027^양음음+2봉전<0봉전;021^당일상한가친종목;024^담날상한가예측(내가한거);008^눌림목포착(오후동시호가);011^주봉지지선(오르는주식만산다)(항상조회);025^---------- 자동매매 ----------;010^긴아래꼬리양봉;029^매집봉;030^자동매매첫조건;
[2020-10-25 00:31:32,980] I EventLoop.py | Kiwoom-condition_tr_slot-0134 I DEBUG    > 화면번호: 0156, 종목코드 리스트: 032830;092600;, 조건식 이름: 자동매매첫조건, 조건식 인덱스: 30, 연속조회: 0
[2020-10-25 00:31:32,981] I EventLoop.py | Kiwoom-condition_tr_slot-0137 I DEBUG    > 코드 종목 
 ['032830', '092600']
[2020-10-25 01:21:52,987] I EventLoop.py | Kiwoom-_event_connect_slot-0103 I DEBUG    > 정상처리
[2020-10-25 01:23:02,906] I EventLoop.py | Kiwoom-_event_connect_slot-0103 I DEBUG    > 정상처리
[2020-10-25 01:23:36,730] I EventLoop.py | Kiwoom-_event_connect_slot-0103 I DEBUG    > 정상처리
[2020-10-25 01:31:57,547] I EventLoop.py | Kiwoom-_event_connect_slot-0103 I DEBUG    > 정상처리
[2020-10-25 01:37:12,571] I EventLoop.py | Kiwoom-_event_connect_slot-0103 I DEBUG    > 정상처리
[2020-10-25 01:37:50,345] I EventLoop.py | Kiwoom-_event_connect_slot-0103 I DEBUG    > 정상처리
[2020-10-25 01:41:20,438] I EventLoop.py | Kiwoom-_event_connect_slot-0103 I DEBUG    > 정상처리
[2020-10-25 01:42:55,139] I EventLoop.py | Kiwoom-_event_connect_slot-0103 I DEBUG    > 정상처리
[2020-10-25 01:44:38,466] I EventLoop.py | Kiwoom-_event_connect_slot-0103 I DEBUG    > 정상처리
[2020-10-25 01:46:48,479] I EventLoop.py | Kiwoom-_event_connect_slot-0103 I DEBUG    > 정상처리
[2020-10-25 01:47:47,959] I EventLoop.py | Kiwoom-_event_connect_slot-0103 I DEBUG    > 정상처리
[2020-10-25 01:48:15,553] I EventLoop.py | Kiwoom-_event_connect_slot-0103 I DEBUG    > 정상처리
[2020-10-25 10:55:54,896] I EventLoop.py | Kiwoom-_event_connect_slot-0103 I DEBUG    > 정상처리
[2020-10-25 11:00:32,438] I EventLoop.py | Kiwoom-_event_connect_slot-0103 I DEBUG    > 정상처리
[2020-10-25 11:48:18,655] I EventLoop.py | Kiwoom-_event_connect_slot-0104 I DEBUG    > 정상처리
[2020-10-25 11:58:15,669] I EventLoop.py | Kiwoom-_event_connect_slot-0105 I DEBUG    > 정상처리
[2020-10-25 12:13:52,140] I EventLoop.py | Kiwoom-_event_connect_slot-0105 I DEBUG    > 정상처리
[2020-10-25 12:16:41,629] I EventLoop.py | Kiwoom-_event_connect_slot-0105 I DEBUG    > 정상처리
[2020-10-25 12:19:42,956] I EventLoop.py | Kiwoom-_event_connect_slot-0105 I DEBUG    > 정상처리
[2020-10-25 12:34:50,661] I EventLoop.py | Kiwoom-_event_connect_slot-0105 I DEBUG    > 정상처리
[2020-10-25 12:36:16,087] I EventLoop.py | Kiwoom-_event_connect_slot-0105 I DEBUG    > 정상처리
[2020-10-25 12:38:50,127] I EventLoop.py | Kiwoom-_event_connect_slot-0105 I DEBUG    > 정상처리
[2020-10-25 12:39:45,373] I EventLoop.py | Kiwoom-_event_connect_slot-0105 I DEBUG    > 정상처리
[2020-10-25 13:07:37,509] I EventLoop.py | Kiwoom-_event_connect_slot-0105 I DEBUG    > 정상처리
[2020-10-25 13:08:34,878] I EventLoop.py | Kiwoom-_event_connect_slot-0105 I DEBUG    > 정상처리
[2020-10-25 13:10:03,286] I EventLoop.py | Kiwoom-_event_connect_slot-0105 I DEBUG    > 정상처리
[2020-10-25 13:10:22,918] I EventLoop.py | Kiwoom-_event_connect_slot-0105 I DEBUG    > 정상처리
[2020-10-25 13:13:24,870] I EventLoop.py | Kiwoom-_event_connect_slot-0105 I DEBUG    > 정상처리
[2020-10-25 13:23:33,101] I EventLoop.py | Kiwoom-_event_connect_slot-0105 I DEBUG    > 정상처리
[2020-10-25 13:25:32,364] I EventLoop.py | Kiwoom-_event_connect_slot-0105 I DEBUG    > 정상처리
[2020-10-25 13:27:48,914] I EventLoop.py | Kiwoom-_event_connect_slot-0105 I DEBUG    > 정상처리
[2020-10-25 13:29:33,859] I EventLoop.py | Kiwoom-_event_connect_slot-0105 I DEBUG    > 정상처리
[2020-10-25 13:30:39,627] I EventLoop.py | Kiwoom-_event_connect_slot-0105 I DEBUG    > 정상처리
[2020-10-25 13:34:24,602] I EventLoop.py | Kiwoom-_event_connect_slot-0105 I DEBUG    > 정상처리
[2020-10-25 13:56:33,793] I EventLoop.py | Kiwoom-_event_connect_slot-0105 I DEBUG    > 정상처리
[2020-10-25 13:58:00,053] I EventLoop.py | Kiwoom-_event_connect_slot-0105 I DEBUG    > 정상처리
[2020-10-25 14:00:14,079] I EventLoop.py | Kiwoom-_event_connect_slot-0105 I DEBUG    > 정상처리
[2020-10-25 14:01:29,174] I EventLoop.py | Kiwoom-_event_connect_slot-0105 I DEBUG    > 정상처리
[2020-10-25 14:05:15,912] I EventLoop.py | Kiwoom-_event_connect_slot-0105 I DEBUG    > 정상처리
[2020-10-25 14:05:55,020] I EventLoop.py | Kiwoom-_event_connect_slot-0105 I DEBUG    > 정상처리
[2020-10-25 14:06:42,627] I EventLoop.py | Kiwoom-_event_connect_slot-0105 I DEBUG    > 정상처리
[2020-10-25 14:12:03,001] I EventLoop.py | Kiwoom-_event_connect_slot-0105 I DEBUG    > 정상처리
[2020-10-25 14:12:59,024] I EventLoop.py | Kiwoom-_event_connect_slot-0105 I DEBUG    > 정상처리
[2020-10-25 15:13:23,219] I EventLoop.py | Kiwoom-_event_connect_slot-0105 I DEBUG    > 정상처리
[2020-10-25 15:28:37,201] I EventLoop.py | Kiwoom-_event_connect_slot-0105 I DEBUG    > 정상처리
[2020-10-25 15:31:02,752] I EventLoop.py | Kiwoom-_event_connect_slot-0105 I DEBUG    > 정상처리
[2020-10-25 15:31:48,455] I EventLoop.py | Kiwoom-_event_connect_slot-0105 I DEBUG    > 정상처리
[2020-10-25 15:32:52,977] I EventLoop.py | Kiwoom-_event_connect_slot-0105 I DEBUG    > 정상처리
[2020-10-25 15:49:32,336] I EventLoop.py | Kiwoom-_event_connect_slot-0105 I DEBUG    > 정상처리
[2020-10-25 16:49:05,796] I EventLoop.py | Kiwoom-_event_connect_slot-0105 I DEBUG    > 정상처리
[2020-10-25 16:51:44,330] I EventLoop.py | Kiwoom-_event_connect_slot-0105 I DEBUG    > 정상처리
[2020-10-25 16:51:44,800] I EventLoop.py | Kiwoom-condition_slot-0113 I DEBUG    > 호출 성공 여부 1, 호출결과 메시지 [OK] 사용자 조건검색식 읽기
[2020-10-25 16:51:44,847] I EventLoop.py | Kiwoom-condition_slot-0115 I DEBUG    > HTS의 조건검색식 이름 가져오기 022^----------데이트레이딩 실전 팁 책----------;000^급등주 찾기-초단타;001^신고가;003^돌파+신고가 실시간 검색;004^급락주공략(주가등락률안맞음);005^이평선공략(하락추세);009^세력주이평선수렴;002^확률높은돌파매매;028^---------- 종목탐색기 활용 책 기초 ----------;026^종목탐색기 기초;014^----------종목탐색기 활용 책(단타)----------;012^저가대비4%+1분최고거래량(오전9시30분이전);013^1분캔들20이평선연속양봉돌파(오전9시30분이전);015^----------종목탐색기 활용 책(스윙)----------;016^맥점+슈팅검색기(매일종가부근);017^수렴돌파검색기;018^5연속양봉캔들검색기;019^2음봉+장악형 검색기;020^단기로켓 검색기(이미지나간거보는건데?);023^----------  매일분석코너  ----------;007^신고가종목필터(장기보유);006^수급맥점이되는특수캔들(장마감후);027^양음음+2봉전<0봉전;021^당일상한가친종목;024^담날상한가예측(내가한거);008^눌림목포착(오후동시호가);011^주봉지지선(오르는주식만산다)(항상조회);025^---------- 자동매매 ----------;010^긴아래꼬리양봉;029^매집봉;030^자동매매첫조건;
[2020-10-25 16:51:44,882] I EventLoop.py | Kiwoom-condition_tr_slot-0136 I DEBUG    > 화면번호: 0156, 종목코드 리스트: 032830;092600;, 조건식 이름: 자동매매첫조건, 조건식 인덱스: 30, 연속조회: 0
[2020-10-25 16:51:44,882] I EventLoop.py | Kiwoom-condition_tr_slot-0139 I DEBUG    > 코드 종목 
 ['032830', '092600']
[2020-10-25 16:52:31,976] I EventLoop.py | Kiwoom-_event_connect_slot-0105 I DEBUG    > 정상처리
[2020-10-25 16:53:00,922] I EventLoop.py | Kiwoom-_event_connect_slot-0105 I DEBUG    > 정상처리
[2020-10-25 16:53:11,309] I EventLoop.py | Kiwoom-condition_slot-0113 I DEBUG    > 호출 성공 여부 1, 호출결과 메시지 [OK] 사용자 조건검색식 읽기
[2020-10-25 16:53:11,336] I EventLoop.py | Kiwoom-condition_slot-0115 I DEBUG    > HTS의 조건검색식 이름 가져오기 022^----------데이트레이딩 실전 팁 책----------;000^급등주 찾기-초단타;001^신고가;003^돌파+신고가 실시간 검색;004^급락주공략(주가등락률안맞음);005^이평선공략(하락추세);009^세력주이평선수렴;002^확률높은돌파매매;028^---------- 종목탐색기 활용 책 기초 ----------;026^종목탐색기 기초;014^----------종목탐색기 활용 책(단타)----------;012^저가대비4%+1분최고거래량(오전9시30분이전);013^1분캔들20이평선연속양봉돌파(오전9시30분이전);015^----------종목탐색기 활용 책(스윙)----------;016^맥점+슈팅검색기(매일종가부근);017^수렴돌파검색기;018^5연속양봉캔들검색기;019^2음봉+장악형 검색기;020^단기로켓 검색기(이미지나간거보는건데?);023^----------  매일분석코너  ----------;007^신고가종목필터(장기보유);006^수급맥점이되는특수캔들(장마감후);027^양음음+2봉전<0봉전;021^당일상한가친종목;024^담날상한가예측(내가한거);008^눌림목포착(오후동시호가);011^주봉지지선(오르는주식만산다)(항상조회);025^---------- 자동매매 ----------;010^긴아래꼬리양봉;029^매집봉;030^자동매매첫조건;
[2020-10-25 16:53:11,358] I EventLoop.py | Kiwoom-condition_tr_slot-0136 I DEBUG    > 화면번호: 0156, 종목코드 리스트: 032830;092600;, 조건식 이름: 자동매매첫조건, 조건식 인덱스: 30, 연속조회: 0
[2020-10-25 16:53:11,358] I EventLoop.py | Kiwoom-condition_tr_slot-0139 I DEBUG    > 코드 종목 
 ['032830', '092600']
[2020-10-25 16:53:21,171] I EventLoop.py | Kiwoom-condition_slot-0113 I DEBUG    > 호출 성공 여부 1, 호출결과 메시지 [OK] 사용자 조건검색식 읽기
[2020-10-25 16:53:21,208] I EventLoop.py | Kiwoom-condition_slot-0115 I DEBUG    > HTS의 조건검색식 이름 가져오기 022^----------데이트레이딩 실전 팁 책----------;000^급등주 찾기-초단타;001^신고가;003^돌파+신고가 실시간 검색;004^급락주공략(주가등락률안맞음);005^이평선공략(하락추세);009^세력주이평선수렴;002^확률높은돌파매매;028^---------- 종목탐색기 활용 책 기초 ----------;026^종목탐색기 기초;014^----------종목탐색기 활용 책(단타)----------;012^저가대비4%+1분최고거래량(오전9시30분이전);013^1분캔들20이평선연속양봉돌파(오전9시30분이전);015^----------종목탐색기 활용 책(스윙)----------;016^맥점+슈팅검색기(매일종가부근);017^수렴돌파검색기;018^5연속양봉캔들검색기;019^2음봉+장악형 검색기;020^단기로켓 검색기(이미지나간거보는건데?);023^----------  매일분석코너  ----------;007^신고가종목필터(장기보유);006^수급맥점이되는특수캔들(장마감후);027^양음음+2봉전<0봉전;021^당일상한가친종목;024^담날상한가예측(내가한거);008^눌림목포착(오후동시호가);011^주봉지지선(오르는주식만산다)(항상조회);025^---------- 자동매매 ----------;010^긴아래꼬리양봉;029^매집봉;030^자동매매첫조건;
[2020-10-25 16:53:31,140] I EventLoop.py | Kiwoom-condition_slot-0113 I DEBUG    > 호출 성공 여부 1, 호출결과 메시지 [OK] 사용자 조건검색식 읽기
[2020-10-25 16:53:31,185] I EventLoop.py | Kiwoom-condition_slot-0115 I DEBUG    > HTS의 조건검색식 이름 가져오기 022^----------데이트레이딩 실전 팁 책----------;000^급등주 찾기-초단타;001^신고가;003^돌파+신고가 실시간 검색;004^급락주공략(주가등락률안맞음);005^이평선공략(하락추세);009^세력주이평선수렴;002^확률높은돌파매매;028^---------- 종목탐색기 활용 책 기초 ----------;026^종목탐색기 기초;014^----------종목탐색기 활용 책(단타)----------;012^저가대비4%+1분최고거래량(오전9시30분이전);013^1분캔들20이평선연속양봉돌파(오전9시30분이전);015^----------종목탐색기 활용 책(스윙)----------;016^맥점+슈팅검색기(매일종가부근);017^수렴돌파검색기;018^5연속양봉캔들검색기;019^2음봉+장악형 검색기;020^단기로켓 검색기(이미지나간거보는건데?);023^----------  매일분석코너  ----------;007^신고가종목필터(장기보유);006^수급맥점이되는특수캔들(장마감후);027^양음음+2봉전<0봉전;021^당일상한가친종목;024^담날상한가예측(내가한거);008^눌림목포착(오후동시호가);011^주봉지지선(오르는주식만산다)(항상조회);025^---------- 자동매매 ----------;010^긴아래꼬리양봉;029^매집봉;030^자동매매첫조건;
[2020-10-25 16:53:41,168] I EventLoop.py | Kiwoom-condition_slot-0113 I DEBUG    > 호출 성공 여부 1, 호출결과 메시지 [OK] 사용자 조건검색식 읽기
[2020-10-25 16:53:41,212] I EventLoop.py | Kiwoom-condition_slot-0115 I DEBUG    > HTS의 조건검색식 이름 가져오기 022^----------데이트레이딩 실전 팁 책----------;000^급등주 찾기-초단타;001^신고가;003^돌파+신고가 실시간 검색;004^급락주공략(주가등락률안맞음);005^이평선공략(하락추세);009^세력주이평선수렴;002^확률높은돌파매매;028^---------- 종목탐색기 활용 책 기초 ----------;026^종목탐색기 기초;014^----------종목탐색기 활용 책(단타)----------;012^저가대비4%+1분최고거래량(오전9시30분이전);013^1분캔들20이평선연속양봉돌파(오전9시30분이전);015^----------종목탐색기 활용 책(스윙)----------;016^맥점+슈팅검색기(매일종가부근);017^수렴돌파검색기;018^5연속양봉캔들검색기;019^2음봉+장악형 검색기;020^단기로켓 검색기(이미지나간거보는건데?);023^----------  매일분석코너  ----------;007^신고가종목필터(장기보유);006^수급맥점이되는특수캔들(장마감후);027^양음음+2봉전<0봉전;021^당일상한가친종목;024^담날상한가예측(내가한거);008^눌림목포착(오후동시호가);011^주봉지지선(오르는주식만산다)(항상조회);025^---------- 자동매매 ----------;010^긴아래꼬리양봉;029^매집봉;030^자동매매첫조건;
[2020-10-25 16:53:51,129] I EventLoop.py | Kiwoom-condition_slot-0113 I DEBUG    > 호출 성공 여부 1, 호출결과 메시지 [OK] 사용자 조건검색식 읽기
[2020-10-25 16:53:51,166] I EventLoop.py | Kiwoom-condition_slot-0115 I DEBUG    > HTS의 조건검색식 이름 가져오기 022^----------데이트레이딩 실전 팁 책----------;000^급등주 찾기-초단타;001^신고가;003^돌파+신고가 실시간 검색;004^급락주공략(주가등락률안맞음);005^이평선공략(하락추세);009^세력주이평선수렴;002^확률높은돌파매매;028^---------- 종목탐색기 활용 책 기초 ----------;026^종목탐색기 기초;014^----------종목탐색기 활용 책(단타)----------;012^저가대비4%+1분최고거래량(오전9시30분이전);013^1분캔들20이평선연속양봉돌파(오전9시30분이전);015^----------종목탐색기 활용 책(스윙)----------;016^맥점+슈팅검색기(매일종가부근);017^수렴돌파검색기;018^5연속양봉캔들검색기;019^2음봉+장악형 검색기;020^단기로켓 검색기(이미지나간거보는건데?);023^----------  매일분석코너  ----------;007^신고가종목필터(장기보유);006^수급맥점이되는특수캔들(장마감후);027^양음음+2봉전<0봉전;021^당일상한가친종목;024^담날상한가예측(내가한거);008^눌림목포착(오후동시호가);011^주봉지지선(오르는주식만산다)(항상조회);025^---------- 자동매매 ----------;010^긴아래꼬리양봉;029^매집봉;030^자동매매첫조건;
[2020-10-25 16:54:01,145] I EventLoop.py | Kiwoom-condition_slot-0113 I DEBUG    > 호출 성공 여부 1, 호출결과 메시지 [OK] 사용자 조건검색식 읽기
[2020-10-25 16:54:01,198] I EventLoop.py | Kiwoom-condition_slot-0115 I DEBUG    > HTS의 조건검색식 이름 가져오기 022^----------데이트레이딩 실전 팁 책----------;000^급등주 찾기-초단타;001^신고가;003^돌파+신고가 실시간 검색;004^급락주공략(주가등락률안맞음);005^이평선공략(하락추세);009^세력주이평선수렴;002^확률높은돌파매매;028^---------- 종목탐색기 활용 책 기초 ----------;026^종목탐색기 기초;014^----------종목탐색기 활용 책(단타)----------;012^저가대비4%+1분최고거래량(오전9시30분이전);013^1분캔들20이평선연속양봉돌파(오전9시30분이전);015^----------종목탐색기 활용 책(스윙)----------;016^맥점+슈팅검색기(매일종가부근);017^수렴돌파검색기;018^5연속양봉캔들검색기;019^2음봉+장악형 검색기;020^단기로켓 검색기(이미지나간거보는건데?);023^----------  매일분석코너  ----------;007^신고가종목필터(장기보유);006^수급맥점이되는특수캔들(장마감후);027^양음음+2봉전<0봉전;021^당일상한가친종목;024^담날상한가예측(내가한거);008^눌림목포착(오후동시호가);011^주봉지지선(오르는주식만산다)(항상조회);025^---------- 자동매매 ----------;010^긴아래꼬리양봉;029^매집봉;030^자동매매첫조건;
[2020-10-25 16:54:13,465] I EventLoop.py | Kiwoom-_event_connect_slot-0105 I DEBUG    > 정상처리
[2020-10-25 16:54:24,013] I EventLoop.py | Kiwoom-condition_slot-0113 I DEBUG    > 호출 성공 여부 1, 호출결과 메시지 [OK] 사용자 조건검색식 읽기
[2020-10-25 16:54:24,052] I EventLoop.py | Kiwoom-condition_slot-0115 I DEBUG    > HTS의 조건검색식 이름 가져오기 022^----------데이트레이딩 실전 팁 책----------;000^급등주 찾기-초단타;001^신고가;003^돌파+신고가 실시간 검색;004^급락주공략(주가등락률안맞음);005^이평선공략(하락추세);009^세력주이평선수렴;002^확률높은돌파매매;028^---------- 종목탐색기 활용 책 기초 ----------;026^종목탐색기 기초;014^----------종목탐색기 활용 책(단타)----------;012^저가대비4%+1분최고거래량(오전9시30분이전);013^1분캔들20이평선연속양봉돌파(오전9시30분이전);015^----------종목탐색기 활용 책(스윙)----------;016^맥점+슈팅검색기(매일종가부근);017^수렴돌파검색기;018^5연속양봉캔들검색기;019^2음봉+장악형 검색기;020^단기로켓 검색기(이미지나간거보는건데?);023^----------  매일분석코너  ----------;007^신고가종목필터(장기보유);006^수급맥점이되는특수캔들(장마감후);027^양음음+2봉전<0봉전;021^당일상한가친종목;024^담날상한가예측(내가한거);008^눌림목포착(오후동시호가);011^주봉지지선(오르는주식만산다)(항상조회);025^---------- 자동매매 ----------;010^긴아래꼬리양봉;029^매집봉;030^자동매매첫조건;
[2020-10-25 16:54:24,075] I EventLoop.py | Kiwoom-condition_tr_slot-0136 I DEBUG    > 화면번호: 0156, 종목코드 리스트: 032830;092600;, 조건식 이름: 자동매매첫조건, 조건식 인덱스: 30, 연속조회: 0
[2020-10-25 16:54:24,076] I EventLoop.py | Kiwoom-condition_tr_slot-0139 I DEBUG    > 코드 종목 
 ['032830', '092600']
[2020-10-25 16:54:33,589] I EventLoop.py | Kiwoom-condition_slot-0113 I DEBUG    > 호출 성공 여부 1, 호출결과 메시지 [OK] 사용자 조건검색식 읽기
[2020-10-25 16:54:33,629] I EventLoop.py | Kiwoom-condition_slot-0115 I DEBUG    > HTS의 조건검색식 이름 가져오기 022^----------데이트레이딩 실전 팁 책----------;000^급등주 찾기-초단타;001^신고가;003^돌파+신고가 실시간 검색;004^급락주공략(주가등락률안맞음);005^이평선공략(하락추세);009^세력주이평선수렴;002^확률높은돌파매매;028^---------- 종목탐색기 활용 책 기초 ----------;026^종목탐색기 기초;014^----------종목탐색기 활용 책(단타)----------;012^저가대비4%+1분최고거래량(오전9시30분이전);013^1분캔들20이평선연속양봉돌파(오전9시30분이전);015^----------종목탐색기 활용 책(스윙)----------;016^맥점+슈팅검색기(매일종가부근);017^수렴돌파검색기;018^5연속양봉캔들검색기;019^2음봉+장악형 검색기;020^단기로켓 검색기(이미지나간거보는건데?);023^----------  매일분석코너  ----------;007^신고가종목필터(장기보유);006^수급맥점이되는특수캔들(장마감후);027^양음음+2봉전<0봉전;021^당일상한가친종목;024^담날상한가예측(내가한거);008^눌림목포착(오후동시호가);011^주봉지지선(오르는주식만산다)(항상조회);025^---------- 자동매매 ----------;010^긴아래꼬리양봉;029^매집봉;030^자동매매첫조건;
[2020-10-25 16:54:43,587] I EventLoop.py | Kiwoom-condition_slot-0113 I DEBUG    > 호출 성공 여부 1, 호출결과 메시지 [OK] 사용자 조건검색식 읽기
[2020-10-25 16:54:43,613] I EventLoop.py | Kiwoom-condition_slot-0115 I DEBUG    > HTS의 조건검색식 이름 가져오기 022^----------데이트레이딩 실전 팁 책----------;000^급등주 찾기-초단타;001^신고가;003^돌파+신고가 실시간 검색;004^급락주공략(주가등락률안맞음);005^이평선공략(하락추세);009^세력주이평선수렴;002^확률높은돌파매매;028^---------- 종목탐색기 활용 책 기초 ----------;026^종목탐색기 기초;014^----------종목탐색기 활용 책(단타)----------;012^저가대비4%+1분최고거래량(오전9시30분이전);013^1분캔들20이평선연속양봉돌파(오전9시30분이전);015^----------종목탐색기 활용 책(스윙)----------;016^맥점+슈팅검색기(매일종가부근);017^수렴돌파검색기;018^5연속양봉캔들검색기;019^2음봉+장악형 검색기;020^단기로켓 검색기(이미지나간거보는건데?);023^----------  매일분석코너  ----------;007^신고가종목필터(장기보유);006^수급맥점이되는특수캔들(장마감후);027^양음음+2봉전<0봉전;021^당일상한가친종목;024^담날상한가예측(내가한거);008^눌림목포착(오후동시호가);011^주봉지지선(오르는주식만산다)(항상조회);025^---------- 자동매매 ----------;010^긴아래꼬리양봉;029^매집봉;030^자동매매첫조건;
[2020-10-25 16:54:53,587] I EventLoop.py | Kiwoom-condition_slot-0113 I DEBUG    > 호출 성공 여부 1, 호출결과 메시지 [OK] 사용자 조건검색식 읽기
[2020-10-25 16:54:53,628] I EventLoop.py | Kiwoom-condition_slot-0115 I DEBUG    > HTS의 조건검색식 이름 가져오기 022^----------데이트레이딩 실전 팁 책----------;000^급등주 찾기-초단타;001^신고가;003^돌파+신고가 실시간 검색;004^급락주공략(주가등락률안맞음);005^이평선공략(하락추세);009^세력주이평선수렴;002^확률높은돌파매매;028^---------- 종목탐색기 활용 책 기초 ----------;026^종목탐색기 기초;014^----------종목탐색기 활용 책(단타)----------;012^저가대비4%+1분최고거래량(오전9시30분이전);013^1분캔들20이평선연속양봉돌파(오전9시30분이전);015^----------종목탐색기 활용 책(스윙)----------;016^맥점+슈팅검색기(매일종가부근);017^수렴돌파검색기;018^5연속양봉캔들검색기;019^2음봉+장악형 검색기;020^단기로켓 검색기(이미지나간거보는건데?);023^----------  매일분석코너  ----------;007^신고가종목필터(장기보유);006^수급맥점이되는특수캔들(장마감후);027^양음음+2봉전<0봉전;021^당일상한가친종목;024^담날상한가예측(내가한거);008^눌림목포착(오후동시호가);011^주봉지지선(오르는주식만산다)(항상조회);025^---------- 자동매매 ----------;010^긴아래꼬리양봉;029^매집봉;030^자동매매첫조건;
[2020-10-25 16:55:03,589] I EventLoop.py | Kiwoom-condition_slot-0113 I DEBUG    > 호출 성공 여부 1, 호출결과 메시지 [OK] 사용자 조건검색식 읽기
[2020-10-25 16:55:03,615] I EventLoop.py | Kiwoom-condition_slot-0115 I DEBUG    > HTS의 조건검색식 이름 가져오기 022^----------데이트레이딩 실전 팁 책----------;000^급등주 찾기-초단타;001^신고가;003^돌파+신고가 실시간 검색;004^급락주공략(주가등락률안맞음);005^이평선공략(하락추세);009^세력주이평선수렴;002^확률높은돌파매매;028^---------- 종목탐색기 활용 책 기초 ----------;026^종목탐색기 기초;014^----------종목탐색기 활용 책(단타)----------;012^저가대비4%+1분최고거래량(오전9시30분이전);013^1분캔들20이평선연속양봉돌파(오전9시30분이전);015^----------종목탐색기 활용 책(스윙)----------;016^맥점+슈팅검색기(매일종가부근);017^수렴돌파검색기;018^5연속양봉캔들검색기;019^2음봉+장악형 검색기;020^단기로켓 검색기(이미지나간거보는건데?);023^----------  매일분석코너  ----------;007^신고가종목필터(장기보유);006^수급맥점이되는특수캔들(장마감후);027^양음음+2봉전<0봉전;021^당일상한가친종목;024^담날상한가예측(내가한거);008^눌림목포착(오후동시호가);011^주봉지지선(오르는주식만산다)(항상조회);025^---------- 자동매매 ----------;010^긴아래꼬리양봉;029^매집봉;030^자동매매첫조건;
[2020-10-25 16:55:13,585] I EventLoop.py | Kiwoom-condition_slot-0113 I DEBUG    > 호출 성공 여부 1, 호출결과 메시지 [OK] 사용자 조건검색식 읽기
[2020-10-25 16:55:13,616] I EventLoop.py | Kiwoom-condition_slot-0115 I DEBUG    > HTS의 조건검색식 이름 가져오기 022^----------데이트레이딩 실전 팁 책----------;000^급등주 찾기-초단타;001^신고가;003^돌파+신고가 실시간 검색;004^급락주공략(주가등락률안맞음);005^이평선공략(하락추세);009^세력주이평선수렴;002^확률높은돌파매매;028^---------- 종목탐색기 활용 책 기초 ----------;026^종목탐색기 기초;014^----------종목탐색기 활용 책(단타)----------;012^저가대비4%+1분최고거래량(오전9시30분이전);013^1분캔들20이평선연속양봉돌파(오전9시30분이전);015^----------종목탐색기 활용 책(스윙)----------;016^맥점+슈팅검색기(매일종가부근);017^수렴돌파검색기;018^5연속양봉캔들검색기;019^2음봉+장악형 검색기;020^단기로켓 검색기(이미지나간거보는건데?);023^----------  매일분석코너  ----------;007^신고가종목필터(장기보유);006^수급맥점이되는특수캔들(장마감후);027^양음음+2봉전<0봉전;021^당일상한가친종목;024^담날상한가예측(내가한거);008^눌림목포착(오후동시호가);011^주봉지지선(오르는주식만산다)(항상조회);025^---------- 자동매매 ----------;010^긴아래꼬리양봉;029^매집봉;030^자동매매첫조건;
[2020-10-25 16:55:23,588] I EventLoop.py | Kiwoom-condition_slot-0113 I DEBUG    > 호출 성공 여부 1, 호출결과 메시지 [OK] 사용자 조건검색식 읽기
[2020-10-25 16:55:23,616] I EventLoop.py | Kiwoom-condition_slot-0115 I DEBUG    > HTS의 조건검색식 이름 가져오기 022^----------데이트레이딩 실전 팁 책----------;000^급등주 찾기-초단타;001^신고가;003^돌파+신고가 실시간 검색;004^급락주공략(주가등락률안맞음);005^이평선공략(하락추세);009^세력주이평선수렴;002^확률높은돌파매매;028^---------- 종목탐색기 활용 책 기초 ----------;026^종목탐색기 기초;014^----------종목탐색기 활용 책(단타)----------;012^저가대비4%+1분최고거래량(오전9시30분이전);013^1분캔들20이평선연속양봉돌파(오전9시30분이전);015^----------종목탐색기 활용 책(스윙)----------;016^맥점+슈팅검색기(매일종가부근);017^수렴돌파검색기;018^5연속양봉캔들검색기;019^2음봉+장악형 검색기;020^단기로켓 검색기(이미지나간거보는건데?);023^----------  매일분석코너  ----------;007^신고가종목필터(장기보유);006^수급맥점이되는특수캔들(장마감후);027^양음음+2봉전<0봉전;021^당일상한가친종목;024^담날상한가예측(내가한거);008^눌림목포착(오후동시호가);011^주봉지지선(오르는주식만산다)(항상조회);025^---------- 자동매매 ----------;010^긴아래꼬리양봉;029^매집봉;030^자동매매첫조건;
[2020-10-25 17:01:39,248] I EventLoop.py | Kiwoom-_event_connect_slot-0105 I DEBUG    > 정상처리
[2020-10-25 17:01:39,607] I EventLoop.py | Kiwoom-_condition_ver_slot-0113 I DEBUG    > 호출 성공 여부 1, 호출결과 메시지 [OK] 사용자 조건검색식 읽기
[2020-10-25 17:01:39,638] I EventLoop.py | Kiwoom-_condition_ver_slot-0115 I DEBUG    > HTS의 조건검색식 이름 가져오기 022^----------데이트레이딩 실전 팁 책----------;000^급등주 찾기-초단타;001^신고가;003^돌파+신고가 실시간 검색;004^급락주공략(주가등락률안맞음);005^이평선공략(하락추세);009^세력주이평선수렴;002^확률높은돌파매매;028^---------- 종목탐색기 활용 책 기초 ----------;026^종목탐색기 기초;014^----------종목탐색기 활용 책(단타)----------;012^저가대비4%+1분최고거래량(오전9시30분이전);013^1분캔들20이평선연속양봉돌파(오전9시30분이전);015^----------종목탐색기 활용 책(스윙)----------;016^맥점+슈팅검색기(매일종가부근);017^수렴돌파검색기;018^5연속양봉캔들검색기;019^2음봉+장악형 검색기;020^단기로켓 검색기(이미지나간거보는건데?);023^----------  매일분석코너  ----------;007^신고가종목필터(장기보유);006^수급맥점이되는특수캔들(장마감후);027^양음음+2봉전<0봉전;021^당일상한가친종목;024^담날상한가예측(내가한거);008^눌림목포착(오후동시호가);011^주봉지지선(오르는주식만산다)(항상조회);025^---------- 자동매매 ----------;010^긴아래꼬리양봉;029^매집봉;030^자동매매첫조건;
[2020-10-25 17:01:39,662] I EventLoop.py | Kiwoom-_condition_tr_slot-0136 I DEBUG    > 화면번호: 0156, 종목코드 리스트: 032830;092600;, 조건식 이름: 자동매매첫조건, 조건식 인덱스: 30, 연속조회: 0
[2020-10-25 17:01:39,663] I EventLoop.py | Kiwoom-_condition_tr_slot-0139 I DEBUG    > 코드 종목 
 ['032830', '092600']
[2020-10-25 17:01:42,375] I EventLoop.py | Kiwoom-_condition_ver_slot-0113 I DEBUG    > 호출 성공 여부 1, 호출결과 메시지 [OK] 사용자 조건검색식 읽기
[2020-10-25 17:01:42,438] I EventLoop.py | Kiwoom-_condition_ver_slot-0115 I DEBUG    > HTS의 조건검색식 이름 가져오기 022^----------데이트레이딩 실전 팁 책----------;000^급등주 찾기-초단타;001^신고가;003^돌파+신고가 실시간 검색;004^급락주공략(주가등락률안맞음);005^이평선공략(하락추세);009^세력주이평선수렴;002^확률높은돌파매매;028^---------- 종목탐색기 활용 책 기초 ----------;026^종목탐색기 기초;014^----------종목탐색기 활용 책(단타)----------;012^저가대비4%+1분최고거래량(오전9시30분이전);013^1분캔들20이평선연속양봉돌파(오전9시30분이전);015^----------종목탐색기 활용 책(스윙)----------;016^맥점+슈팅검색기(매일종가부근);017^수렴돌파검색기;018^5연속양봉캔들검색기;019^2음봉+장악형 검색기;020^단기로켓 검색기(이미지나간거보는건데?);023^----------  매일분석코너  ----------;007^신고가종목필터(장기보유);006^수급맥점이되는특수캔들(장마감후);027^양음음+2봉전<0봉전;021^당일상한가친종목;024^담날상한가예측(내가한거);008^눌림목포착(오후동시호가);011^주봉지지선(오르는주식만산다)(항상조회);025^---------- 자동매매 ----------;010^긴아래꼬리양봉;029^매집봉;030^자동매매첫조건;
[2020-10-25 17:01:45,342] I EventLoop.py | Kiwoom-_condition_ver_slot-0113 I DEBUG    > 호출 성공 여부 1, 호출결과 메시지 [OK] 사용자 조건검색식 읽기
[2020-10-25 17:01:45,368] I EventLoop.py | Kiwoom-_condition_ver_slot-0115 I DEBUG    > HTS의 조건검색식 이름 가져오기 022^----------데이트레이딩 실전 팁 책----------;000^급등주 찾기-초단타;001^신고가;003^돌파+신고가 실시간 검색;004^급락주공략(주가등락률안맞음);005^이평선공략(하락추세);009^세력주이평선수렴;002^확률높은돌파매매;028^---------- 종목탐색기 활용 책 기초 ----------;026^종목탐색기 기초;014^----------종목탐색기 활용 책(단타)----------;012^저가대비4%+1분최고거래량(오전9시30분이전);013^1분캔들20이평선연속양봉돌파(오전9시30분이전);015^----------종목탐색기 활용 책(스윙)----------;016^맥점+슈팅검색기(매일종가부근);017^수렴돌파검색기;018^5연속양봉캔들검색기;019^2음봉+장악형 검색기;020^단기로켓 검색기(이미지나간거보는건데?);023^----------  매일분석코너  ----------;007^신고가종목필터(장기보유);006^수급맥점이되는특수캔들(장마감후);027^양음음+2봉전<0봉전;021^당일상한가친종목;024^담날상한가예측(내가한거);008^눌림목포착(오후동시호가);011^주봉지지선(오르는주식만산다)(항상조회);025^---------- 자동매매 ----------;010^긴아래꼬리양봉;029^매집봉;030^자동매매첫조건;
[2020-10-25 17:01:48,364] I EventLoop.py | Kiwoom-_condition_ver_slot-0113 I DEBUG    > 호출 성공 여부 1, 호출결과 메시지 [OK] 사용자 조건검색식 읽기
[2020-10-25 17:01:48,421] I EventLoop.py | Kiwoom-_condition_ver_slot-0115 I DEBUG    > HTS의 조건검색식 이름 가져오기 022^----------데이트레이딩 실전 팁 책----------;000^급등주 찾기-초단타;001^신고가;003^돌파+신고가 실시간 검색;004^급락주공략(주가등락률안맞음);005^이평선공략(하락추세);009^세력주이평선수렴;002^확률높은돌파매매;028^---------- 종목탐색기 활용 책 기초 ----------;026^종목탐색기 기초;014^----------종목탐색기 활용 책(단타)----------;012^저가대비4%+1분최고거래량(오전9시30분이전);013^1분캔들20이평선연속양봉돌파(오전9시30분이전);015^----------종목탐색기 활용 책(스윙)----------;016^맥점+슈팅검색기(매일종가부근);017^수렴돌파검색기;018^5연속양봉캔들검색기;019^2음봉+장악형 검색기;020^단기로켓 검색기(이미지나간거보는건데?);023^----------  매일분석코너  ----------;007^신고가종목필터(장기보유);006^수급맥점이되는특수캔들(장마감후);027^양음음+2봉전<0봉전;021^당일상한가친종목;024^담날상한가예측(내가한거);008^눌림목포착(오후동시호가);011^주봉지지선(오르는주식만산다)(항상조회);025^---------- 자동매매 ----------;010^긴아래꼬리양봉;029^매집봉;030^자동매매첫조건;
[2020-10-25 17:01:51,358] I EventLoop.py | Kiwoom-_condition_ver_slot-0113 I DEBUG    > 호출 성공 여부 1, 호출결과 메시지 [OK] 사용자 조건검색식 읽기
[2020-10-25 17:01:51,383] I EventLoop.py | Kiwoom-_condition_ver_slot-0115 I DEBUG    > HTS의 조건검색식 이름 가져오기 022^----------데이트레이딩 실전 팁 책----------;000^급등주 찾기-초단타;001^신고가;003^돌파+신고가 실시간 검색;004^급락주공략(주가등락률안맞음);005^이평선공략(하락추세);009^세력주이평선수렴;002^확률높은돌파매매;028^---------- 종목탐색기 활용 책 기초 ----------;026^종목탐색기 기초;014^----------종목탐색기 활용 책(단타)----------;012^저가대비4%+1분최고거래량(오전9시30분이전);013^1분캔들20이평선연속양봉돌파(오전9시30분이전);015^----------종목탐색기 활용 책(스윙)----------;016^맥점+슈팅검색기(매일종가부근);017^수렴돌파검색기;018^5연속양봉캔들검색기;019^2음봉+장악형 검색기;020^단기로켓 검색기(이미지나간거보는건데?);023^----------  매일분석코너  ----------;007^신고가종목필터(장기보유);006^수급맥점이되는특수캔들(장마감후);027^양음음+2봉전<0봉전;021^당일상한가친종목;024^담날상한가예측(내가한거);008^눌림목포착(오후동시호가);011^주봉지지선(오르는주식만산다)(항상조회);025^---------- 자동매매 ----------;010^긴아래꼬리양봉;029^매집봉;030^자동매매첫조건;
[2020-10-25 17:01:54,376] I EventLoop.py | Kiwoom-_condition_ver_slot-0113 I DEBUG    > 호출 성공 여부 1, 호출결과 메시지 [OK] 사용자 조건검색식 읽기
[2020-10-25 17:01:54,475] I EventLoop.py | Kiwoom-_condition_ver_slot-0115 I DEBUG    > HTS의 조건검색식 이름 가져오기 022^----------데이트레이딩 실전 팁 책----------;000^급등주 찾기-초단타;001^신고가;003^돌파+신고가 실시간 검색;004^급락주공략(주가등락률안맞음);005^이평선공략(하락추세);009^세력주이평선수렴;002^확률높은돌파매매;028^---------- 종목탐색기 활용 책 기초 ----------;026^종목탐색기 기초;014^----------종목탐색기 활용 책(단타)----------;012^저가대비4%+1분최고거래량(오전9시30분이전);013^1분캔들20이평선연속양봉돌파(오전9시30분이전);015^----------종목탐색기 활용 책(스윙)----------;016^맥점+슈팅검색기(매일종가부근);017^수렴돌파검색기;018^5연속양봉캔들검색기;019^2음봉+장악형 검색기;020^단기로켓 검색기(이미지나간거보는건데?);023^----------  매일분석코너  ----------;007^신고가종목필터(장기보유);006^수급맥점이되는특수캔들(장마감후);027^양음음+2봉전<0봉전;021^당일상한가친종목;024^담날상한가예측(내가한거);008^눌림목포착(오후동시호가);011^주봉지지선(오르는주식만산다)(항상조회);025^---------- 자동매매 ----------;010^긴아래꼬리양봉;029^매집봉;030^자동매매첫조건;
[2020-10-25 17:03:22,621] I EventLoop.py | Kiwoom-_event_connect_slot-0105 I DEBUG    > 정상처리
[2020-10-25 17:03:22,975] I EventLoop.py | Kiwoom-_condition_ver_slot-0113 I DEBUG    > 호출 성공 여부 1, 호출결과 메시지 [OK] 사용자 조건검색식 읽기
[2020-10-25 17:03:23,008] I EventLoop.py | Kiwoom-_condition_ver_slot-0115 I DEBUG    > HTS의 조건검색식 이름 가져오기 022^----------데이트레이딩 실전 팁 책----------;000^급등주 찾기-초단타;001^신고가;003^돌파+신고가 실시간 검색;004^급락주공략(주가등락률안맞음);005^이평선공략(하락추세);009^세력주이평선수렴;002^확률높은돌파매매;028^---------- 종목탐색기 활용 책 기초 ----------;026^종목탐색기 기초;014^----------종목탐색기 활용 책(단타)----------;012^저가대비4%+1분최고거래량(오전9시30분이전);013^1분캔들20이평선연속양봉돌파(오전9시30분이전);015^----------종목탐색기 활용 책(스윙)----------;016^맥점+슈팅검색기(매일종가부근);017^수렴돌파검색기;018^5연속양봉캔들검색기;019^2음봉+장악형 검색기;020^단기로켓 검색기(이미지나간거보는건데?);023^----------  매일분석코너  ----------;007^신고가종목필터(장기보유);006^수급맥점이되는특수캔들(장마감후);027^양음음+2봉전<0봉전;021^당일상한가친종목;024^담날상한가예측(내가한거);008^눌림목포착(오후동시호가);011^주봉지지선(오르는주식만산다)(항상조회);025^---------- 자동매매 ----------;010^긴아래꼬리양봉;029^매집봉;030^자동매매첫조건;
[2020-10-25 17:03:23,043] I EventLoop.py | Kiwoom-_condition_tr_slot-0136 I DEBUG    > 화면번호: 0156, 종목코드 리스트: 032830;092600;, 조건식 이름: 자동매매첫조건, 조건식 인덱스: 30, 연속조회: 0
[2020-10-25 17:03:23,044] I EventLoop.py | Kiwoom-_condition_tr_slot-0139 I DEBUG    > 코드 종목 
 ['032830', '092600']
[2020-10-25 17:03:25,721] I EventLoop.py | Kiwoom-_condition_ver_slot-0113 I DEBUG    > 호출 성공 여부 1, 호출결과 메시지 [OK] 사용자 조건검색식 읽기
[2020-10-25 17:03:25,749] I EventLoop.py | Kiwoom-_condition_ver_slot-0115 I DEBUG    > HTS의 조건검색식 이름 가져오기 022^----------데이트레이딩 실전 팁 책----------;000^급등주 찾기-초단타;001^신고가;003^돌파+신고가 실시간 검색;004^급락주공략(주가등락률안맞음);005^이평선공략(하락추세);009^세력주이평선수렴;002^확률높은돌파매매;028^---------- 종목탐색기 활용 책 기초 ----------;026^종목탐색기 기초;014^----------종목탐색기 활용 책(단타)----------;012^저가대비4%+1분최고거래량(오전9시30분이전);013^1분캔들20이평선연속양봉돌파(오전9시30분이전);015^----------종목탐색기 활용 책(스윙)----------;016^맥점+슈팅검색기(매일종가부근);017^수렴돌파검색기;018^5연속양봉캔들검색기;019^2음봉+장악형 검색기;020^단기로켓 검색기(이미지나간거보는건데?);023^----------  매일분석코너  ----------;007^신고가종목필터(장기보유);006^수급맥점이되는특수캔들(장마감후);027^양음음+2봉전<0봉전;021^당일상한가친종목;024^담날상한가예측(내가한거);008^눌림목포착(오후동시호가);011^주봉지지선(오르는주식만산다)(항상조회);025^---------- 자동매매 ----------;010^긴아래꼬리양봉;029^매집봉;030^자동매매첫조건;
[2020-10-25 17:03:28,708] I EventLoop.py | Kiwoom-_condition_ver_slot-0113 I DEBUG    > 호출 성공 여부 1, 호출결과 메시지 [OK] 사용자 조건검색식 읽기
[2020-10-25 17:03:28,737] I EventLoop.py | Kiwoom-_condition_ver_slot-0115 I DEBUG    > HTS의 조건검색식 이름 가져오기 022^----------데이트레이딩 실전 팁 책----------;000^급등주 찾기-초단타;001^신고가;003^돌파+신고가 실시간 검색;004^급락주공략(주가등락률안맞음);005^이평선공략(하락추세);009^세력주이평선수렴;002^확률높은돌파매매;028^---------- 종목탐색기 활용 책 기초 ----------;026^종목탐색기 기초;014^----------종목탐색기 활용 책(단타)----------;012^저가대비4%+1분최고거래량(오전9시30분이전);013^1분캔들20이평선연속양봉돌파(오전9시30분이전);015^----------종목탐색기 활용 책(스윙)----------;016^맥점+슈팅검색기(매일종가부근);017^수렴돌파검색기;018^5연속양봉캔들검색기;019^2음봉+장악형 검색기;020^단기로켓 검색기(이미지나간거보는건데?);023^----------  매일분석코너  ----------;007^신고가종목필터(장기보유);006^수급맥점이되는특수캔들(장마감후);027^양음음+2봉전<0봉전;021^당일상한가친종목;024^담날상한가예측(내가한거);008^눌림목포착(오후동시호가);011^주봉지지선(오르는주식만산다)(항상조회);025^---------- 자동매매 ----------;010^긴아래꼬리양봉;029^매집봉;030^자동매매첫조건;
[2020-10-25 17:05:23,887] I EventLoop.py | Kiwoom-_event_connect_slot-0107 I DEBUG    > 정상처리
[2020-10-25 17:05:24,342] I EventLoop.py | Kiwoom-_condition_ver_slot-0115 I DEBUG    > 호출 성공 여부 1, 호출결과 메시지 [OK] 사용자 조건검색식 읽기
[2020-10-25 17:05:24,378] I EventLoop.py | Kiwoom-_condition_ver_slot-0117 I DEBUG    > HTS의 조건검색식 이름 가져오기 022^----------데이트레이딩 실전 팁 책----------;000^급등주 찾기-초단타;001^신고가;003^돌파+신고가 실시간 검색;004^급락주공략(주가등락률안맞음);005^이평선공략(하락추세);009^세력주이평선수렴;002^확률높은돌파매매;028^---------- 종목탐색기 활용 책 기초 ----------;026^종목탐색기 기초;014^----------종목탐색기 활용 책(단타)----------;012^저가대비4%+1분최고거래량(오전9시30분이전);013^1분캔들20이평선연속양봉돌파(오전9시30분이전);015^----------종목탐색기 활용 책(스윙)----------;016^맥점+슈팅검색기(매일종가부근);017^수렴돌파검색기;018^5연속양봉캔들검색기;019^2음봉+장악형 검색기;020^단기로켓 검색기(이미지나간거보는건데?);023^----------  매일분석코너  ----------;007^신고가종목필터(장기보유);006^수급맥점이되는특수캔들(장마감후);027^양음음+2봉전<0봉전;021^당일상한가친종목;024^담날상한가예측(내가한거);008^눌림목포착(오후동시호가);011^주봉지지선(오르는주식만산다)(항상조회);025^---------- 자동매매 ----------;010^긴아래꼬리양봉;029^매집봉;030^자동매매첫조건;
[2020-10-25 17:11:04,894] I EventLoop.py | Kiwoom-_event_connect_slot-0106 I DEBUG    > 정상처리
[2020-10-25 17:11:05,336] I EventLoop.py | Kiwoom-_condition_ver_slot-0114 I DEBUG    > 호출 성공 여부 1, 호출결과 메시지 [OK] 사용자 조건검색식 읽기
[2020-10-25 17:11:05,386] I EventLoop.py | Kiwoom-_condition_ver_slot-0116 I DEBUG    > HTS의 조건검색식 이름 가져오기 022^----------데이트레이딩 실전 팁 책----------;000^급등주 찾기-초단타;001^신고가;003^돌파+신고가 실시간 검색;004^급락주공략(주가등락률안맞음);005^이평선공략(하락추세);009^세력주이평선수렴;002^확률높은돌파매매;028^---------- 종목탐색기 활용 책 기초 ----------;026^종목탐색기 기초;014^----------종목탐색기 활용 책(단타)----------;012^저가대비4%+1분최고거래량(오전9시30분이전);013^1분캔들20이평선연속양봉돌파(오전9시30분이전);015^----------종목탐색기 활용 책(스윙)----------;016^맥점+슈팅검색기(매일종가부근);017^수렴돌파검색기;018^5연속양봉캔들검색기;019^2음봉+장악형 검색기;020^단기로켓 검색기(이미지나간거보는건데?);023^----------  매일분석코너  ----------;007^신고가종목필터(장기보유);006^수급맥점이되는특수캔들(장마감후);027^양음음+2봉전<0봉전;021^당일상한가친종목;024^담날상한가예측(내가한거);008^눌림목포착(오후동시호가);011^주봉지지선(오르는주식만산다)(항상조회);025^---------- 자동매매 ----------;010^긴아래꼬리양봉;029^매집봉;030^자동매매첫조건;
[2020-10-25 17:11:46,837] I EventLoop.py | Kiwoom-_event_connect_slot-0106 I DEBUG    > 정상처리
[2020-10-25 17:11:47,215] I EventLoop.py | Kiwoom-_condition_ver_slot-0114 I DEBUG    > 호출 성공 여부 1, 호출결과 메시지 [OK] 사용자 조건검색식 읽기
[2020-10-25 17:11:47,257] I EventLoop.py | Kiwoom-_condition_ver_slot-0116 I DEBUG    > HTS의 조건검색식 이름 가져오기 022^----------데이트레이딩 실전 팁 책----------;000^급등주 찾기-초단타;001^신고가;003^돌파+신고가 실시간 검색;004^급락주공략(주가등락률안맞음);005^이평선공략(하락추세);009^세력주이평선수렴;002^확률높은돌파매매;028^---------- 종목탐색기 활용 책 기초 ----------;026^종목탐색기 기초;014^----------종목탐색기 활용 책(단타)----------;012^저가대비4%+1분최고거래량(오전9시30분이전);013^1분캔들20이평선연속양봉돌파(오전9시30분이전);015^----------종목탐색기 활용 책(스윙)----------;016^맥점+슈팅검색기(매일종가부근);017^수렴돌파검색기;018^5연속양봉캔들검색기;019^2음봉+장악형 검색기;020^단기로켓 검색기(이미지나간거보는건데?);023^----------  매일분석코너  ----------;007^신고가종목필터(장기보유);006^수급맥점이되는특수캔들(장마감후);027^양음음+2봉전<0봉전;021^당일상한가친종목;024^담날상한가예측(내가한거);008^눌림목포착(오후동시호가);011^주봉지지선(오르는주식만산다)(항상조회);025^---------- 자동매매 ----------;010^긴아래꼬리양봉;029^매집봉;030^자동매매첫조건;
[2020-10-25 17:17:22,724] I EventLoop.py | Kiwoom-_event_connect_slot-0105 I DEBUG    > 정상처리
[2020-10-25 17:17:23,065] I EventLoop.py | Kiwoom-_condition_ver_slot-0113 I DEBUG    > 호출 성공 여부 1, 호출결과 메시지 [OK] 사용자 조건검색식 읽기
[2020-10-25 17:17:23,094] I EventLoop.py | Kiwoom-_condition_ver_slot-0115 I DEBUG    > HTS의 조건검색식 이름 가져오기 022^----------데이트레이딩 실전 팁 책----------;000^급등주 찾기-초단타;001^신고가;003^돌파+신고가 실시간 검색;004^급락주공략(주가등락률안맞음);005^이평선공략(하락추세);009^세력주이평선수렴;002^확률높은돌파매매;028^---------- 종목탐색기 활용 책 기초 ----------;026^종목탐색기 기초;014^----------종목탐색기 활용 책(단타)----------;012^저가대비4%+1분최고거래량(오전9시30분이전);013^1분캔들20이평선연속양봉돌파(오전9시30분이전);015^----------종목탐색기 활용 책(스윙)----------;016^맥점+슈팅검색기(매일종가부근);017^수렴돌파검색기;018^5연속양봉캔들검색기;019^2음봉+장악형 검색기;020^단기로켓 검색기(이미지나간거보는건데?);023^----------  매일분석코너  ----------;007^신고가종목필터(장기보유);006^수급맥점이되는특수캔들(장마감후);027^양음음+2봉전<0봉전;021^당일상한가친종목;024^담날상한가예측(내가한거);008^눌림목포착(오후동시호가);011^주봉지지선(오르는주식만산다)(항상조회);025^---------- 자동매매 ----------;010^긴아래꼬리양봉;029^매집봉;030^자동매매첫조건;
[2020-10-25 17:17:23,118] I EventLoop.py | Kiwoom-_condition_tr_slot-0136 I DEBUG    > 화면번호: 0156, 종목코드 리스트: 032830;092600;, 조건식 이름: 자동매매첫조건, 조건식 인덱스: 30, 연속조회: 0
[2020-10-25 17:17:23,119] I EventLoop.py | Kiwoom-_condition_tr_slot-0139 I DEBUG    > 코드 종목 
 ['032830', '092600']
[2020-10-25 17:17:25,818] I EventLoop.py | Kiwoom-_condition_ver_slot-0113 I DEBUG    > 호출 성공 여부 1, 호출결과 메시지 [OK] 사용자 조건검색식 읽기
[2020-10-25 17:17:25,844] I EventLoop.py | Kiwoom-_condition_ver_slot-0115 I DEBUG    > HTS의 조건검색식 이름 가져오기 022^----------데이트레이딩 실전 팁 책----------;000^급등주 찾기-초단타;001^신고가;003^돌파+신고가 실시간 검색;004^급락주공략(주가등락률안맞음);005^이평선공략(하락추세);009^세력주이평선수렴;002^확률높은돌파매매;028^---------- 종목탐색기 활용 책 기초 ----------;026^종목탐색기 기초;014^----------종목탐색기 활용 책(단타)----------;012^저가대비4%+1분최고거래량(오전9시30분이전);013^1분캔들20이평선연속양봉돌파(오전9시30분이전);015^----------종목탐색기 활용 책(스윙)----------;016^맥점+슈팅검색기(매일종가부근);017^수렴돌파검색기;018^5연속양봉캔들검색기;019^2음봉+장악형 검색기;020^단기로켓 검색기(이미지나간거보는건데?);023^----------  매일분석코너  ----------;007^신고가종목필터(장기보유);006^수급맥점이되는특수캔들(장마감후);027^양음음+2봉전<0봉전;021^당일상한가친종목;024^담날상한가예측(내가한거);008^눌림목포착(오후동시호가);011^주봉지지선(오르는주식만산다)(항상조회);025^---------- 자동매매 ----------;010^긴아래꼬리양봉;029^매집봉;030^자동매매첫조건;
[2020-10-25 17:17:28,806] I EventLoop.py | Kiwoom-_condition_ver_slot-0113 I DEBUG    > 호출 성공 여부 1, 호출결과 메시지 [OK] 사용자 조건검색식 읽기
[2020-10-25 17:17:28,847] I EventLoop.py | Kiwoom-_condition_ver_slot-0115 I DEBUG    > HTS의 조건검색식 이름 가져오기 022^----------데이트레이딩 실전 팁 책----------;000^급등주 찾기-초단타;001^신고가;003^돌파+신고가 실시간 검색;004^급락주공략(주가등락률안맞음);005^이평선공략(하락추세);009^세력주이평선수렴;002^확률높은돌파매매;028^---------- 종목탐색기 활용 책 기초 ----------;026^종목탐색기 기초;014^----------종목탐색기 활용 책(단타)----------;012^저가대비4%+1분최고거래량(오전9시30분이전);013^1분캔들20이평선연속양봉돌파(오전9시30분이전);015^----------종목탐색기 활용 책(스윙)----------;016^맥점+슈팅검색기(매일종가부근);017^수렴돌파검색기;018^5연속양봉캔들검색기;019^2음봉+장악형 검색기;020^단기로켓 검색기(이미지나간거보는건데?);023^----------  매일분석코너  ----------;007^신고가종목필터(장기보유);006^수급맥점이되는특수캔들(장마감후);027^양음음+2봉전<0봉전;021^당일상한가친종목;024^담날상한가예측(내가한거);008^눌림목포착(오후동시호가);011^주봉지지선(오르는주식만산다)(항상조회);025^---------- 자동매매 ----------;010^긴아래꼬리양봉;029^매집봉;030^자동매매첫조건;
[2020-10-25 17:17:31,814] I EventLoop.py | Kiwoom-_condition_ver_slot-0113 I DEBUG    > 호출 성공 여부 1, 호출결과 메시지 [OK] 사용자 조건검색식 읽기
[2020-10-25 17:17:31,840] I EventLoop.py | Kiwoom-_condition_ver_slot-0115 I DEBUG    > HTS의 조건검색식 이름 가져오기 022^----------데이트레이딩 실전 팁 책----------;000^급등주 찾기-초단타;001^신고가;003^돌파+신고가 실시간 검색;004^급락주공략(주가등락률안맞음);005^이평선공략(하락추세);009^세력주이평선수렴;002^확률높은돌파매매;028^---------- 종목탐색기 활용 책 기초 ----------;026^종목탐색기 기초;014^----------종목탐색기 활용 책(단타)----------;012^저가대비4%+1분최고거래량(오전9시30분이전);013^1분캔들20이평선연속양봉돌파(오전9시30분이전);015^----------종목탐색기 활용 책(스윙)----------;016^맥점+슈팅검색기(매일종가부근);017^수렴돌파검색기;018^5연속양봉캔들검색기;019^2음봉+장악형 검색기;020^단기로켓 검색기(이미지나간거보는건데?);023^----------  매일분석코너  ----------;007^신고가종목필터(장기보유);006^수급맥점이되는특수캔들(장마감후);027^양음음+2봉전<0봉전;021^당일상한가친종목;024^담날상한가예측(내가한거);008^눌림목포착(오후동시호가);011^주봉지지선(오르는주식만산다)(항상조회);025^---------- 자동매매 ----------;010^긴아래꼬리양봉;029^매집봉;030^자동매매첫조건;
[2020-10-25 17:17:34,827] I EventLoop.py | Kiwoom-_condition_ver_slot-0113 I DEBUG    > 호출 성공 여부 1, 호출결과 메시지 [OK] 사용자 조건검색식 읽기
[2020-10-25 17:17:34,861] I EventLoop.py | Kiwoom-_condition_ver_slot-0115 I DEBUG    > HTS의 조건검색식 이름 가져오기 022^----------데이트레이딩 실전 팁 책----------;000^급등주 찾기-초단타;001^신고가;003^돌파+신고가 실시간 검색;004^급락주공략(주가등락률안맞음);005^이평선공략(하락추세);009^세력주이평선수렴;002^확률높은돌파매매;028^---------- 종목탐색기 활용 책 기초 ----------;026^종목탐색기 기초;014^----------종목탐색기 활용 책(단타)----------;012^저가대비4%+1분최고거래량(오전9시30분이전);013^1분캔들20이평선연속양봉돌파(오전9시30분이전);015^----------종목탐색기 활용 책(스윙)----------;016^맥점+슈팅검색기(매일종가부근);017^수렴돌파검색기;018^5연속양봉캔들검색기;019^2음봉+장악형 검색기;020^단기로켓 검색기(이미지나간거보는건데?);023^----------  매일분석코너  ----------;007^신고가종목필터(장기보유);006^수급맥점이되는특수캔들(장마감후);027^양음음+2봉전<0봉전;021^당일상한가친종목;024^담날상한가예측(내가한거);008^눌림목포착(오후동시호가);011^주봉지지선(오르는주식만산다)(항상조회);025^---------- 자동매매 ----------;010^긴아래꼬리양봉;029^매집봉;030^자동매매첫조건;
[2020-10-25 17:17:53,996] I EventLoop.py | Kiwoom-_event_connect_slot-0105 I DEBUG    > 정상처리
[2020-10-25 17:17:54,273] I EventLoop.py | Kiwoom-_condition_ver_slot-0113 I DEBUG    > 호출 성공 여부 1, 호출결과 메시지 [OK] 사용자 조건검색식 읽기
[2020-10-25 17:17:54,299] I EventLoop.py | Kiwoom-_condition_ver_slot-0115 I DEBUG    > HTS의 조건검색식 이름 가져오기 022^----------데이트레이딩 실전 팁 책----------;000^급등주 찾기-초단타;001^신고가;003^돌파+신고가 실시간 검색;004^급락주공략(주가등락률안맞음);005^이평선공략(하락추세);009^세력주이평선수렴;002^확률높은돌파매매;028^---------- 종목탐색기 활용 책 기초 ----------;026^종목탐색기 기초;014^----------종목탐색기 활용 책(단타)----------;012^저가대비4%+1분최고거래량(오전9시30분이전);013^1분캔들20이평선연속양봉돌파(오전9시30분이전);015^----------종목탐색기 활용 책(스윙)----------;016^맥점+슈팅검색기(매일종가부근);017^수렴돌파검색기;018^5연속양봉캔들검색기;019^2음봉+장악형 검색기;020^단기로켓 검색기(이미지나간거보는건데?);023^----------  매일분석코너  ----------;007^신고가종목필터(장기보유);006^수급맥점이되는특수캔들(장마감후);027^양음음+2봉전<0봉전;021^당일상한가친종목;024^담날상한가예측(내가한거);008^눌림목포착(오후동시호가);011^주봉지지선(오르는주식만산다)(항상조회);025^---------- 자동매매 ----------;010^긴아래꼬리양봉;029^매집봉;030^자동매매첫조건;
[2020-10-25 17:17:54,323] I EventLoop.py | Kiwoom-_condition_tr_slot-0136 I DEBUG    > 화면번호: 0156, 종목코드 리스트: 032830;092600;, 조건식 이름: 자동매매첫조건, 조건식 인덱스: 30, 연속조회: 0
[2020-10-25 17:17:54,324] I EventLoop.py | Kiwoom-_condition_tr_slot-0139 I DEBUG    > 코드 종목 
 ['032830', '092600']
[2020-10-25 17:18:04,132] I EventLoop.py | Kiwoom-_condition_ver_slot-0113 I DEBUG    > 호출 성공 여부 1, 호출결과 메시지 [OK] 사용자 조건검색식 읽기
[2020-10-25 17:18:04,175] I EventLoop.py | Kiwoom-_condition_ver_slot-0115 I DEBUG    > HTS의 조건검색식 이름 가져오기 022^----------데이트레이딩 실전 팁 책----------;000^급등주 찾기-초단타;001^신고가;003^돌파+신고가 실시간 검색;004^급락주공략(주가등락률안맞음);005^이평선공략(하락추세);009^세력주이평선수렴;002^확률높은돌파매매;028^---------- 종목탐색기 활용 책 기초 ----------;026^종목탐색기 기초;014^----------종목탐색기 활용 책(단타)----------;012^저가대비4%+1분최고거래량(오전9시30분이전);013^1분캔들20이평선연속양봉돌파(오전9시30분이전);015^----------종목탐색기 활용 책(스윙)----------;016^맥점+슈팅검색기(매일종가부근);017^수렴돌파검색기;018^5연속양봉캔들검색기;019^2음봉+장악형 검색기;020^단기로켓 검색기(이미지나간거보는건데?);023^----------  매일분석코너  ----------;007^신고가종목필터(장기보유);006^수급맥점이되는특수캔들(장마감후);027^양음음+2봉전<0봉전;021^당일상한가친종목;024^담날상한가예측(내가한거);008^눌림목포착(오후동시호가);011^주봉지지선(오르는주식만산다)(항상조회);025^---------- 자동매매 ----------;010^긴아래꼬리양봉;029^매집봉;030^자동매매첫조건;
[2020-10-25 17:18:14,083] I EventLoop.py | Kiwoom-_condition_ver_slot-0113 I DEBUG    > 호출 성공 여부 1, 호출결과 메시지 [OK] 사용자 조건검색식 읽기
[2020-10-25 17:18:14,115] I EventLoop.py | Kiwoom-_condition_ver_slot-0115 I DEBUG    > HTS의 조건검색식 이름 가져오기 022^----------데이트레이딩 실전 팁 책----------;000^급등주 찾기-초단타;001^신고가;003^돌파+신고가 실시간 검색;004^급락주공략(주가등락률안맞음);005^이평선공략(하락추세);009^세력주이평선수렴;002^확률높은돌파매매;028^---------- 종목탐색기 활용 책 기초 ----------;026^종목탐색기 기초;014^----------종목탐색기 활용 책(단타)----------;012^저가대비4%+1분최고거래량(오전9시30분이전);013^1분캔들20이평선연속양봉돌파(오전9시30분이전);015^----------종목탐색기 활용 책(스윙)----------;016^맥점+슈팅검색기(매일종가부근);017^수렴돌파검색기;018^5연속양봉캔들검색기;019^2음봉+장악형 검색기;020^단기로켓 검색기(이미지나간거보는건데?);023^----------  매일분석코너  ----------;007^신고가종목필터(장기보유);006^수급맥점이되는특수캔들(장마감후);027^양음음+2봉전<0봉전;021^당일상한가친종목;024^담날상한가예측(내가한거);008^눌림목포착(오후동시호가);011^주봉지지선(오르는주식만산다)(항상조회);025^---------- 자동매매 ----------;010^긴아래꼬리양봉;029^매집봉;030^자동매매첫조건;
[2020-10-25 17:21:12,470] I EventLoop.py | Kiwoom-_event_connect_slot-0105 I DEBUG    > 정상처리
[2020-10-25 17:21:12,759] I EventLoop.py | Kiwoom-_condition_ver_slot-0113 I DEBUG    > 호출 성공 여부 1, 호출결과 메시지 [OK] 사용자 조건검색식 읽기
[2020-10-25 17:21:12,788] I EventLoop.py | Kiwoom-_condition_ver_slot-0115 I DEBUG    > HTS의 조건검색식 이름 가져오기 022^----------데이트레이딩 실전 팁 책----------;000^급등주 찾기-초단타;001^신고가;003^돌파+신고가 실시간 검색;004^급락주공략(주가등락률안맞음);005^이평선공략(하락추세);009^세력주이평선수렴;002^확률높은돌파매매;028^---------- 종목탐색기 활용 책 기초 ----------;026^종목탐색기 기초;014^----------종목탐색기 활용 책(단타)----------;012^저가대비4%+1분최고거래량(오전9시30분이전);013^1분캔들20이평선연속양봉돌파(오전9시30분이전);015^----------종목탐색기 활용 책(스윙)----------;016^맥점+슈팅검색기(매일종가부근);017^수렴돌파검색기;018^5연속양봉캔들검색기;019^2음봉+장악형 검색기;020^단기로켓 검색기(이미지나간거보는건데?);023^----------  매일분석코너  ----------;007^신고가종목필터(장기보유);006^수급맥점이되는특수캔들(장마감후);027^양음음+2봉전<0봉전;021^당일상한가친종목;024^담날상한가예측(내가한거);008^눌림목포착(오후동시호가);011^주봉지지선(오르는주식만산다)(항상조회);025^---------- 자동매매 ----------;010^긴아래꼬리양봉;029^매집봉;030^자동매매첫조건;
[2020-10-25 17:21:12,811] I EventLoop.py | Kiwoom-_condition_tr_slot-0138 I DEBUG    > 화면번호: 0156, 종목코드 리스트: 032830;092600;, 조건식 이름: 자동매매첫조건, 조건식 인덱스: 30, 연속조회: 0
[2020-10-25 17:21:12,812] I EventLoop.py | Kiwoom-_condition_tr_slot-0141 I DEBUG    > 코드 종목 
 ['032830', '092600']
[2020-10-25 17:21:22,553] I EventLoop.py | Kiwoom-_condition_ver_slot-0113 I DEBUG    > 호출 성공 여부 1, 호출결과 메시지 [OK] 사용자 조건검색식 읽기
[2020-10-25 17:21:22,582] I EventLoop.py | Kiwoom-_condition_ver_slot-0115 I DEBUG    > HTS의 조건검색식 이름 가져오기 022^----------데이트레이딩 실전 팁 책----------;000^급등주 찾기-초단타;001^신고가;003^돌파+신고가 실시간 검색;004^급락주공략(주가등락률안맞음);005^이평선공략(하락추세);009^세력주이평선수렴;002^확률높은돌파매매;028^---------- 종목탐색기 활용 책 기초 ----------;026^종목탐색기 기초;014^----------종목탐색기 활용 책(단타)----------;012^저가대비4%+1분최고거래량(오전9시30분이전);013^1분캔들20이평선연속양봉돌파(오전9시30분이전);015^----------종목탐색기 활용 책(스윙)----------;016^맥점+슈팅검색기(매일종가부근);017^수렴돌파검색기;018^5연속양봉캔들검색기;019^2음봉+장악형 검색기;020^단기로켓 검색기(이미지나간거보는건데?);023^----------  매일분석코너  ----------;007^신고가종목필터(장기보유);006^수급맥점이되는특수캔들(장마감후);027^양음음+2봉전<0봉전;021^당일상한가친종목;024^담날상한가예측(내가한거);008^눌림목포착(오후동시호가);011^주봉지지선(오르는주식만산다)(항상조회);025^---------- 자동매매 ----------;010^긴아래꼬리양봉;029^매집봉;030^자동매매첫조건;
[2020-10-25 18:12:54,294] I EventLoop.py | Kiwoom-_event_connect_slot-0105 I DEBUG    > 정상처리
[2020-10-25 18:14:12,966] I EventLoop.py | Kiwoom-_event_connect_slot-0105 I DEBUG    > 정상처리
[2020-10-25 18:15:17,957] I EventLoop.py | Kiwoom-_event_connect_slot-0105 I DEBUG    > 정상처리
[2020-10-25 18:17:13,466] I EventLoop.py | Kiwoom-_event_connect_slot-0105 I DEBUG    > 정상처리
[2020-10-25 18:18:57,314] I EventLoop.py | Kiwoom-_event_connect_slot-0105 I DEBUG    > 정상처리
[2020-10-25 18:19:54,139] I EventLoop.py | Kiwoom-_event_connect_slot-0105 I DEBUG    > 정상처리
[2020-10-25 18:21:09,109] I EventLoop.py | Kiwoom-_event_connect_slot-0105 I DEBUG    > 정상처리
[2020-10-25 23:29:03,224] I EventLoop.py | Kiwoom-_event_connect_slot-0103 I DEBUG    > 정상처리
[2020-10-25 23:30:12,016] I EventLoop.py | Kiwoom-_event_connect_slot-0103 I DEBUG    > 정상처리
[2020-10-25 23:34:31,280] I EventLoop.py | Kiwoom-_event_connect_slot-0103 I DEBUG    > 정상처리
[2020-10-25 23:34:31,560] I EventLoop.py | Kiwoom-_condition_ver_slot-0111 I DEBUG    > 호출 성공 여부 1, 호출결과 메시지 [OK] 사용자 조건검색식 읽기
[2020-10-25 23:34:31,589] I EventLoop.py | Kiwoom-_condition_ver_slot-0113 I DEBUG    > HTS의 조건검색식 이름 가져오기 022^----------데이트레이딩 실전 팁 책----------;000^급등주 찾기-초단타;001^신고가;003^돌파+신고가 실시간 검색;004^급락주공략(주가등락률안맞음);005^이평선공략(하락추세);009^세력주이평선수렴;002^확률높은돌파매매;028^---------- 종목탐색기 활용 책 기초 ----------;026^종목탐색기 기초;014^----------종목탐색기 활용 책(단타)----------;012^저가대비4%+1분최고거래량(오전9시30분이전);013^1분캔들20이평선연속양봉돌파(오전9시30분이전);015^----------종목탐색기 활용 책(스윙)----------;016^맥점+슈팅검색기(매일종가부근);017^수렴돌파검색기;018^5연속양봉캔들검색기;019^2음봉+장악형 검색기;020^단기로켓 검색기(이미지나간거보는건데?);023^----------  매일분석코너  ----------;007^신고가종목필터(장기보유);006^수급맥점이되는특수캔들(장마감후);027^양음음+2봉전<0봉전;021^당일상한가친종목;024^담날상한가예측(내가한거);008^눌림목포착(오후동시호가);011^주봉지지선(오르는주식만산다)(항상조회);025^---------- 자동매매 ----------;010^긴아래꼬리양봉;029^매집봉;030^자동매매첫조건;
[2020-10-25 23:34:31,634] I EventLoop.py | Kiwoom-_condition_tr_slot-0134 I DEBUG    > 화면번호: 0156, 종목코드 리스트: 003410;003690;005390;005930;030960;035890;069110;105630;105840;290510;, 조건식 이름: 자동매매첫조건, 조건식 인덱스: 30, 연속조회: 0
[2020-10-25 23:34:31,635] I EventLoop.py | Kiwoom-_condition_tr_slot-0137 I DEBUG    > 코드 종목 
 ['003410', '003690', '005390', '005930', '030960', '035890', '069110', '105630', '105840', '290510']
[2020-10-25 23:34:55,915] I EventLoop.py | Kiwoom-_event_connect_slot-0103 I DEBUG    > 정상처리
[2020-10-25 23:34:56,432] I EventLoop.py | Kiwoom-_condition_ver_slot-0111 I DEBUG    > 호출 성공 여부 1, 호출결과 메시지 [OK] 사용자 조건검색식 읽기
[2020-10-25 23:34:56,466] I EventLoop.py | Kiwoom-_condition_ver_slot-0113 I DEBUG    > HTS의 조건검색식 이름 가져오기 022^----------데이트레이딩 실전 팁 책----------;000^급등주 찾기-초단타;001^신고가;003^돌파+신고가 실시간 검색;004^급락주공략(주가등락률안맞음);005^이평선공략(하락추세);009^세력주이평선수렴;002^확률높은돌파매매;028^---------- 종목탐색기 활용 책 기초 ----------;026^종목탐색기 기초;014^----------종목탐색기 활용 책(단타)----------;012^저가대비4%+1분최고거래량(오전9시30분이전);013^1분캔들20이평선연속양봉돌파(오전9시30분이전);015^----------종목탐색기 활용 책(스윙)----------;016^맥점+슈팅검색기(매일종가부근);017^수렴돌파검색기;018^5연속양봉캔들검색기;019^2음봉+장악형 검색기;020^단기로켓 검색기(이미지나간거보는건데?);023^----------  매일분석코너  ----------;007^신고가종목필터(장기보유);006^수급맥점이되는특수캔들(장마감후);027^양음음+2봉전<0봉전;021^당일상한가친종목;024^담날상한가예측(내가한거);008^눌림목포착(오후동시호가);011^주봉지지선(오르는주식만산다)(항상조회);025^---------- 자동매매 ----------;010^긴아래꼬리양봉;029^매집봉;030^자동매매첫조건;
[2020-10-25 23:34:56,490] I EventLoop.py | Kiwoom-_condition_tr_slot-0134 I DEBUG    > 화면번호: 0156, 종목코드 리스트: 003410;003690;005390;005930;030960;035890;069110;105630;105840;290510;, 조건식 이름: 자동매매첫조건, 조건식 인덱스: 30, 연속조회: 0
[2020-10-25 23:34:56,490] I EventLoop.py | Kiwoom-_condition_tr_slot-0137 I DEBUG    > 코드 종목 
 ['003410', '003690', '005390', '005930', '030960', '035890', '069110', '105630', '105840', '290510']
[2020-10-25 23:38:33,375] I EventLoop.py | Kiwoom-_event_connect_slot-0103 I DEBUG    > 정상처리
[2020-10-25 23:41:01,880] I EventLoop.py | Kiwoom-_event_connect_slot-0103 I DEBUG    > 정상처리
[2020-10-25 23:41:39,648] I EventLoop.py | Kiwoom-_event_connect_slot-0103 I DEBUG    > 정상처리
[2020-10-25 23:45:54,596] I EventLoop.py | Kiwoom-_event_connect_slot-0103 I DEBUG    > 정상처리
[2020-10-25 23:46:24,495] I EventLoop.py | Kiwoom-_event_connect_slot-0103 I DEBUG    > 정상처리
[2020-10-25 23:49:46,421] I EventLoop.py | Kiwoom-_event_connect_slot-0103 I DEBUG    > 정상처리
[2020-10-25 23:50:32,332] I EventLoop.py | Kiwoom-_event_connect_slot-0103 I DEBUG    > 정상처리
[2020-10-25 23:50:57,514] I EventLoop.py | Kiwoom-_event_connect_slot-0103 I DEBUG    > 정상처리
[2020-10-25 23:53:21,000] I EventLoop.py | Kiwoom-_event_connect_slot-0103 I DEBUG    > 정상처리
[2020-10-25 23:54:44,185] I EventLoop.py | Kiwoom-_event_connect_slot-0103 I DEBUG    > 정상처리
[2020-10-25 23:54:49,463] I EventLoop.py | Kiwoom-_condition_ver_slot-0111 I DEBUG    > 호출 성공 여부 1, 호출결과 메시지 [OK] 사용자 조건검색식 읽기
[2020-10-25 23:54:49,493] I EventLoop.py | Kiwoom-_condition_ver_slot-0113 I DEBUG    > HTS의 조건검색식 이름 가져오기 022^----------데이트레이딩 실전 팁 책----------;000^급등주 찾기-초단타;001^신고가;003^돌파+신고가 실시간 검색;004^급락주공략(주가등락률안맞음);005^이평선공략(하락추세);009^세력주이평선수렴;002^확률높은돌파매매;028^---------- 종목탐색기 활용 책 기초 ----------;026^종목탐색기 기초;014^----------종목탐색기 활용 책(단타)----------;012^저가대비4%+1분최고거래량(오전9시30분이전);013^1분캔들20이평선연속양봉돌파(오전9시30분이전);015^----------종목탐색기 활용 책(스윙)----------;016^맥점+슈팅검색기(매일종가부근);017^수렴돌파검색기;018^5연속양봉캔들검색기;019^2음봉+장악형 검색기;020^단기로켓 검색기(이미지나간거보는건데?);023^----------  매일분석코너  ----------;007^신고가종목필터(장기보유);006^수급맥점이되는특수캔들(장마감후);027^양음음+2봉전<0봉전;021^당일상한가친종목;024^담날상한가예측(내가한거);008^눌림목포착(오후동시호가);011^주봉지지선(오르는주식만산다)(항상조회);025^---------- 자동매매 ----------;010^긴아래꼬리양봉;029^매집봉;030^자동매매첫조건;
[2020-10-25 23:54:49,517] I EventLoop.py | Kiwoom-_condition_tr_slot-0134 I DEBUG    > 화면번호: 0156, 종목코드 리스트: 003410;003690;005390;005930;030960;035890;069110;105630;105840;290510;, 조건식 이름: 자동매매첫조건, 조건식 인덱스: 30, 연속조회: 0
[2020-10-25 23:54:49,517] I EventLoop.py | Kiwoom-_condition_tr_slot-0137 I DEBUG    > 코드 종목 
 ['003410', '003690', '005390', '005930', '030960', '035890', '069110', '105630', '105840', '290510']
[2020-10-25 23:56:33,055] I EventLoop.py | Kiwoom-_event_connect_slot-0103 I DEBUG    > 정상처리
[2020-10-25 23:56:38,529] I EventLoop.py | Kiwoom-_condition_ver_slot-0111 I DEBUG    > 호출 성공 여부 1, 호출결과 메시지 [OK] 사용자 조건검색식 읽기
[2020-10-25 23:56:38,567] I EventLoop.py | Kiwoom-_condition_ver_slot-0113 I DEBUG    > HTS의 조건검색식 이름 가져오기 022^----------데이트레이딩 실전 팁 책----------;000^급등주 찾기-초단타;001^신고가;003^돌파+신고가 실시간 검색;004^급락주공략(주가등락률안맞음);005^이평선공략(하락추세);009^세력주이평선수렴;002^확률높은돌파매매;028^---------- 종목탐색기 활용 책 기초 ----------;026^종목탐색기 기초;014^----------종목탐색기 활용 책(단타)----------;012^저가대비4%+1분최고거래량(오전9시30분이전);013^1분캔들20이평선연속양봉돌파(오전9시30분이전);015^----------종목탐색기 활용 책(스윙)----------;016^맥점+슈팅검색기(매일종가부근);017^수렴돌파검색기;018^5연속양봉캔들검색기;019^2음봉+장악형 검색기;020^단기로켓 검색기(이미지나간거보는건데?);023^----------  매일분석코너  ----------;007^신고가종목필터(장기보유);006^수급맥점이되는특수캔들(장마감후);027^양음음+2봉전<0봉전;021^당일상한가친종목;024^담날상한가예측(내가한거);008^눌림목포착(오후동시호가);011^주봉지지선(오르는주식만산다)(항상조회);025^---------- 자동매매 ----------;010^긴아래꼬리양봉;029^매집봉;030^자동매매첫조건;
[2020-10-25 23:56:38,592] I EventLoop.py | Kiwoom-_condition_tr_slot-0134 I DEBUG    > 화면번호: 0156, 종목코드 리스트: 003410;003690;005390;005930;030960;035890;069110;105630;105840;290510;, 조건식 이름: 자동매매첫조건, 조건식 인덱스: 30, 연속조회: 0
[2020-10-25 23:56:38,592] I EventLoop.py | Kiwoom-_condition_tr_slot-0137 I DEBUG    > 코드 종목 
 ['003410', '003690', '005390', '005930', '030960', '035890', '069110', '105630', '105840', '290510']
[2020-10-25 23:57:13,684] I EventLoop.py | Kiwoom-_event_connect_slot-0103 I DEBUG    > 정상처리
[2020-10-25 23:57:18,972] I EventLoop.py | Kiwoom-_condition_ver_slot-0111 I DEBUG    > 호출 성공 여부 1, 호출결과 메시지 [OK] 사용자 조건검색식 읽기
[2020-10-25 23:57:18,999] I EventLoop.py | Kiwoom-_condition_ver_slot-0113 I DEBUG    > HTS의 조건검색식 이름 가져오기 022^----------데이트레이딩 실전 팁 책----------;000^급등주 찾기-초단타;001^신고가;003^돌파+신고가 실시간 검색;004^급락주공략(주가등락률안맞음);005^이평선공략(하락추세);009^세력주이평선수렴;002^확률높은돌파매매;028^---------- 종목탐색기 활용 책 기초 ----------;026^종목탐색기 기초;014^----------종목탐색기 활용 책(단타)----------;012^저가대비4%+1분최고거래량(오전9시30분이전);013^1분캔들20이평선연속양봉돌파(오전9시30분이전);015^----------종목탐색기 활용 책(스윙)----------;016^맥점+슈팅검색기(매일종가부근);017^수렴돌파검색기;018^5연속양봉캔들검색기;019^2음봉+장악형 검색기;020^단기로켓 검색기(이미지나간거보는건데?);023^----------  매일분석코너  ----------;007^신고가종목필터(장기보유);006^수급맥점이되는특수캔들(장마감후);027^양음음+2봉전<0봉전;021^당일상한가친종목;024^담날상한가예측(내가한거);008^눌림목포착(오후동시호가);011^주봉지지선(오르는주식만산다)(항상조회);025^---------- 자동매매 ----------;010^긴아래꼬리양봉;029^매집봉;030^자동매매첫조건;
[2020-10-25 23:57:19,023] I EventLoop.py | Kiwoom-_condition_tr_slot-0134 I DEBUG    > 화면번호: 0156, 종목코드 리스트: 003410;003690;005390;005930;030960;035890;069110;105630;105840;290510;, 조건식 이름: 자동매매첫조건, 조건식 인덱스: 30, 연속조회: 0
[2020-10-25 23:57:19,023] I EventLoop.py | Kiwoom-_condition_tr_slot-0137 I DEBUG    > 코드 종목 
 ['003410', '003690', '005390', '005930', '030960', '035890', '069110', '105630', '105840', '290510']
[2020-10-25 23:58:38,362] I EventLoop.py | Kiwoom-_event_connect_slot-0103 I DEBUG    > 정상처리
[2020-10-25 23:58:43,742] I EventLoop.py | Kiwoom-_condition_ver_slot-0111 I DEBUG    > 호출 성공 여부 1, 호출결과 메시지 [OK] 사용자 조건검색식 읽기
[2020-10-25 23:58:43,796] I EventLoop.py | Kiwoom-_condition_ver_slot-0113 I DEBUG    > HTS의 조건검색식 이름 가져오기 022^----------데이트레이딩 실전 팁 책----------;000^급등주 찾기-초단타;001^신고가;003^돌파+신고가 실시간 검색;004^급락주공략(주가등락률안맞음);005^이평선공략(하락추세);009^세력주이평선수렴;002^확률높은돌파매매;028^---------- 종목탐색기 활용 책 기초 ----------;026^종목탐색기 기초;014^----------종목탐색기 활용 책(단타)----------;012^저가대비4%+1분최고거래량(오전9시30분이전);013^1분캔들20이평선연속양봉돌파(오전9시30분이전);015^----------종목탐색기 활용 책(스윙)----------;016^맥점+슈팅검색기(매일종가부근);017^수렴돌파검색기;018^5연속양봉캔들검색기;019^2음봉+장악형 검색기;020^단기로켓 검색기(이미지나간거보는건데?);023^----------  매일분석코너  ----------;007^신고가종목필터(장기보유);006^수급맥점이되는특수캔들(장마감후);027^양음음+2봉전<0봉전;021^당일상한가친종목;024^담날상한가예측(내가한거);008^눌림목포착(오후동시호가);011^주봉지지선(오르는주식만산다)(항상조회);025^---------- 자동매매 ----------;010^긴아래꼬리양봉;029^매집봉;030^자동매매첫조건;
[2020-10-25 23:58:43,819] I EventLoop.py | Kiwoom-_condition_tr_slot-0134 I DEBUG    > 화면번호: 0156, 종목코드 리스트: 003410;003690;005390;005930;030960;035890;069110;105630;105840;290510;, 조건식 이름: 자동매매첫조건, 조건식 인덱스: 30, 연속조회: 0
[2020-10-25 23:58:43,820] I EventLoop.py | Kiwoom-_condition_tr_slot-0137 I DEBUG    > 코드 종목 
 ['003410', '003690', '005390', '005930', '030960', '035890', '069110', '105630', '105840', '290510']
