[2020-09-28 11:40:31,302] I EventLoop.py | Kiwoom-_event_connect_slot-0047 I DEBUG    > 정상처리
[2020-09-28 11:40:31,303] I Signal.py | Kiwoom-call_set_real_reg-0084 I DEBUG    > screenNo : 1000
[2020-09-28 11:40:31,303] I Signal.py | Kiwoom-call_set_real_reg-0085 I DEBUG    > codelist : 003800
[2020-09-28 11:40:31,303] I Signal.py | Kiwoom-call_set_real_reg-0086 I DEBUG    > fidlist : 128
[2020-09-28 11:40:31,303] I Signal.py | Kiwoom-call_set_real_reg-0087 I DEBUG    > optType : 0
[2020-09-28 11:43:59,236] I RealEventLoop.py | Kiwoom-_receive_real_data_slot-0033 I DEBUG    > sRealType : 주식호가잔량
[2020-09-28 11:47:18,422] I EventLoop.py | Kiwoom-_event_connect_slot-0047 I DEBUG    > 정상처리
[2020-09-28 11:47:18,423] I Signal.py | Kiwoom-call_set_real_reg-0084 I DEBUG    > screenNo : 1000
[2020-09-28 11:47:18,424] I Signal.py | Kiwoom-call_set_real_reg-0085 I DEBUG    > codelist : 031820
[2020-09-28 11:47:18,424] I Signal.py | Kiwoom-call_set_real_reg-0086 I DEBUG    > fidlist : 128
[2020-09-28 11:47:18,424] I Signal.py | Kiwoom-call_set_real_reg-0087 I DEBUG    > optType : 0
[2020-09-28 11:47:18,745] I RealEventLoop.py | Kiwoom-_receive_real_data_slot-0033 I DEBUG    > sRealType : 주식호가잔량
[2020-09-28 11:47:19,148] I RealEventLoop.py | Kiwoom-_receive_real_data_slot-0033 I DEBUG    > sRealType : 주식호가잔량
[2020-09-28 11:47:19,545] I RealEventLoop.py | Kiwoom-_receive_real_data_slot-0033 I DEBUG    > sRealType : 주식호가잔량
[2020-09-28 11:47:19,944] I RealEventLoop.py | Kiwoom-_receive_real_data_slot-0033 I DEBUG    > sRealType : 주식호가잔량
[2020-09-28 11:47:20,148] I RealEventLoop.py | Kiwoom-_receive_real_data_slot-0033 I DEBUG    > sRealType : 주식호가잔량
[2020-09-28 11:47:20,342] I RealEventLoop.py | Kiwoom-_receive_real_data_slot-0033 I DEBUG    > sRealType : 주식호가잔량
[2020-09-28 11:47:20,549] I RealEventLoop.py | Kiwoom-_receive_real_data_slot-0033 I DEBUG    > sRealType : 주식호가잔량
[2020-09-28 11:47:20,742] I RealEventLoop.py | Kiwoom-_receive_real_data_slot-0033 I DEBUG    > sRealType : 주식호가잔량
[2020-09-28 11:47:20,944] I RealEventLoop.py | Kiwoom-_receive_real_data_slot-0033 I DEBUG    > sRealType : 주식호가잔량
[2020-09-28 11:47:21,145] I RealEventLoop.py | Kiwoom-_receive_real_data_slot-0033 I DEBUG    > sRealType : 주식호가잔량
[2020-09-28 11:47:21,349] I RealEventLoop.py | Kiwoom-_receive_real_data_slot-0033 I DEBUG    > sRealType : 주식호가잔량
[2020-09-28 11:47:21,446] I RealEventLoop.py | Kiwoom-_receive_real_data_slot-0033 I DEBUG    > sRealType : 주식호가잔량
[2020-09-28 11:47:21,745] I RealEventLoop.py | Kiwoom-_receive_real_data_slot-0033 I DEBUG    > sRealType : 주식호가잔량
[2020-09-28 11:47:22,143] I RealEventLoop.py | Kiwoom-_receive_real_data_slot-0033 I DEBUG    > sRealType : 주식호가잔량
[2020-09-28 11:47:22,546] I RealEventLoop.py | Kiwoom-_receive_real_data_slot-0033 I DEBUG    > sRealType : 주식호가잔량
[2020-09-28 11:47:22,750] I RealEventLoop.py | Kiwoom-_receive_real_data_slot-0033 I DEBUG    > sRealType : 주식호가잔량
[2020-09-28 11:47:22,942] I RealEventLoop.py | Kiwoom-_receive_real_data_slot-0033 I DEBUG    > sRealType : 주식호가잔량
[2020-09-28 11:47:23,148] I RealEventLoop.py | Kiwoom-_receive_real_data_slot-0033 I DEBUG    > sRealType : 주식호가잔량
[2020-09-28 11:47:23,345] I RealEventLoop.py | Kiwoom-_receive_real_data_slot-0033 I DEBUG    > sRealType : 주식호가잔량
[2020-09-28 11:47:23,543] I RealEventLoop.py | Kiwoom-_receive_real_data_slot-0033 I DEBUG    > sRealType : 주식호가잔량
[2020-09-28 11:47:23,740] I RealEventLoop.py | Kiwoom-_receive_real_data_slot-0033 I DEBUG    > sRealType : 주식호가잔량
[2020-09-28 11:47:23,949] I RealEventLoop.py | Kiwoom-_receive_real_data_slot-0033 I DEBUG    > sRealType : 주식호가잔량
[2020-09-28 11:47:24,146] I RealEventLoop.py | Kiwoom-_receive_real_data_slot-0033 I DEBUG    > sRealType : 주식호가잔량
[2020-09-28 11:47:24,352] I RealEventLoop.py | Kiwoom-_receive_real_data_slot-0033 I DEBUG    > sRealType : 주식호가잔량
[2020-09-28 11:47:24,548] I RealEventLoop.py | Kiwoom-_receive_real_data_slot-0033 I DEBUG    > sRealType : 주식호가잔량
[2020-09-28 11:47:24,754] I RealEventLoop.py | Kiwoom-_receive_real_data_slot-0033 I DEBUG    > sRealType : 주식호가잔량
[2020-09-28 11:47:25,149] I RealEventLoop.py | Kiwoom-_receive_real_data_slot-0033 I DEBUG    > sRealType : 주식호가잔량
[2020-09-28 11:47:25,341] I RealEventLoop.py | Kiwoom-_receive_real_data_slot-0033 I DEBUG    > sRealType : 주식호가잔량
[2020-09-28 11:47:25,546] I RealEventLoop.py | Kiwoom-_receive_real_data_slot-0033 I DEBUG    > sRealType : 주식호가잔량
[2020-09-28 11:47:25,748] I RealEventLoop.py | Kiwoom-_receive_real_data_slot-0033 I DEBUG    > sRealType : 주식호가잔량
[2020-09-28 11:47:25,942] I RealEventLoop.py | Kiwoom-_receive_real_data_slot-0033 I DEBUG    > sRealType : 주식호가잔량
[2020-09-28 11:47:26,145] I RealEventLoop.py | Kiwoom-_receive_real_data_slot-0033 I DEBUG    > sRealType : 주식호가잔량
[2020-09-28 11:47:26,551] I RealEventLoop.py | Kiwoom-_receive_real_data_slot-0033 I DEBUG    > sRealType : 주식호가잔량
[2020-09-28 11:47:26,945] I RealEventLoop.py | Kiwoom-_receive_real_data_slot-0033 I DEBUG    > sRealType : 주식호가잔량
[2020-09-28 11:47:27,148] I RealEventLoop.py | Kiwoom-_receive_real_data_slot-0033 I DEBUG    > sRealType : 주식호가잔량
[2020-09-28 11:47:27,351] I RealEventLoop.py | Kiwoom-_receive_real_data_slot-0033 I DEBUG    > sRealType : 주식호가잔량
[2020-09-28 11:47:27,544] I RealEventLoop.py | Kiwoom-_receive_real_data_slot-0033 I DEBUG    > sRealType : 주식호가잔량
[2020-09-28 11:47:27,748] I RealEventLoop.py | Kiwoom-_receive_real_data_slot-0033 I DEBUG    > sRealType : 주식호가잔량
[2020-09-28 11:47:43,027] I EventLoop.py | Kiwoom-_event_connect_slot-0047 I DEBUG    > 정상처리
[2020-09-28 11:47:43,027] I Signal.py | Kiwoom-call_set_real_reg-0084 I DEBUG    > screenNo : 1000
[2020-09-28 11:47:43,027] I Signal.py | Kiwoom-call_set_real_reg-0085 I DEBUG    > codelist :  
[2020-09-28 11:47:43,027] I Signal.py | Kiwoom-call_set_real_reg-0086 I DEBUG    > fidlist : 215
[2020-09-28 11:47:43,027] I Signal.py | Kiwoom-call_set_real_reg-0087 I DEBUG    > optType : 0
[2020-09-28 12:21:08,762] I EventLoop.py | Kiwoom-_event_connect_slot-0047 I DEBUG    > 정상처리
[2020-09-28 12:23:24,121] I EventLoop.py | Kiwoom-_event_connect_slot-0047 I DEBUG    > 정상처리
[2020-09-28 12:25:03,076] I EventLoop.py | Kiwoom-_event_connect_slot-0047 I DEBUG    > 정상처리
[2020-09-28 12:27:06,606] I EventLoop.py | Kiwoom-_event_connect_slot-0047 I DEBUG    > 정상처리
[2020-09-28 12:33:57,047] I EventLoop.py | Kiwoom-_event_connect_slot-0047 I DEBUG    > 정상처리
[2020-09-28 12:35:43,175] I EventLoop.py | Kiwoom-_event_connect_slot-0047 I DEBUG    > 정상처리
[2020-09-28 12:39:20,766] I EventLoop.py | Kiwoom-_event_connect_slot-0047 I DEBUG    > 정상처리
[2020-09-28 12:41:17,311] I EventLoop.py | Kiwoom-_event_connect_slot-0047 I DEBUG    > 정상처리
[2020-09-28 12:43:22,251] I RealEventLoop.py | Kiwoom-_receive_real_data_slot-0033 I DEBUG    > sRealType : 주식체결
[2020-09-28 12:43:26,051] I RealEventLoop.py | Kiwoom-_receive_real_data_slot-0033 I DEBUG    > sRealType : 주식체결
[2020-09-28 12:43:30,749] I RealEventLoop.py | Kiwoom-_receive_real_data_slot-0033 I DEBUG    > sRealType : 주식체결
[2020-09-28 12:51:20,314] I EventLoop.py | Kiwoom-_event_connect_slot-0047 I DEBUG    > 정상처리
[2020-09-28 12:51:55,340] I EventLoop.py | Kiwoom-_event_connect_slot-0047 I DEBUG    > 정상처리
[2020-09-28 12:55:37,206] I EventLoop.py | Kiwoom-_event_connect_slot-0047 I DEBUG    > 정상처리
[2020-09-28 12:57:00,433] I EventLoop.py | Kiwoom-_event_connect_slot-0047 I DEBUG    > 정상처리
[2020-09-28 12:58:32,364] I EventLoop.py | Kiwoom-_event_connect_slot-0047 I DEBUG    > 정상처리
[2020-09-28 13:16:13,590] I EventLoop.py | Kiwoom-_event_connect_slot-0047 I DEBUG    > 정상처리
[2020-09-28 13:19:47,540] I EventLoop.py | Kiwoom-_event_connect_slot-0047 I DEBUG    > 정상처리
[2020-09-28 13:20:27,156] I EventLoop.py | Kiwoom-_event_connect_slot-0047 I DEBUG    > 정상처리
[2020-09-28 13:46:58,683] I EventLoop.py | Kiwoom-_event_connect_slot-0047 I DEBUG    > 정상처리
[2020-09-28 13:48:44,251] I EventLoop.py | Kiwoom-_event_connect_slot-0047 I DEBUG    > 정상처리
[2020-09-28 13:50:50,386] I EventLoop.py | Kiwoom-_event_connect_slot-0047 I DEBUG    > 정상처리
[2020-09-28 13:53:17,195] I EventLoop.py | Kiwoom-_event_connect_slot-0047 I DEBUG    > 정상처리
[2020-09-28 14:04:54,691] I EventLoop.py | Kiwoom-_event_connect_slot-0047 I DEBUG    > 정상처리
[2020-09-28 14:05:11,851] I EventLoop.py | Kiwoom-_event_connect_slot-0047 I DEBUG    > 정상처리
[2020-09-28 14:54:17,125] I EventLoop.py | Kiwoom-_event_connect_slot-0047 I DEBUG    > 정상처리
[2020-09-28 14:54:47,756] I EventLoop.py | Kiwoom-_event_connect_slot-0047 I DEBUG    > 정상처리
[2020-09-28 14:58:18,205] I EventLoop.py | Kiwoom-_event_connect_slot-0047 I DEBUG    > 정상처리
[2020-09-28 14:59:33,136] I EventLoop.py | Kiwoom-_event_connect_slot-0047 I DEBUG    > 정상처리
[2020-09-28 15:05:24,411] I EventLoop.py | Kiwoom-_event_connect_slot-0047 I DEBUG    > 정상처리
[2020-09-28 15:06:57,021] I EventLoop.py | Kiwoom-_event_connect_slot-0047 I DEBUG    > 정상처리
[2020-09-28 15:09:08,773] I EventLoop.py | Kiwoom-_event_connect_slot-0047 I DEBUG    > 정상처리
[2020-09-28 15:09:33,355] I EventLoop.py | Kiwoom-_event_connect_slot-0047 I DEBUG    > 정상처리
[2020-09-28 15:16:00,558] I EventLoop.py | Kiwoom-_event_connect_slot-0047 I DEBUG    > 정상처리
[2020-09-28 15:18:08,708] I EventLoop.py | Kiwoom-_event_connect_slot-0047 I DEBUG    > 정상처리
[2020-09-28 17:26:39,450] I EventLoop.py | Kiwoom-_event_connect_slot-0047 I DEBUG    > 정상처리
[2020-09-28 17:42:39,037] I EventLoop.py | Kiwoom-_event_connect_slot-0048 I DEBUG    > 사용자정보교환실패
[2020-09-28 17:42:39,066] I EventLoop.py | Kiwoom-_event_connect_slot-0048 I DEBUG    > 통신연결종료
[2020-09-28 17:42:39,123] I EventLoop.py | Kiwoom-_event_connect_slot-0048 I DEBUG    > 통신연결종료
[2020-09-28 17:43:19,080] I EventLoop.py | Kiwoom-_event_connect_slot-0048 I DEBUG    > 정상처리
[2020-09-28 17:46:30,488] I EventLoop.py | Kiwoom-_event_connect_slot-0048 I DEBUG    > 사용자정보교환실패
[2020-09-28 17:46:30,515] I EventLoop.py | Kiwoom-_event_connect_slot-0048 I DEBUG    > 통신연결종료
[2020-09-28 17:46:30,535] I EventLoop.py | Kiwoom-_event_connect_slot-0048 I DEBUG    > 통신연결종료
[2020-09-28 18:27:37,518] I EventLoop.py | Kiwoom-_event_connect_slot-0048 I DEBUG    > 정상처리
[2020-09-28 18:34:23,817] I EventLoop.py | Kiwoom-_event_connect_slot-0048 I DEBUG    > 정상처리
[2020-09-28 18:35:00,101] I EventLoop.py | Kiwoom-_event_connect_slot-0048 I DEBUG    > 정상처리
[2020-09-28 18:39:47,973] I EventLoop.py | Kiwoom-_event_connect_slot-0048 I DEBUG    > 정상처리
[2020-09-28 18:43:43,143] I EventLoop.py | Kiwoom-_event_connect_slot-0048 I DEBUG    > 정상처리
[2020-09-28 18:46:33,354] I EventLoop.py | Kiwoom-_event_connect_slot-0048 I DEBUG    > 정상처리
[2020-09-28 18:54:08,692] I EventLoop.py | Kiwoom-_event_connect_slot-0048 I DEBUG    > 정상처리
[2020-09-28 18:57:54,500] I EventLoop.py | Kiwoom-_event_connect_slot-0048 I DEBUG    > 정상처리
[2020-09-28 18:58:18,784] I EventLoop.py | Kiwoom-_event_connect_slot-0048 I DEBUG    > 정상처리
[2020-09-28 19:08:03,854] I EventLoop.py | Kiwoom-_event_connect_slot-0048 I DEBUG    > 정상처리
[2020-09-28 19:13:38,052] I EventLoop.py | Kiwoom-_event_connect_slot-0051 I DEBUG    > 정상처리
[2020-09-28 19:20:57,403] I EventLoop.py | Kiwoom-_event_connect_slot-0053 I DEBUG    > 정상처리
[2020-09-28 19:24:06,186] I EventLoop.py | Kiwoom-_event_connect_slot-0053 I DEBUG    > 정상처리
[2020-09-28 21:32:45,139] I EventLoop.py | Kiwoom-_event_connect_slot-0053 I DEBUG    > 정상처리
