[2020-11-11 20:56:44,497] I EventLoop.py | Kiwoom-_event_connect_slot-0104 I DEBUG    > 정상처리
[2020-11-11 20:56:45,371] I EventLoop.py | Kiwoom-_condition_tr_slot-0138 I DEBUG    > 코드 종목 
 ['000490', '001500', '002290', '002900', '003310', '003470', '003480', '003530', '004980', '006980', '007860', '014130', '014190', '014440', '023410', '027710', '030210', '030610', '032080', '035200', '038340', '039340', '041650', '042110', '048430', '053280', '053590', '053700', '054670', '067990', '069460', '078020', '085370', '086060', '089790', '091120', '103230', '104540', '126700', '136490', '159580', '207760', '208640', '307930', '317330']
[2020-11-11 21:04:51,421] I EventLoop.py | Kiwoom-_event_connect_slot-0104 I DEBUG    > 정상처리
[2020-11-11 21:04:52,231] I EventLoop.py | Kiwoom-_condition_tr_slot-0138 I DEBUG    > 코드 종목 
 ['000490', '001500', '002290', '002900', '003310', '003470', '003480', '003530', '004980', '006980', '007860', '014130', '014190', '014440', '023410', '027710', '030210', '030610', '032080', '035200', '038340', '039340', '041650', '042110', '048430', '053280', '053590', '053700', '054670', '067990', '069460', '078020', '085370', '086060', '089790', '091120', '103230', '104540', '126700', '136490', '159580', '207760', '208640', '307930', '317330']
[2020-11-11 21:04:52,231] I EventLoop.py | Kiwoom-_condition_tr_slot-0139 I DEBUG    > 코드 개수 
 45
[2020-11-11 22:40:53,424] I EventLoop.py | Kiwoom-_event_connect_slot-0104 I DEBUG    > 정상처리
[2020-11-11 22:40:54,285] I EventLoop.py | Kiwoom-_condition_tr_slot-0138 I DEBUG    > 코드 종목 
 ['000490', '001500', '002290', '002900', '003310', '003470', '003480', '003530', '004980', '006980', '007860', '014130', '014190', '014440', '023410', '027710', '030210', '030610', '032080', '035200', '038340', '039340', '041650', '042110', '048430', '053280', '053590', '053700', '054670', '067990', '069460', '078020', '085370', '086060', '089790', '091120', '103230', '104540', '126700', '136490', '159580', '207760', '208640', '307930', '317330']
[2020-11-11 22:40:54,285] I EventLoop.py | Kiwoom-_condition_tr_slot-0139 I DEBUG    > 코드 개수 
 45
[2020-11-11 22:44:23,319] I EventLoop.py | Kiwoom-_event_connect_slot-0104 I DEBUG    > 정상처리
[2020-11-11 22:44:24,426] I EventLoop.py | Kiwoom-_condition_tr_slot-0138 I DEBUG    > 코드 종목 
 ['000490', '001500', '002290', '002900', '003310', '003470', '003480', '003530', '004980', '006980', '007860', '014130', '014190', '014440', '023410', '027710', '030210', '030610', '032080', '035200', '038340', '039340', '041650', '042110', '048430', '053280', '053590', '053700', '054670', '067990', '069460', '078020', '085370', '086060', '089790', '091120', '103230', '104540', '126700', '136490', '159580', '207760', '208640', '307930', '317330']
[2020-11-11 22:45:06,550] I EventLoop.py | Kiwoom-_event_connect_slot-0104 I DEBUG    > 정상처리
[2020-11-11 22:45:07,440] I EventLoop.py | Kiwoom-_condition_tr_slot-0138 I DEBUG    > 코드 종목 
 ['000490', '001500', '002290', '002900', '003310', '003470', '003480', '003530', '004980', '006980', '007860', '014130', '014190', '014440', '023410', '027710', '030210', '030610', '032080', '035200', '038340', '039340', '041650', '042110', '048430', '053280', '053590', '053700', '054670', '067990', '069460', '078020', '085370', '086060', '089790', '091120', '103230', '104540', '126700', '136490', '159580', '207760', '208640', '307930', '317330']
[2020-11-11 22:46:48,849] I EventLoop.py | Kiwoom-_event_connect_slot-0104 I DEBUG    > 정상처리
[2020-11-11 22:46:49,957] I EventLoop.py | Kiwoom-_condition_tr_slot-0138 I DEBUG    > 코드 종목 
 ['000490', '001500', '002290', '002900', '003310', '003470', '003480', '003530', '004980', '006980', '007860', '014130', '014190', '014440', '023410', '027710', '030210', '030610', '032080', '035200', '038340', '039340', '041650', '042110', '048430', '053280', '053590', '053700', '054670', '067990', '069460', '078020', '085370', '086060', '089790', '091120', '103230', '104540', '126700', '136490', '159580', '207760', '208640', '307930', '317330']
[2020-11-11 22:49:29,035] I EventLoop.py | Kiwoom-_event_connect_slot-0104 I DEBUG    > 정상처리
[2020-11-11 22:49:29,844] I EventLoop.py | Kiwoom-_condition_tr_slot-0138 I DEBUG    > 코드 종목 
 ['000490', '001500', '002290', '002900', '003310', '003470', '003480', '003530', '004980', '006980', '007860', '014130', '014190', '014440', '023410', '027710', '030210', '030610', '032080', '035200', '038340', '039340', '041650', '042110', '048430', '053280', '053590', '053700', '054670', '067990', '069460', '078020', '085370', '086060', '089790', '091120', '103230', '104540', '126700', '136490', '159580', '207760', '208640', '307930', '317330']
[2020-11-11 22:53:17,525] I EventLoop.py | Kiwoom-_event_connect_slot-0104 I DEBUG    > 정상처리
[2020-11-11 22:53:18,339] I EventLoop.py | Kiwoom-_condition_tr_slot-0138 I DEBUG    > 코드 종목 
 ['000490', '001500', '002290', '002900', '003310', '003470', '003480', '003530', '004980', '006980', '007860', '014130', '014190', '014440', '023410', '027710', '030210', '030610', '032080', '035200', '038340', '039340', '041650', '042110', '048430', '053280', '053590', '053700', '054670', '067990', '069460', '078020', '085370', '086060', '089790', '091120', '103230', '104540', '126700', '136490', '159580', '207760', '208640', '307930', '317330']
[2020-11-11 22:54:07,981] I EventLoop.py | Kiwoom-_event_connect_slot-0104 I DEBUG    > 정상처리
[2020-11-11 22:54:08,871] I EventLoop.py | Kiwoom-_condition_tr_slot-0138 I DEBUG    > 코드 종목 
 ['000490', '001500', '002290', '002900', '003310', '003470', '003480', '003530', '004980', '006980', '007860', '014130', '014190', '014440', '023410', '027710', '030210', '030610', '032080', '035200', '038340', '039340', '041650', '042110', '048430', '053280', '053590', '053700', '054670', '067990', '069460', '078020', '085370', '086060', '089790', '091120', '103230', '104540', '126700', '136490', '159580', '207760', '208640', '307930', '317330']
[2020-11-11 22:54:58,462] I EventLoop.py | Kiwoom-_event_connect_slot-0104 I DEBUG    > 정상처리
[2020-11-11 22:54:59,259] I EventLoop.py | Kiwoom-_condition_tr_slot-0138 I DEBUG    > 코드 종목 
 ['000490', '001500', '002290', '002900', '003310', '003470', '003480', '003530', '004980', '006980', '007860', '014130', '014190', '014440', '023410', '027710', '030210', '030610', '032080', '035200', '038340', '039340', '041650', '042110', '048430', '053280', '053590', '053700', '054670', '067990', '069460', '078020', '085370', '086060', '089790', '091120', '103230', '104540', '126700', '136490', '159580', '207760', '208640', '307930', '317330']
[2020-11-11 22:55:15,525] I EventLoop.py | Kiwoom-_event_connect_slot-0104 I DEBUG    > 정상처리
[2020-11-11 22:55:16,423] I EventLoop.py | Kiwoom-_condition_tr_slot-0138 I DEBUG    > 코드 종목 
 ['000490', '001500', '002290', '002900', '003310', '003470', '003480', '003530', '004980', '006980', '007860', '014130', '014190', '014440', '023410', '027710', '030210', '030610', '032080', '035200', '038340', '039340', '041650', '042110', '048430', '053280', '053590', '053700', '054670', '067990', '069460', '078020', '085370', '086060', '089790', '091120', '103230', '104540', '126700', '136490', '159580', '207760', '208640', '307930', '317330']
[2020-11-11 22:56:44,955] I EventLoop.py | Kiwoom-_event_connect_slot-0104 I DEBUG    > 정상처리
[2020-11-11 22:56:45,799] I EventLoop.py | Kiwoom-_condition_tr_slot-0138 I DEBUG    > 코드 종목 
 ['000490', '001500', '002290', '002900', '003310', '003470', '003480', '003530', '004980', '006980', '007860', '014130', '014190', '014440', '023410', '027710', '030210', '030610', '032080', '035200', '038340', '039340', '041650', '042110', '048430', '053280', '053590', '053700', '054670', '067990', '069460', '078020', '085370', '086060', '089790', '091120', '103230', '104540', '126700', '136490', '159580', '207760', '208640', '307930', '317330']
[2020-11-11 22:57:17,875] I EventLoop.py | Kiwoom-_event_connect_slot-0104 I DEBUG    > 정상처리
[2020-11-11 22:57:18,693] I EventLoop.py | Kiwoom-_condition_tr_slot-0138 I DEBUG    > 코드 종목 
 ['000490', '001500', '002290', '002900', '003310', '003470', '003480', '003530', '004980', '006980', '007860', '014130', '014190', '014440', '023410', '027710', '030210', '030610', '032080', '035200', '038340', '039340', '041650', '042110', '048430', '053280', '053590', '053700', '054670', '067990', '069460', '078020', '085370', '086060', '089790', '091120', '103230', '104540', '126700', '136490', '159580', '207760', '208640', '307930', '317330']
[2020-11-11 23:05:36,639] I EventLoop.py | Kiwoom-_event_connect_slot-0104 I DEBUG    > 정상처리
[2020-11-11 23:05:37,544] I EventLoop.py | Kiwoom-_condition_tr_slot-0138 I DEBUG    > 코드 종목 
 ['000490', '001500', '002290', '002900', '003310', '003470', '003480', '003530', '004980', '006980', '007860', '014130', '014190', '014440', '023410', '027710', '030210', '030610', '032080', '035200', '038340', '039340', '041650', '042110', '048430', '053280', '053590', '053700', '054670', '067990', '069460', '078020', '085370', '086060', '089790', '091120', '103230', '104540', '126700', '136490', '159580', '207760', '208640', '307930', '317330']
[2020-11-11 23:06:56,782] I EventLoop.py | Kiwoom-_event_connect_slot-0104 I DEBUG    > 정상처리
[2020-11-11 23:06:57,640] I EventLoop.py | Kiwoom-_condition_tr_slot-0138 I DEBUG    > 코드 종목 
 ['000490', '001500', '002290', '002900', '003310', '003470', '003480', '003530', '004980', '006980', '007860', '014130', '014190', '014440', '023410', '027710', '030210', '030610', '032080', '035200', '038340', '039340', '041650', '042110', '048430', '053280', '053590', '053700', '054670', '067990', '069460', '078020', '085370', '086060', '089790', '091120', '103230', '104540', '126700', '136490', '159580', '207760', '208640', '307930', '317330']
