[2020-09-22 00:47:36,465] I EventLoop.py | Kiwoom-_event_connect_slot-0037 I DEBUG    > 정상처리
[2020-09-22 00:47:36,466] I Signal.py | Kiwoom-get_account_info-0024 I DEBUG    > 계좌번호 : 8141851011
[2020-09-22 00:47:36,466] I Signal.py | Kiwoom-detail_account_info-0036 I DEBUG    > 예수금상세현황 스크린번호 : 2000
[2020-09-22 00:47:37,910] I EventLoop.py | Kiwoom-_tr_data_slot-0055 I DEBUG    > 예수금 : 50000000
[2020-09-22 09:39:53,518] I EventLoop.py | Kiwoom-_event_connect_slot-0037 I DEBUG    > 정상처리
[2020-09-22 09:39:53,519] I Signal.py | Kiwoom-get_account_info-0026 I DEBUG    > 계좌번호 : 8141851011
[2020-09-22 09:39:53,519] I Signal.py | Kiwoom-detail_account_info-0038 I DEBUG    > 예수금상세현황 스크린번호 : 2000
[2020-09-22 09:39:55,427] I EventLoop.py | Kiwoom-_tr_data_slot-0055 I DEBUG    > 예수금 : 50000000
[2020-09-22 09:48:29,081] I EventLoop.py | Kiwoom-_event_connect_slot-0037 I DEBUG    > 정상처리
[2020-09-22 09:48:29,081] I Signal.py | Kiwoom-get_account_info-0026 I DEBUG    > 계좌번호 : 8141851011
[2020-09-22 09:48:29,081] I Signal.py | Kiwoom-detail_account_info-0038 I DEBUG    > 예수금상세현황 스크린번호 : 2000
[2020-09-22 09:48:35,936] I EventLoop.py | Kiwoom-_tr_data_slot-0055 I DEBUG    > 예수금 : 50000000
[2020-09-22 10:25:54,131] I EventLoop.py | Kiwoom-_event_connect_slot-0037 I DEBUG    > 정상처리
[2020-09-22 10:25:54,132] I kiwoomFinger.py | Kiwoom-__init__-0038 I DEBUG    > 계좌번호 : 8141851011
[2020-09-22 10:33:16,878] I EventLoop.py | Kiwoom-_event_connect_slot-0036 I DEBUG    > 정상처리
[2020-09-22 10:33:16,879] I Signal.py | Kiwoom-get_account_info-0026 I DEBUG    > 계좌번호 : 8141851011
[2020-09-22 10:33:16,879] I Signal.py | Kiwoom-detail_account_info-0038 I DEBUG    > 예수금상세현황 스크린번호 : 2000
[2020-09-22 10:33:18,145] I EventLoop.py | Kiwoom-_tr_data_slot-0054 I DEBUG    > 예수금 : 50000000
[2020-09-22 10:33:19,795] I EventLoop.py | Kiwoom-_tr_data_slot-0068 I DEBUG    > 계좌평가잔고내역요청 싱글데이터 : 000000000000000 - 000000000000000 - 000000000.00
[2020-09-22 10:33:19,795] I EventLoop.py | Kiwoom-_tr_data_slot-0108 I DEBUG    > sPreNext : 
[2020-09-22 11:00:10,436] I EventLoop.py | Kiwoom-_event_connect_slot-0037 I DEBUG    > 정상처리
[2020-09-22 11:00:10,437] I Signal.py | Kiwoom-get_account_info-0027 I DEBUG    > 계좌번호 : 8141851011
[2020-09-22 11:00:10,437] I Signal.py | Kiwoom-detail_account_info-0039 I DEBUG    > 예수금상세현황 스크린번호 : 2000
[2020-09-22 11:00:11,925] I EventLoop.py | Kiwoom-_tr_data_slot-0055 I DEBUG    > 예수금 : 50000000
[2020-09-22 11:00:14,516] I EventLoop.py | Kiwoom-_tr_data_slot-0069 I DEBUG    > 계좌평가잔고내역요청 싱글데이터 : 000000000000000 - 000000000000000 - 000000000.00
[2020-09-22 11:00:14,516] I EventLoop.py | Kiwoom-_tr_data_slot-0109 I DEBUG    > sPreNext : 
[2020-09-22 11:00:53,918] I EventLoop.py | Kiwoom-_event_connect_slot-0037 I DEBUG    > 정상처리
[2020-09-22 11:00:53,919] I Signal.py | Kiwoom-get_account_info-0027 I DEBUG    > 계좌번호 : 8141851011
[2020-09-22 11:00:53,919] I Signal.py | Kiwoom-detail_account_info-0039 I DEBUG    > 예수금상세현황 스크린번호 : 2000
[2020-09-22 11:00:55,919] I EventLoop.py | Kiwoom-_tr_data_slot-0055 I DEBUG    > 예수금 : 50000000
[2020-09-22 11:00:57,457] I EventLoop.py | Kiwoom-_tr_data_slot-0069 I DEBUG    > 계좌평가잔고내역요청 싱글데이터 : 000000000000000 - 000000000000000 - 000000000.00
[2020-09-22 11:00:57,457] I EventLoop.py | Kiwoom-_tr_data_slot-0109 I DEBUG    > sPreNext : 
[2020-09-22 11:02:45,165] I EventLoop.py | Kiwoom-_event_connect_slot-0037 I DEBUG    > 정상처리
[2020-09-22 11:02:45,165] I Signal.py | Kiwoom-get_account_info-0027 I DEBUG    > 계좌번호 : 8141851011
[2020-09-22 11:02:50,182] I EventLoop.py | Kiwoom-_tr_data_slot-0120 I DEBUG    > 미체결 몇개? : 0 
[2020-09-22 11:49:02,088] I EventLoop.py | Kiwoom-_event_connect_slot-0037 I DEBUG    > 정상처리
[2020-09-22 11:49:02,088] I Signal.py | Kiwoom-get_account_info-0032 I DEBUG    > 계좌번호 : 8141851011
[2020-09-22 11:49:07,114] I EventLoop.py | Kiwoom-_tr_data_slot-0120 I DEBUG    > 미체결 몇개? : 0 
[2020-09-22 11:49:12,096] I Signal.py | Kiwoom-read_code-0095 I DEBUG    > read_code portfolio_stock_dict : {'060720': {'종목명': 'KH바텍', '현재가': 21650}, '089010': {'종목명': '켐트로닉스', '현재가': 17750}, '078070': {'종목명': '유비쿼스홀딩스', '현재가': 30550}, '196300': {'종목명': '애니젠', '현재가': 12000}, '001340': {'종목명': '백광산업', '현재가': 3540}, '094360': {'종목명': '칩스앤미디어', '현재가': 9610}, '170030': {'종목명': '현대공업', '현재가': 4010}, '024060': {'종목명': '흥구석유', '현재가': 6540}}
[2020-09-22 11:49:12,098] I Signal.py | Kiwoom-screen_number_setting-0148 I DEBUG    > screen_number_setting portfolio_stock_dict : {'060720': {'종목명': 'KH바텍', '현재가': 21650, '주문용스크린번호': '6001', '스크린번호': '5001'}, '089010': {'종목명': '켐트로닉스', '현재가': 17750, '주문용스크린번호': '6001', '스크린번호': '5001'}, '078070': {'종목명': '유비쿼스홀딩스', '현재가': 30550, '주문용스크린번호': '6001', '스크린번호': '5001'}, '196300': {'종목명': '애니젠', '현재가': 12000, '주문용스크린번호': '6001', '스크린번호': '5001'}, '001340': {'종목명': '백광산업', '현재가': 3540, '주문용스크린번호': '6001', '스크린번호': '5001'}, '094360': {'종목명': '칩스앤미디어', '현재가': 9610, '주문용스크린번호': '6001', '스크린번호': '5001'}, '170030': {'종목명': '현대공업', '현재가': 4010, '주문용스크린번호': '6001', '스크린번호': '5001'}, '024060': {'종목명': '흥구석유', '현재가': 6540, '주문용스크린번호': '6001', '스크린번호': '5001'}}
[2020-09-22 11:52:38,814] I EventLoop.py | Kiwoom-_event_connect_slot-0037 I DEBUG    > 정상처리
[2020-09-22 11:52:38,815] I Signal.py | Kiwoom-get_account_info-0032 I DEBUG    > 계좌번호 : 8141851011
[2020-09-22 11:52:43,841] I EventLoop.py | Kiwoom-_tr_data_slot-0120 I DEBUG    > 미체결 몇개? : 0 
[2020-09-22 11:52:48,817] I Signal.py | Kiwoom-read_code-0095 I DEBUG    > read_code portfolio_stock_dict : {'078070': {'종목명': '유비쿼스홀딩스', '현재가': 30550}, '196300': {'종목명': '애니젠', '현재가': 12000}, '170030': {'종목명': '현대공업', '현재가': 4010}, '094360': {'종목명': '칩스앤미디어', '현재가': 9610}, '089010': {'종목명': '켐트로닉스', '현재가': 17750}, '060720': {'종목명': 'KH바텍', '현재가': 21650}, '001340': {'종목명': '백광산업', '현재가': 3540}, '024060': {'종목명': '흥구석유', '현재가': 6540}}
[2020-09-22 11:52:48,817] I Signal.py | Kiwoom-screen_number_setting-0148 I DEBUG    > screen_number_setting portfolio_stock_dict : {'078070': {'종목명': '유비쿼스홀딩스', '현재가': 30550, '주문용스크린번호': '6001', '스크린번호': '5001'}, '196300': {'종목명': '애니젠', '현재가': 12000, '주문용스크린번호': '6001', '스크린번호': '5001'}, '170030': {'종목명': '현대공업', '현재가': 4010, '주문용스크린번호': '6001', '스크린번호': '5001'}, '094360': {'종목명': '칩스앤미디어', '현재가': 9610, '주문용스크린번호': '6001', '스크린번호': '5001'}, '089010': {'종목명': '켐트로닉스', '현재가': 17750, '주문용스크린번호': '6001', '스크린번호': '5001'}, '060720': {'종목명': 'KH바텍', '현재가': 21650, '주문용스크린번호': '6001', '스크린번호': '5001'}, '001340': {'종목명': '백광산업', '현재가': 3540, '주문용스크린번호': '6001', '스크린번호': '5001'}, '024060': {'종목명': '흥구석유', '현재가': 6540, '주문용스크린번호': '6001', '스크린번호': '5001'}}
[2020-09-22 12:16:21,801] I EventLoop.py | Kiwoom-_event_connect_slot-0037 I DEBUG    > 정상처리
[2020-09-22 12:16:21,801] I Signal.py | Kiwoom-get_account_info-0032 I DEBUG    > 계좌번호 : 8141851011
[2020-09-22 12:18:07,167] I EventLoop.py | Kiwoom-_event_connect_slot-0037 I DEBUG    > 정상처리
[2020-09-22 12:18:07,167] I Signal.py | Kiwoom-get_account_info-0032 I DEBUG    > 계좌번호 : 8141851011
[2020-09-22 12:21:16,546] I EventLoop.py | Kiwoom-_event_connect_slot-0037 I DEBUG    > 정상처리
[2020-09-22 12:21:16,547] I Signal.py | Kiwoom-get_account_info-0033 I DEBUG    > 계좌번호 : 8141851011
[2020-09-22 12:26:17,865] I EventLoop.py | Kiwoom-_event_connect_slot-0053 I DEBUG    > 정상처리
[2020-09-22 12:26:17,865] I Signal.py | Kiwoom-get_account_info-0030 I DEBUG    > 계좌번호 : 8141851011
[2020-09-22 12:35:09,917] I EventLoop.py | Kiwoom-_event_connect_slot-0053 I DEBUG    > 정상처리
[2020-09-22 12:35:09,917] I Signal.py | Kiwoom-get_account_info-0030 I DEBUG    > 계좌번호 : 8141851011
[2020-09-22 12:36:53,332] I EventLoop.py | Kiwoom-_event_connect_slot-0053 I DEBUG    > 정상처리
[2020-09-22 12:36:53,333] I Signal.py | Kiwoom-get_account_info-0030 I DEBUG    > 계좌번호 : 8141851011
[2020-09-22 12:36:59,322] I KiwoomAPI.py | Kiwoom-set_real_reg-0081 I DEBUG    > screenNo : 1000
[2020-09-22 12:36:59,322] I KiwoomAPI.py | Kiwoom-set_real_reg-0082 I DEBUG    > codelist :  
[2020-09-22 12:36:59,323] I KiwoomAPI.py | Kiwoom-set_real_reg-0083 I DEBUG    > fidlist : 215
[2020-09-22 12:36:59,323] I KiwoomAPI.py | Kiwoom-set_real_reg-0084 I DEBUG    > optType : 0
[2020-09-22 12:40:33,069] I EventLoop.py | Kiwoom-_event_connect_slot-0053 I DEBUG    > 정상처리
[2020-09-22 12:40:33,070] I Signal.py | Kiwoom-get_account_info-0030 I DEBUG    > 계좌번호 : 8141851011
[2020-09-22 12:40:38,072] I KiwoomAPI.py | Kiwoom-set_real_reg-0081 I DEBUG    > screenNo : 1000
[2020-09-22 12:40:38,072] I KiwoomAPI.py | Kiwoom-set_real_reg-0082 I DEBUG    > codelist :  
[2020-09-22 12:40:38,073] I KiwoomAPI.py | Kiwoom-set_real_reg-0083 I DEBUG    > fidlist : 215
[2020-09-22 12:40:38,073] I KiwoomAPI.py | Kiwoom-set_real_reg-0084 I DEBUG    > optType : 0
[2020-09-22 12:50:54,724] I EventLoop.py | Kiwoom-_event_connect_slot-0052 I DEBUG    > 정상처리
[2020-09-22 12:51:01,931] I KiwoomAPI.py | Kiwoom-set_real_reg-0081 I DEBUG    > screenNo : 1000
[2020-09-22 12:51:01,932] I KiwoomAPI.py | Kiwoom-set_real_reg-0082 I DEBUG    > codelist :  
[2020-09-22 12:51:01,932] I KiwoomAPI.py | Kiwoom-set_real_reg-0083 I DEBUG    > fidlist : 215
[2020-09-22 12:51:01,932] I KiwoomAPI.py | Kiwoom-set_real_reg-0084 I DEBUG    > optType : 0
[2020-09-22 12:53:22,183] I EventLoop.py | Kiwoom-_event_connect_slot-0052 I DEBUG    > 정상처리
[2020-09-22 12:53:30,025] I KiwoomAPI.py | Kiwoom-set_real_reg-0081 I DEBUG    > screenNo : 1000
[2020-09-22 12:53:30,025] I KiwoomAPI.py | Kiwoom-set_real_reg-0082 I DEBUG    > codelist :  
[2020-09-22 12:53:30,025] I KiwoomAPI.py | Kiwoom-set_real_reg-0083 I DEBUG    > fidlist : 215
[2020-09-22 12:53:30,025] I KiwoomAPI.py | Kiwoom-set_real_reg-0084 I DEBUG    > optType : 0
[2020-09-22 12:55:29,272] I EventLoop.py | Kiwoom-_event_connect_slot-0053 I DEBUG    > 정상처리
[2020-09-22 12:55:34,274] I KiwoomAPI.py | Kiwoom-set_real_reg-0081 I DEBUG    > screenNo : 1000
[2020-09-22 12:55:34,274] I KiwoomAPI.py | Kiwoom-set_real_reg-0082 I DEBUG    > codelist :  
[2020-09-22 12:55:34,274] I KiwoomAPI.py | Kiwoom-set_real_reg-0083 I DEBUG    > fidlist : 215
[2020-09-22 12:55:34,274] I KiwoomAPI.py | Kiwoom-set_real_reg-0084 I DEBUG    > optType : 0
[2020-09-22 12:58:51,633] I EventLoop.py | Kiwoom-_event_connect_slot-0052 I DEBUG    > 정상처리
[2020-09-22 12:58:56,635] I KiwoomAPI.py | Kiwoom-set_real_reg-0081 I DEBUG    > screenNo : 1000
[2020-09-22 12:58:56,635] I KiwoomAPI.py | Kiwoom-set_real_reg-0082 I DEBUG    > codelist :  
[2020-09-22 12:58:56,635] I KiwoomAPI.py | Kiwoom-set_real_reg-0083 I DEBUG    > fidlist : 215
[2020-09-22 12:58:56,635] I KiwoomAPI.py | Kiwoom-set_real_reg-0084 I DEBUG    > optType : 0
[2020-09-22 13:03:21,839] I EventLoop.py | Kiwoom-_event_connect_slot-0052 I DEBUG    > 정상처리
[2020-09-22 13:03:26,842] I Signal.py | Kiwoom-call_set_real_reg-0077 I DEBUG    > screenNo : 1000
[2020-09-22 13:03:26,842] I Signal.py | Kiwoom-call_set_real_reg-0078 I DEBUG    > codelist :  
[2020-09-22 13:03:26,842] I Signal.py | Kiwoom-call_set_real_reg-0079 I DEBUG    > fidlist : 215
[2020-09-22 13:03:26,842] I Signal.py | Kiwoom-call_set_real_reg-0080 I DEBUG    > optType : 0
[2020-09-22 13:05:18,198] I EventLoop.py | Kiwoom-_event_connect_slot-0052 I DEBUG    > 정상처리
[2020-09-22 13:05:18,199] I Signal.py | Kiwoom-call_set_real_reg-0077 I DEBUG    > screenNo : 1000
[2020-09-22 13:05:18,199] I Signal.py | Kiwoom-call_set_real_reg-0078 I DEBUG    > codelist :  
[2020-09-22 13:05:18,199] I Signal.py | Kiwoom-call_set_real_reg-0079 I DEBUG    > fidlist : 215
[2020-09-22 13:05:18,199] I Signal.py | Kiwoom-call_set_real_reg-0080 I DEBUG    > optType : 0
[2020-09-22 13:24:43,182] I EventLoop.py | Kiwoom-_event_connect_slot-0052 I DEBUG    > 정상처리
[2020-09-22 13:24:43,182] I Signal.py | Kiwoom-call_set_real_reg-0082 I DEBUG    > screenNo : 1000
[2020-09-22 13:24:43,182] I Signal.py | Kiwoom-call_set_real_reg-0083 I DEBUG    > codelist :  
[2020-09-22 13:24:43,182] I Signal.py | Kiwoom-call_set_real_reg-0084 I DEBUG    > fidlist : 215
[2020-09-22 13:24:43,182] I Signal.py | Kiwoom-call_set_real_reg-0085 I DEBUG    > optType : 0
[2020-09-22 13:40:44,380] I EventLoop.py | Kiwoom-_event_connect_slot-0052 I DEBUG    > 정상처리
[2020-09-22 13:40:54,389] I Signal.py | Kiwoom-read_code-0105 I DEBUG    > read_code portfolio_stock_dict : {'170030': {'현재가': 4010, '종목명': '현대공업'}, '094360': {'현재가': 9610, '종목명': '칩스앤미디어'}, '024060': {'현재가': 6540, '종목명': '흥구석유'}, '078070': {'현재가': 30550, '종목명': '유비쿼스홀딩스'}, '060720': {'현재가': 21650, '종목명': 'KH바텍'}, '196300': {'현재가': 12000, '종목명': '애니젠'}, '001340': {'현재가': 3540, '종목명': '백광산업'}, '089010': {'현재가': 17750, '종목명': '켐트로닉스'}}
[2020-09-22 13:40:54,389] I Signal.py | Kiwoom-screen_number_setting-0158 I DEBUG    > screen_number_setting portfolio_stock_dict : {'170030': {'주문용스크린번호': '6001', '현재가': 4010, '종목명': '현대공업', '스크린번호': '5001'}, '094360': {'주문용스크린번호': '6001', '현재가': 9610, '종목명': '칩스앤미디어', '스크린번호': '5001'}, '024060': {'주문용스크린번호': '6001', '현재가': 6540, '종목명': '흥구석유', '스크린번호': '5001'}, '078070': {'주문용스크린번호': '6001', '현재가': 30550, '종목명': '유비쿼스홀딩스', '스크린번호': '5001'}, '060720': {'주문용스크린번호': '6001', '현재가': 21650, '종목명': 'KH바텍', '스크린번호': '5001'}, '196300': {'주문용스크린번호': '6001', '현재가': 12000, '종목명': '애니젠', '스크린번호': '5001'}, '001340': {'주문용스크린번호': '6001', '현재가': 3540, '종목명': '백광산업', '스크린번호': '5001'}, '089010': {'주문용스크린번호': '6001', '현재가': 17750, '종목명': '켐트로닉스', '스크린번호': '5001'}}
[2020-09-22 16:46:37,594] I EventLoop.py | Kiwoom-_event_connect_slot-0052 I DEBUG    > 정상처리
