[2021-03-08 11:13:27,088] I EventLoop.py | Kiwoom-_event_connect_slot-0109 I DEBUG    > 정상처리
[2021-03-08 11:13:27,802] I EventLoop.py | Kiwoom-_msg_slot-1612 I DEBUG    > 스크린: 2000, 요청이름: 예수금상세현황요청, tr코드: opw00001, 시간: 2021-03-08 11:13:27 --- [00Z310] 모의투자 조회가 완료되었습니다
[2021-03-08 11:13:29,845] I EventLoop.py | Kiwoom-_msg_slot-1612 I DEBUG    > 스크린: 2000, 요청이름: 계좌평가잔고내역요청, tr코드: opw00018, 시간: 2021-03-08 11:13:29 --- [00Z310] 모의투자 조회가 완료되었습니다
[2021-03-08 11:13:29,848] I EventLoop.py | Kiwoom-_tr_data_slot-0223 I DEBUG    > 계좌평가잔고내역요청 싱글데이터 : 총매입금액 5360750, 총평가손익금액 -28717, 총수익률(%) -.54
[2021-03-08 11:13:29,848] I EventLoop.py | Kiwoom-_tr_data_slot-0243 I DEBUG    > 종목코드: 002210 - 종목명: 동성제약 - 보유수량: 32 - 매입가: 13000 - 수익률: -4.75 - 현재가: 12500
[2021-03-08 11:13:29,849] I EventLoop.py | Kiwoom-_tr_data_slot-0243 I DEBUG    > 종목코드: 005690 - 종목명: 파미셀 - 보유수량: 27 - 매입가: 16100 - 수익률: 1.54 - 현재가: 16500
[2021-03-08 11:13:29,850] I EventLoop.py | Kiwoom-_tr_data_slot-0243 I DEBUG    > 종목코드: 006370 - 종목명: 대구백화점 - 보유수량: 58 - 매입가: 9340 - 수익률: -4.76 - 현재가: 8980
[2021-03-08 11:13:29,851] I EventLoop.py | Kiwoom-_tr_data_slot-0243 I DEBUG    > 종목코드: 021080 - 종목명: 에이티넘인베스트 - 보유수량: 245 - 매입가: 2415 - 수익률: 1.54 - 현재가: 2475
[2021-03-08 11:13:29,852] I EventLoop.py | Kiwoom-_tr_data_slot-0243 I DEBUG    > 종목코드: 027830 - 종목명: 대성창투 - 보유수량: 22 - 매입가: 2290 - 수익률: 3.22 - 현재가: 2385
[2021-03-08 11:13:29,852] I EventLoop.py | Kiwoom-_tr_data_slot-0243 I DEBUG    > 종목코드: 036420 - 종목명: 제이콘텐트리 - 보유수량: 12 - 매입가: 47250 - 수익률: -1.14 - 현재가: 47150
[2021-03-08 11:13:29,853] I EventLoop.py | Kiwoom-_tr_data_slot-0243 I DEBUG    > 종목코드: 080530 - 종목명: 코디 - 보유수량: 129 - 매입가: 1990 - 수익률: 2.32 - 현재가: 2055
[2021-03-08 11:13:29,854] I EventLoop.py | Kiwoom-_tr_data_slot-0243 I DEBUG    > 종목코드: 133750 - 종목명: 메가엠디 - 보유수량: 154 - 매입가: 3830 - 수익률: -.67 - 현재가: 3840
[2021-03-08 11:13:29,856] I EventLoop.py | Kiwoom-_tr_data_slot-0243 I DEBUG    > 종목코드: 18064K - 종목명: 한진칼우 - 보유수량: 3 - 매입가: 40450 - 수익률: -3.87 - 현재가: 39250
[2021-03-08 11:13:29,857] I EventLoop.py | Kiwoom-_tr_data_slot-0243 I DEBUG    > 종목코드: 182360 - 종목명: 큐브엔터 - 보유수량: 136 - 매입가: 3208 - 수익률: 3.01 - 현재가: 3335
[2021-03-08 11:13:29,858] I EventLoop.py | Kiwoom-_tr_data_slot-0243 I DEBUG    > 종목코드: 213090 - 종목명: 미래테크놀로지 - 보유수량: 51 - 매입가: 8480 - 수익률: -2.34 - 현재가: 8360
[2021-03-08 11:13:29,859] I EventLoop.py | Kiwoom-_tr_data_slot-0243 I DEBUG    > 종목코드: 333430 - 종목명: 미래에셋대우스팩4호 - 보유수량: 161 - 매입가: 2738 - 수익률: 2.41 - 현재가: 2830
[2021-03-08 11:13:29,860] I EventLoop.py | Kiwoom-_tr_data_slot-0243 I DEBUG    > 종목코드: 367340 - 종목명: DB금융스팩8호 - 보유수량: 233 - 매입가: 2067 - 수익률: -1.02 - 현재가: 2065
[2021-03-08 11:13:29,907] I EventLoop.py | Kiwoom-_msg_slot-1612 I DEBUG    > 스크린: , 요청이름: , tr코드: , 시간: 2021-03-08 11:13:29 ---  조회가 완료되었습니다.
[2021-03-08 12:21:24,073] I EventLoop.py | Kiwoom-_event_connect_slot-0109 I DEBUG    > 정상처리
[2021-03-08 12:21:24,677] I EventLoop.py | Kiwoom-_msg_slot-1612 I DEBUG    > 스크린: 2000, 요청이름: 예수금상세현황요청, tr코드: opw00001, 시간: 2021-03-08 12:21:24 --- [00Z310] 모의투자 조회가 완료되었습니다
[2021-03-08 12:21:26,209] I EventLoop.py | Kiwoom-_msg_slot-1612 I DEBUG    > 스크린: 2000, 요청이름: 계좌평가잔고내역요청, tr코드: opw00018, 시간: 2021-03-08 12:21:26 --- [00Z310] 모의투자 조회가 완료되었습니다
[2021-03-08 12:21:26,212] I EventLoop.py | Kiwoom-_tr_data_slot-0223 I DEBUG    > 계좌평가잔고내역요청 싱글데이터 : 총매입금액 5360750, 총평가손익금액 -58453, 총수익률(%) -1.09
[2021-03-08 12:21:26,214] I EventLoop.py | Kiwoom-_tr_data_slot-0243 I DEBUG    > 종목코드: 002210 - 종목명: 동성제약 - 보유수량: 32 - 매입가: 13000 - 수익률: -5.51 - 현재가: 12400
[2021-03-08 12:21:26,215] I EventLoop.py | Kiwoom-_tr_data_slot-0243 I DEBUG    > 종목코드: 005690 - 종목명: 파미셀 - 보유수량: 27 - 매입가: 16100 - 수익률: .93 - 현재가: 16400
[2021-03-08 12:21:26,215] I EventLoop.py | Kiwoom-_tr_data_slot-0243 I DEBUG    > 종목코드: 006370 - 종목명: 대구백화점 - 보유수량: 58 - 매입가: 9340 - 수익률: -4.65 - 현재가: 8990
[2021-03-08 12:21:26,216] I EventLoop.py | Kiwoom-_tr_data_slot-0243 I DEBUG    > 종목코드: 021080 - 종목명: 에이티넘인베스트 - 보유수량: 245 - 매입가: 2415 - 수익률: .92 - 현재가: 2460
[2021-03-08 12:21:26,217] I EventLoop.py | Kiwoom-_tr_data_slot-0243 I DEBUG    > 종목코드: 027830 - 종목명: 대성창투 - 보유수량: 22 - 매입가: 2290 - 수익률: 1.47 - 현재가: 2345
[2021-03-08 12:21:26,218] I EventLoop.py | Kiwoom-_tr_data_slot-0243 I DEBUG    > 종목코드: 036420 - 종목명: 제이콘텐트리 - 보유수량: 12 - 매입가: 47250 - 수익률: -3.14 - 현재가: 46200
[2021-03-08 12:21:26,219] I EventLoop.py | Kiwoom-_tr_data_slot-0243 I DEBUG    > 종목코드: 080530 - 종목명: 코디 - 보유수량: 129 - 매입가: 1990 - 수익률: 1.33 - 현재가: 2035
[2021-03-08 12:21:26,220] I EventLoop.py | Kiwoom-_tr_data_slot-0243 I DEBUG    > 종목코드: 133750 - 종목명: 메가엠디 - 보유수량: 154 - 매입가: 3830 - 수익률: -.80 - 현재가: 3835
[2021-03-08 12:21:26,221] I EventLoop.py | Kiwoom-_tr_data_slot-0243 I DEBUG    > 종목코드: 18064K - 종목명: 한진칼우 - 보유수량: 3 - 매입가: 40450 - 수익률: -2.03 - 현재가: 40000
[2021-03-08 12:21:26,223] I EventLoop.py | Kiwoom-_tr_data_slot-0243 I DEBUG    > 종목코드: 182360 - 종목명: 큐브엔터 - 보유수량: 136 - 매입가: 3208 - 수익률: 2.39 - 현재가: 3315
[2021-03-08 12:21:26,224] I EventLoop.py | Kiwoom-_tr_data_slot-0243 I DEBUG    > 종목코드: 213090 - 종목명: 미래테크놀로지 - 보유수량: 51 - 매입가: 8480 - 수익률: -2.34 - 현재가: 8360
[2021-03-08 12:21:26,225] I EventLoop.py | Kiwoom-_tr_data_slot-0243 I DEBUG    > 종목코드: 333430 - 종목명: 미래에셋대우스팩4호 - 보유수량: 161 - 매입가: 2738 - 수익률: 1.32 - 현재가: 2800
[2021-03-08 12:21:26,226] I EventLoop.py | Kiwoom-_tr_data_slot-0243 I DEBUG    > 종목코드: 367340 - 종목명: DB금융스팩8호 - 보유수량: 233 - 매입가: 2067 - 수익률: -1.02 - 현재가: 2065
[2021-03-08 12:21:26,260] I EventLoop.py | Kiwoom-_msg_slot-1612 I DEBUG    > 스크린: , 요청이름: , tr코드: , 시간: 2021-03-08 12:21:26 ---  조회가 완료되었습니다.
[2021-03-08 12:25:54,951] I EventLoop.py | Kiwoom-_event_connect_slot-0109 I DEBUG    > 정상처리
[2021-03-08 12:25:55,279] I EventLoop.py | Kiwoom-_msg_slot-1612 I DEBUG    > 스크린: 2000, 요청이름: 예수금상세현황요청, tr코드: opw00001, 시간: 2021-03-08 12:25:55 --- [00Z310] 모의투자 조회가 완료되었습니다
[2021-03-08 12:25:56,838] I EventLoop.py | Kiwoom-_msg_slot-1612 I DEBUG    > 스크린: 2000, 요청이름: 계좌평가잔고내역요청, tr코드: opw00018, 시간: 2021-03-08 12:25:56 --- [00Z310] 모의투자 조회가 완료되었습니다
[2021-03-08 12:25:56,841] I EventLoop.py | Kiwoom-_tr_data_slot-0223 I DEBUG    > 계좌평가잔고내역요청 싱글데이터 : 총매입금액 5360750, 총평가손익금액 -55778, 총수익률(%) -1.04
[2021-03-08 12:25:56,842] I EventLoop.py | Kiwoom-_tr_data_slot-0243 I DEBUG    > 종목코드: 002210 - 종목명: 동성제약 - 보유수량: 32 - 매입가: 13000 - 수익률: -5.51 - 현재가: 12400
[2021-03-08 12:25:56,842] I EventLoop.py | Kiwoom-_tr_data_slot-0243 I DEBUG    > 종목코드: 005690 - 종목명: 파미셀 - 보유수량: 27 - 매입가: 16100 - 수익률: 1.23 - 현재가: 16450
[2021-03-08 12:25:56,843] I EventLoop.py | Kiwoom-_tr_data_slot-0243 I DEBUG    > 종목코드: 006370 - 종목명: 대구백화점 - 보유수량: 58 - 매입가: 9340 - 수익률: -4.76 - 현재가: 8980
[2021-03-08 12:25:56,843] I EventLoop.py | Kiwoom-_tr_data_slot-0243 I DEBUG    > 종목코드: 021080 - 종목명: 에이티넘인베스트 - 보유수량: 245 - 매입가: 2415 - 수익률: .92 - 현재가: 2460
[2021-03-08 12:25:56,844] I EventLoop.py | Kiwoom-_tr_data_slot-0243 I DEBUG    > 종목코드: 027830 - 종목명: 대성창투 - 보유수량: 22 - 매입가: 2290 - 수익률: 1.91 - 현재가: 2355
[2021-03-08 12:25:56,844] I EventLoop.py | Kiwoom-_tr_data_slot-0243 I DEBUG    > 종목코드: 036420 - 종목명: 제이콘텐트리 - 보유수량: 12 - 매입가: 47250 - 수익률: -3.35 - 현재가: 46100
[2021-03-08 12:25:56,844] I EventLoop.py | Kiwoom-_tr_data_slot-0243 I DEBUG    > 종목코드: 080530 - 종목명: 코디 - 보유수량: 129 - 매입가: 1990 - 수익률: 1.33 - 현재가: 2035
[2021-03-08 12:25:56,845] I EventLoop.py | Kiwoom-_tr_data_slot-0243 I DEBUG    > 종목코드: 133750 - 종목명: 메가엠디 - 보유수량: 154 - 매입가: 3830 - 수익률: -1.06 - 현재가: 3825
[2021-03-08 12:25:56,845] I EventLoop.py | Kiwoom-_tr_data_slot-0243 I DEBUG    > 종목코드: 18064K - 종목명: 한진칼우 - 보유수량: 3 - 매입가: 40450 - 수익률: -1.78 - 현재가: 40100
[2021-03-08 12:25:56,846] I EventLoop.py | Kiwoom-_tr_data_slot-0243 I DEBUG    > 종목코드: 182360 - 종목명: 큐브엔터 - 보유수량: 136 - 매입가: 3208 - 수익률: 2.23 - 현재가: 3310
[2021-03-08 12:25:56,846] I EventLoop.py | Kiwoom-_tr_data_slot-0243 I DEBUG    > 종목코드: 213090 - 종목명: 미래테크놀로지 - 보유수량: 51 - 매입가: 8480 - 수익률: -2.34 - 현재가: 8360
[2021-03-08 12:25:56,846] I EventLoop.py | Kiwoom-_tr_data_slot-0243 I DEBUG    > 종목코드: 333430 - 종목명: 미래에셋대우스팩4호 - 보유수량: 161 - 매입가: 2738 - 수익률: 2.41 - 현재가: 2830
[2021-03-08 12:25:56,847] I EventLoop.py | Kiwoom-_tr_data_slot-0243 I DEBUG    > 종목코드: 367340 - 종목명: DB금융스팩8호 - 보유수량: 233 - 매입가: 2067 - 수익률: -1.02 - 현재가: 2065
[2021-03-08 12:25:56,880] I EventLoop.py | Kiwoom-_msg_slot-1612 I DEBUG    > 스크린: , 요청이름: , tr코드: , 시간: 2021-03-08 12:25:56 ---  조회가 완료되었습니다.
[2021-03-08 12:27:09,080] I EventLoop.py | Kiwoom-_event_connect_slot-0109 I DEBUG    > 정상처리
[2021-03-08 12:27:09,654] I EventLoop.py | Kiwoom-_msg_slot-1612 I DEBUG    > 스크린: 2000, 요청이름: 예수금상세현황요청, tr코드: opw00001, 시간: 2021-03-08 12:27:09 --- [00Z310] 모의투자 조회가 완료되었습니다
[2021-03-08 12:27:11,207] I EventLoop.py | Kiwoom-_msg_slot-1612 I DEBUG    > 스크린: 2000, 요청이름: 계좌평가잔고내역요청, tr코드: opw00018, 시간: 2021-03-08 12:27:11 --- [00Z310] 모의투자 조회가 완료되었습니다
[2021-03-08 12:27:11,209] I EventLoop.py | Kiwoom-_tr_data_slot-0223 I DEBUG    > 계좌평가잔고내역요청 싱글데이터 : 총매입금액 5360750, 총평가손익금액 -53224, 총수익률(%) -.99
[2021-03-08 12:27:11,210] I EventLoop.py | Kiwoom-_tr_data_slot-0243 I DEBUG    > 종목코드: 002210 - 종목명: 동성제약 - 보유수량: 32 - 매입가: 13000 - 수익률: -5.51 - 현재가: 12400
[2021-03-08 12:27:11,211] I EventLoop.py | Kiwoom-_tr_data_slot-0243 I DEBUG    > 종목코드: 005690 - 종목명: 파미셀 - 보유수량: 27 - 매입가: 16100 - 수익률: 1.23 - 현재가: 16450
[2021-03-08 12:27:11,212] I EventLoop.py | Kiwoom-_tr_data_slot-0243 I DEBUG    > 종목코드: 006370 - 종목명: 대구백화점 - 보유수량: 58 - 매입가: 9340 - 수익률: -4.01 - 현재가: 9050
[2021-03-08 12:27:11,213] I EventLoop.py | Kiwoom-_tr_data_slot-0243 I DEBUG    > 종목코드: 021080 - 종목명: 에이티넘인베스트 - 보유수량: 245 - 매입가: 2415 - 수익률: .92 - 현재가: 2460
[2021-03-08 12:27:11,214] I EventLoop.py | Kiwoom-_tr_data_slot-0243 I DEBUG    > 종목코드: 027830 - 종목명: 대성창투 - 보유수량: 22 - 매입가: 2290 - 수익률: 2.13 - 현재가: 2360
[2021-03-08 12:27:11,214] I EventLoop.py | Kiwoom-_tr_data_slot-0243 I DEBUG    > 종목코드: 036420 - 종목명: 제이콘텐트리 - 보유수량: 12 - 매입가: 47250 - 수익률: -3.35 - 현재가: 46100
[2021-03-08 12:27:11,215] I EventLoop.py | Kiwoom-_tr_data_slot-0243 I DEBUG    > 종목코드: 080530 - 종목명: 코디 - 보유수량: 129 - 매입가: 1990 - 수익률: 1.33 - 현재가: 2035
[2021-03-08 12:27:11,216] I EventLoop.py | Kiwoom-_tr_data_slot-0243 I DEBUG    > 종목코드: 133750 - 종목명: 메가엠디 - 보유수량: 154 - 매입가: 3830 - 수익률: -1.06 - 현재가: 3825
[2021-03-08 12:27:11,216] I EventLoop.py | Kiwoom-_tr_data_slot-0243 I DEBUG    > 종목코드: 18064K - 종목명: 한진칼우 - 보유수량: 3 - 매입가: 40450 - 수익률: -1.78 - 현재가: 40100
[2021-03-08 12:27:11,217] I EventLoop.py | Kiwoom-_tr_data_slot-0243 I DEBUG    > 종목코드: 182360 - 종목명: 큐브엔터 - 보유수량: 136 - 매입가: 3208 - 수익률: 2.23 - 현재가: 3310
[2021-03-08 12:27:11,217] I EventLoop.py | Kiwoom-_tr_data_slot-0243 I DEBUG    > 종목코드: 213090 - 종목명: 미래테크놀로지 - 보유수량: 51 - 매입가: 8480 - 수익률: -2.34 - 현재가: 8360
[2021-03-08 12:27:11,218] I EventLoop.py | Kiwoom-_tr_data_slot-0243 I DEBUG    > 종목코드: 333430 - 종목명: 미래에셋대우스팩4호 - 보유수량: 161 - 매입가: 2738 - 수익률: 2.05 - 현재가: 2820
[2021-03-08 12:27:11,218] I EventLoop.py | Kiwoom-_tr_data_slot-0243 I DEBUG    > 종목코드: 367340 - 종목명: DB금융스팩8호 - 보유수량: 233 - 매입가: 2067 - 수익률: -1.02 - 현재가: 2065
[2021-03-08 12:27:11,253] I EventLoop.py | Kiwoom-_msg_slot-1612 I DEBUG    > 스크린: , 요청이름: , tr코드: , 시간: 2021-03-08 12:27:11 ---  조회가 완료되었습니다.
[2021-03-08 12:29:25,726] I EventLoop.py | Kiwoom-_event_connect_slot-0109 I DEBUG    > 정상처리
[2021-03-08 12:29:25,970] I EventLoop.py | Kiwoom-_msg_slot-1612 I DEBUG    > 스크린: 2000, 요청이름: 예수금상세현황요청, tr코드: opw00001, 시간: 2021-03-08 12:29:25 --- [00Z310] 모의투자 조회가 완료되었습니다
[2021-03-08 12:29:27,259] I EventLoop.py | Kiwoom-_msg_slot-1612 I DEBUG    > 스크린: 2000, 요청이름: 계좌평가잔고내역요청, tr코드: opw00018, 시간: 2021-03-08 12:29:27 --- [00Z310] 모의투자 조회가 완료되었습니다
[2021-03-08 12:29:27,261] I EventLoop.py | Kiwoom-_tr_data_slot-0223 I DEBUG    > 계좌평가잔고내역요청 싱글데이터 : 총매입금액 5360750, 총평가손익금액 -63685, 총수익률(%) -1.19
[2021-03-08 12:29:27,262] I EventLoop.py | Kiwoom-_tr_data_slot-0243 I DEBUG    > 종목코드: 002210 - 종목명: 동성제약 - 보유수량: 32 - 매입가: 13000 - 수익률: -5.13 - 현재가: 12450
[2021-03-08 12:29:27,262] I EventLoop.py | Kiwoom-_tr_data_slot-0243 I DEBUG    > 종목코드: 005690 - 종목명: 파미셀 - 보유수량: 27 - 매입가: 16100 - 수익률: .93 - 현재가: 16400
[2021-03-08 12:29:27,264] I EventLoop.py | Kiwoom-_tr_data_slot-0243 I DEBUG    > 종목코드: 006370 - 종목명: 대구백화점 - 보유수량: 58 - 매입가: 9340 - 수익률: -4.01 - 현재가: 9050
[2021-03-08 12:29:27,265] I EventLoop.py | Kiwoom-_tr_data_slot-0243 I DEBUG    > 종목코드: 021080 - 종목명: 에이티넘인베스트 - 보유수량: 245 - 매입가: 2415 - 수익률: .51 - 현재가: 2450
[2021-03-08 12:29:27,265] I EventLoop.py | Kiwoom-_tr_data_slot-0243 I DEBUG    > 종목코드: 027830 - 종목명: 대성창투 - 보유수량: 22 - 매입가: 2290 - 수익률: 2.13 - 현재가: 2360
[2021-03-08 12:29:27,266] I EventLoop.py | Kiwoom-_tr_data_slot-0243 I DEBUG    > 종목코드: 036420 - 종목명: 제이콘텐트리 - 보유수량: 12 - 매입가: 47250 - 수익률: -3.87 - 현재가: 45850
[2021-03-08 12:29:27,266] I EventLoop.py | Kiwoom-_tr_data_slot-0243 I DEBUG    > 종목코드: 080530 - 종목명: 코디 - 보유수량: 129 - 매입가: 1990 - 수익률: .57 - 현재가: 2020
[2021-03-08 12:29:27,267] I EventLoop.py | Kiwoom-_tr_data_slot-0243 I DEBUG    > 종목코드: 133750 - 종목명: 메가엠디 - 보유수량: 154 - 매입가: 3830 - 수익률: -1.06 - 현재가: 3825
[2021-03-08 12:29:27,267] I EventLoop.py | Kiwoom-_tr_data_slot-0243 I DEBUG    > 종목코드: 18064K - 종목명: 한진칼우 - 보유수량: 3 - 매입가: 40450 - 수익률: -1.91 - 현재가: 40050
[2021-03-08 12:29:27,268] I EventLoop.py | Kiwoom-_tr_data_slot-0243 I DEBUG    > 종목코드: 182360 - 종목명: 큐브엔터 - 보유수량: 136 - 매입가: 3208 - 수익률: 2.23 - 현재가: 3310
[2021-03-08 12:29:27,268] I EventLoop.py | Kiwoom-_tr_data_slot-0243 I DEBUG    > 종목코드: 213090 - 종목명: 미래테크놀로지 - 보유수량: 51 - 매입가: 8480 - 수익률: -2.34 - 현재가: 8360
[2021-03-08 12:29:27,269] I EventLoop.py | Kiwoom-_tr_data_slot-0243 I DEBUG    > 종목코드: 333430 - 종목명: 미래에셋대우스팩4호 - 보유수량: 161 - 매입가: 2738 - 수익률: 1.32 - 현재가: 2800
[2021-03-08 12:29:27,271] I EventLoop.py | Kiwoom-_tr_data_slot-0243 I DEBUG    > 종목코드: 367340 - 종목명: DB금융스팩8호 - 보유수량: 233 - 매입가: 2067 - 수익률: -1.02 - 현재가: 2065
[2021-03-08 12:29:27,294] I EventLoop.py | Kiwoom-_msg_slot-1612 I DEBUG    > 스크린: , 요청이름: , tr코드: , 시간: 2021-03-08 12:29:27 ---  조회가 완료되었습니다.
[2021-03-08 14:10:41,570] I EventLoop.py | Kiwoom-_receive_real_data_slot-1355 I DEBUG    > 코드 : 002210 매도주문 전달 성공(계좌에 있던 거)
[2021-03-08 14:10:42,045] I EventLoop.py | Kiwoom-_msg_slot-1612 I DEBUG    > 스크린: 6001, 요청이름: 신규매도, tr코드: KOA_NORMAL_SELL_KP_ORD, 시간: 2021-03-08 14:10:42 --- [00Z113] 모의투자 정상처리 되었습니다
[2021-03-08 14:10:42,160] I EventLoop.py | Kiwoom-_chejan_slot-1542 I DEBUG    > 접수, 확인, 체결 : {'종목코드': '002210', '주문번호': '0174396', '종목명': '동성제약', '주문상태': '접수', '주문수량': 32, '주문가격': 0, '미체결수량': 32, '원주문번호': '0000000', '주문구분': '매도', '주문/체결시간': '141041', '체결가': 0, '체결량': 0, '현재가': 12300, '(최우선)매도호가': 12400, '(최우선)매수호가': 12300}
[2021-03-08 14:10:42,181] I EventLoop.py | Kiwoom-_chejan_slot-1590 I DEBUG    > 잔고반영: {'현재가': 12300, '종목코드': '002210', '종목명': '동성제약', '보유수량': 32, '주문가능수량': 0, '매입단가': 13000, '총매입가': 416000, '매도매수구분': '매도', '(최우선)매도호가': 12400, '(최우선)매수호가': 12300}
[2021-03-08 14:10:49,461] I EventLoop.py | Kiwoom-_chejan_slot-1542 I DEBUG    > 접수, 확인, 체결 : {'종목코드': '002210', '주문번호': '0174396', '종목명': '동성제약', '주문상태': '체결', '주문수량': 32, '주문가격': 0, '미체결수량': 0, '원주문번호': '0000000', '주문구분': '매도', '주문/체결시간': '141048', '체결가': 12300, '체결량': 32, '현재가': 12300, '(최우선)매도호가': 12400, '(최우선)매수호가': 12300}
[2021-03-08 14:10:49,463] I EventLoop.py | Kiwoom-_chejan_slot-1590 I DEBUG    > 잔고반영: {'현재가': 12300, '종목코드': '002210', '종목명': '동성제약', '보유수량': 0, '주문가능수량': 0, '매입단가': 0, '총매입가': 0, '매도매수구분': '매도', '(최우선)매도호가': 12400, '(최우선)매수호가': 12300}
[2021-03-08 15:19:59,373] I EventLoop.py | Kiwoom-_receive_real_data_slot-0961 I DEBUG    > 장 종료, 동시호가로 넘어감
[2021-03-08 15:20:59,368] I EventLoop.py | Kiwoom-_receive_real_data_slot-0961 I DEBUG    > 장 종료, 동시호가로 넘어감
[2021-03-08 15:21:59,367] I EventLoop.py | Kiwoom-_receive_real_data_slot-0961 I DEBUG    > 장 종료, 동시호가로 넘어감
[2021-03-08 15:22:59,361] I EventLoop.py | Kiwoom-_receive_real_data_slot-0961 I DEBUG    > 장 종료, 동시호가로 넘어감
[2021-03-08 15:23:59,361] I EventLoop.py | Kiwoom-_receive_real_data_slot-0961 I DEBUG    > 장 종료, 동시호가로 넘어감
[2021-03-08 15:24:59,370] I EventLoop.py | Kiwoom-_receive_real_data_slot-0961 I DEBUG    > 장 종료, 동시호가로 넘어감
[2021-03-08 15:25:59,364] I EventLoop.py | Kiwoom-_receive_real_data_slot-0961 I DEBUG    > 장 종료, 동시호가로 넘어감
[2021-03-08 15:26:59,364] I EventLoop.py | Kiwoom-_receive_real_data_slot-0961 I DEBUG    > 장 종료, 동시호가로 넘어감
[2021-03-08 15:27:59,364] I EventLoop.py | Kiwoom-_receive_real_data_slot-0961 I DEBUG    > 장 종료, 동시호가로 넘어감
[2021-03-08 15:28:59,367] I EventLoop.py | Kiwoom-_receive_real_data_slot-0961 I DEBUG    > 장 종료, 동시호가로 넘어감
[2021-03-08 15:29:09,373] I EventLoop.py | Kiwoom-_receive_real_data_slot-0961 I DEBUG    > 장 종료, 동시호가로 넘어감
[2021-03-08 15:29:19,368] I EventLoop.py | Kiwoom-_receive_real_data_slot-0961 I DEBUG    > 장 종료, 동시호가로 넘어감
[2021-03-08 15:29:29,371] I EventLoop.py | Kiwoom-_receive_real_data_slot-0961 I DEBUG    > 장 종료, 동시호가로 넘어감
[2021-03-08 15:29:39,369] I EventLoop.py | Kiwoom-_receive_real_data_slot-0961 I DEBUG    > 장 종료, 동시호가로 넘어감
[2021-03-08 15:29:49,372] I EventLoop.py | Kiwoom-_receive_real_data_slot-0961 I DEBUG    > 장 종료, 동시호가로 넘어감
[2021-03-08 15:29:59,373] I EventLoop.py | Kiwoom-_receive_real_data_slot-0964 I DEBUG    > 3시30분 장 종료
