[2021-03-10 09:10:53,797] I EventLoop.py | Kiwoom-_event_connect_slot-0109 I DEBUG    > 정상처리
[2021-03-10 09:10:55,002] I EventLoop.py | Kiwoom-_msg_slot-1612 I DEBUG    > 스크린: 2000, 요청이름: 예수금상세현황요청, tr코드: opw00001, 시간: 2021-03-10 09:10:55 --- [00Z310] 모의투자 조회가 완료되었습니다
[2021-03-10 09:10:56,648] I EventLoop.py | Kiwoom-_msg_slot-1612 I DEBUG    > 스크린: 2000, 요청이름: 계좌평가잔고내역요청, tr코드: opw00018, 시간: 2021-03-10 09:10:56 --- [00Z310] 모의투자 조회가 완료되었습니다
[2021-03-10 09:10:56,652] I EventLoop.py | Kiwoom-_tr_data_slot-0223 I DEBUG    > 계좌평가잔고내역요청 싱글데이터 : 총매입금액 4944750, 총평가손익금액 3648, 총수익률(%) .07
[2021-03-10 09:10:56,653] I EventLoop.py | Kiwoom-_tr_data_slot-0243 I DEBUG    > 종목코드: 005690 - 종목명: 파미셀 - 보유수량: 27 - 매입가: 16100 - 수익률: -.62 - 현재가: 16150
[2021-03-10 09:10:56,654] I EventLoop.py | Kiwoom-_tr_data_slot-0243 I DEBUG    > 종목코드: 006370 - 종목명: 대구백화점 - 보유수량: 58 - 매입가: 9340 - 수익률: -3.70 - 현재가: 9080
[2021-03-10 09:10:56,655] I EventLoop.py | Kiwoom-_tr_data_slot-0243 I DEBUG    > 종목코드: 021080 - 종목명: 에이티넘인베스트 - 보유수량: 245 - 매입가: 2415 - 수익률: 5.66 - 현재가: 2575
[2021-03-10 09:10:56,656] I EventLoop.py | Kiwoom-_tr_data_slot-0243 I DEBUG    > 종목코드: 027830 - 종목명: 대성창투 - 보유수량: 22 - 매입가: 2290 - 수익률: -1.56 - 현재가: 2275
[2021-03-10 09:10:56,657] I EventLoop.py | Kiwoom-_tr_data_slot-0243 I DEBUG    > 종목코드: 036420 - 종목명: 제이콘텐트리 - 보유수량: 12 - 매입가: 47250 - 수익률: -.40 - 현재가: 47500
[2021-03-10 09:10:56,658] I EventLoop.py | Kiwoom-_tr_data_slot-0243 I DEBUG    > 종목코드: 080530 - 종목명: 코디 - 보유수량: 129 - 매입가: 1990 - 수익률: 1.82 - 현재가: 2045
[2021-03-10 09:10:56,658] I EventLoop.py | Kiwoom-_tr_data_slot-0243 I DEBUG    > 종목코드: 133750 - 종목명: 메가엠디 - 보유수량: 154 - 매입가: 3830 - 수익률: -2.49 - 현재가: 3770
[2021-03-10 09:10:56,659] I EventLoop.py | Kiwoom-_tr_data_slot-0243 I DEBUG    > 종목코드: 18064K - 종목명: 한진칼우 - 보유수량: 3 - 매입가: 40450 - 수익률: -4.60 - 현재가: 38950
[2021-03-10 09:10:56,660] I EventLoop.py | Kiwoom-_tr_data_slot-0243 I DEBUG    > 종목코드: 182360 - 종목명: 큐브엔터 - 보유수량: 136 - 매입가: 3208 - 수익률: 3.47 - 현재가: 3350
[2021-03-10 09:10:56,661] I EventLoop.py | Kiwoom-_tr_data_slot-0243 I DEBUG    > 종목코드: 213090 - 종목명: 미래테크놀로지 - 보유수량: 51 - 매입가: 8480 - 수익률: -3.04 - 현재가: 8300
[2021-03-10 09:10:56,662] I EventLoop.py | Kiwoom-_tr_data_slot-0243 I DEBUG    > 종목코드: 333430 - 종목명: 미래에셋대우스팩4호 - 보유수량: 161 - 매입가: 2738 - 수익률: 3.32 - 현재가: 2855
[2021-03-10 09:10:56,663] I EventLoop.py | Kiwoom-_tr_data_slot-0243 I DEBUG    > 종목코드: 367340 - 종목명: DB금융스팩8호 - 보유수량: 233 - 매입가: 2067 - 수익률: -1.02 - 현재가: 2065
[2021-03-10 09:10:56,698] I EventLoop.py | Kiwoom-_msg_slot-1612 I DEBUG    > 스크린: , 요청이름: , tr코드: , 시간: 2021-03-10 09:10:56 ---  조회가 완료되었습니다.
[2021-03-10 09:13:18,792] I Signal.py | Kiwoom-screen_number_real_time_setting-0259 I DEBUG    > 스크린 넘버 세팅 새로 들어온 종목: 001840, portfolio_stock_dict: {'매수매도': '매수'}
[2021-03-10 09:13:21,830] I Signal.py | Kiwoom-screen_number_real_time_setting-0306 I DEBUG    > 실시간 등록 코드: ;001840, 실시간 등록 리턴값: 0
[2021-03-10 09:13:36,462] I EventLoop.py | Kiwoom-_receive_real_data_slot-1425 I DEBUG    > 매수조건 통과 001840 
[2021-03-10 09:13:36,468] I EventLoop.py | Kiwoom-_receive_real_data_slot-1426 I DEBUG    > (최우선)매도호가 6490 
[2021-03-10 09:13:36,780] I EventLoop.py | Kiwoom-_receive_real_data_slot-1439 I DEBUG    > 코드 : 001840 매수주문 전달 성공
[2021-03-10 09:13:37,112] I EventLoop.py | Kiwoom-_msg_slot-1612 I DEBUG    > 스크린: 8001, 요청이름: 신규매수, tr코드: KOA_NORMAL_BUY_KQ_ORD, 시간: 2021-03-10 09:13:37 --- [00Z112] 모의투자 정상처리 되었습니다
[2021-03-10 09:13:37,146] I EventLoop.py | Kiwoom-_chejan_slot-1542 I DEBUG    > 접수, 확인, 체결 : {'종목코드': '001840', '주문번호': '0034898', '종목명': '이화공영', '주문상태': '접수', '주문수량': 97, '주문가격': 6490, '미체결수량': 97, '원주문번호': '0000000', '주문구분': '매수', '주문/체결시간': '091337', '체결가': 0, '체결량': 0, '현재가': 6490, '(최우선)매도호가': 6490, '(최우선)매수호가': 6470}
[2021-03-10 09:13:37,671] I EventLoop.py | Kiwoom-_receive_real_data_slot-1461 I DEBUG    > 매수취소 전달 성공
[2021-03-10 09:13:38,003] I EventLoop.py | Kiwoom-_receive_real_data_slot-1461 I DEBUG    > 매수취소 전달 성공
[2021-03-10 09:13:38,325] I EventLoop.py | Kiwoom-_receive_real_data_slot-1461 I DEBUG    > 매수취소 전달 성공
[2021-03-10 09:13:38,654] I EventLoop.py | Kiwoom-_receive_real_data_slot-1461 I DEBUG    > 매수취소 전달 성공
[2021-03-10 09:13:38,656] I EventLoop.py | Kiwoom-_msg_slot-1612 I DEBUG    > 스크린: 6001, 요청이름: 매수취소, tr코드: KOA_NORMAL_KP_CANCEL, 시간: 2021-03-10 09:13:38 --- [00Z115] 모의투자 정상처리 되었습니다
[2021-03-10 09:13:38,662] I EventLoop.py | Kiwoom-_chejan_slot-1542 I DEBUG    > 접수, 확인, 체결 : {'종목코드': '001840', '주문번호': '0034918', '종목명': '이화공영', '주문상태': '접수', '주문수량': 97, '주문가격': 0, '미체결수량': 97, '원주문번호': '0034898', '주문구분': '매수취소', '주문/체결시간': '091338', '체결가': 0, '체결량': 0, '현재가': 6490, '(최우선)매도호가': 6490, '(최우선)매수호가': 6470}
[2021-03-10 09:13:38,664] I EventLoop.py | Kiwoom-_chejan_slot-1542 I DEBUG    > 접수, 확인, 체결 : {'종목코드': '001840', '주문번호': '0034918', '종목명': '이화공영', '주문상태': '확인', '주문수량': 97, '주문가격': 0, '미체결수량': 0, '원주문번호': '0034898', '주문구분': '매수취소', '주문/체결시간': '091338', '체결가': 0, '체결량': 0, '현재가': 6490, '(최우선)매도호가': 6490, '(최우선)매수호가': 6470}
[2021-03-10 09:13:38,666] I EventLoop.py | Kiwoom-_chejan_slot-1542 I DEBUG    > 접수, 확인, 체결 : {'종목코드': '001840', '주문번호': '0034898', '종목명': '이화공영', '주문상태': '접수', '주문수량': 97, '주문가격': 6490, '미체결수량': 0, '원주문번호': '0000000', '주문구분': '매수', '주문/체결시간': '091337', '체결가': 0, '체결량': 0, '현재가': 6490, '(최우선)매도호가': 6490, '(최우선)매수호가': 6470}
[2021-03-10 09:13:38,667] I EventLoop.py | Kiwoom-_msg_slot-1612 I DEBUG    > 스크린: 6001, 요청이름: 매수취소, tr코드: KOA_NORMAL_KP_CANCEL, 시간: 2021-03-10 09:13:38 --- [00Z235] 모의투자 취소주문 수량 오류
[2021-03-10 09:13:38,691] I EventLoop.py | Kiwoom-_msg_slot-1612 I DEBUG    > 스크린: 6001, 요청이름: 매수취소, tr코드: KOA_NORMAL_KP_CANCEL, 시간: 2021-03-10 09:13:38 --- [00Z235] 모의투자 취소주문 수량 오류
[2021-03-10 09:13:39,193] I EventLoop.py | Kiwoom-_msg_slot-1612 I DEBUG    > 스크린: 6001, 요청이름: 매수취소, tr코드: KOA_NORMAL_KP_CANCEL, 시간: 2021-03-10 09:13:39 --- [00Z235] 모의투자 취소주문 수량 오류
[2021-03-10 09:25:01,988] I Signal.py | Kiwoom-screen_number_real_time_setting-0259 I DEBUG    > 스크린 넘버 세팅 새로 들어온 종목: 036120, portfolio_stock_dict: {'매수매도': '매수'}
[2021-03-10 09:25:05,001] I Signal.py | Kiwoom-screen_number_real_time_setting-0306 I DEBUG    > 실시간 등록 코드: ;036120, 실시간 등록 리턴값: 0
[2021-03-10 09:25:05,249] I EventLoop.py | Kiwoom-_receive_real_data_slot-1425 I DEBUG    > 매수조건 통과 036120 
[2021-03-10 09:25:05,250] I EventLoop.py | Kiwoom-_receive_real_data_slot-1426 I DEBUG    > (최우선)매도호가 3975 
[2021-03-10 09:25:05,555] I EventLoop.py | Kiwoom-_receive_real_data_slot-1439 I DEBUG    > 코드 : 036120 매수주문 전달 성공
[2021-03-10 09:25:05,700] I EventLoop.py | Kiwoom-_msg_slot-1612 I DEBUG    > 스크린: 8002, 요청이름: 신규매수, tr코드: KOA_NORMAL_BUY_KQ_ORD, 시간: 2021-03-10 09:25:05 --- [00Z112] 모의투자 정상처리 되었습니다
[2021-03-10 09:25:05,748] I EventLoop.py | Kiwoom-_chejan_slot-1542 I DEBUG    > 접수, 확인, 체결 : {'종목코드': '036120', '주문번호': '0046165', '종목명': 'SCI평가정보', '주문상태': '접수', '주문수량': 159, '주문가격': 3975, '미체결수량': 159, '원주문번호': '0000000', '주문구분': '매수', '주문/체결시간': '092505', '체결가': 0, '체결량': 0, '현재가': 3975, '(최우선)매도호가': 3975, '(최우선)매수호가': 3970}
[2021-03-10 09:25:06,065] I EventLoop.py | Kiwoom-_receive_real_data_slot-1461 I DEBUG    > 매수취소 전달 성공
[2021-03-10 09:25:06,072] I EventLoop.py | Kiwoom-_chejan_slot-1542 I DEBUG    > 접수, 확인, 체결 : {'종목코드': '036120', '주문번호': '0046165', '종목명': 'SCI평가정보', '주문상태': '체결', '주문수량': 159, '주문가격': 3975, '미체결수량': 158, '원주문번호': '0000000', '주문구분': '매수', '주문/체결시간': '092505', '체결가': 3975, '체결량': 1, '현재가': 3975, '(최우선)매도호가': 3975, '(최우선)매수호가': 3970}
[2021-03-10 09:25:06,075] I EventLoop.py | Kiwoom-_chejan_slot-1590 I DEBUG    > 잔고반영: {'현재가': 3975, '종목코드': '036120', '종목명': 'SCI평가정보', '보유수량': 1, '주문가능수량': 1, '매입단가': 3975, '총매입가': 3975, '매도매수구분': '매수', '(최우선)매도호가': 3975, '(최우선)매수호가': 3970}
[2021-03-10 09:25:06,160] I EventLoop.py | Kiwoom-_msg_slot-1612 I DEBUG    > 스크린: 6001, 요청이름: 매수취소, tr코드: KOA_NORMAL_KP_CANCEL, 시간: 2021-03-10 09:25:06 --- [00Z115] 모의투자 정상처리 되었습니다
[2021-03-10 09:25:06,277] I EventLoop.py | Kiwoom-_chejan_slot-1542 I DEBUG    > 접수, 확인, 체결 : {'종목코드': '036120', '주문번호': '0046172', '종목명': 'SCI평가정보', '주문상태': '접수', '주문수량': 158, '주문가격': 0, '미체결수량': 158, '원주문번호': '0046165', '주문구분': '매수취소', '주문/체결시간': '092506', '체결가': 0, '체결량': 0, '현재가': 3975, '(최우선)매도호가': 3975, '(최우선)매수호가': 3970}
[2021-03-10 09:25:06,279] I EventLoop.py | Kiwoom-_chejan_slot-1542 I DEBUG    > 접수, 확인, 체결 : {'종목코드': '036120', '주문번호': '0046172', '종목명': 'SCI평가정보', '주문상태': '확인', '주문수량': 158, '주문가격': 0, '미체결수량': 0, '원주문번호': '0046165', '주문구분': '매수취소', '주문/체결시간': '092506', '체결가': 0, '체결량': 0, '현재가': 3975, '(최우선)매도호가': 3975, '(최우선)매수호가': 3970}
[2021-03-10 09:25:06,281] I EventLoop.py | Kiwoom-_chejan_slot-1542 I DEBUG    > 접수, 확인, 체결 : {'종목코드': '036120', '주문번호': '0046165', '종목명': 'SCI평가정보', '주문상태': '체결', '주문수량': 159, '주문가격': 3975, '미체결수량': 0, '원주문번호': '0000000', '주문구분': '매수', '주문/체결시간': '092505', '체결가': 0, '체결량': 0, '현재가': 3975, '(최우선)매도호가': 3975, '(최우선)매수호가': 3970}
[2021-03-10 09:27:25,004] I Signal.py | Kiwoom-screen_number_real_time_setting-0259 I DEBUG    > 스크린 넘버 세팅 새로 들어온 종목: 060240, portfolio_stock_dict: {'매수매도': '매수'}
[2021-03-10 09:27:28,023] I Signal.py | Kiwoom-screen_number_real_time_setting-0306 I DEBUG    > 실시간 등록 코드: ;060240, 실시간 등록 리턴값: 0
[2021-03-10 09:27:28,871] I EventLoop.py | Kiwoom-_receive_real_data_slot-1425 I DEBUG    > 매수조건 통과 060240 
[2021-03-10 09:27:28,883] I EventLoop.py | Kiwoom-_receive_real_data_slot-1426 I DEBUG    > (최우선)매도호가 5240 
[2021-03-10 09:27:29,200] I EventLoop.py | Kiwoom-_receive_real_data_slot-1439 I DEBUG    > 코드 : 060240 매수주문 전달 성공
[2021-03-10 09:27:29,752] I EventLoop.py | Kiwoom-_msg_slot-1612 I DEBUG    > 스크린: 8003, 요청이름: 신규매수, tr코드: KOA_NORMAL_BUY_KQ_ORD, 시간: 2021-03-10 09:27:29 --- [00Z112] 모의투자 정상처리 되었습니다
[2021-03-10 09:27:29,856] I EventLoop.py | Kiwoom-_chejan_slot-1542 I DEBUG    > 접수, 확인, 체결 : {'종목코드': '060240', '주문번호': '0048145', '종목명': '룽투코리아', '주문상태': '접수', '주문수량': 120, '주문가격': 5240, '미체결수량': 120, '원주문번호': '0000000', '주문구분': '매수', '주문/체결시간': '092729', '체결가': 0, '체결량': 0, '현재가': 5230, '(최우선)매도호가': 5240, '(최우선)매수호가': 5230}
[2021-03-10 09:27:31,256] I EventLoop.py | Kiwoom-_chejan_slot-1542 I DEBUG    > 접수, 확인, 체결 : {'종목코드': '060240', '주문번호': '0048145', '종목명': '룽투코리아', '주문상태': '체결', '주문수량': 120, '주문가격': 5240, '미체결수량': 0, '원주문번호': '0000000', '주문구분': '매수', '주문/체결시간': '092731', '체결가': 5240, '체결량': 120, '현재가': 5230, '(최우선)매도호가': 5230, '(최우선)매수호가': 5220}
[2021-03-10 09:27:31,258] I EventLoop.py | Kiwoom-_chejan_slot-1590 I DEBUG    > 잔고반영: {'현재가': 5230, '종목코드': '060240', '종목명': '룽투코리아', '보유수량': 120, '주문가능수량': 120, '매입단가': 5240, '총매입가': 628800, '매도매수구분': '매수', '(최우선)매도호가': 5230, '(최우선)매수호가': 5220}
[2021-03-10 09:30:58,031] I Signal.py | Kiwoom-screen_number_real_time_setting-0259 I DEBUG    > 스크린 넘버 세팅 새로 들어온 종목: 096760, portfolio_stock_dict: {'매수매도': '매수'}
[2021-03-10 09:31:01,039] I Signal.py | Kiwoom-screen_number_real_time_setting-0306 I DEBUG    > 실시간 등록 코드: ;096760, 실시간 등록 리턴값: 0
[2021-03-10 09:31:01,972] I EventLoop.py | Kiwoom-_receive_real_data_slot-1425 I DEBUG    > 매수조건 통과 096760 
[2021-03-10 09:31:01,972] I EventLoop.py | Kiwoom-_receive_real_data_slot-1426 I DEBUG    > (최우선)매도호가 5010 
[2021-03-10 09:31:02,279] I EventLoop.py | Kiwoom-_receive_real_data_slot-1439 I DEBUG    > 코드 : 096760 매수주문 전달 성공
[2021-03-10 09:31:02,514] I EventLoop.py | Kiwoom-_msg_slot-1612 I DEBUG    > 스크린: 8004, 요청이름: 신규매수, tr코드: KOA_NORMAL_BUY_KP_ORD, 시간: 2021-03-10 09:31:02 --- [00Z112] 모의투자 정상처리 되었습니다
[2021-03-10 09:31:02,551] I EventLoop.py | Kiwoom-_chejan_slot-1542 I DEBUG    > 접수, 확인, 체결 : {'종목코드': '096760', '주문번호': '0050972', '종목명': 'JW홀딩스', '주문상태': '접수', '주문수량': 126, '주문가격': 5010, '미체결수량': 126, '원주문번호': '0000000', '주문구분': '매수', '주문/체결시간': '093102', '체결가': 0, '체결량': 0, '현재가': 5010, '(최우선)매도호가': 5010, '(최우선)매수호가': 5000}
[2021-03-10 09:31:03,960] I EventLoop.py | Kiwoom-_receive_real_data_slot-1461 I DEBUG    > 매수취소 전달 성공
[2021-03-10 09:31:04,094] I EventLoop.py | Kiwoom-_msg_slot-1612 I DEBUG    > 스크린: 6001, 요청이름: 매수취소, tr코드: KOA_NORMAL_KP_CANCEL, 시간: 2021-03-10 09:31:04 --- [00Z115] 모의투자 정상처리 되었습니다
[2021-03-10 09:31:04,153] I EventLoop.py | Kiwoom-_chejan_slot-1542 I DEBUG    > 접수, 확인, 체결 : {'종목코드': '096760', '주문번호': '0051006', '종목명': 'JW홀딩스', '주문상태': '접수', '주문수량': 126, '주문가격': 0, '미체결수량': 126, '원주문번호': '0050972', '주문구분': '매수취소', '주문/체결시간': '093104', '체결가': 0, '체결량': 0, '현재가': 5010, '(최우선)매도호가': 5010, '(최우선)매수호가': 5000}
[2021-03-10 09:31:04,156] I EventLoop.py | Kiwoom-_chejan_slot-1542 I DEBUG    > 접수, 확인, 체결 : {'종목코드': '096760', '주문번호': '0051006', '종목명': 'JW홀딩스', '주문상태': '확인', '주문수량': 126, '주문가격': 0, '미체결수량': 0, '원주문번호': '0050972', '주문구분': '매수취소', '주문/체결시간': '093104', '체결가': 0, '체결량': 0, '현재가': 5010, '(최우선)매도호가': 5010, '(최우선)매수호가': 5000}
[2021-03-10 09:31:04,158] I EventLoop.py | Kiwoom-_chejan_slot-1542 I DEBUG    > 접수, 확인, 체결 : {'종목코드': '096760', '주문번호': '0050972', '종목명': 'JW홀딩스', '주문상태': '접수', '주문수량': 126, '주문가격': 5010, '미체결수량': 0, '원주문번호': '0000000', '주문구분': '매수', '주문/체결시간': '093102', '체결가': 0, '체결량': 0, '현재가': 5010, '(최우선)매도호가': 5010, '(최우선)매수호가': 5000}
[2021-03-10 09:32:11,041] I Signal.py | Kiwoom-screen_number_real_time_setting-0259 I DEBUG    > 스크린 넘버 세팅 새로 들어온 종목: 118000, portfolio_stock_dict: {'매수매도': '매수'}
[2021-03-10 09:32:14,050] I Signal.py | Kiwoom-screen_number_real_time_setting-0306 I DEBUG    > 실시간 등록 코드: ;118000, 실시간 등록 리턴값: 0
[2021-03-10 09:32:19,660] I EventLoop.py | Kiwoom-_receive_real_data_slot-1425 I DEBUG    > 매수조건 통과 118000 
[2021-03-10 09:32:19,660] I EventLoop.py | Kiwoom-_receive_real_data_slot-1426 I DEBUG    > (최우선)매도호가 2250 
[2021-03-10 09:32:19,965] I EventLoop.py | Kiwoom-_receive_real_data_slot-1439 I DEBUG    > 코드 : 118000 매수주문 전달 성공
[2021-03-10 09:32:20,109] I EventLoop.py | Kiwoom-_msg_slot-1612 I DEBUG    > 스크린: 8005, 요청이름: 신규매수, tr코드: KOA_NORMAL_BUY_KP_ORD, 시간: 2021-03-10 09:32:20 --- [00Z112] 모의투자 정상처리 되었습니다
[2021-03-10 09:32:20,147] I EventLoop.py | Kiwoom-_chejan_slot-1542 I DEBUG    > 접수, 확인, 체결 : {'종목코드': '118000', '주문번호': '0052106', '종목명': '우리들휴브레인', '주문상태': '접수', '주문수량': 281, '주문가격': 2250, '미체결수량': 281, '원주문번호': '0000000', '주문구분': '매수', '주문/체결시간': '093220', '체결가': 0, '체결량': 0, '현재가': 2250, '(최우선)매도호가': 2250, '(최우선)매수호가': 2245}
[2021-03-10 09:32:20,247] I EventLoop.py | Kiwoom-_chejan_slot-1542 I DEBUG    > 접수, 확인, 체결 : {'종목코드': '118000', '주문번호': '0052106', '종목명': '우리들휴브레인', '주문상태': '체결', '주문수량': 281, '주문가격': 2250, '미체결수량': 279, '원주문번호': '0000000', '주문구분': '매수', '주문/체결시간': '093220', '체결가': 2250, '체결량': 2, '현재가': 2250, '(최우선)매도호가': 2250, '(최우선)매수호가': 2245}
[2021-03-10 09:32:20,249] I EventLoop.py | Kiwoom-_chejan_slot-1590 I DEBUG    > 잔고반영: {'현재가': 2250, '종목코드': '118000', '종목명': '우리들휴브레인', '보유수량': 2, '주문가능수량': 2, '매입단가': 2250, '총매입가': 4500, '매도매수구분': '매수', '(최우선)매도호가': 2250, '(최우선)매수호가': 2245}
[2021-03-10 09:32:21,858] I EventLoop.py | Kiwoom-_receive_real_data_slot-1461 I DEBUG    > 매수취소 전달 성공
[2021-03-10 09:32:22,024] I EventLoop.py | Kiwoom-_msg_slot-1612 I DEBUG    > 스크린: 6001, 요청이름: 매수취소, tr코드: KOA_NORMAL_KP_CANCEL, 시간: 2021-03-10 09:32:22 --- [00Z115] 모의투자 정상처리 되었습니다
[2021-03-10 09:32:22,050] I EventLoop.py | Kiwoom-_chejan_slot-1542 I DEBUG    > 접수, 확인, 체결 : {'종목코드': '118000', '주문번호': '0052134', '종목명': '우리들휴브레인', '주문상태': '접수', '주문수량': 279, '주문가격': 0, '미체결수량': 279, '원주문번호': '0052106', '주문구분': '매수취소', '주문/체결시간': '093222', '체결가': 0, '체결량': 0, '현재가': 2250, '(최우선)매도호가': 2250, '(최우선)매수호가': 2245}
[2021-03-10 09:32:22,051] I EventLoop.py | Kiwoom-_chejan_slot-1542 I DEBUG    > 접수, 확인, 체결 : {'종목코드': '118000', '주문번호': '0052134', '종목명': '우리들휴브레인', '주문상태': '확인', '주문수량': 279, '주문가격': 0, '미체결수량': 0, '원주문번호': '0052106', '주문구분': '매수취소', '주문/체결시간': '093222', '체결가': 0, '체결량': 0, '현재가': 2250, '(최우선)매도호가': 2250, '(최우선)매수호가': 2245}
[2021-03-10 09:32:22,052] I EventLoop.py | Kiwoom-_chejan_slot-1542 I DEBUG    > 접수, 확인, 체결 : {'종목코드': '118000', '주문번호': '0052106', '종목명': '우리들휴브레인', '주문상태': '체결', '주문수량': 281, '주문가격': 2250, '미체결수량': 0, '원주문번호': '0000000', '주문구분': '매수', '주문/체결시간': '093220', '체결가': 0, '체결량': 0, '현재가': 2250, '(최우선)매도호가': 2250, '(최우선)매수호가': 2245}
[2021-03-10 09:34:34,057] I Signal.py | Kiwoom-screen_number_real_time_setting-0259 I DEBUG    > 스크린 넘버 세팅 새로 들어온 종목: 217480, portfolio_stock_dict: {'매수매도': '매수'}
[2021-03-10 09:34:37,063] I Signal.py | Kiwoom-screen_number_real_time_setting-0306 I DEBUG    > 실시간 등록 코드: ;217480, 실시간 등록 리턴값: 0
[2021-03-10 09:35:22,354] I EventLoop.py | Kiwoom-_receive_real_data_slot-1425 I DEBUG    > 매수조건 통과 217480 
[2021-03-10 09:35:22,354] I EventLoop.py | Kiwoom-_receive_real_data_slot-1426 I DEBUG    > (최우선)매도호가 4920 
[2021-03-10 09:35:22,667] I EventLoop.py | Kiwoom-_receive_real_data_slot-1439 I DEBUG    > 코드 : 217480 매수주문 전달 성공
[2021-03-10 09:35:22,862] I EventLoop.py | Kiwoom-_msg_slot-1612 I DEBUG    > 스크린: 8006, 요청이름: 신규매수, tr코드: KOA_NORMAL_BUY_KQ_ORD, 시간: 2021-03-10 09:35:22 --- [00Z112] 모의투자 정상처리 되었습니다
[2021-03-10 09:35:22,952] I EventLoop.py | Kiwoom-_chejan_slot-1542 I DEBUG    > 접수, 확인, 체결 : {'종목코드': '217480', '주문번호': '0054624', '종목명': '에스디생명공학', '주문상태': '접수', '주문수량': 128, '주문가격': 4920, '미체결수량': 128, '원주문번호': '0000000', '주문구분': '매수', '주문/체결시간': '093522', '체결가': 0, '체결량': 0, '현재가': 4910, '(최우선)매도호가': 4920, '(최우선)매수호가': 4910}
[2021-03-10 09:35:26,657] I EventLoop.py | Kiwoom-_receive_real_data_slot-1461 I DEBUG    > 매수취소 전달 성공
[2021-03-10 09:35:26,963] I EventLoop.py | Kiwoom-_receive_real_data_slot-1461 I DEBUG    > 매수취소 전달 성공
[2021-03-10 09:35:26,963] I EventLoop.py | Kiwoom-_msg_slot-1612 I DEBUG    > 스크린: 6001, 요청이름: 매수취소, tr코드: KOA_NORMAL_KP_CANCEL, 시간: 2021-03-10 09:35:26 --- [00Z115] 모의투자 정상처리 되었습니다
[2021-03-10 09:35:26,967] I EventLoop.py | Kiwoom-_chejan_slot-1542 I DEBUG    > 접수, 확인, 체결 : {'종목코드': '217480', '주문번호': '0054671', '종목명': '에스디생명공학', '주문상태': '접수', '주문수량': 128, '주문가격': 0, '미체결수량': 128, '원주문번호': '0054624', '주문구분': '매수취소', '주문/체결시간': '093526', '체결가': 0, '체결량': 0, '현재가': 4910, '(최우선)매도호가': 4920, '(최우선)매수호가': 4910}
[2021-03-10 09:35:26,968] I EventLoop.py | Kiwoom-_chejan_slot-1542 I DEBUG    > 접수, 확인, 체결 : {'종목코드': '217480', '주문번호': '0054671', '종목명': '에스디생명공학', '주문상태': '확인', '주문수량': 128, '주문가격': 0, '미체결수량': 0, '원주문번호': '0054624', '주문구분': '매수취소', '주문/체결시간': '093526', '체결가': 0, '체결량': 0, '현재가': 4910, '(최우선)매도호가': 4920, '(최우선)매수호가': 4910}
[2021-03-10 09:35:26,969] I EventLoop.py | Kiwoom-_chejan_slot-1542 I DEBUG    > 접수, 확인, 체결 : {'종목코드': '217480', '주문번호': '0054624', '종목명': '에스디생명공학', '주문상태': '접수', '주문수량': 128, '주문가격': 4920, '미체결수량': 0, '원주문번호': '0000000', '주문구분': '매수', '주문/체결시간': '093522', '체결가': 0, '체결량': 0, '현재가': 4910, '(최우선)매도호가': 4920, '(최우선)매수호가': 4910}
[2021-03-10 09:35:26,980] I EventLoop.py | Kiwoom-_msg_slot-1612 I DEBUG    > 스크린: 6001, 요청이름: 매수취소, tr코드: KOA_NORMAL_KP_CANCEL, 시간: 2021-03-10 09:35:26 --- [00Z235] 모의투자 취소주문 수량 오류
[2021-03-10 11:40:29,189] I EventLoop.py | Kiwoom-_receive_real_data_slot-1355 I DEBUG    > 코드 : 027830 매도주문 전달 성공(계좌에 있던 거)
[2021-03-10 11:40:29,281] I EventLoop.py | Kiwoom-_msg_slot-1612 I DEBUG    > 스크린: 6001, 요청이름: 신규매도, tr코드: KOA_NORMAL_SELL_KQ_ORD, 시간: 2021-03-10 11:40:29 --- [00Z113] 모의투자 정상처리 되었습니다
[2021-03-10 11:40:29,380] I EventLoop.py | Kiwoom-_chejan_slot-1542 I DEBUG    > 접수, 확인, 체결 : {'종목코드': '027830', '주문번호': '0119437', '종목명': '대성창투', '주문상태': '접수', '주문수량': 22, '주문가격': 0, '미체결수량': 22, '원주문번호': '0000000', '주문구분': '매도', '주문/체결시간': '114028', '체결가': 0, '체결량': 0, '현재가': 2175, '(최우선)매도호가': 2190, '(최우선)매수호가': 2175}
[2021-03-10 11:40:29,382] I EventLoop.py | Kiwoom-_chejan_slot-1590 I DEBUG    > 잔고반영: {'현재가': 2175, '종목코드': '027830', '종목명': '대성창투', '보유수량': 22, '주문가능수량': 0, '매입단가': 2290, '총매입가': 50380, '매도매수구분': '매도', '(최우선)매도호가': 2190, '(최우선)매수호가': 2175}
[2021-03-10 11:40:29,483] I EventLoop.py | Kiwoom-_chejan_slot-1542 I DEBUG    > 접수, 확인, 체결 : {'종목코드': '027830', '주문번호': '0119437', '종목명': '대성창투', '주문상태': '체결', '주문수량': 22, '주문가격': 0, '미체결수량': 0, '원주문번호': '0000000', '주문구분': '매도', '주문/체결시간': '114028', '체결가': 2175, '체결량': 22, '현재가': 2175, '(최우선)매도호가': 2190, '(최우선)매수호가': 2175}
[2021-03-10 11:40:29,484] I EventLoop.py | Kiwoom-_chejan_slot-1590 I DEBUG    > 잔고반영: {'현재가': 2175, '종목코드': '027830', '종목명': '대성창투', '보유수량': 0, '주문가능수량': 0, '매입단가': 0, '총매입가': 0, '매도매수구분': '매도', '(최우선)매도호가': 2190, '(최우선)매수호가': 2175}
[2021-03-10 12:05:43,899] I EventLoop.py | Kiwoom-_receive_real_data_slot-1340 I DEBUG    > 코드 : 021080 매도주문 전달 성공(계좌에 있던 거)
[2021-03-10 12:05:43,965] I EventLoop.py | Kiwoom-_msg_slot-1612 I DEBUG    > 스크린: 6001, 요청이름: 신규매도, tr코드: KOA_NORMAL_SELL_KQ_ORD, 시간: 2021-03-10 12:05:43 --- [00Z113] 모의투자 정상처리 되었습니다
[2021-03-10 12:05:43,983] I EventLoop.py | Kiwoom-_chejan_slot-1542 I DEBUG    > 접수, 확인, 체결 : {'종목코드': '021080', '주문번호': '0127653', '종목명': '에이티넘인베스트', '주문상태': '접수', '주문수량': 245, '주문가격': 0, '미체결수량': 245, '원주문번호': '0000000', '주문구분': '매도', '주문/체결시간': '120543', '체결가': 0, '체결량': 0, '현재가': 2540, '(최우선)매도호가': 2540, '(최우선)매수호가': 2530}
[2021-03-10 12:05:43,985] I EventLoop.py | Kiwoom-_chejan_slot-1590 I DEBUG    > 잔고반영: {'현재가': 2540, '종목코드': '021080', '종목명': '에이티넘인베스트', '보유수량': 245, '주문가능수량': 0, '매입단가': 2415, '총매입가': 591675, '매도매수구분': '매도', '(최우선)매도호가': 2540, '(최우선)매수호가': 2530}
[2021-03-10 12:05:44,089] I EventLoop.py | Kiwoom-_chejan_slot-1542 I DEBUG    > 접수, 확인, 체결 : {'종목코드': '021080', '주문번호': '0127653', '종목명': '에이티넘인베스트', '주문상태': '체결', '주문수량': 245, '주문가격': 0, '미체결수량': 158, '원주문번호': '0000000', '주문구분': '매도', '주문/체결시간': '120543', '체결가': 2540, '체결량': 87, '현재가': 2530, '(최우선)매도호가': 2540, '(최우선)매수호가': 2530}
[2021-03-10 12:05:44,091] I EventLoop.py | Kiwoom-_chejan_slot-1590 I DEBUG    > 잔고반영: {'현재가': 2530, '종목코드': '021080', '종목명': '에이티넘인베스트', '보유수량': 158, '주문가능수량': 0, '매입단가': 2415, '총매입가': 381570, '매도매수구분': '매도', '(최우선)매도호가': 2540, '(최우선)매수호가': 2530}
[2021-03-10 12:05:44,178] I EventLoop.py | Kiwoom-_chejan_slot-1542 I DEBUG    > 접수, 확인, 체결 : {'종목코드': '021080', '주문번호': '0127653', '종목명': '에이티넘인베스트', '주문상태': '체결', '주문수량': 245, '주문가격': 0, '미체결수량': 89, '원주문번호': '0000000', '주문구분': '매도', '주문/체결시간': '120543', '체결가': 2536, '체결량': 156, '현재가': 2540, '(최우선)매도호가': 2540, '(최우선)매수호가': 2530}
[2021-03-10 12:05:44,180] I EventLoop.py | Kiwoom-_chejan_slot-1590 I DEBUG    > 잔고반영: {'현재가': 2540, '종목코드': '021080', '종목명': '에이티넘인베스트', '보유수량': 89, '주문가능수량': 0, '매입단가': 2415, '총매입가': 214935, '매도매수구분': '매도', '(최우선)매도호가': 2540, '(최우선)매수호가': 2530}
[2021-03-10 12:05:44,281] I EventLoop.py | Kiwoom-_chejan_slot-1542 I DEBUG    > 접수, 확인, 체결 : {'종목코드': '021080', '주문번호': '0127653', '종목명': '에이티넘인베스트', '주문상태': '체결', '주문수량': 245, '주문가격': 0, '미체결수량': 86, '원주문번호': '0000000', '주문구분': '매도', '주문/체결시간': '120543', '체결가': 2536, '체결량': 159, '현재가': 2530, '(최우선)매도호가': 2540, '(최우선)매수호가': 2530}
[2021-03-10 12:05:44,283] I EventLoop.py | Kiwoom-_chejan_slot-1590 I DEBUG    > 잔고반영: {'현재가': 2530, '종목코드': '021080', '종목명': '에이티넘인베스트', '보유수량': 86, '주문가능수량': 0, '매입단가': 2415, '총매입가': 207690, '매도매수구분': '매도', '(최우선)매도호가': 2540, '(최우선)매수호가': 2530}
[2021-03-10 12:05:44,682] I EventLoop.py | Kiwoom-_chejan_slot-1542 I DEBUG    > 접수, 확인, 체결 : {'종목코드': '021080', '주문번호': '0127653', '종목명': '에이티넘인베스트', '주문상태': '체결', '주문수량': 245, '주문가격': 0, '미체결수량': 0, '원주문번호': '0000000', '주문구분': '매도', '주문/체결시간': '120543', '체결가': 2534, '체결량': 245, '현재가': 2535, '(최우선)매도호가': 2540, '(최우선)매수호가': 2535}
[2021-03-10 12:05:44,684] I EventLoop.py | Kiwoom-_chejan_slot-1590 I DEBUG    > 잔고반영: {'현재가': 2535, '종목코드': '021080', '종목명': '에이티넘인베스트', '보유수량': 0, '주문가능수량': 0, '매입단가': 0, '총매입가': 0, '매도매수구분': '매도', '(최우선)매도호가': 2540, '(최우선)매수호가': 2535}
[2021-03-10 13:38:33,306] I EventLoop.py | Kiwoom-_receive_real_data_slot-1355 I DEBUG    > 코드 : 18064K 매도주문 전달 성공(계좌에 있던 거)
[2021-03-10 13:38:33,385] I EventLoop.py | Kiwoom-_msg_slot-1612 I DEBUG    > 스크린: 6001, 요청이름: 신규매도, tr코드: KOA_NORMAL_SELL_KQ_ORD, 시간: 2021-03-10 13:38:33 --- [00Z113] 모의투자 정상처리 되었습니다
[2021-03-10 13:38:33,393] I EventLoop.py | Kiwoom-_chejan_slot-1542 I DEBUG    > 접수, 확인, 체결 : {'종목코드': '18064K', '주문번호': '0161361', '종목명': '한진칼우', '주문상태': '접수', '주문수량': 3, '주문가격': 0, '미체결수량': 3, '원주문번호': '0000000', '주문구분': '매도', '주문/체결시간': '133831', '체결가': 0, '체결량': 0, '현재가': 38250, '(최우선)매도호가': 39000, '(최우선)매수호가': 38300}
[2021-03-10 13:38:33,395] I EventLoop.py | Kiwoom-_chejan_slot-1590 I DEBUG    > 잔고반영: {'현재가': 38250, '종목코드': '18064K', '종목명': '한진칼우', '보유수량': 3, '주문가능수량': 0, '매입단가': 40450, '총매입가': 121350, '매도매수구분': '매도', '(최우선)매도호가': 39000, '(최우선)매수호가': 38300}
[2021-03-10 13:38:33,496] I EventLoop.py | Kiwoom-_chejan_slot-1542 I DEBUG    > 접수, 확인, 체결 : {'종목코드': '18064K', '주문번호': '0161361', '종목명': '한진칼우', '주문상태': '체결', '주문수량': 3, '주문가격': 0, '미체결수량': 2, '원주문번호': '0000000', '주문구분': '매도', '주문/체결시간': '133831', '체결가': 38250, '체결량': 1, '현재가': 38250, '(최우선)매도호가': 39000, '(최우선)매수호가': 38300}
[2021-03-10 13:38:33,595] I EventLoop.py | Kiwoom-_chejan_slot-1590 I DEBUG    > 잔고반영: {'현재가': 38250, '종목코드': '18064K', '종목명': '한진칼우', '보유수량': 2, '주문가능수량': 0, '매입단가': 40450, '총매입가': 80900, '매도매수구분': '매도', '(최우선)매도호가': 39000, '(최우선)매수호가': 38300}
[2021-03-10 13:53:58,399] I EventLoop.py | Kiwoom-_chejan_slot-1542 I DEBUG    > 접수, 확인, 체결 : {'종목코드': '18064K', '주문번호': '0161361', '종목명': '한진칼우', '주문상태': '체결', '주문수량': 3, '주문가격': 0, '미체결수량': 1, '원주문번호': '0000000', '주문구분': '매도', '주문/체결시간': '135356', '체결가': 38500, '체결량': 2, '현재가': 38750, '(최우선)매도호가': 38800, '(최우선)매수호가': 38500}
[2021-03-10 13:53:58,400] I EventLoop.py | Kiwoom-_chejan_slot-1590 I DEBUG    > 잔고반영: {'현재가': 38750, '종목코드': '18064K', '종목명': '한진칼우', '보유수량': 1, '주문가능수량': 0, '매입단가': 40450, '총매입가': 40450, '매도매수구분': '매도', '(최우선)매도호가': 38800, '(최우선)매수호가': 38500}
[2021-03-10 13:59:46,097] I EventLoop.py | Kiwoom-_chejan_slot-1542 I DEBUG    > 접수, 확인, 체결 : {'종목코드': '18064K', '주문번호': '0161361', '종목명': '한진칼우', '주문상태': '체결', '주문수량': 3, '주문가격': 0, '미체결수량': 0, '원주문번호': '0000000', '주문구분': '매도', '주문/체결시간': '135943', '체결가': 38583, '체결량': 3, '현재가': 38750, '(최우선)매도호가': 38800, '(최우선)매수호가': 38500}
[2021-03-10 13:59:46,099] I EventLoop.py | Kiwoom-_chejan_slot-1590 I DEBUG    > 잔고반영: {'현재가': 38750, '종목코드': '18064K', '종목명': '한진칼우', '보유수량': 0, '주문가능수량': 0, '매입단가': 0, '총매입가': 0, '매도매수구분': '매도', '(최우선)매도호가': 38800, '(최우선)매수호가': 38500}
[2021-03-10 15:20:00,110] I EventLoop.py | Kiwoom-_receive_real_data_slot-0961 I DEBUG    > 장 종료, 동시호가로 넘어감
[2021-03-10 15:21:00,113] I EventLoop.py | Kiwoom-_receive_real_data_slot-0961 I DEBUG    > 장 종료, 동시호가로 넘어감
[2021-03-10 15:22:00,117] I EventLoop.py | Kiwoom-_receive_real_data_slot-0961 I DEBUG    > 장 종료, 동시호가로 넘어감
[2021-03-10 15:23:00,115] I EventLoop.py | Kiwoom-_receive_real_data_slot-0961 I DEBUG    > 장 종료, 동시호가로 넘어감
[2021-03-10 15:24:00,113] I EventLoop.py | Kiwoom-_receive_real_data_slot-0961 I DEBUG    > 장 종료, 동시호가로 넘어감
[2021-03-10 15:25:00,116] I EventLoop.py | Kiwoom-_receive_real_data_slot-0961 I DEBUG    > 장 종료, 동시호가로 넘어감
[2021-03-10 15:26:00,113] I EventLoop.py | Kiwoom-_receive_real_data_slot-0961 I DEBUG    > 장 종료, 동시호가로 넘어감
[2021-03-10 15:27:00,115] I EventLoop.py | Kiwoom-_receive_real_data_slot-0961 I DEBUG    > 장 종료, 동시호가로 넘어감
[2021-03-10 15:28:00,212] I EventLoop.py | Kiwoom-_receive_real_data_slot-0961 I DEBUG    > 장 종료, 동시호가로 넘어감
[2021-03-10 15:29:00,129] I EventLoop.py | Kiwoom-_receive_real_data_slot-0961 I DEBUG    > 장 종료, 동시호가로 넘어감
[2021-03-10 15:29:10,113] I EventLoop.py | Kiwoom-_receive_real_data_slot-0961 I DEBUG    > 장 종료, 동시호가로 넘어감
[2021-03-10 15:29:20,123] I EventLoop.py | Kiwoom-_receive_real_data_slot-0961 I DEBUG    > 장 종료, 동시호가로 넘어감
[2021-03-10 15:29:30,118] I EventLoop.py | Kiwoom-_receive_real_data_slot-0961 I DEBUG    > 장 종료, 동시호가로 넘어감
[2021-03-10 15:29:40,118] I EventLoop.py | Kiwoom-_receive_real_data_slot-0961 I DEBUG    > 장 종료, 동시호가로 넘어감
[2021-03-10 15:29:50,115] I EventLoop.py | Kiwoom-_receive_real_data_slot-0961 I DEBUG    > 장 종료, 동시호가로 넘어감
[2021-03-10 15:30:00,119] I EventLoop.py | Kiwoom-_receive_real_data_slot-0964 I DEBUG    > 3시30분 장 종료
[2021-03-10 17:02:15,320] I EventLoop.py | Kiwoom-_event_connect_slot-0109 I DEBUG    > 정상처리
[2021-03-10 17:26:06,523] I EventLoop.py | Kiwoom-_event_connect_slot-0109 I DEBUG    > 사용자정보교환실패
[2021-03-10 17:26:44,010] I EventLoop.py | Kiwoom-_event_connect_slot-0109 I DEBUG    > 정상처리
[2021-03-10 17:28:04,967] I EventLoop.py | Kiwoom-_event_connect_slot-0109 I DEBUG    > 정상처리
[2021-03-10 17:28:04,997] I EventLoop.py | Kiwoom-_msg_slot-1612 I DEBUG    > 스크린: 2000, 요청이름: 예수금상세현황요청, tr코드: opw00001, 시간: 2021-03-10 17:28:04 --- [00Z310] 모의투자 조회가 완료되었습니다
[2021-03-10 17:28:05,086] I EventLoop.py | Kiwoom-_msg_slot-1612 I DEBUG    > 스크린: 2000, 요청이름: 계좌평가잔고내역요청, tr코드: opw00018, 시간: 2021-03-10 17:28:05 --- [00Z310] 모의투자 조회가 완료되었습니다
[2021-03-10 17:28:05,098] I EventLoop.py | Kiwoom-_tr_data_slot-0223 I DEBUG    > 계좌평가잔고내역요청 싱글데이터 : 총매입금액 4818620, 총평가손익금액 -127690, 총수익률(%) -2.65
[2021-03-10 17:28:05,099] I EventLoop.py | Kiwoom-_tr_data_slot-0243 I DEBUG    > 종목코드: 005690 - 종목명: 파미셀 - 보유수량: 27 - 매입가: 16100 - 수익률: -5.25 - 현재가: 15400
[2021-03-10 17:28:05,100] I EventLoop.py | Kiwoom-_tr_data_slot-0243 I DEBUG    > 종목코드: 006370 - 종목명: 대구백화점 - 보유수량: 58 - 매입가: 9340 - 수익률: -5.40 - 현재가: 8920
[2021-03-10 17:28:05,101] I EventLoop.py | Kiwoom-_tr_data_slot-0243 I DEBUG    > 종목코드: 036120 - 종목명: SCI평가정보 - 보유수량: 1 - 매입가: 3975 - 수익률: .03 - 현재가: 4005
[2021-03-10 17:28:05,116] I EventLoop.py | Kiwoom-_tr_data_slot-0243 I DEBUG    > 종목코드: 036420 - 종목명: 제이콘텐트리 - 보유수량: 12 - 매입가: 47250 - 수익률: -1.35 - 현재가: 47050
[2021-03-10 17:28:05,120] I EventLoop.py | Kiwoom-_tr_data_slot-0243 I DEBUG    > 종목코드: 060240 - 종목명: 룽투코리아 - 보유수량: 120 - 매입가: 5240 - 수익률: -4.34 - 현재가: 5060
[2021-03-10 17:28:05,121] I EventLoop.py | Kiwoom-_tr_data_slot-0243 I DEBUG    > 종목코드: 080530 - 종목명: 코디 - 보유수량: 129 - 매입가: 1990 - 수익률: -2.17 - 현재가: 1965
[2021-03-10 17:28:05,122] I EventLoop.py | Kiwoom-_tr_data_slot-0243 I DEBUG    > 종목코드: 118000 - 종목명: 우리들휴브레인 - 보유수량: 2 - 매입가: 2250 - 수익률: -2.44 - 현재가: 2210
[2021-03-10 17:28:05,123] I EventLoop.py | Kiwoom-_tr_data_slot-0243 I DEBUG    > 종목코드: 133750 - 종목명: 메가엠디 - 보유수량: 154 - 매입가: 3830 - 수익률: -4.56 - 현재가: 3690
[2021-03-10 17:28:05,124] I EventLoop.py | Kiwoom-_tr_data_slot-0243 I DEBUG    > 종목코드: 182360 - 종목명: 큐브엔터 - 보유수량: 136 - 매입가: 3208 - 수익률: 4.40 - 현재가: 3380
[2021-03-10 17:28:05,125] I EventLoop.py | Kiwoom-_tr_data_slot-0243 I DEBUG    > 종목코드: 213090 - 종목명: 미래테크놀로지 - 보유수량: 51 - 매입가: 8480 - 수익률: -3.51 - 현재가: 8260
[2021-03-10 17:28:05,126] I EventLoop.py | Kiwoom-_tr_data_slot-0243 I DEBUG    > 종목코드: 333430 - 종목명: 미래에셋대우스팩4호 - 보유수량: 161 - 매입가: 2738 - 수익률: -1.58 - 현재가: 2720
[2021-03-10 17:28:05,127] I EventLoop.py | Kiwoom-_tr_data_slot-0243 I DEBUG    > 종목코드: 367340 - 종목명: DB금융스팩8호 - 보유수량: 233 - 매입가: 2067 - 수익률: -1.02 - 현재가: 2065
[2021-03-10 17:28:05,209] I EventLoop.py | Kiwoom-_msg_slot-1612 I DEBUG    > 스크린: , 요청이름: , tr코드: , 시간: 2021-03-10 17:28:05 ---  조회가 완료되었습니다.
