[2021-03-11 10:41:54,261] I EventLoop.py | Kiwoom-_event_connect_slot-0109 I DEBUG    > 정상처리
[2021-03-11 10:41:54,900] I EventLoop.py | Kiwoom-_msg_slot-1612 I DEBUG    > 스크린: 2000, 요청이름: 예수금상세현황요청, tr코드: opw00001, 시간: 2021-03-11 10:41:54 --- [00Z310] 모의투자 조회가 완료되었습니다
[2021-03-11 10:41:55,629] I EventLoop.py | Kiwoom-_msg_slot-1612 I DEBUG    > 스크린: 2000, 요청이름: 계좌평가잔고내역요청, tr코드: opw00018, 시간: 2021-03-11 10:41:55 --- [00Z310] 모의투자 조회가 완료되었습니다
[2021-03-11 10:41:55,632] I EventLoop.py | Kiwoom-_tr_data_slot-0223 I DEBUG    > 계좌평가잔고내역요청 싱글데이터 : 총매입금액 4818620, 총평가손익금액 -73894, 총수익률(%) -1.53
[2021-03-11 10:41:55,634] I EventLoop.py | Kiwoom-_tr_data_slot-0243 I DEBUG    > 종목코드: 005690 - 종목명: 파미셀 - 보유수량: 27 - 매입가: 16100 - 수익률: -4.32 - 현재가: 15550
[2021-03-11 10:41:55,635] I EventLoop.py | Kiwoom-_tr_data_slot-0243 I DEBUG    > 종목코드: 006370 - 종목명: 대구백화점 - 보유수량: 58 - 매입가: 9340 - 수익률: -5.61 - 현재가: 8900
[2021-03-11 10:41:55,637] I EventLoop.py | Kiwoom-_tr_data_slot-0243 I DEBUG    > 종목코드: 036120 - 종목명: SCI평가정보 - 보유수량: 1 - 매입가: 3975 - 수익률: -.48 - 현재가: 3985
[2021-03-11 10:41:55,638] I EventLoop.py | Kiwoom-_tr_data_slot-0243 I DEBUG    > 종목코드: 036420 - 종목명: 제이콘텐트리 - 보유수량: 12 - 매입가: 47250 - 수익률: -2.30 - 현재가: 46600
[2021-03-11 10:41:55,639] I EventLoop.py | Kiwoom-_tr_data_slot-0243 I DEBUG    > 종목코드: 060240 - 종목명: 룽투코리아 - 보유수량: 120 - 매입가: 5240 - 수익률: -2.83 - 현재가: 5140
[2021-03-11 10:41:55,641] I EventLoop.py | Kiwoom-_tr_data_slot-0243 I DEBUG    > 종목코드: 080530 - 종목명: 코디 - 보유수량: 129 - 매입가: 1990 - 수익률: -.92 - 현재가: 1990
[2021-03-11 10:41:55,642] I EventLoop.py | Kiwoom-_tr_data_slot-0243 I DEBUG    > 종목코드: 118000 - 종목명: 우리들휴브레인 - 보유수량: 2 - 매입가: 2250 - 수익률: 1.11 - 현재가: 2290
[2021-03-11 10:41:55,644] I EventLoop.py | Kiwoom-_tr_data_slot-0243 I DEBUG    > 종목코드: 133750 - 종목명: 메가엠디 - 보유수량: 154 - 매입가: 3830 - 수익률: -3.13 - 현재가: 3745
[2021-03-11 10:41:55,646] I EventLoop.py | Kiwoom-_tr_data_slot-0243 I DEBUG    > 종목코드: 182360 - 종목명: 큐브엔터 - 보유수량: 136 - 매입가: 3208 - 수익률: 6.88 - 현재가: 3460
[2021-03-11 10:41:55,648] I EventLoop.py | Kiwoom-_tr_data_slot-0243 I DEBUG    > 종목코드: 213090 - 종목명: 미래테크놀로지 - 보유수량: 51 - 매입가: 8480 - 수익률: -2.92 - 현재가: 8310
[2021-03-11 10:41:55,649] I EventLoop.py | Kiwoom-_tr_data_slot-0243 I DEBUG    > 종목코드: 333430 - 종목명: 미래에셋대우스팩4호 - 보유수량: 161 - 매입가: 2738 - 수익률: 3.32 - 현재가: 2855
[2021-03-11 10:41:55,651] I EventLoop.py | Kiwoom-_tr_data_slot-0243 I DEBUG    > 종목코드: 367340 - 종목명: DB금융스팩8호 - 보유수량: 233 - 매입가: 2067 - 수익률: -1.02 - 현재가: 2065
[2021-03-11 10:41:55,686] I EventLoop.py | Kiwoom-_msg_slot-1612 I DEBUG    > 스크린: , 요청이름: , tr코드: , 시간: 2021-03-11 10:41:55 ---  조회가 완료되었습니다.
[2021-03-11 10:54:56,489] I EventLoop.py | Kiwoom-_event_connect_slot-0109 I DEBUG    > 정상처리
[2021-03-11 10:54:56,763] I EventLoop.py | Kiwoom-_msg_slot-1612 I DEBUG    > 스크린: 2000, 요청이름: 예수금상세현황요청, tr코드: opw00001, 시간: 2021-03-11 10:54:56 --- [00Z310] 모의투자 조회가 완료되었습니다
[2021-03-11 10:54:57,833] I EventLoop.py | Kiwoom-_msg_slot-1612 I DEBUG    > 스크린: 2000, 요청이름: 계좌평가잔고내역요청, tr코드: opw00018, 시간: 2021-03-11 10:54:57 --- [00Z310] 모의투자 조회가 완료되었습니다
[2021-03-11 10:54:57,836] I EventLoop.py | Kiwoom-_tr_data_slot-0223 I DEBUG    > 계좌평가잔고내역요청 싱글데이터 : 총매입금액 4818620, 총평가손익금액 -86818, 총수익률(%) -1.80
[2021-03-11 10:54:57,837] I EventLoop.py | Kiwoom-_tr_data_slot-0243 I DEBUG    > 종목코드: 005690 - 종목명: 파미셀 - 보유수량: 27 - 매입가: 16100 - 수익률: -5.25 - 현재가: 15400
[2021-03-11 10:54:57,839] I EventLoop.py | Kiwoom-_tr_data_slot-0243 I DEBUG    > 종목코드: 006370 - 종목명: 대구백화점 - 보유수량: 58 - 매입가: 9340 - 수익률: -5.61 - 현재가: 8900
[2021-03-11 10:54:57,839] I EventLoop.py | Kiwoom-_tr_data_slot-0243 I DEBUG    > 종목코드: 036120 - 종목명: SCI평가정보 - 보유수량: 1 - 매입가: 3975 - 수익률: .03 - 현재가: 4005
[2021-03-11 10:54:57,839] I EventLoop.py | Kiwoom-_tr_data_slot-0243 I DEBUG    > 종목코드: 036420 - 종목명: 제이콘텐트리 - 보유수량: 12 - 매입가: 47250 - 수익률: -2.51 - 현재가: 46500
[2021-03-11 10:54:57,840] I EventLoop.py | Kiwoom-_tr_data_slot-0243 I DEBUG    > 종목코드: 060240 - 종목명: 룽투코리아 - 보유수량: 120 - 매입가: 5240 - 수익률: -2.83 - 현재가: 5140
[2021-03-11 10:54:57,840] I EventLoop.py | Kiwoom-_tr_data_slot-0243 I DEBUG    > 종목코드: 080530 - 종목명: 코디 - 보유수량: 129 - 매입가: 1990 - 수익률: -1.17 - 현재가: 1985
[2021-03-11 10:54:57,841] I EventLoop.py | Kiwoom-_tr_data_slot-0243 I DEBUG    > 종목코드: 118000 - 종목명: 우리들휴브레인 - 보유수량: 2 - 매입가: 2250 - 수익률: 1.56 - 현재가: 2300
[2021-03-11 10:54:57,841] I EventLoop.py | Kiwoom-_tr_data_slot-0243 I DEBUG    > 종목코드: 133750 - 종목명: 메가엠디 - 보유수량: 154 - 매입가: 3830 - 수익률: -3.39 - 현재가: 3735
[2021-03-11 10:54:57,842] I EventLoop.py | Kiwoom-_tr_data_slot-0243 I DEBUG    > 종목코드: 182360 - 종목명: 큐브엔터 - 보유수량: 136 - 매입가: 3208 - 수익률: 6.26 - 현재가: 3440
[2021-03-11 10:54:57,843] I EventLoop.py | Kiwoom-_tr_data_slot-0243 I DEBUG    > 종목코드: 213090 - 종목명: 미래테크놀로지 - 보유수량: 51 - 매입가: 8480 - 수익률: -2.10 - 현재가: 8380
[2021-03-11 10:54:57,843] I EventLoop.py | Kiwoom-_tr_data_slot-0243 I DEBUG    > 종목코드: 333430 - 종목명: 미래에셋대우스팩4호 - 보유수량: 161 - 매입가: 2738 - 수익률: 1.87 - 현재가: 2815
[2021-03-11 10:54:57,844] I EventLoop.py | Kiwoom-_tr_data_slot-0243 I DEBUG    > 종목코드: 367340 - 종목명: DB금융스팩8호 - 보유수량: 233 - 매입가: 2067 - 수익률: -1.02 - 현재가: 2065
[2021-03-11 10:54:57,878] I EventLoop.py | Kiwoom-_msg_slot-1612 I DEBUG    > 스크린: , 요청이름: , tr코드: , 시간: 2021-03-11 10:54:57 ---  조회가 완료되었습니다.
[2021-03-11 10:57:30,806] I EventLoop.py | Kiwoom-_event_connect_slot-0109 I DEBUG    > 정상처리
[2021-03-11 10:57:31,237] I EventLoop.py | Kiwoom-_msg_slot-1612 I DEBUG    > 스크린: 2000, 요청이름: 예수금상세현황요청, tr코드: opw00001, 시간: 2021-03-11 10:57:31 --- [00Z310] 모의투자 조회가 완료되었습니다
[2021-03-11 10:57:32,890] I EventLoop.py | Kiwoom-_msg_slot-1612 I DEBUG    > 스크린: 2000, 요청이름: 계좌평가잔고내역요청, tr코드: opw00018, 시간: 2021-03-11 10:57:32 --- [00Z310] 모의투자 조회가 완료되었습니다
[2021-03-11 10:57:32,892] I EventLoop.py | Kiwoom-_tr_data_slot-0223 I DEBUG    > 계좌평가잔고내역요청 싱글데이터 : 총매입금액 4818620, 총평가손익금액 -79190, 총수익률(%) -1.64
[2021-03-11 10:57:32,894] I EventLoop.py | Kiwoom-_tr_data_slot-0243 I DEBUG    > 종목코드: 005690 - 종목명: 파미셀 - 보유수량: 27 - 매입가: 16100 - 수익률: -4.94 - 현재가: 15450
[2021-03-11 10:57:32,895] I EventLoop.py | Kiwoom-_tr_data_slot-0243 I DEBUG    > 종목코드: 006370 - 종목명: 대구백화점 - 보유수량: 58 - 매입가: 9340 - 수익률: -5.61 - 현재가: 8900
[2021-03-11 10:57:32,896] I EventLoop.py | Kiwoom-_tr_data_slot-0243 I DEBUG    > 종목코드: 036120 - 종목명: SCI평가정보 - 보유수량: 1 - 매입가: 3975 - 수익률: .28 - 현재가: 4015
[2021-03-11 10:57:32,897] I EventLoop.py | Kiwoom-_tr_data_slot-0243 I DEBUG    > 종목코드: 036420 - 종목명: 제이콘텐트리 - 보유수량: 12 - 매입가: 47250 - 수익률: -2.51 - 현재가: 46500
[2021-03-11 10:57:32,899] I EventLoop.py | Kiwoom-_tr_data_slot-0243 I DEBUG    > 종목코드: 060240 - 종목명: 룽투코리아 - 보유수량: 120 - 매입가: 5240 - 수익률: -2.83 - 현재가: 5140
[2021-03-11 10:57:32,901] I EventLoop.py | Kiwoom-_tr_data_slot-0243 I DEBUG    > 종목코드: 080530 - 종목명: 코디 - 보유수량: 129 - 매입가: 1990 - 수익률: -1.17 - 현재가: 1985
[2021-03-11 10:57:32,903] I EventLoop.py | Kiwoom-_tr_data_slot-0243 I DEBUG    > 종목코드: 118000 - 종목명: 우리들휴브레인 - 보유수량: 2 - 매입가: 2250 - 수익률: 1.56 - 현재가: 2300
[2021-03-11 10:57:32,904] I EventLoop.py | Kiwoom-_tr_data_slot-0243 I DEBUG    > 종목코드: 133750 - 종목명: 메가엠디 - 보유수량: 154 - 매입가: 3830 - 수익률: -3.39 - 현재가: 3735
[2021-03-11 10:57:32,905] I EventLoop.py | Kiwoom-_tr_data_slot-0243 I DEBUG    > 종목코드: 182360 - 종목명: 큐브엔터 - 보유수량: 136 - 매입가: 3208 - 수익률: 6.42 - 현재가: 3445
[2021-03-11 10:57:32,907] I EventLoop.py | Kiwoom-_tr_data_slot-0243 I DEBUG    > 종목코드: 213090 - 종목명: 미래테크놀로지 - 보유수량: 51 - 매입가: 8480 - 수익률: -2.10 - 현재가: 8380
[2021-03-11 10:57:32,909] I EventLoop.py | Kiwoom-_tr_data_slot-0243 I DEBUG    > 종목코드: 333430 - 종목명: 미래에셋대우스팩4호 - 보유수량: 161 - 매입가: 2738 - 수익률: 3.14 - 현재가: 2850
[2021-03-11 10:57:32,911] I EventLoop.py | Kiwoom-_tr_data_slot-0243 I DEBUG    > 종목코드: 367340 - 종목명: DB금융스팩8호 - 보유수량: 233 - 매입가: 2067 - 수익률: -1.02 - 현재가: 2065
[2021-03-11 10:57:32,946] I EventLoop.py | Kiwoom-_msg_slot-1612 I DEBUG    > 스크린: , 요청이름: , tr코드: , 시간: 2021-03-11 10:57:32 ---  조회가 완료되었습니다.
[2021-03-11 10:58:30,713] I EventLoop.py | Kiwoom-_event_connect_slot-0109 I DEBUG    > 정상처리
[2021-03-11 10:58:31,095] I EventLoop.py | Kiwoom-_msg_slot-1612 I DEBUG    > 스크린: 2000, 요청이름: 예수금상세현황요청, tr코드: opw00001, 시간: 2021-03-11 10:58:31 --- [00Z310] 모의투자 조회가 완료되었습니다
[2021-03-11 10:58:32,428] I EventLoop.py | Kiwoom-_msg_slot-1612 I DEBUG    > 스크린: 2000, 요청이름: 계좌평가잔고내역요청, tr코드: opw00018, 시간: 2021-03-11 10:58:32 --- [00Z310] 모의투자 조회가 완료되었습니다
[2021-03-11 10:58:32,430] I EventLoop.py | Kiwoom-_tr_data_slot-0223 I DEBUG    > 계좌평가잔고내역요청 싱글데이터 : 총매입금액 4818620, 총평가손익금액 -81894, 총수익률(%) -1.70
[2021-03-11 10:58:32,431] I EventLoop.py | Kiwoom-_tr_data_slot-0243 I DEBUG    > 종목코드: 005690 - 종목명: 파미셀 - 보유수량: 27 - 매입가: 16100 - 수익률: -4.94 - 현재가: 15450
[2021-03-11 10:58:32,432] I EventLoop.py | Kiwoom-_tr_data_slot-0243 I DEBUG    > 종목코드: 006370 - 종목명: 대구백화점 - 보유수량: 58 - 매입가: 9340 - 수익률: -5.61 - 현재가: 8900
[2021-03-11 10:58:32,432] I EventLoop.py | Kiwoom-_tr_data_slot-0243 I DEBUG    > 종목코드: 036120 - 종목명: SCI평가정보 - 보유수량: 1 - 매입가: 3975 - 수익률: .28 - 현재가: 4015
[2021-03-11 10:58:32,433] I EventLoop.py | Kiwoom-_tr_data_slot-0243 I DEBUG    > 종목코드: 036420 - 종목명: 제이콘텐트리 - 보유수량: 12 - 매입가: 47250 - 수익률: -2.72 - 현재가: 46400
[2021-03-11 10:58:32,433] I EventLoop.py | Kiwoom-_tr_data_slot-0243 I DEBUG    > 종목코드: 060240 - 종목명: 룽투코리아 - 보유수량: 120 - 매입가: 5240 - 수익률: -2.83 - 현재가: 5140
[2021-03-11 10:58:32,434] I EventLoop.py | Kiwoom-_tr_data_slot-0243 I DEBUG    > 종목코드: 080530 - 종목명: 코디 - 보유수량: 129 - 매입가: 1990 - 수익률: -1.17 - 현재가: 1985
[2021-03-11 10:58:32,434] I EventLoop.py | Kiwoom-_tr_data_slot-0243 I DEBUG    > 종목코드: 118000 - 종목명: 우리들휴브레인 - 보유수량: 2 - 매입가: 2250 - 수익률: 1.78 - 현재가: 2305
[2021-03-11 10:58:32,435] I EventLoop.py | Kiwoom-_tr_data_slot-0243 I DEBUG    > 종목코드: 133750 - 종목명: 메가엠디 - 보유수량: 154 - 매입가: 3830 - 수익률: -3.65 - 현재가: 3725
[2021-03-11 10:58:32,435] I EventLoop.py | Kiwoom-_tr_data_slot-0243 I DEBUG    > 종목코드: 182360 - 종목명: 큐브엔터 - 보유수량: 136 - 매입가: 3208 - 수익률: 6.42 - 현재가: 3445
[2021-03-11 10:58:32,436] I EventLoop.py | Kiwoom-_tr_data_slot-0243 I DEBUG    > 종목코드: 213090 - 종목명: 미래테크놀로지 - 보유수량: 51 - 매입가: 8480 - 수익률: -2.10 - 현재가: 8380
[2021-03-11 10:58:32,437] I EventLoop.py | Kiwoom-_tr_data_slot-0243 I DEBUG    > 종목코드: 333430 - 종목명: 미래에셋대우스팩4호 - 보유수량: 161 - 매입가: 2738 - 수익률: 3.14 - 현재가: 2850
[2021-03-11 10:58:32,438] I EventLoop.py | Kiwoom-_tr_data_slot-0243 I DEBUG    > 종목코드: 367340 - 종목명: DB금융스팩8호 - 보유수량: 233 - 매입가: 2067 - 수익률: -1.02 - 현재가: 2065
[2021-03-11 10:58:32,462] I EventLoop.py | Kiwoom-_msg_slot-1612 I DEBUG    > 스크린: , 요청이름: , tr코드: , 시간: 2021-03-11 10:58:32 ---  조회가 완료되었습니다.
[2021-03-11 10:59:23,921] I EventLoop.py | Kiwoom-_event_connect_slot-0109 I DEBUG    > 정상처리
[2021-03-11 10:59:24,339] I EventLoop.py | Kiwoom-_msg_slot-1612 I DEBUG    > 스크린: 2000, 요청이름: 예수금상세현황요청, tr코드: opw00001, 시간: 2021-03-11 10:59:24 --- [00Z310] 모의투자 조회가 완료되었습니다
[2021-03-11 10:59:25,486] I EventLoop.py | Kiwoom-_msg_slot-1612 I DEBUG    > 스크린: 2000, 요청이름: 계좌평가잔고내역요청, tr코드: opw00018, 시간: 2021-03-11 10:59:25 --- [00Z310] 모의투자 조회가 완료되었습니다
[2021-03-11 10:59:25,489] I EventLoop.py | Kiwoom-_tr_data_slot-0223 I DEBUG    > 계좌평가잔고내역요청 싱글데이터 : 총매입금액 4818620, 총평가손익금액 -79788, 총수익률(%) -1.66
[2021-03-11 10:59:25,490] I EventLoop.py | Kiwoom-_tr_data_slot-0243 I DEBUG    > 종목코드: 005690 - 종목명: 파미셀 - 보유수량: 27 - 매입가: 16100 - 수익률: -4.94 - 현재가: 15450
[2021-03-11 10:59:25,491] I EventLoop.py | Kiwoom-_tr_data_slot-0243 I DEBUG    > 종목코드: 006370 - 종목명: 대구백화점 - 보유수량: 58 - 매입가: 9340 - 수익률: -5.61 - 현재가: 8900
[2021-03-11 10:59:25,493] I EventLoop.py | Kiwoom-_tr_data_slot-0243 I DEBUG    > 종목코드: 036120 - 종목명: SCI평가정보 - 보유수량: 1 - 매입가: 3975 - 수익률: .03 - 현재가: 4005
[2021-03-11 10:59:25,494] I EventLoop.py | Kiwoom-_tr_data_slot-0243 I DEBUG    > 종목코드: 036420 - 종목명: 제이콘텐트리 - 보유수량: 12 - 매입가: 47250 - 수익률: -2.61 - 현재가: 46450
[2021-03-11 10:59:25,495] I EventLoop.py | Kiwoom-_tr_data_slot-0243 I DEBUG    > 종목코드: 060240 - 종목명: 룽투코리아 - 보유수량: 120 - 매입가: 5240 - 수익률: -2.83 - 현재가: 5140
[2021-03-11 10:59:25,496] I EventLoop.py | Kiwoom-_tr_data_slot-0243 I DEBUG    > 종목코드: 080530 - 종목명: 코디 - 보유수량: 129 - 매입가: 1990 - 수익률: -1.17 - 현재가: 1985
[2021-03-11 10:59:25,496] I EventLoop.py | Kiwoom-_tr_data_slot-0243 I DEBUG    > 종목코드: 118000 - 종목명: 우리들휴브레인 - 보유수량: 2 - 매입가: 2250 - 수익률: 1.78 - 현재가: 2305
[2021-03-11 10:59:25,497] I EventLoop.py | Kiwoom-_tr_data_slot-0243 I DEBUG    > 종목코드: 133750 - 종목명: 메가엠디 - 보유수량: 154 - 매입가: 3830 - 수익률: -3.39 - 현재가: 3735
[2021-03-11 10:59:25,498] I EventLoop.py | Kiwoom-_tr_data_slot-0243 I DEBUG    > 종목코드: 182360 - 종목명: 큐브엔터 - 보유수량: 136 - 매입가: 3208 - 수익률: 6.42 - 현재가: 3445
[2021-03-11 10:59:25,499] I EventLoop.py | Kiwoom-_tr_data_slot-0243 I DEBUG    > 종목코드: 213090 - 종목명: 미래테크놀로지 - 보유수량: 51 - 매입가: 8480 - 수익률: -2.10 - 현재가: 8380
[2021-03-11 10:59:25,501] I EventLoop.py | Kiwoom-_tr_data_slot-0243 I DEBUG    > 종목코드: 333430 - 종목명: 미래에셋대우스팩4호 - 보유수량: 161 - 매입가: 2738 - 수익률: 3.14 - 현재가: 2850
[2021-03-11 10:59:25,502] I EventLoop.py | Kiwoom-_tr_data_slot-0243 I DEBUG    > 종목코드: 367340 - 종목명: DB금융스팩8호 - 보유수량: 233 - 매입가: 2067 - 수익률: -1.02 - 현재가: 2065
[2021-03-11 10:59:25,537] I EventLoop.py | Kiwoom-_msg_slot-1612 I DEBUG    > 스크린: , 요청이름: , tr코드: , 시간: 2021-03-11 10:59:25 ---  조회가 완료되었습니다.
[2021-03-11 11:02:28,036] I EventLoop.py | Kiwoom-_event_connect_slot-0109 I DEBUG    > 정상처리
[2021-03-11 11:02:28,104] I EventLoop.py | Kiwoom-_msg_slot-1612 I DEBUG    > 스크린: 2000, 요청이름: 예수금상세현황요청, tr코드: opw00001, 시간: 2021-03-11 11:02:28 --- [00Z310] 모의투자 조회가 완료되었습니다
[2021-03-11 11:02:28,878] I EventLoop.py | Kiwoom-_msg_slot-1612 I DEBUG    > 스크린: 2000, 요청이름: 계좌평가잔고내역요청, tr코드: opw00018, 시간: 2021-03-11 11:02:28 --- [00Z310] 모의투자 조회가 완료되었습니다
[2021-03-11 11:02:28,881] I EventLoop.py | Kiwoom-_tr_data_slot-0223 I DEBUG    > 계좌평가잔고내역요청 싱글데이터 : 총매입금액 4818620, 총평가손익금액 -77279, 총수익률(%) -1.60
[2021-03-11 11:02:28,881] I EventLoop.py | Kiwoom-_tr_data_slot-0243 I DEBUG    > 종목코드: 005690 - 종목명: 파미셀 - 보유수량: 27 - 매입가: 16100 - 수익률: -4.63 - 현재가: 15500
[2021-03-11 11:02:28,882] I EventLoop.py | Kiwoom-_tr_data_slot-0243 I DEBUG    > 종목코드: 006370 - 종목명: 대구백화점 - 보유수량: 58 - 매입가: 9340 - 수익률: -5.61 - 현재가: 8900
[2021-03-11 11:02:28,883] I EventLoop.py | Kiwoom-_tr_data_slot-0243 I DEBUG    > 종목코드: 036120 - 종목명: SCI평가정보 - 보유수량: 1 - 매입가: 3975 - 수익률: .03 - 현재가: 4005
[2021-03-11 11:02:28,884] I EventLoop.py | Kiwoom-_tr_data_slot-0243 I DEBUG    > 종목코드: 036420 - 종목명: 제이콘텐트리 - 보유수량: 12 - 매입가: 47250 - 수익률: -2.40 - 현재가: 46550
[2021-03-11 11:02:28,885] I EventLoop.py | Kiwoom-_tr_data_slot-0243 I DEBUG    > 종목코드: 060240 - 종목명: 룽투코리아 - 보유수량: 120 - 매입가: 5240 - 수익률: -2.83 - 현재가: 5140
[2021-03-11 11:02:28,886] I EventLoop.py | Kiwoom-_tr_data_slot-0243 I DEBUG    > 종목코드: 080530 - 종목명: 코디 - 보유수량: 129 - 매입가: 1990 - 수익률: -1.17 - 현재가: 1985
[2021-03-11 11:02:28,887] I EventLoop.py | Kiwoom-_tr_data_slot-0243 I DEBUG    > 종목코드: 118000 - 종목명: 우리들휴브레인 - 보유수량: 2 - 매입가: 2250 - 수익률: 1.78 - 현재가: 2305
[2021-03-11 11:02:28,888] I EventLoop.py | Kiwoom-_tr_data_slot-0243 I DEBUG    > 종목코드: 133750 - 종목명: 메가엠디 - 보유수량: 154 - 매입가: 3830 - 수익률: -3.26 - 현재가: 3740
[2021-03-11 11:02:28,890] I EventLoop.py | Kiwoom-_tr_data_slot-0243 I DEBUG    > 종목코드: 182360 - 종목명: 큐브엔터 - 보유수량: 136 - 매입가: 3208 - 수익률: 6.42 - 현재가: 3445
[2021-03-11 11:02:28,892] I EventLoop.py | Kiwoom-_tr_data_slot-0243 I DEBUG    > 종목코드: 213090 - 종목명: 미래테크놀로지 - 보유수량: 51 - 매입가: 8480 - 수익률: -2.10 - 현재가: 8380
[2021-03-11 11:02:28,893] I EventLoop.py | Kiwoom-_tr_data_slot-0243 I DEBUG    > 종목코드: 333430 - 종목명: 미래에셋대우스팩4호 - 보유수량: 161 - 매입가: 2738 - 수익률: 2.96 - 현재가: 2845
[2021-03-11 11:02:28,895] I EventLoop.py | Kiwoom-_tr_data_slot-0243 I DEBUG    > 종목코드: 367340 - 종목명: DB금융스팩8호 - 보유수량: 233 - 매입가: 2067 - 수익률: -1.02 - 현재가: 2065
[2021-03-11 11:02:28,929] I EventLoop.py | Kiwoom-_msg_slot-1612 I DEBUG    > 스크린: , 요청이름: , tr코드: , 시간: 2021-03-11 11:02:28 ---  조회가 완료되었습니다.
[2021-03-11 11:03:43,912] I EventLoop.py | Kiwoom-_event_connect_slot-0109 I DEBUG    > 정상처리
[2021-03-11 11:03:44,634] I EventLoop.py | Kiwoom-_msg_slot-1612 I DEBUG    > 스크린: 2000, 요청이름: 예수금상세현황요청, tr코드: opw00001, 시간: 2021-03-11 11:03:44 --- [00Z310] 모의투자 조회가 완료되었습니다
[2021-03-11 11:03:46,106] I EventLoop.py | Kiwoom-_msg_slot-1612 I DEBUG    > 스크린: 2000, 요청이름: 계좌평가잔고내역요청, tr코드: opw00018, 시간: 2021-03-11 11:03:46 --- [00Z310] 모의투자 조회가 완료되었습니다
[2021-03-11 11:03:46,109] I EventLoop.py | Kiwoom-_tr_data_slot-0223 I DEBUG    > 계좌평가잔고내역요청 싱글데이터 : 총매입금액 4818620, 총평가손익금액 -81157, 총수익률(%) -1.68
[2021-03-11 11:03:46,109] I EventLoop.py | Kiwoom-_tr_data_slot-0243 I DEBUG    > 종목코드: 005690 - 종목명: 파미셀 - 보유수량: 27 - 매입가: 16100 - 수익률: -4.94 - 현재가: 15450
[2021-03-11 11:03:46,110] I EventLoop.py | Kiwoom-_tr_data_slot-0243 I DEBUG    > 종목코드: 006370 - 종목명: 대구백화점 - 보유수량: 58 - 매입가: 9340 - 수익률: -5.61 - 현재가: 8900
[2021-03-11 11:03:46,111] I EventLoop.py | Kiwoom-_tr_data_slot-0243 I DEBUG    > 종목코드: 036120 - 종목명: SCI평가정보 - 보유수량: 1 - 매입가: 3975 - 수익률: .03 - 현재가: 4005
[2021-03-11 11:03:46,112] I EventLoop.py | Kiwoom-_tr_data_slot-0243 I DEBUG    > 종목코드: 036420 - 종목명: 제이콘텐트리 - 보유수량: 12 - 매입가: 47250 - 수익률: -2.51 - 현재가: 46500
[2021-03-11 11:03:46,112] I EventLoop.py | Kiwoom-_tr_data_slot-0243 I DEBUG    > 종목코드: 060240 - 종목명: 룽투코리아 - 보유수량: 120 - 매입가: 5240 - 수익률: -2.83 - 현재가: 5140
[2021-03-11 11:03:46,114] I EventLoop.py | Kiwoom-_tr_data_slot-0243 I DEBUG    > 종목코드: 080530 - 종목명: 코디 - 보유수량: 129 - 매입가: 1990 - 수익률: -.43 - 현재가: 2000
[2021-03-11 11:03:46,115] I EventLoop.py | Kiwoom-_tr_data_slot-0243 I DEBUG    > 종목코드: 118000 - 종목명: 우리들휴브레인 - 보유수량: 2 - 매입가: 2250 - 수익률: 2.00 - 현재가: 2310
[2021-03-11 11:03:46,115] I EventLoop.py | Kiwoom-_tr_data_slot-0243 I DEBUG    > 종목코드: 133750 - 종목명: 메가엠디 - 보유수량: 154 - 매입가: 3830 - 수익률: -2.88 - 현재가: 3755
[2021-03-11 11:03:46,116] I EventLoop.py | Kiwoom-_tr_data_slot-0243 I DEBUG    > 종목코드: 182360 - 종목명: 큐브엔터 - 보유수량: 136 - 매입가: 3208 - 수익률: 6.11 - 현재가: 3435
[2021-03-11 11:03:46,118] I EventLoop.py | Kiwoom-_tr_data_slot-0243 I DEBUG    > 종목코드: 213090 - 종목명: 미래테크놀로지 - 보유수량: 51 - 매입가: 8480 - 수익률: -2.10 - 현재가: 8380
[2021-03-11 11:03:46,118] I EventLoop.py | Kiwoom-_tr_data_slot-0243 I DEBUG    > 종목코드: 333430 - 종목명: 미래에셋대우스팩4호 - 보유수량: 161 - 매입가: 2738 - 수익률: 1.87 - 현재가: 2815
[2021-03-11 11:03:46,119] I EventLoop.py | Kiwoom-_tr_data_slot-0243 I DEBUG    > 종목코드: 367340 - 종목명: DB금융스팩8호 - 보유수량: 233 - 매입가: 2067 - 수익률: -1.02 - 현재가: 2065
[2021-03-11 11:03:46,142] I EventLoop.py | Kiwoom-_msg_slot-1612 I DEBUG    > 스크린: , 요청이름: , tr코드: , 시간: 2021-03-11 11:03:46 ---  조회가 완료되었습니다.
[2021-03-11 11:04:14,519] I EventLoop.py | Kiwoom-_event_connect_slot-0109 I DEBUG    > 정상처리
[2021-03-11 11:04:55,742] I EventLoop.py | Kiwoom-_event_connect_slot-0109 I DEBUG    > 정상처리
[2021-03-11 11:04:56,098] I EventLoop.py | Kiwoom-_msg_slot-1612 I DEBUG    > 스크린: 2000, 요청이름: 예수금상세현황요청, tr코드: opw00001, 시간: 2021-03-11 11:04:56 --- [00Z310] 모의투자 조회가 완료되었습니다
[2021-03-11 11:04:57,344] I EventLoop.py | Kiwoom-_msg_slot-1612 I DEBUG    > 스크린: 2000, 요청이름: 계좌평가잔고내역요청, tr코드: opw00018, 시간: 2021-03-11 11:04:57 --- [00Z310] 모의투자 조회가 완료되었습니다
[2021-03-11 11:04:57,347] I EventLoop.py | Kiwoom-_tr_data_slot-0223 I DEBUG    > 계좌평가잔고내역요청 싱글데이터 : 총매입금액 4818620, 총평가손익금액 -80334, 총수익률(%) -1.67
[2021-03-11 11:04:57,348] I EventLoop.py | Kiwoom-_tr_data_slot-0243 I DEBUG    > 종목코드: 005690 - 종목명: 파미셀 - 보유수량: 27 - 매입가: 16100 - 수익률: -4.63 - 현재가: 15500
[2021-03-11 11:04:57,349] I EventLoop.py | Kiwoom-_tr_data_slot-0243 I DEBUG    > 종목코드: 006370 - 종목명: 대구백화점 - 보유수량: 58 - 매입가: 9340 - 수익률: -5.61 - 현재가: 8900
[2021-03-11 11:04:57,350] I EventLoop.py | Kiwoom-_tr_data_slot-0243 I DEBUG    > 종목코드: 036120 - 종목명: SCI평가정보 - 보유수량: 1 - 매입가: 3975 - 수익률: -.10 - 현재가: 4000
[2021-03-11 11:04:57,352] I EventLoop.py | Kiwoom-_tr_data_slot-0243 I DEBUG    > 종목코드: 036420 - 종목명: 제이콘텐트리 - 보유수량: 12 - 매입가: 47250 - 수익률: -2.72 - 현재가: 46400
[2021-03-11 11:04:57,353] I EventLoop.py | Kiwoom-_tr_data_slot-0243 I DEBUG    > 종목코드: 060240 - 종목명: 룽투코리아 - 보유수량: 120 - 매입가: 5240 - 수익률: -2.83 - 현재가: 5140
[2021-03-11 11:04:57,353] I EventLoop.py | Kiwoom-_tr_data_slot-0243 I DEBUG    > 종목코드: 080530 - 종목명: 코디 - 보유수량: 129 - 매입가: 1990 - 수익률: -.43 - 현재가: 2000
[2021-03-11 11:04:57,354] I EventLoop.py | Kiwoom-_tr_data_slot-0243 I DEBUG    > 종목코드: 118000 - 종목명: 우리들휴브레인 - 보유수량: 2 - 매입가: 2250 - 수익률: 1.78 - 현재가: 2305
[2021-03-11 11:04:57,354] I EventLoop.py | Kiwoom-_tr_data_slot-0243 I DEBUG    > 종목코드: 133750 - 종목명: 메가엠디 - 보유수량: 154 - 매입가: 3830 - 수익률: -2.88 - 현재가: 3755
[2021-03-11 11:04:57,355] I EventLoop.py | Kiwoom-_tr_data_slot-0243 I DEBUG    > 종목코드: 182360 - 종목명: 큐브엔터 - 보유수량: 136 - 매입가: 3208 - 수익률: 6.26 - 현재가: 3440
[2021-03-11 11:04:57,355] I EventLoop.py | Kiwoom-_tr_data_slot-0243 I DEBUG    > 종목코드: 213090 - 종목명: 미래테크놀로지 - 보유수량: 51 - 매입가: 8480 - 수익률: -2.10 - 현재가: 8380
[2021-03-11 11:04:57,356] I EventLoop.py | Kiwoom-_tr_data_slot-0243 I DEBUG    > 종목코드: 333430 - 종목명: 미래에셋대우스팩4호 - 보유수량: 161 - 매입가: 2738 - 수익률: 1.87 - 현재가: 2815
[2021-03-11 11:04:57,356] I EventLoop.py | Kiwoom-_tr_data_slot-0243 I DEBUG    > 종목코드: 367340 - 종목명: DB금융스팩8호 - 보유수량: 233 - 매입가: 2067 - 수익률: -1.02 - 현재가: 2065
[2021-03-11 11:04:57,390] I EventLoop.py | Kiwoom-_msg_slot-1612 I DEBUG    > 스크린: , 요청이름: , tr코드: , 시간: 2021-03-11 11:04:57 ---  조회가 완료되었습니다.
[2021-03-11 12:21:05,702] I EventLoop.py | Kiwoom-_event_connect_slot-0109 I DEBUG    > 정상처리
[2021-03-11 12:21:05,732] I EventLoop.py | Kiwoom-_msg_slot-1612 I DEBUG    > 스크린: 2000, 요청이름: 예수금상세현황요청, tr코드: opw00001, 시간: 2021-03-11 12:21:05 --- [00Z310] 모의투자 조회가 완료되었습니다
[2021-03-11 12:21:06,535] I EventLoop.py | Kiwoom-_msg_slot-1612 I DEBUG    > 스크린: 2000, 요청이름: 계좌평가잔고내역요청, tr코드: opw00018, 시간: 2021-03-11 12:21:06 --- [00Z310] 모의투자 조회가 완료되었습니다
[2021-03-11 12:21:06,538] I EventLoop.py | Kiwoom-_tr_data_slot-0223 I DEBUG    > 계좌평가잔고내역요청 싱글데이터 : 총매입금액 4818620, 총평가손익금액 -84210, 총수익률(%) -1.75
[2021-03-11 12:21:06,538] I EventLoop.py | Kiwoom-_tr_data_slot-0243 I DEBUG    > 종목코드: 005690 - 종목명: 파미셀 - 보유수량: 27 - 매입가: 16100 - 수익률: -4.63 - 현재가: 15500
[2021-03-11 12:21:06,539] I EventLoop.py | Kiwoom-_tr_data_slot-0243 I DEBUG    > 종목코드: 006370 - 종목명: 대구백화점 - 보유수량: 58 - 매입가: 9340 - 수익률: -5.40 - 현재가: 8920
[2021-03-11 12:21:06,540] I EventLoop.py | Kiwoom-_tr_data_slot-0243 I DEBUG    > 종목코드: 036120 - 종목명: SCI평가정보 - 보유수량: 1 - 매입가: 3975 - 수익률: .03 - 현재가: 4005
[2021-03-11 12:21:06,540] I EventLoop.py | Kiwoom-_tr_data_slot-0243 I DEBUG    > 종목코드: 036420 - 종목명: 제이콘텐트리 - 보유수량: 12 - 매입가: 47250 - 수익률: -2.72 - 현재가: 46400
[2021-03-11 12:21:06,541] I EventLoop.py | Kiwoom-_tr_data_slot-0243 I DEBUG    > 종목코드: 060240 - 종목명: 룽투코리아 - 보유수량: 120 - 매입가: 5240 - 수익률: -3.21 - 현재가: 5120
[2021-03-11 12:21:06,541] I EventLoop.py | Kiwoom-_tr_data_slot-0243 I DEBUG    > 종목코드: 080530 - 종목명: 코디 - 보유수량: 129 - 매입가: 1990 - 수익률: -.68 - 현재가: 1995
[2021-03-11 12:21:06,542] I EventLoop.py | Kiwoom-_tr_data_slot-0243 I DEBUG    > 종목코드: 118000 - 종목명: 우리들휴브레인 - 보유수량: 2 - 매입가: 2250 - 수익률: 6.00 - 현재가: 2400
[2021-03-11 12:21:06,544] I EventLoop.py | Kiwoom-_tr_data_slot-0243 I DEBUG    > 종목코드: 133750 - 종목명: 메가엠디 - 보유수량: 154 - 매입가: 3830 - 수익률: -3.52 - 현재가: 3730
[2021-03-11 12:21:06,545] I EventLoop.py | Kiwoom-_tr_data_slot-0243 I DEBUG    > 종목코드: 182360 - 종목명: 큐브엔터 - 보유수량: 136 - 매입가: 3208 - 수익률: 7.50 - 현재가: 3480
[2021-03-11 12:21:06,545] I EventLoop.py | Kiwoom-_tr_data_slot-0243 I DEBUG    > 종목코드: 213090 - 종목명: 미래테크놀로지 - 보유수량: 51 - 매입가: 8480 - 수익률: -3.15 - 현재가: 8290
[2021-03-11 12:21:06,546] I EventLoop.py | Kiwoom-_tr_data_slot-0243 I DEBUG    > 종목코드: 333430 - 종목명: 미래에셋대우스팩4호 - 보유수량: 161 - 매입가: 2738 - 수익률: 2.05 - 현재가: 2820
[2021-03-11 12:21:06,547] I EventLoop.py | Kiwoom-_tr_data_slot-0243 I DEBUG    > 종목코드: 367340 - 종목명: DB금융스팩8호 - 보유수량: 233 - 매입가: 2067 - 수익률: -1.02 - 현재가: 2065
[2021-03-11 12:21:06,581] I EventLoop.py | Kiwoom-_msg_slot-1612 I DEBUG    > 스크린: , 요청이름: , tr코드: , 시간: 2021-03-11 12:21:06 ---  조회가 완료되었습니다.
[2021-03-11 12:22:18,655] I Signal.py | Kiwoom-screen_number_real_time_setting-0259 I DEBUG    > 스크린 넘버 세팅 새로 들어온 종목: 000430, portfolio_stock_dict: {'매수매도': '매수'}
[2021-03-11 12:22:18,656] I Signal.py | Kiwoom-screen_number_real_time_setting-0259 I DEBUG    > 스크린 넘버 세팅 새로 들어온 종목: 000490, portfolio_stock_dict: {'매수매도': '매수'}
[2021-03-11 12:22:21,663] I Signal.py | Kiwoom-screen_number_real_time_setting-0306 I DEBUG    > 실시간 등록 코드: ;000430;000490, 실시간 등록 리턴값: 0
[2021-03-11 12:22:29,320] I EventLoop.py | Kiwoom-_receive_real_data_slot-1425 I DEBUG    > 매수조건 통과 000490 
[2021-03-11 12:22:29,320] I EventLoop.py | Kiwoom-_receive_real_data_slot-1426 I DEBUG    > (최우선)매도호가 8290 
[2021-03-11 12:22:29,625] I EventLoop.py | Kiwoom-_receive_real_data_slot-1439 I DEBUG    > 코드 : 000490 매수주문 전달 성공
[2021-03-11 12:22:29,729] I EventLoop.py | Kiwoom-_msg_slot-1612 I DEBUG    > 스크린: 8001, 요청이름: 신규매수, tr코드: KOA_NORMAL_BUY_KP_ORD, 시간: 2021-03-11 12:22:29 --- [00Z112] 모의투자 정상처리 되었습니다
[2021-03-11 12:22:29,757] I EventLoop.py | Kiwoom-_chejan_slot-1542 I DEBUG    > 접수, 확인, 체결 : {'종목코드': '000490', '주문번호': '0122687', '종목명': '대동공업', '주문상태': '접수', '주문수량': 76, '주문가격': 8290, '미체결수량': 76, '원주문번호': '0000000', '주문구분': '매수', '주문/체결시간': '122228', '체결가': 0, '체결량': 0, '현재가': 8290, '(최우선)매도호가': 8290, '(최우선)매수호가': 8270}
[2021-03-11 12:22:29,836] I EventLoop.py | Kiwoom-_chejan_slot-1542 I DEBUG    > 접수, 확인, 체결 : {'종목코드': '000490', '주문번호': '0122687', '종목명': '대동공업', '주문상태': '체결', '주문수량': 76, '주문가격': 8290, '미체결수량': 26, '원주문번호': '0000000', '주문구분': '매수', '주문/체결시간': '122228', '체결가': 8290, '체결량': 50, '현재가': 8290, '(최우선)매도호가': 8290, '(최우선)매수호가': 8270}
[2021-03-11 12:22:29,838] I EventLoop.py | Kiwoom-_chejan_slot-1590 I DEBUG    > 잔고반영: {'현재가': 8290, '종목코드': '000490', '종목명': '대동공업', '보유수량': 50, '주문가능수량': 50, '매입단가': 8290, '총매입가': 414500, '매도매수구분': '매수', '(최우선)매도호가': 8290, '(최우선)매수호가': 8270}
[2021-03-11 12:22:33,750] I EventLoop.py | Kiwoom-_receive_real_data_slot-1461 I DEBUG    > 매수취소 전달 성공
[2021-03-11 12:22:33,856] I EventLoop.py | Kiwoom-_msg_slot-1612 I DEBUG    > 스크린: 6001, 요청이름: 매수취소, tr코드: KOA_NORMAL_KP_CANCEL, 시간: 2021-03-11 12:22:33 --- [00Z115] 모의투자 정상처리 되었습니다
[2021-03-11 12:22:33,906] I EventLoop.py | Kiwoom-_chejan_slot-1542 I DEBUG    > 접수, 확인, 체결 : {'종목코드': '000490', '주문번호': '0122713', '종목명': '대동공업', '주문상태': '접수', '주문수량': 26, '주문가격': 0, '미체결수량': 26, '원주문번호': '0122687', '주문구분': '매수취소', '주문/체결시간': '122232', '체결가': 0, '체결량': 0, '현재가': 8290, '(최우선)매도호가': 8290, '(최우선)매수호가': 8270}
[2021-03-11 12:22:33,924] I EventLoop.py | Kiwoom-_chejan_slot-1542 I DEBUG    > 접수, 확인, 체결 : {'종목코드': '000490', '주문번호': '0122713', '종목명': '대동공업', '주문상태': '확인', '주문수량': 26, '주문가격': 0, '미체결수량': 0, '원주문번호': '0122687', '주문구분': '매수취소', '주문/체결시간': '122232', '체결가': 0, '체결량': 0, '현재가': 8290, '(최우선)매도호가': 8290, '(최우선)매수호가': 8270}
[2021-03-11 12:22:33,938] I EventLoop.py | Kiwoom-_chejan_slot-1542 I DEBUG    > 접수, 확인, 체결 : {'종목코드': '000490', '주문번호': '0122687', '종목명': '대동공업', '주문상태': '체결', '주문수량': 76, '주문가격': 8290, '미체결수량': 0, '원주문번호': '0000000', '주문구분': '매수', '주문/체결시간': '122228', '체결가': 0, '체결량': 0, '현재가': 8290, '(최우선)매도호가': 8290, '(최우선)매수호가': 8270}
[2021-03-11 12:23:31,665] I Signal.py | Kiwoom-screen_number_real_time_setting-0259 I DEBUG    > 스크린 넘버 세팅 새로 들어온 종목: 002720, portfolio_stock_dict: {'매수매도': '매수'}
[2021-03-11 12:23:31,665] I Signal.py | Kiwoom-screen_number_real_time_setting-0259 I DEBUG    > 스크린 넘버 세팅 새로 들어온 종목: 002760, portfolio_stock_dict: {'매수매도': '매수'}
[2021-03-11 12:23:31,665] I Signal.py | Kiwoom-screen_number_real_time_setting-0259 I DEBUG    > 스크린 넘버 세팅 새로 들어온 종목: 003010, portfolio_stock_dict: {'매수매도': '매수'}
[2021-03-11 12:23:31,666] I Signal.py | Kiwoom-screen_number_real_time_setting-0259 I DEBUG    > 스크린 넘버 세팅 새로 들어온 종목: 004780, portfolio_stock_dict: {'매수매도': '매수'}
[2021-03-11 12:23:34,686] I Signal.py | Kiwoom-screen_number_real_time_setting-0306 I DEBUG    > 실시간 등록 코드: ;002720;002760;003010;004780, 실시간 등록 리턴값: 0
[2021-03-11 12:23:36,623] I EventLoop.py | Kiwoom-_receive_real_data_slot-1425 I DEBUG    > 매수조건 통과 002720 
[2021-03-11 12:23:36,635] I EventLoop.py | Kiwoom-_receive_real_data_slot-1426 I DEBUG    > (최우선)매도호가 7680 
[2021-03-11 12:23:36,946] I EventLoop.py | Kiwoom-_receive_real_data_slot-1439 I DEBUG    > 코드 : 002720 매수주문 전달 성공
[2021-03-11 12:23:37,562] I EventLoop.py | Kiwoom-_msg_slot-1612 I DEBUG    > 스크린: 8002, 요청이름: 신규매수, tr코드: KOA_NORMAL_BUY_KP_ORD, 시간: 2021-03-11 12:23:37 --- [00Z112] 모의투자 정상처리 되었습니다
[2021-03-11 12:23:37,614] I EventLoop.py | Kiwoom-_chejan_slot-1542 I DEBUG    > 접수, 확인, 체결 : {'종목코드': '002720', '주문번호': '0123105', '종목명': '국제약품', '주문상태': '접수', '주문수량': 82, '주문가격': 7680, '미체결수량': 82, '원주문번호': '0000000', '주문구분': '매수', '주문/체결시간': '122335', '체결가': 0, '체결량': 0, '현재가': 7680, '(최우선)매도호가': 7680, '(최우선)매수호가': 7660}
[2021-03-11 12:23:38,911] I EventLoop.py | Kiwoom-_receive_real_data_slot-1461 I DEBUG    > 매수취소 전달 성공
[2021-03-11 12:23:39,386] I EventLoop.py | Kiwoom-_msg_slot-1612 I DEBUG    > 스크린: 6001, 요청이름: 매수취소, tr코드: KOA_NORMAL_KP_CANCEL, 시간: 2021-03-11 12:23:39 --- [00Z115] 모의투자 정상처리 되었습니다
[2021-03-11 12:23:39,425] I EventLoop.py | Kiwoom-_chejan_slot-1542 I DEBUG    > 접수, 확인, 체결 : {'종목코드': '002720', '주문번호': '0123126', '종목명': '국제약품', '주문상태': '접수', '주문수량': 82, '주문가격': 0, '미체결수량': 82, '원주문번호': '0123105', '주문구분': '매수취소', '주문/체결시간': '122337', '체결가': 0, '체결량': 0, '현재가': 7680, '(최우선)매도호가': 7680, '(최우선)매수호가': 7660}
[2021-03-11 12:23:39,434] I EventLoop.py | Kiwoom-_chejan_slot-1542 I DEBUG    > 접수, 확인, 체결 : {'종목코드': '002720', '주문번호': '0123126', '종목명': '국제약품', '주문상태': '확인', '주문수량': 82, '주문가격': 0, '미체결수량': 0, '원주문번호': '0123105', '주문구분': '매수취소', '주문/체결시간': '122337', '체결가': 0, '체결량': 0, '현재가': 7680, '(최우선)매도호가': 7680, '(최우선)매수호가': 7660}
[2021-03-11 12:23:39,448] I EventLoop.py | Kiwoom-_chejan_slot-1542 I DEBUG    > 접수, 확인, 체결 : {'종목코드': '002720', '주문번호': '0123105', '종목명': '국제약품', '주문상태': '접수', '주문수량': 82, '주문가격': 7680, '미체결수량': 0, '원주문번호': '0000000', '주문구분': '매수', '주문/체결시간': '122335', '체결가': 0, '체결량': 0, '현재가': 7680, '(최우선)매도호가': 7680, '(최우선)매수호가': 7660}
[2021-03-11 12:24:42,421] I EventLoop.py | Kiwoom-_receive_real_data_slot-1425 I DEBUG    > 매수조건 통과 004780 
[2021-03-11 12:24:42,421] I EventLoop.py | Kiwoom-_receive_real_data_slot-1426 I DEBUG    > (최우선)매도호가 5180 
[2021-03-11 12:24:42,733] I EventLoop.py | Kiwoom-_receive_real_data_slot-1439 I DEBUG    > 코드 : 004780 매수주문 전달 성공
[2021-03-11 12:24:43,214] I EventLoop.py | Kiwoom-_msg_slot-1612 I DEBUG    > 스크린: 8002, 요청이름: 신규매수, tr코드: KOA_NORMAL_BUY_KP_ORD, 시간: 2021-03-11 12:24:43 --- [00Z112] 모의투자 정상처리 되었습니다
[2021-03-11 12:24:43,329] I EventLoop.py | Kiwoom-_chejan_slot-1542 I DEBUG    > 접수, 확인, 체결 : {'종목코드': '004780', '주문번호': '0123626', '종목명': '대륙제관', '주문상태': '접수', '주문수량': 122, '주문가격': 5180, '미체결수량': 122, '원주문번호': '0000000', '주문구분': '매수', '주문/체결시간': '122441', '체결가': 0, '체결량': 0, '현재가': 5180, '(최우선)매도호가': 5180, '(최우선)매수호가': 5170}
[2021-03-11 12:24:44,122] I EventLoop.py | Kiwoom-_receive_real_data_slot-1425 I DEBUG    > 매수조건 통과 002760 
[2021-03-11 12:24:44,124] I EventLoop.py | Kiwoom-_receive_real_data_slot-1426 I DEBUG    > (최우선)매도호가 2075 
[2021-03-11 12:24:44,434] I EventLoop.py | Kiwoom-_receive_real_data_slot-1439 I DEBUG    > 코드 : 002760 매수주문 전달 성공
[2021-03-11 12:24:44,699] I Signal.py | Kiwoom-screen_number_real_time_setting-0259 I DEBUG    > 스크린 넘버 세팅 새로 들어온 종목: 005420, portfolio_stock_dict: {'매수매도': '매수'}
[2021-03-11 12:24:44,929] I EventLoop.py | Kiwoom-_msg_slot-1612 I DEBUG    > 스크린: 8002, 요청이름: 신규매수, tr코드: KOA_NORMAL_BUY_KP_ORD, 시간: 2021-03-11 12:24:44 --- [00Z112] 모의투자 정상처리 되었습니다
[2021-03-11 12:24:45,034] I EventLoop.py | Kiwoom-_chejan_slot-1542 I DEBUG    > 접수, 확인, 체결 : {'종목코드': '002760', '주문번호': '0123636', '종목명': '보락', '주문상태': '접수', '주문수량': 304, '주문가격': 2075, '미체결수량': 304, '원주문번호': '0000000', '주문구분': '매수', '주문/체결시간': '122443', '체결가': 0, '체결량': 0, '현재가': 2075, '(최우선)매도호가': 2075, '(최우선)매수호가': 2065}
[2021-03-11 12:24:47,156] I EventLoop.py | Kiwoom-_receive_real_data_slot-1461 I DEBUG    > 매수취소 전달 성공
[2021-03-11 12:24:47,404] I EventLoop.py | Kiwoom-_msg_slot-1612 I DEBUG    > 스크린: 6001, 요청이름: 매수취소, tr코드: KOA_NORMAL_KP_CANCEL, 시간: 2021-03-11 12:24:47 --- [00Z115] 모의투자 정상처리 되었습니다
[2021-03-11 12:24:47,497] I EventLoop.py | Kiwoom-_chejan_slot-1542 I DEBUG    > 접수, 확인, 체결 : {'종목코드': '002760', '주문번호': '0123660', '종목명': '보락', '주문상태': '접수', '주문수량': 304, '주문가격': 0, '미체결수량': 304, '원주문번호': '0123636', '주문구분': '매수취소', '주문/체결시간': '122445', '체결가': 0, '체결량': 0, '현재가': 2075, '(최우선)매도호가': 2075, '(최우선)매수호가': 2065}
[2021-03-11 12:24:47,499] I EventLoop.py | Kiwoom-_chejan_slot-1542 I DEBUG    > 접수, 확인, 체결 : {'종목코드': '002760', '주문번호': '0123660', '종목명': '보락', '주문상태': '확인', '주문수량': 304, '주문가격': 0, '미체결수량': 0, '원주문번호': '0123636', '주문구분': '매수취소', '주문/체결시간': '122445', '체결가': 0, '체결량': 0, '현재가': 2075, '(최우선)매도호가': 2075, '(최우선)매수호가': 2065}
[2021-03-11 12:24:47,501] I EventLoop.py | Kiwoom-_chejan_slot-1542 I DEBUG    > 접수, 확인, 체결 : {'종목코드': '002760', '주문번호': '0123636', '종목명': '보락', '주문상태': '접수', '주문수량': 304, '주문가격': 2075, '미체결수량': 0, '원주문번호': '0000000', '주문구분': '매수', '주문/체결시간': '122443', '체결가': 0, '체결량': 0, '현재가': 2075, '(최우선)매도호가': 2075, '(최우선)매수호가': 2065}
[2021-03-11 12:24:47,707] I Signal.py | Kiwoom-screen_number_real_time_setting-0306 I DEBUG    > 실시간 등록 코드: ;005420, 실시간 등록 리턴값: 0
[2021-03-11 12:24:54,919] I EventLoop.py | Kiwoom-_receive_real_data_slot-1425 I DEBUG    > 매수조건 통과 005420 
[2021-03-11 12:24:54,922] I EventLoop.py | Kiwoom-_receive_real_data_slot-1426 I DEBUG    > (최우선)매도호가 10900 
[2021-03-11 12:24:55,246] I EventLoop.py | Kiwoom-_receive_real_data_slot-1439 I DEBUG    > 코드 : 005420 매수주문 전달 성공
[2021-03-11 12:24:55,575] I EventLoop.py | Kiwoom-_receive_real_data_slot-1461 I DEBUG    > 매수취소 전달 성공
[2021-03-11 12:24:55,576] I EventLoop.py | Kiwoom-_msg_slot-1612 I DEBUG    > 스크린: 8003, 요청이름: 신규매수, tr코드: KOA_NORMAL_BUY_KP_ORD, 시간: 2021-03-11 12:24:55 --- [00Z112] 모의투자 정상처리 되었습니다
[2021-03-11 12:24:55,585] I EventLoop.py | Kiwoom-_chejan_slot-1542 I DEBUG    > 접수, 확인, 체결 : {'종목코드': '005420', '주문번호': '0123703', '종목명': '코스모화학', '주문상태': '접수', '주문수량': 58, '주문가격': 10900, '미체결수량': 58, '원주문번호': '0000000', '주문구분': '매수', '주문/체결시간': '122453', '체결가': 0, '체결량': 0, '현재가': 10850, '(최우선)매도호가': 10900, '(최우선)매수호가': 10850}
[2021-03-11 12:24:55,587] I EventLoop.py | Kiwoom-_chejan_slot-1542 I DEBUG    > 접수, 확인, 체결 : {'종목코드': '005420', '주문번호': '0123703', '종목명': '코스모화학', '주문상태': '체결', '주문수량': 58, '주문가격': 10900, '미체결수량': 8, '원주문번호': '0000000', '주문구분': '매수', '주문/체결시간': '122453', '체결가': 10850, '체결량': 50, '현재가': 10850, '(최우선)매도호가': 10900, '(최우선)매수호가': 10850}
[2021-03-11 12:24:55,589] I EventLoop.py | Kiwoom-_chejan_slot-1590 I DEBUG    > 잔고반영: {'현재가': 10850, '종목코드': '005420', '종목명': '코스모화학', '보유수량': 50, '주문가능수량': 50, '매입단가': 10850, '총매입가': 542500, '매도매수구분': '매수', '(최우선)매도호가': 10900, '(최우선)매수호가': 10850}
[2021-03-11 12:24:55,700] I EventLoop.py | Kiwoom-_msg_slot-1612 I DEBUG    > 스크린: 8003, 요청이름: 매수취소, tr코드: KOA_NORMAL_KP_CANCEL, 시간: 2021-03-11 12:24:55 --- [00Z115] 모의투자 정상처리 되었습니다
[2021-03-11 12:24:55,803] I EventLoop.py | Kiwoom-_chejan_slot-1542 I DEBUG    > 접수, 확인, 체결 : {'종목코드': '004780', '주문번호': '0123707', '종목명': '대륙제관', '주문상태': '접수', '주문수량': 122, '주문가격': 0, '미체결수량': 122, '원주문번호': '0123626', '주문구분': '매수취소', '주문/체결시간': '122454', '체결가': 0, '체결량': 0, '현재가': 5180, '(최우선)매도호가': 5180, '(최우선)매수호가': 5170}
[2021-03-11 12:24:55,805] I EventLoop.py | Kiwoom-_chejan_slot-1542 I DEBUG    > 접수, 확인, 체결 : {'종목코드': '004780', '주문번호': '0123707', '종목명': '대륙제관', '주문상태': '확인', '주문수량': 122, '주문가격': 0, '미체결수량': 0, '원주문번호': '0123626', '주문구분': '매수취소', '주문/체결시간': '122454', '체결가': 0, '체결량': 0, '현재가': 5180, '(최우선)매도호가': 5180, '(최우선)매수호가': 5170}
[2021-03-11 12:24:55,808] I EventLoop.py | Kiwoom-_chejan_slot-1542 I DEBUG    > 접수, 확인, 체결 : {'종목코드': '004780', '주문번호': '0123626', '종목명': '대륙제관', '주문상태': '접수', '주문수량': 122, '주문가격': 5180, '미체결수량': 0, '원주문번호': '0000000', '주문구분': '매수', '주문/체결시간': '122441', '체결가': 0, '체결량': 0, '현재가': 5180, '(최우선)매도호가': 5180, '(최우선)매수호가': 5170}
[2021-03-11 12:24:59,943] I EventLoop.py | Kiwoom-_receive_real_data_slot-1461 I DEBUG    > 매수취소 전달 성공
[2021-03-11 12:25:00,120] I EventLoop.py | Kiwoom-_msg_slot-1612 I DEBUG    > 스크린: 6001, 요청이름: 매수취소, tr코드: KOA_NORMAL_KP_CANCEL, 시간: 2021-03-11 12:25:00 --- [00Z115] 모의투자 정상처리 되었습니다
[2021-03-11 12:25:00,147] I EventLoop.py | Kiwoom-_chejan_slot-1542 I DEBUG    > 접수, 확인, 체결 : {'종목코드': '005420', '주문번호': '0123727', '종목명': '코스모화학', '주문상태': '접수', '주문수량': 8, '주문가격': 0, '미체결수량': 8, '원주문번호': '0123703', '주문구분': '매수취소', '주문/체결시간': '122458', '체결가': 0, '체결량': 0, '현재가': 10850, '(최우선)매도호가': 10900, '(최우선)매수호가': 10850}
[2021-03-11 12:25:00,222] I EventLoop.py | Kiwoom-_chejan_slot-1542 I DEBUG    > 접수, 확인, 체결 : {'종목코드': '005420', '주문번호': '0123727', '종목명': '코스모화학', '주문상태': '확인', '주문수량': 8, '주문가격': 0, '미체결수량': 0, '원주문번호': '0123703', '주문구분': '매수취소', '주문/체결시간': '122458', '체결가': 0, '체결량': 0, '현재가': 10850, '(최우선)매도호가': 10900, '(최우선)매수호가': 10850}
[2021-03-11 12:25:00,225] I EventLoop.py | Kiwoom-_chejan_slot-1542 I DEBUG    > 접수, 확인, 체결 : {'종목코드': '005420', '주문번호': '0123703', '종목명': '코스모화학', '주문상태': '체결', '주문수량': 58, '주문가격': 10900, '미체결수량': 0, '원주문번호': '0000000', '주문구분': '매수', '주문/체결시간': '122453', '체결가': 0, '체결량': 0, '현재가': 10850, '(최우선)매도호가': 10900, '(최우선)매수호가': 10850}
[2021-03-11 12:25:05,535] I EventLoop.py | Kiwoom-_receive_real_data_slot-1425 I DEBUG    > 매수조건 통과 003010 
[2021-03-11 12:25:05,535] I EventLoop.py | Kiwoom-_receive_real_data_slot-1426 I DEBUG    > (최우선)매도호가 6030 
[2021-03-11 12:25:05,840] I EventLoop.py | Kiwoom-_receive_real_data_slot-1439 I DEBUG    > 코드 : 003010 매수주문 전달 성공
[2021-03-11 12:25:06,186] I EventLoop.py | Kiwoom-_msg_slot-1612 I DEBUG    > 스크린: 8002, 요청이름: 신규매수, tr코드: KOA_NORMAL_BUY_KP_ORD, 시간: 2021-03-11 12:25:06 --- [00Z112] 모의투자 정상처리 되었습니다
[2021-03-11 12:25:06,230] I EventLoop.py | Kiwoom-_chejan_slot-1542 I DEBUG    > 접수, 확인, 체결 : {'종목코드': '003010', '주문번호': '0123768', '종목명': '혜인', '주문상태': '접수', '주문수량': 104, '주문가격': 6030, '미체결수량': 104, '원주문번호': '0000000', '주문구분': '매수', '주문/체결시간': '122504', '체결가': 0, '체결량': 0, '현재가': 6020, '(최우선)매도호가': 6030, '(최우선)매수호가': 6010}
[2021-03-11 12:25:09,727] I EventLoop.py | Kiwoom-_receive_real_data_slot-1461 I DEBUG    > 매수취소 전달 성공
[2021-03-11 12:25:10,414] I EventLoop.py | Kiwoom-_msg_slot-1612 I DEBUG    > 스크린: 8001, 요청이름: 매수취소, tr코드: KOA_NORMAL_KP_CANCEL, 시간: 2021-03-11 12:25:10 --- [00Z115] 모의투자 정상처리 되었습니다
[2021-03-11 12:25:10,428] I EventLoop.py | Kiwoom-_chejan_slot-1542 I DEBUG    > 접수, 확인, 체결 : {'종목코드': '003010', '주문번호': '0123792', '종목명': '혜인', '주문상태': '접수', '주문수량': 104, '주문가격': 0, '미체결수량': 104, '원주문번호': '0123768', '주문구분': '매수취소', '주문/체결시간': '122508', '체결가': 0, '체결량': 0, '현재가': 6020, '(최우선)매도호가': 6030, '(최우선)매수호가': 6020}
[2021-03-11 12:25:10,524] I EventLoop.py | Kiwoom-_chejan_slot-1542 I DEBUG    > 접수, 확인, 체결 : {'종목코드': '003010', '주문번호': '0123792', '종목명': '혜인', '주문상태': '확인', '주문수량': 104, '주문가격': 0, '미체결수량': 0, '원주문번호': '0123768', '주문구분': '매수취소', '주문/체결시간': '122508', '체결가': 0, '체결량': 0, '현재가': 6020, '(최우선)매도호가': 6030, '(최우선)매수호가': 6020}
[2021-03-11 12:25:10,525] I EventLoop.py | Kiwoom-_chejan_slot-1542 I DEBUG    > 접수, 확인, 체결 : {'종목코드': '003010', '주문번호': '0123768', '종목명': '혜인', '주문상태': '접수', '주문수량': 104, '주문가격': 6030, '미체결수량': 0, '원주문번호': '0000000', '주문구분': '매수', '주문/체결시간': '122504', '체결가': 0, '체결량': 0, '현재가': 6020, '(최우선)매도호가': 6030, '(최우선)매수호가': 6020}
[2021-03-11 12:26:16,638] I EventLoop.py | Kiwoom-_receive_real_data_slot-1425 I DEBUG    > 매수조건 통과 000430 
[2021-03-11 12:26:16,638] I EventLoop.py | Kiwoom-_receive_real_data_slot-1426 I DEBUG    > (최우선)매도호가 4085 
[2021-03-11 12:26:16,945] I EventLoop.py | Kiwoom-_receive_real_data_slot-1439 I DEBUG    > 코드 : 000430 매수주문 전달 성공
[2021-03-11 12:26:17,033] I EventLoop.py | Kiwoom-_msg_slot-1612 I DEBUG    > 스크린: 8001, 요청이름: 신규매수, tr코드: KOA_NORMAL_BUY_KP_ORD, 시간: 2021-03-11 12:26:17 --- [00Z112] 모의투자 정상처리 되었습니다
[2021-03-11 12:26:17,114] I EventLoop.py | Kiwoom-_chejan_slot-1542 I DEBUG    > 접수, 확인, 체결 : {'종목코드': '000430', '주문번호': '0124212', '종목명': '대원강업', '주문상태': '접수', '주문수량': 154, '주문가격': 4085, '미체결수량': 154, '원주문번호': '0000000', '주문구분': '매수', '주문/체결시간': '122615', '체결가': 0, '체결량': 0, '현재가': 4085, '(최우선)매도호가': 4085, '(최우선)매수호가': 4070}
[2021-03-11 12:26:17,225] I EventLoop.py | Kiwoom-_chejan_slot-1542 I DEBUG    > 접수, 확인, 체결 : {'종목코드': '000430', '주문번호': '0124212', '종목명': '대원강업', '주문상태': '체결', '주문수량': 154, '주문가격': 4085, '미체결수량': 148, '원주문번호': '0000000', '주문구분': '매수', '주문/체결시간': '122615', '체결가': 4085, '체결량': 6, '현재가': 4085, '(최우선)매도호가': 4085, '(최우선)매수호가': 4070}
[2021-03-11 12:26:17,227] I EventLoop.py | Kiwoom-_chejan_slot-1590 I DEBUG    > 잔고반영: {'현재가': 4085, '종목코드': '000430', '종목명': '대원강업', '보유수량': 6, '주문가능수량': 6, '매입단가': 4085, '총매입가': 24510, '매도매수구분': '매수', '(최우선)매도호가': 4085, '(최우선)매수호가': 4070}
[2021-03-11 12:26:21,544] I EventLoop.py | Kiwoom-_receive_real_data_slot-1461 I DEBUG    > 매수취소 전달 성공
[2021-03-11 12:26:21,707] I EventLoop.py | Kiwoom-_msg_slot-1612 I DEBUG    > 스크린: 8002, 요청이름: 매수취소, tr코드: KOA_NORMAL_KQ_CANCEL, 시간: 2021-03-11 12:26:21 --- [00Z115] 모의투자 정상처리 되었습니다
[2021-03-11 12:26:21,818] I EventLoop.py | Kiwoom-_chejan_slot-1542 I DEBUG    > 접수, 확인, 체결 : {'종목코드': '000430', '주문번호': '0124229', '종목명': '대원강업', '주문상태': '접수', '주문수량': 148, '주문가격': 0, '미체결수량': 148, '원주문번호': '0124212', '주문구분': '매수취소', '주문/체결시간': '122620', '체결가': 0, '체결량': 0, '현재가': 4085, '(최우선)매도호가': 4085, '(최우선)매수호가': 4070}
[2021-03-11 12:26:21,868] I EventLoop.py | Kiwoom-_chejan_slot-1542 I DEBUG    > 접수, 확인, 체결 : {'종목코드': '000430', '주문번호': '0124229', '종목명': '대원강업', '주문상태': '확인', '주문수량': 148, '주문가격': 0, '미체결수량': 0, '원주문번호': '0124212', '주문구분': '매수취소', '주문/체결시간': '122620', '체결가': 0, '체결량': 0, '현재가': 4085, '(최우선)매도호가': 4085, '(최우선)매수호가': 4070}
[2021-03-11 12:26:21,879] I EventLoop.py | Kiwoom-_chejan_slot-1542 I DEBUG    > 접수, 확인, 체결 : {'종목코드': '000430', '주문번호': '0124212', '종목명': '대원강업', '주문상태': '체결', '주문수량': 154, '주문가격': 4085, '미체결수량': 0, '원주문번호': '0000000', '주문구분': '매수', '주문/체결시간': '122615', '체결가': 0, '체결량': 0, '현재가': 4085, '(최우선)매도호가': 4085, '(최우선)매수호가': 4070}
[2021-03-11 12:27:07,715] I Signal.py | Kiwoom-screen_number_real_time_setting-0259 I DEBUG    > 스크린 넘버 세팅 새로 들어온 종목: 012610, portfolio_stock_dict: {'매수매도': '매수'}
[2021-03-11 12:27:07,715] I Signal.py | Kiwoom-screen_number_real_time_setting-0259 I DEBUG    > 스크린 넘버 세팅 새로 들어온 종목: 013700, portfolio_stock_dict: {'매수매도': '매수'}
[2021-03-11 12:27:07,715] I Signal.py | Kiwoom-screen_number_real_time_setting-0259 I DEBUG    > 스크린 넘버 세팅 새로 들어온 종목: 014620, portfolio_stock_dict: {'매수매도': '매수'}
[2021-03-11 12:27:10,722] I Signal.py | Kiwoom-screen_number_real_time_setting-0306 I DEBUG    > 실시간 등록 코드: ;012610;013700;014620, 실시간 등록 리턴값: 0
[2021-03-11 12:27:10,911] I EventLoop.py | Kiwoom-_receive_real_data_slot-1425 I DEBUG    > 매수조건 통과 013700 
[2021-03-11 12:27:10,911] I EventLoop.py | Kiwoom-_receive_real_data_slot-1426 I DEBUG    > (최우선)매도호가 3025 
[2021-03-11 12:27:11,229] I EventLoop.py | Kiwoom-_receive_real_data_slot-1439 I DEBUG    > 코드 : 013700 매수주문 전달 성공
[2021-03-11 12:27:11,932] I EventLoop.py | Kiwoom-_msg_slot-1612 I DEBUG    > 스크린: 8004, 요청이름: 신규매수, tr코드: KOA_NORMAL_BUY_KP_ORD, 시간: 2021-03-11 12:27:11 --- [00Z112] 모의투자 정상처리 되었습니다
[2021-03-11 12:27:12,013] I EventLoop.py | Kiwoom-_chejan_slot-1542 I DEBUG    > 접수, 확인, 체결 : {'종목코드': '013700', '주문번호': '0124534', '종목명': '까뮤이앤씨', '주문상태': '접수', '주문수량': 209, '주문가격': 3025, '미체결수량': 209, '원주문번호': '0000000', '주문구분': '매수', '주문/체결시간': '122710', '체결가': 0, '체결량': 0, '현재가': 3025, '(최우선)매도호가': 3025, '(최우선)매수호가': 3020}
[2021-03-11 12:27:12,109] I EventLoop.py | Kiwoom-_chejan_slot-1542 I DEBUG    > 접수, 확인, 체결 : {'종목코드': '013700', '주문번호': '0124534', '종목명': '까뮤이앤씨', '주문상태': '체결', '주문수량': 209, '주문가격': 3025, '미체결수량': 208, '원주문번호': '0000000', '주문구분': '매수', '주문/체결시간': '122710', '체결가': 3025, '체결량': 1, '현재가': 3020, '(최우선)매도호가': 3025, '(최우선)매수호가': 3020}
[2021-03-11 12:27:12,112] I EventLoop.py | Kiwoom-_chejan_slot-1590 I DEBUG    > 잔고반영: {'현재가': 3020, '종목코드': '013700', '종목명': '까뮤이앤씨', '보유수량': 1, '주문가능수량': 1, '매입단가': 3025, '총매입가': 3025, '매도매수구분': '매수', '(최우선)매도호가': 3025, '(최우선)매수호가': 3020}
[2021-03-11 12:27:12,312] I EventLoop.py | Kiwoom-_chejan_slot-1542 I DEBUG    > 접수, 확인, 체결 : {'종목코드': '013700', '주문번호': '0124534', '종목명': '까뮤이앤씨', '주문상태': '체결', '주문수량': 209, '주문가격': 3025, '미체결수량': 207, '원주문번호': '0000000', '주문구분': '매수', '주문/체결시간': '122710', '체결가': 3023, '체결량': 2, '현재가': 3025, '(최우선)매도호가': 3025, '(최우선)매수호가': 3020}
[2021-03-11 12:27:12,314] I EventLoop.py | Kiwoom-_chejan_slot-1590 I DEBUG    > 잔고반영: {'현재가': 3025, '종목코드': '013700', '종목명': '까뮤이앤씨', '보유수량': 2, '주문가능수량': 2, '매입단가': 3023, '총매입가': 6045, '매도매수구분': '매수', '(최우선)매도호가': 3025, '(최우선)매수호가': 3020}
[2021-03-11 12:27:12,414] I EventLoop.py | Kiwoom-_chejan_slot-1542 I DEBUG    > 접수, 확인, 체결 : {'종목코드': '013700', '주문번호': '0124534', '종목명': '까뮤이앤씨', '주문상태': '체결', '주문수량': 209, '주문가격': 3025, '미체결수량': 206, '원주문번호': '0000000', '주문구분': '매수', '주문/체결시간': '122710', '체결가': 3023, '체결량': 3, '현재가': 3020, '(최우선)매도호가': 3025, '(최우선)매수호가': 3020}
[2021-03-11 12:27:12,416] I EventLoop.py | Kiwoom-_chejan_slot-1590 I DEBUG    > 잔고반영: {'현재가': 3020, '종목코드': '013700', '종목명': '까뮤이앤씨', '보유수량': 3, '주문가능수량': 3, '매입단가': 3023, '총매입가': 9070, '매도매수구분': '매수', '(최우선)매도호가': 3025, '(최우선)매수호가': 3020}
[2021-03-11 12:27:12,616] I EventLoop.py | Kiwoom-_chejan_slot-1542 I DEBUG    > 접수, 확인, 체결 : {'종목코드': '013700', '주문번호': '0124534', '종목명': '까뮤이앤씨', '주문상태': '체결', '주문수량': 209, '주문가격': 3025, '미체결수량': 205, '원주문번호': '0000000', '주문구분': '매수', '주문/체결시간': '122710', '체결가': 3023, '체결량': 4, '현재가': 3025, '(최우선)매도호가': 3025, '(최우선)매수호가': 3020}
[2021-03-11 12:27:12,618] I EventLoop.py | Kiwoom-_chejan_slot-1590 I DEBUG    > 잔고반영: {'현재가': 3025, '종목코드': '013700', '종목명': '까뮤이앤씨', '보유수량': 4, '주문가능수량': 4, '매입단가': 3023, '총매입가': 12090, '매도매수구분': '매수', '(최우선)매도호가': 3025, '(최우선)매수호가': 3020}
[2021-03-11 12:27:12,817] I EventLoop.py | Kiwoom-_chejan_slot-1542 I DEBUG    > 접수, 확인, 체결 : {'종목코드': '013700', '주문번호': '0124534', '종목명': '까뮤이앤씨', '주문상태': '체결', '주문수량': 209, '주문가격': 3025, '미체결수량': 204, '원주문번호': '0000000', '주문구분': '매수', '주문/체결시간': '122711', '체결가': 3023, '체결량': 5, '현재가': 3020, '(최우선)매도호가': 3025, '(최우선)매수호가': 3020}
[2021-03-11 12:27:12,819] I EventLoop.py | Kiwoom-_chejan_slot-1590 I DEBUG    > 잔고반영: {'현재가': 3020, '종목코드': '013700', '종목명': '까뮤이앤씨', '보유수량': 5, '주문가능수량': 5, '매입단가': 3023, '총매입가': 15115, '매도매수구분': '매수', '(최우선)매도호가': 3025, '(최우선)매수호가': 3020}
[2021-03-11 12:27:13,008] I EventLoop.py | Kiwoom-_chejan_slot-1542 I DEBUG    > 접수, 확인, 체결 : {'종목코드': '013700', '주문번호': '0124534', '종목명': '까뮤이앤씨', '주문상태': '체결', '주문수량': 209, '주문가격': 3025, '미체결수량': 203, '원주문번호': '0000000', '주문구분': '매수', '주문/체결시간': '122711', '체결가': 3023, '체결량': 6, '현재가': 3025, '(최우선)매도호가': 3025, '(최우선)매수호가': 3020}
[2021-03-11 12:27:13,010] I EventLoop.py | Kiwoom-_chejan_slot-1590 I DEBUG    > 잔고반영: {'현재가': 3025, '종목코드': '013700', '종목명': '까뮤이앤씨', '보유수량': 6, '주문가능수량': 6, '매입단가': 3023, '총매입가': 18135, '매도매수구분': '매수', '(최우선)매도호가': 3025, '(최우선)매수호가': 3020}
[2021-03-11 12:27:13,223] I EventLoop.py | Kiwoom-_chejan_slot-1542 I DEBUG    > 접수, 확인, 체결 : {'종목코드': '013700', '주문번호': '0124534', '종목명': '까뮤이앤씨', '주문상태': '체결', '주문수량': 209, '주문가격': 3025, '미체결수량': 202, '원주문번호': '0000000', '주문구분': '매수', '주문/체결시간': '122711', '체결가': 3023, '체결량': 7, '현재가': 3020, '(최우선)매도호가': 3025, '(최우선)매수호가': 3020}
[2021-03-11 12:27:13,241] I EventLoop.py | Kiwoom-_chejan_slot-1590 I DEBUG    > 잔고반영: {'현재가': 3020, '종목코드': '013700', '종목명': '까뮤이앤씨', '보유수량': 7, '주문가능수량': 7, '매입단가': 3023, '총매입가': 21160, '매도매수구분': '매수', '(최우선)매도호가': 3025, '(최우선)매수호가': 3020}
[2021-03-11 12:27:13,507] I EventLoop.py | Kiwoom-_chejan_slot-1542 I DEBUG    > 접수, 확인, 체결 : {'종목코드': '013700', '주문번호': '0124534', '종목명': '까뮤이앤씨', '주문상태': '체결', '주문수량': 209, '주문가격': 3025, '미체결수량': 151, '원주문번호': '0000000', '주문구분': '매수', '주문/체결시간': '122711', '체결가': 3020, '체결량': 58, '현재가': 3025, '(최우선)매도호가': 3025, '(최우선)매수호가': 3020}
[2021-03-11 12:27:13,509] I EventLoop.py | Kiwoom-_chejan_slot-1590 I DEBUG    > 잔고반영: {'현재가': 3025, '종목코드': '013700', '종목명': '까뮤이앤씨', '보유수량': 58, '주문가능수량': 58, '매입단가': 3020, '총매입가': 175180, '매도매수구분': '매수', '(최우선)매도호가': 3025, '(최우선)매수호가': 3020}
[2021-03-11 12:27:13,609] I EventLoop.py | Kiwoom-_chejan_slot-1542 I DEBUG    > 접수, 확인, 체결 : {'종목코드': '013700', '주문번호': '0124534', '종목명': '까뮤이앤씨', '주문상태': '체결', '주문수량': 209, '주문가격': 3025, '미체결수량': 150, '원주문번호': '0000000', '주문구분': '매수', '주문/체결시간': '122711', '체결가': 3020, '체결량': 59, '현재가': 3020, '(최우선)매도호가': 3025, '(최우선)매수호가': 3020}
[2021-03-11 12:27:13,611] I EventLoop.py | Kiwoom-_chejan_slot-1590 I DEBUG    > 잔고반영: {'현재가': 3020, '종목코드': '013700', '종목명': '까뮤이앤씨', '보유수량': 59, '주문가능수량': 59, '매입단가': 3020, '총매입가': 178205, '매도매수구분': '매수', '(최우선)매도호가': 3025, '(최우선)매수호가': 3020}
[2021-03-11 12:27:13,810] I EventLoop.py | Kiwoom-_chejan_slot-1542 I DEBUG    > 접수, 확인, 체결 : {'종목코드': '013700', '주문번호': '0124534', '종목명': '까뮤이앤씨', '주문상태': '체결', '주문수량': 209, '주문가격': 3025, '미체결수량': 149, '원주문번호': '0000000', '주문구분': '매수', '주문/체결시간': '122712', '체결가': 3020, '체결량': 60, '현재가': 3025, '(최우선)매도호가': 3025, '(최우선)매수호가': 3020}
[2021-03-11 12:27:13,811] I EventLoop.py | Kiwoom-_chejan_slot-1590 I DEBUG    > 잔고반영: {'현재가': 3025, '종목코드': '013700', '종목명': '까뮤이앤씨', '보유수량': 60, '주문가능수량': 60, '매입단가': 3020, '총매입가': 181225, '매도매수구분': '매수', '(최우선)매도호가': 3025, '(최우선)매수호가': 3020}
[2021-03-11 12:27:13,912] I EventLoop.py | Kiwoom-_chejan_slot-1542 I DEBUG    > 접수, 확인, 체결 : {'종목코드': '013700', '주문번호': '0124534', '종목명': '까뮤이앤씨', '주문상태': '체결', '주문수량': 209, '주문가격': 3025, '미체결수량': 148, '원주문번호': '0000000', '주문구분': '매수', '주문/체결시간': '122712', '체결가': 3020, '체결량': 61, '현재가': 3020, '(최우선)매도호가': 3020, '(최우선)매수호가': 3015}
[2021-03-11 12:27:13,914] I EventLoop.py | Kiwoom-_chejan_slot-1590 I DEBUG    > 잔고반영: {'현재가': 3020, '종목코드': '013700', '종목명': '까뮤이앤씨', '보유수량': 61, '주문가능수량': 61, '매입단가': 3020, '총매입가': 184250, '매도매수구분': '매수', '(최우선)매도호가': 3020, '(최우선)매수호가': 3015}
[2021-03-11 12:27:14,014] I EventLoop.py | Kiwoom-_chejan_slot-1542 I DEBUG    > 접수, 확인, 체결 : {'종목코드': '013700', '주문번호': '0124534', '종목명': '까뮤이앤씨', '주문상태': '체결', '주문수량': 209, '주문가격': 3025, '미체결수량': 0, '원주문번호': '0000000', '주문구분': '매수', '주문/체결시간': '122712', '체결가': 3020, '체결량': 209, '현재가': 3015, '(최우선)매도호가': 3020, '(최우선)매수호가': 3015}
[2021-03-11 12:27:14,015] I EventLoop.py | Kiwoom-_chejan_slot-1590 I DEBUG    > 잔고반영: {'현재가': 3015, '종목코드': '013700', '종목명': '까뮤이앤씨', '보유수량': 209, '주문가능수량': 209, '매입단가': 3020, '총매입가': 631210, '매도매수구분': '매수', '(최우선)매도호가': 3020, '(최우선)매수호가': 3015}
[2021-03-11 12:27:57,821] I EventLoop.py | Kiwoom-_receive_real_data_slot-1425 I DEBUG    > 매수조건 통과 012610 
[2021-03-11 12:27:57,822] I EventLoop.py | Kiwoom-_receive_real_data_slot-1426 I DEBUG    > (최우선)매도호가 6560 
[2021-03-11 12:27:58,138] I EventLoop.py | Kiwoom-_receive_real_data_slot-1439 I DEBUG    > 코드 : 012610 매수주문 전달 성공
[2021-03-11 12:27:58,392] I EventLoop.py | Kiwoom-_msg_slot-1612 I DEBUG    > 스크린: 8004, 요청이름: 신규매수, tr코드: KOA_NORMAL_BUY_KP_ORD, 시간: 2021-03-11 12:27:58 --- [00Z112] 모의투자 정상처리 되었습니다
[2021-03-11 12:27:58,420] I EventLoop.py | Kiwoom-_chejan_slot-1542 I DEBUG    > 접수, 확인, 체결 : {'종목코드': '012610', '주문번호': '0124806', '종목명': '경인양행', '주문상태': '접수', '주문수량': 96, '주문가격': 6560, '미체결수량': 96, '원주문번호': '0000000', '주문구분': '매수', '주문/체결시간': '122756', '체결가': 0, '체결량': 0, '현재가': 6560, '(최우선)매도호가': 6560, '(최우선)매수호가': 6550}
[2021-03-11 12:28:03,517] I EventLoop.py | Kiwoom-_receive_real_data_slot-1461 I DEBUG    > 매수취소 전달 성공
[2021-03-11 12:28:03,597] I EventLoop.py | Kiwoom-_msg_slot-1612 I DEBUG    > 스크린: 8001, 요청이름: 매수취소, tr코드: KOA_NORMAL_KP_CANCEL, 시간: 2021-03-11 12:28:03 --- [00Z115] 모의투자 정상처리 되었습니다
[2021-03-11 12:28:03,715] I EventLoop.py | Kiwoom-_chejan_slot-1542 I DEBUG    > 접수, 확인, 체결 : {'종목코드': '012610', '주문번호': '0124831', '종목명': '경인양행', '주문상태': '접수', '주문수량': 96, '주문가격': 0, '미체결수량': 96, '원주문번호': '0124806', '주문구분': '매수취소', '주문/체결시간': '122801', '체결가': 0, '체결량': 0, '현재가': 6560, '(최우선)매도호가': 6560, '(최우선)매수호가': 6550}
[2021-03-11 12:28:03,722] I EventLoop.py | Kiwoom-_chejan_slot-1542 I DEBUG    > 접수, 확인, 체결 : {'종목코드': '012610', '주문번호': '0124831', '종목명': '경인양행', '주문상태': '확인', '주문수량': 96, '주문가격': 0, '미체결수량': 0, '원주문번호': '0124806', '주문구분': '매수취소', '주문/체결시간': '122801', '체결가': 0, '체결량': 0, '현재가': 6560, '(최우선)매도호가': 6560, '(최우선)매수호가': 6550}
[2021-03-11 12:28:03,730] I EventLoop.py | Kiwoom-_chejan_slot-1542 I DEBUG    > 접수, 확인, 체결 : {'종목코드': '012610', '주문번호': '0124806', '종목명': '경인양행', '주문상태': '접수', '주문수량': 96, '주문가격': 6560, '미체결수량': 0, '원주문번호': '0000000', '주문구분': '매수', '주문/체결시간': '122756', '체결가': 0, '체결량': 0, '현재가': 6560, '(최우선)매도호가': 6560, '(최우선)매수호가': 6550}
[2021-03-11 12:28:13,398] I EventLoop.py | Kiwoom-_receive_real_data_slot-1425 I DEBUG    > 매수조건 통과 014620 
[2021-03-11 12:28:13,399] I EventLoop.py | Kiwoom-_receive_real_data_slot-1426 I DEBUG    > (최우선)매도호가 7130 
[2021-03-11 12:28:13,705] I EventLoop.py | Kiwoom-_receive_real_data_slot-1439 I DEBUG    > 코드 : 014620 매수주문 전달 성공
[2021-03-11 12:28:14,187] I EventLoop.py | Kiwoom-_msg_slot-1612 I DEBUG    > 스크린: 8004, 요청이름: 신규매수, tr코드: KOA_NORMAL_BUY_KP_ORD, 시간: 2021-03-11 12:28:14 --- [00Z112] 모의투자 정상처리 되었습니다
[2021-03-11 12:28:14,214] I EventLoop.py | Kiwoom-_chejan_slot-1542 I DEBUG    > 접수, 확인, 체결 : {'종목코드': '014620', '주문번호': '0124880', '종목명': '성광벤드', '주문상태': '접수', '주문수량': 88, '주문가격': 7130, '미체결수량': 88, '원주문번호': '0000000', '주문구분': '매수', '주문/체결시간': '122812', '체결가': 0, '체결량': 0, '현재가': 7130, '(최우선)매도호가': 7130, '(최우선)매수호가': 7120}
[2021-03-11 12:28:18,105] I EventLoop.py | Kiwoom-_receive_real_data_slot-1461 I DEBUG    > 매수취소 전달 성공
[2021-03-11 12:28:18,255] I EventLoop.py | Kiwoom-_msg_slot-1612 I DEBUG    > 스크린: 6001, 요청이름: 매수취소, tr코드: KOA_NORMAL_KP_CANCEL, 시간: 2021-03-11 12:28:18 --- [00Z115] 모의투자 정상처리 되었습니다
[2021-03-11 12:28:18,315] I EventLoop.py | Kiwoom-_chejan_slot-1542 I DEBUG    > 접수, 확인, 체결 : {'종목코드': '014620', '주문번호': '0124897', '종목명': '성광벤드', '주문상태': '접수', '주문수량': 88, '주문가격': 0, '미체결수량': 88, '원주문번호': '0124880', '주문구분': '매수취소', '주문/체결시간': '122816', '체결가': 0, '체결량': 0, '현재가': 7130, '(최우선)매도호가': 7130, '(최우선)매수호가': 7120}
[2021-03-11 12:28:18,333] I EventLoop.py | Kiwoom-_chejan_slot-1542 I DEBUG    > 접수, 확인, 체결 : {'종목코드': '014620', '주문번호': '0124897', '종목명': '성광벤드', '주문상태': '확인', '주문수량': 88, '주문가격': 0, '미체결수량': 0, '원주문번호': '0124880', '주문구분': '매수취소', '주문/체결시간': '122816', '체결가': 0, '체결량': 0, '현재가': 7130, '(최우선)매도호가': 7130, '(최우선)매수호가': 7120}
[2021-03-11 12:28:18,348] I EventLoop.py | Kiwoom-_chejan_slot-1542 I DEBUG    > 접수, 확인, 체결 : {'종목코드': '014620', '주문번호': '0124880', '종목명': '성광벤드', '주문상태': '접수', '주문수량': 88, '주문가격': 7130, '미체결수량': 0, '원주문번호': '0000000', '주문구분': '매수', '주문/체결시간': '122812', '체결가': 0, '체결량': 0, '현재가': 7130, '(최우선)매도호가': 7130, '(최우선)매수호가': 7120}
[2021-03-11 12:28:20,729] I Signal.py | Kiwoom-screen_number_real_time_setting-0259 I DEBUG    > 스크린 넘버 세팅 새로 들어온 종목: 020760, portfolio_stock_dict: {'매수매도': '매수'}
[2021-03-11 12:28:23,772] I Signal.py | Kiwoom-screen_number_real_time_setting-0306 I DEBUG    > 실시간 등록 코드: ;020760, 실시간 등록 리턴값: 0
[2021-03-11 12:28:36,020] I EventLoop.py | Kiwoom-_receive_real_data_slot-1425 I DEBUG    > 매수조건 통과 020760 
[2021-03-11 12:28:36,032] I EventLoop.py | Kiwoom-_receive_real_data_slot-1426 I DEBUG    > (최우선)매도호가 4535 
[2021-03-11 12:28:36,350] I EventLoop.py | Kiwoom-_receive_real_data_slot-1439 I DEBUG    > 코드 : 020760 매수주문 전달 성공
[2021-03-11 12:28:36,460] I EventLoop.py | Kiwoom-_msg_slot-1612 I DEBUG    > 스크린: 8005, 요청이름: 신규매수, tr코드: KOA_NORMAL_BUY_KP_ORD, 시간: 2021-03-11 12:28:36 --- [00Z112] 모의투자 정상처리 되었습니다
[2021-03-11 12:28:36,498] I EventLoop.py | Kiwoom-_chejan_slot-1542 I DEBUG    > 접수, 확인, 체결 : {'종목코드': '020760', '주문번호': '0124999', '종목명': '일진디스플', '주문상태': '접수', '주문수량': 139, '주문가격': 4535, '미체결수량': 139, '원주문번호': '0000000', '주문구분': '매수', '주문/체결시간': '122834', '체결가': 0, '체결량': 0, '현재가': 4535, '(최우선)매도호가': 4535, '(최우선)매수호가': 4525}
[2021-03-11 12:28:36,598] I EventLoop.py | Kiwoom-_chejan_slot-1542 I DEBUG    > 접수, 확인, 체결 : {'종목코드': '020760', '주문번호': '0124999', '종목명': '일진디스플', '주문상태': '체결', '주문수량': 139, '주문가격': 4535, '미체결수량': 29, '원주문번호': '0000000', '주문구분': '매수', '주문/체결시간': '122834', '체결가': 4535, '체결량': 110, '현재가': 4535, '(최우선)매도호가': 4535, '(최우선)매수호가': 4525}
[2021-03-11 12:28:36,601] I EventLoop.py | Kiwoom-_chejan_slot-1590 I DEBUG    > 잔고반영: {'현재가': 4535, '종목코드': '020760', '종목명': '일진디스플', '보유수량': 110, '주문가능수량': 110, '매입단가': 4535, '총매입가': 498850, '매도매수구분': '매수', '(최우선)매도호가': 4535, '(최우선)매수호가': 4525}
[2021-03-11 12:28:36,910] I EventLoop.py | Kiwoom-_receive_real_data_slot-1461 I DEBUG    > 매수취소 전달 성공
[2021-03-11 12:28:36,993] I EventLoop.py | Kiwoom-_msg_slot-1612 I DEBUG    > 스크린: 6001, 요청이름: 매수취소, tr코드: KOA_NORMAL_KP_CANCEL, 시간: 2021-03-11 12:28:36 --- [00Z115] 모의투자 정상처리 되었습니다
[2021-03-11 12:28:37,022] I EventLoop.py | Kiwoom-_chejan_slot-1542 I DEBUG    > 접수, 확인, 체결 : {'종목코드': '020760', '주문번호': '0125002', '종목명': '일진디스플', '주문상태': '접수', '주문수량': 29, '주문가격': 0, '미체결수량': 29, '원주문번호': '0124999', '주문구분': '매수취소', '주문/체결시간': '122835', '체결가': 0, '체결량': 0, '현재가': 4535, '(최우선)매도호가': 4535, '(최우선)매수호가': 4525}
[2021-03-11 12:28:37,063] I EventLoop.py | Kiwoom-_chejan_slot-1542 I DEBUG    > 접수, 확인, 체결 : {'종목코드': '020760', '주문번호': '0125002', '종목명': '일진디스플', '주문상태': '확인', '주문수량': 29, '주문가격': 0, '미체결수량': 0, '원주문번호': '0124999', '주문구분': '매수취소', '주문/체결시간': '122835', '체결가': 0, '체결량': 0, '현재가': 4535, '(최우선)매도호가': 4535, '(최우선)매수호가': 4525}
[2021-03-11 12:28:37,075] I EventLoop.py | Kiwoom-_chejan_slot-1542 I DEBUG    > 접수, 확인, 체결 : {'종목코드': '020760', '주문번호': '0124999', '종목명': '일진디스플', '주문상태': '체결', '주문수량': 139, '주문가격': 4535, '미체결수량': 0, '원주문번호': '0000000', '주문구분': '매수', '주문/체결시간': '122834', '체결가': 0, '체결량': 0, '현재가': 4535, '(최우선)매도호가': 4535, '(최우선)매수호가': 4525}
[2021-03-11 12:30:43,780] I Signal.py | Kiwoom-screen_number_real_time_setting-0259 I DEBUG    > 스크린 넘버 세팅 새로 들어온 종목: 036690, portfolio_stock_dict: {'매수매도': '매수'}
[2021-03-11 12:30:46,789] I Signal.py | Kiwoom-screen_number_real_time_setting-0306 I DEBUG    > 실시간 등록 코드: ;036690, 실시간 등록 리턴값: 0
[2021-03-11 12:33:06,869] I Signal.py | Kiwoom-screen_number_real_time_setting-0259 I DEBUG    > 스크린 넘버 세팅 새로 들어온 종목: 041440, portfolio_stock_dict: {'매수매도': '매수'}
[2021-03-11 12:33:09,883] I Signal.py | Kiwoom-screen_number_real_time_setting-0306 I DEBUG    > 실시간 등록 코드: ;041440, 실시간 등록 리턴값: 0
[2021-03-11 12:33:12,214] I EventLoop.py | Kiwoom-_receive_real_data_slot-1425 I DEBUG    > 매수조건 통과 041440 
[2021-03-11 12:33:12,220] I EventLoop.py | Kiwoom-_receive_real_data_slot-1426 I DEBUG    > (최우선)매도호가 5660 
[2021-03-11 12:33:12,549] I EventLoop.py | Kiwoom-_receive_real_data_slot-1439 I DEBUG    > 코드 : 041440 매수주문 전달 성공
[2021-03-11 12:33:12,764] I EventLoop.py | Kiwoom-_msg_slot-1612 I DEBUG    > 스크린: 8007, 요청이름: 신규매수, tr코드: KOA_NORMAL_BUY_KQ_ORD, 시간: 2021-03-11 12:33:12 --- [00Z112] 모의투자 정상처리 되었습니다
[2021-03-11 12:33:12,823] I EventLoop.py | Kiwoom-_chejan_slot-1542 I DEBUG    > 접수, 확인, 체결 : {'종목코드': '041440', '주문번호': '0126420', '종목명': '에버다임', '주문상태': '접수', '주문수량': 111, '주문가격': 5660, '미체결수량': 111, '원주문번호': '0000000', '주문구분': '매수', '주문/체결시간': '123311', '체결가': 0, '체결량': 0, '현재가': 5660, '(최우선)매도호가': 5660, '(최우선)매수호가': 5650}
[2021-03-11 12:33:14,205] I EventLoop.py | Kiwoom-_chejan_slot-1542 I DEBUG    > 접수, 확인, 체결 : {'종목코드': '041440', '주문번호': '0126420', '종목명': '에버다임', '주문상태': '체결', '주문수량': 111, '주문가격': 5660, '미체결수량': 11, '원주문번호': '0000000', '주문구분': '매수', '주문/체결시간': '123312', '체결가': 5660, '체결량': 100, '현재가': 5660, '(최우선)매도호가': 5660, '(최우선)매수호가': 5650}
[2021-03-11 12:33:14,212] I EventLoop.py | Kiwoom-_chejan_slot-1590 I DEBUG    > 잔고반영: {'현재가': 5660, '종목코드': '041440', '종목명': '에버다임', '보유수량': 100, '주문가능수량': 100, '매입단가': 5660, '총매입가': 566000, '매도매수구분': '매수', '(최우선)매도호가': 5660, '(최우선)매수호가': 5650}
[2021-03-11 12:33:14,908] I EventLoop.py | Kiwoom-_chejan_slot-1542 I DEBUG    > 접수, 확인, 체결 : {'종목코드': '041440', '주문번호': '0126420', '종목명': '에버다임', '주문상태': '체결', '주문수량': 111, '주문가격': 5660, '미체결수량': 10, '원주문번호': '0000000', '주문구분': '매수', '주문/체결시간': '123313', '체결가': 5660, '체결량': 101, '현재가': 5650, '(최우선)매도호가': 5650, '(최우선)매수호가': 5640}
[2021-03-11 12:33:14,922] I EventLoop.py | Kiwoom-_chejan_slot-1590 I DEBUG    > 잔고반영: {'현재가': 5650, '종목코드': '041440', '종목명': '에버다임', '보유수량': 101, '주문가능수량': 101, '매입단가': 5660, '총매입가': 571650, '매도매수구분': '매수', '(최우선)매도호가': 5650, '(최우선)매수호가': 5640}
[2021-03-11 12:33:15,753] I EventLoop.py | Kiwoom-_receive_real_data_slot-1461 I DEBUG    > 매수취소 전달 성공
[2021-03-11 12:33:16,430] I EventLoop.py | Kiwoom-_receive_real_data_slot-1461 I DEBUG    > 매수취소 전달 성공
[2021-03-11 12:33:16,444] I EventLoop.py | Kiwoom-_msg_slot-1612 I DEBUG    > 스크린: 6001, 요청이름: 매수취소, tr코드: KOA_NORMAL_KP_CANCEL, 시간: 2021-03-11 12:33:16 --- [00Z115] 모의투자 정상처리 되었습니다
[2021-03-11 12:33:16,472] I EventLoop.py | Kiwoom-_chejan_slot-1542 I DEBUG    > 접수, 확인, 체결 : {'종목코드': '041440', '주문번호': '0126433', '종목명': '에버다임', '주문상태': '접수', '주문수량': 10, '주문가격': 0, '미체결수량': 10, '원주문번호': '0126420', '주문구분': '매수취소', '주문/체결시간': '123314', '체결가': 0, '체결량': 0, '현재가': 5650, '(최우선)매도호가': 5650, '(최우선)매수호가': 5640}
[2021-03-11 12:33:16,496] I EventLoop.py | Kiwoom-_chejan_slot-1542 I DEBUG    > 접수, 확인, 체결 : {'종목코드': '041440', '주문번호': '0126433', '종목명': '에버다임', '주문상태': '확인', '주문수량': 10, '주문가격': 0, '미체결수량': 0, '원주문번호': '0126420', '주문구분': '매수취소', '주문/체결시간': '123314', '체결가': 0, '체결량': 0, '현재가': 5650, '(최우선)매도호가': 5650, '(최우선)매수호가': 5640}
[2021-03-11 12:33:16,500] I EventLoop.py | Kiwoom-_chejan_slot-1542 I DEBUG    > 접수, 확인, 체결 : {'종목코드': '041440', '주문번호': '0126420', '종목명': '에버다임', '주문상태': '체결', '주문수량': 111, '주문가격': 5660, '미체결수량': 0, '원주문번호': '0000000', '주문구분': '매수', '주문/체결시간': '123311', '체결가': 0, '체결량': 0, '현재가': 5650, '(최우선)매도호가': 5650, '(최우선)매수호가': 5640}
[2021-03-11 12:33:16,581] I EventLoop.py | Kiwoom-_msg_slot-1612 I DEBUG    > 스크린: 6001, 요청이름: 매수취소, tr코드: KOA_NORMAL_KP_CANCEL, 시간: 2021-03-11 12:33:16 --- [00Z235] 모의투자 취소주문 수량 오류
[2021-03-11 12:34:19,885] I Signal.py | Kiwoom-screen_number_real_time_setting-0259 I DEBUG    > 스크린 넘버 세팅 새로 들어온 종목: 043290, portfolio_stock_dict: {'매수매도': '매수'}
[2021-03-11 12:34:19,885] I Signal.py | Kiwoom-screen_number_real_time_setting-0259 I DEBUG    > 스크린 넘버 세팅 새로 들어온 종목: 044490, portfolio_stock_dict: {'매수매도': '매수'}
[2021-03-11 12:34:22,952] I Signal.py | Kiwoom-screen_number_real_time_setting-0306 I DEBUG    > 실시간 등록 코드: ;043290;044490, 실시간 등록 리턴값: 0
[2021-03-11 12:34:36,828] I EventLoop.py | Kiwoom-_receive_real_data_slot-1425 I DEBUG    > 매수조건 통과 043290 
[2021-03-11 12:34:36,841] I EventLoop.py | Kiwoom-_receive_real_data_slot-1426 I DEBUG    > (최우선)매도호가 2470 
[2021-03-11 12:34:37,173] I EventLoop.py | Kiwoom-_receive_real_data_slot-1439 I DEBUG    > 코드 : 043290 매수주문 전달 성공
[2021-03-11 12:34:37,249] I EventLoop.py | Kiwoom-_msg_slot-1612 I DEBUG    > 스크린: 8008, 요청이름: 신규매수, tr코드: KOA_NORMAL_BUY_KQ_ORD, 시간: 2021-03-11 12:34:37 --- [00Z112] 모의투자 정상처리 되었습니다
[2021-03-11 12:34:37,311] I EventLoop.py | Kiwoom-_chejan_slot-1542 I DEBUG    > 접수, 확인, 체결 : {'종목코드': '043290', '주문번호': '0126731', '종목명': '케이맥', '주문상태': '접수', '주문수량': 256, '주문가격': 2470, '미체결수량': 256, '원주문번호': '0000000', '주문구분': '매수', '주문/체결시간': '123435', '체결가': 0, '체결량': 0, '현재가': 2470, '(최우선)매도호가': 2470, '(최우선)매수호가': 2465}
[2021-03-11 12:34:37,410] I EventLoop.py | Kiwoom-_chejan_slot-1542 I DEBUG    > 접수, 확인, 체결 : {'종목코드': '043290', '주문번호': '0126731', '종목명': '케이맥', '주문상태': '체결', '주문수량': 256, '주문가격': 2470, '미체결수량': 191, '원주문번호': '0000000', '주문구분': '매수', '주문/체결시간': '123435', '체결가': 2470, '체결량': 65, '현재가': 2470, '(최우선)매도호가': 2470, '(최우선)매수호가': 2465}
[2021-03-11 12:34:37,412] I EventLoop.py | Kiwoom-_chejan_slot-1590 I DEBUG    > 잔고반영: {'현재가': 2470, '종목코드': '043290', '종목명': '케이맥', '보유수량': 65, '주문가능수량': 65, '매입단가': 2470, '총매입가': 160550, '매도매수구분': '매수', '(최우선)매도호가': 2470, '(최우선)매수호가': 2465}
[2021-03-11 12:34:39,346] I EventLoop.py | Kiwoom-_receive_real_data_slot-1461 I DEBUG    > 매수취소 전달 성공
[2021-03-11 12:34:39,554] I EventLoop.py | Kiwoom-_msg_slot-1612 I DEBUG    > 스크린: 8004, 요청이름: 매수취소, tr코드: KOA_NORMAL_KP_CANCEL, 시간: 2021-03-11 12:34:39 --- [00Z115] 모의투자 정상처리 되었습니다
[2021-03-11 12:34:39,604] I EventLoop.py | Kiwoom-_chejan_slot-1542 I DEBUG    > 접수, 확인, 체결 : {'종목코드': '043290', '주문번호': '0126740', '종목명': '케이맥', '주문상태': '접수', '주문수량': 191, '주문가격': 0, '미체결수량': 191, '원주문번호': '0126731', '주문구분': '매수취소', '주문/체결시간': '123437', '체결가': 0, '체결량': 0, '현재가': 2470, '(최우선)매도호가': 2470, '(최우선)매수호가': 2465}
[2021-03-11 12:34:39,627] I EventLoop.py | Kiwoom-_chejan_slot-1542 I DEBUG    > 접수, 확인, 체결 : {'종목코드': '043290', '주문번호': '0126740', '종목명': '케이맥', '주문상태': '확인', '주문수량': 191, '주문가격': 0, '미체결수량': 0, '원주문번호': '0126731', '주문구분': '매수취소', '주문/체결시간': '123437', '체결가': 0, '체결량': 0, '현재가': 2470, '(최우선)매도호가': 2470, '(최우선)매수호가': 2465}
[2021-03-11 12:34:39,638] I EventLoop.py | Kiwoom-_chejan_slot-1542 I DEBUG    > 접수, 확인, 체결 : {'종목코드': '043290', '주문번호': '0126731', '종목명': '케이맥', '주문상태': '체결', '주문수량': 256, '주문가격': 2470, '미체결수량': 0, '원주문번호': '0000000', '주문구분': '매수', '주문/체결시간': '123435', '체결가': 0, '체결량': 0, '현재가': 2470, '(최우선)매도호가': 2470, '(최우선)매수호가': 2465}
[2021-03-11 12:35:15,226] I EventLoop.py | Kiwoom-_receive_real_data_slot-1425 I DEBUG    > 매수조건 통과 036690 
[2021-03-11 12:35:15,238] I EventLoop.py | Kiwoom-_receive_real_data_slot-1426 I DEBUG    > (최우선)매도호가 5970 
[2021-03-11 12:35:15,550] I EventLoop.py | Kiwoom-_receive_real_data_slot-1439 I DEBUG    > 코드 : 036690 매수주문 전달 성공
[2021-03-11 12:35:16,033] I EventLoop.py | Kiwoom-_msg_slot-1612 I DEBUG    > 스크린: 8006, 요청이름: 신규매수, tr코드: KOA_NORMAL_BUY_KQ_ORD, 시간: 2021-03-11 12:35:16 --- [00Z112] 모의투자 정상처리 되었습니다
[2021-03-11 12:35:16,129] I EventLoop.py | Kiwoom-_chejan_slot-1542 I DEBUG    > 접수, 확인, 체결 : {'종목코드': '036690', '주문번호': '0126896', '종목명': '코맥스', '주문상태': '접수', '주문수량': 105, '주문가격': 5970, '미체결수량': 105, '원주문번호': '0000000', '주문구분': '매수', '주문/체결시간': '123514', '체결가': 0, '체결량': 0, '현재가': 5970, '(최우선)매도호가': 5970, '(최우선)매수호가': 5960}
[2021-03-11 12:35:16,626] I EventLoop.py | Kiwoom-_receive_real_data_slot-1461 I DEBUG    > 매수취소 전달 성공
[2021-03-11 12:35:17,056] I EventLoop.py | Kiwoom-_msg_slot-1612 I DEBUG    > 스크린: 6001, 요청이름: 매수취소, tr코드: KOA_NORMAL_KP_CANCEL, 시간: 2021-03-11 12:35:17 --- [00Z115] 모의투자 정상처리 되었습니다
[2021-03-11 12:35:17,118] I EventLoop.py | Kiwoom-_chejan_slot-1542 I DEBUG    > 접수, 확인, 체결 : {'종목코드': '036690', '주문번호': '0126898', '종목명': '코맥스', '주문상태': '접수', '주문수량': 105, '주문가격': 0, '미체결수량': 105, '원주문번호': '0126896', '주문구분': '매수취소', '주문/체결시간': '123515', '체결가': 0, '체결량': 0, '현재가': 5970, '(최우선)매도호가': 5970, '(최우선)매수호가': 5960}
[2021-03-11 12:35:17,140] I EventLoop.py | Kiwoom-_chejan_slot-1542 I DEBUG    > 접수, 확인, 체결 : {'종목코드': '036690', '주문번호': '0126898', '종목명': '코맥스', '주문상태': '확인', '주문수량': 105, '주문가격': 0, '미체결수량': 0, '원주문번호': '0126896', '주문구분': '매수취소', '주문/체결시간': '123515', '체결가': 0, '체결량': 0, '현재가': 5970, '(최우선)매도호가': 5970, '(최우선)매수호가': 5960}
[2021-03-11 12:35:17,153] I EventLoop.py | Kiwoom-_chejan_slot-1542 I DEBUG    > 접수, 확인, 체결 : {'종목코드': '036690', '주문번호': '0126896', '종목명': '코맥스', '주문상태': '접수', '주문수량': 105, '주문가격': 5970, '미체결수량': 0, '원주문번호': '0000000', '주문구분': '매수', '주문/체결시간': '123514', '체결가': 0, '체결량': 0, '현재가': 5970, '(최우선)매도호가': 5970, '(최우선)매수호가': 5960}
[2021-03-11 12:35:32,966] I Signal.py | Kiwoom-screen_number_real_time_setting-0259 I DEBUG    > 스크린 넘버 세팅 새로 들어온 종목: 052420, portfolio_stock_dict: {'매수매도': '매수'}
[2021-03-11 12:35:36,019] I Signal.py | Kiwoom-screen_number_real_time_setting-0306 I DEBUG    > 실시간 등록 코드: ;052420, 실시간 등록 리턴값: 0
[2021-03-11 12:35:43,399] I EventLoop.py | Kiwoom-_receive_real_data_slot-1425 I DEBUG    > 매수조건 통과 052420 
[2021-03-11 12:35:43,399] I EventLoop.py | Kiwoom-_receive_real_data_slot-1426 I DEBUG    > (최우선)매도호가 4000 
[2021-03-11 12:35:43,731] I EventLoop.py | Kiwoom-_receive_real_data_slot-1439 I DEBUG    > 코드 : 052420 매수주문 전달 성공
[2021-03-11 12:35:44,533] I EventLoop.py | Kiwoom-_msg_slot-1612 I DEBUG    > 스크린: 8009, 요청이름: 신규매수, tr코드: KOA_NORMAL_BUY_KQ_ORD, 시간: 2021-03-11 12:35:44 --- [00Z112] 모의투자 정상처리 되었습니다
[2021-03-11 12:35:44,615] I EventLoop.py | Kiwoom-_chejan_slot-1542 I DEBUG    > 접수, 확인, 체결 : {'종목코드': '052420', '주문번호': '0127038', '종목명': '오성첨단소재', '주문상태': '접수', '주문수량': 158, '주문가격': 4000, '미체결수량': 158, '원주문번호': '0000000', '주문구분': '매수', '주문/체결시간': '123542', '체결가': 0, '체결량': 0, '현재가': 4000, '(최우선)매도호가': 4000, '(최우선)매수호가': 3995}
[2021-03-11 12:35:46,615] I EventLoop.py | Kiwoom-_chejan_slot-1542 I DEBUG    > 접수, 확인, 체결 : {'종목코드': '052420', '주문번호': '0127038', '종목명': '오성첨단소재', '주문상태': '체결', '주문수량': 158, '주문가격': 4000, '미체결수량': 138, '원주문번호': '0000000', '주문구분': '매수', '주문/체결시간': '123544', '체결가': 3995, '체결량': 20, '현재가': 3995, '(최우선)매도호가': 4000, '(최우선)매수호가': 3995}
[2021-03-11 12:35:46,640] I EventLoop.py | Kiwoom-_chejan_slot-1590 I DEBUG    > 잔고반영: {'현재가': 3995, '종목코드': '052420', '종목명': '오성첨단소재', '보유수량': 20, '주문가능수량': 20, '매입단가': 3995, '총매입가': 79900, '매도매수구분': '매수', '(최우선)매도호가': 4000, '(최우선)매수호가': 3995}
[2021-03-11 12:35:47,350] I EventLoop.py | Kiwoom-_receive_real_data_slot-1461 I DEBUG    > 매수취소 전달 성공
[2021-03-11 12:35:47,728] I EventLoop.py | Kiwoom-_receive_real_data_slot-1461 I DEBUG    > 매수취소 전달 성공
[2021-03-11 12:35:47,742] I EventLoop.py | Kiwoom-_chejan_slot-1542 I DEBUG    > 접수, 확인, 체결 : {'종목코드': '052420', '주문번호': '0127038', '종목명': '오성첨단소재', '주문상태': '체결', '주문수량': 158, '주문가격': 4000, '미체결수량': 0, '원주문번호': '0000000', '주문구분': '매수', '주문/체결시간': '123545', '체결가': 3999, '체결량': 158, '현재가': 4000, '(최우선)매도호가': 4000, '(최우선)매수호가': 3995}
[2021-03-11 12:35:47,766] I EventLoop.py | Kiwoom-_chejan_slot-1590 I DEBUG    > 잔고반영: {'현재가': 4000, '종목코드': '052420', '종목명': '오성첨단소재', '보유수량': 158, '주문가능수량': 158, '매입단가': 3999, '총매입가': 631900, '매도매수구분': '매수', '(최우선)매도호가': 4000, '(최우선)매수호가': 3995}
[2021-03-11 12:35:47,796] I EventLoop.py | Kiwoom-_msg_slot-1612 I DEBUG    > 스크린: 6001, 요청이름: 매수취소, tr코드: KOA_NORMAL_KP_CANCEL, 시간: 2021-03-11 12:35:47 --- [00Z235] 모의투자 취소주문 수량 오류
[2021-03-11 12:35:48,262] I EventLoop.py | Kiwoom-_msg_slot-1612 I DEBUG    > 스크린: 8001, 요청이름: 매수취소, tr코드: KOA_NORMAL_KP_CANCEL, 시간: 2021-03-11 12:35:48 --- [00Z235] 모의투자 취소주문 수량 오류
[2021-03-11 12:35:59,704] I EventLoop.py | Kiwoom-_receive_real_data_slot-1425 I DEBUG    > 매수조건 통과 044490 
[2021-03-11 12:35:59,704] I EventLoop.py | Kiwoom-_receive_real_data_slot-1426 I DEBUG    > (최우선)매도호가 12100 
[2021-03-11 12:36:00,027] I EventLoop.py | Kiwoom-_receive_real_data_slot-1439 I DEBUG    > 코드 : 044490 매수주문 전달 성공
[2021-03-11 12:36:00,568] I EventLoop.py | Kiwoom-_msg_slot-1612 I DEBUG    > 스크린: 8008, 요청이름: 신규매수, tr코드: KOA_NORMAL_BUY_KQ_ORD, 시간: 2021-03-11 12:36:00 --- [00Z112] 모의투자 정상처리 되었습니다
[2021-03-11 12:36:00,602] I EventLoop.py | Kiwoom-_chejan_slot-1542 I DEBUG    > 접수, 확인, 체결 : {'종목코드': '044490', '주문번호': '0127116', '종목명': '태웅', '주문상태': '접수', '주문수량': 52, '주문가격': 12100, '미체결수량': 52, '원주문번호': '0000000', '주문구분': '매수', '주문/체결시간': '123558', '체결가': 0, '체결량': 0, '현재가': 12050, '(최우선)매도호가': 12100, '(최우선)매수호가': 12000}
[2021-03-11 12:36:01,774] I EventLoop.py | Kiwoom-_receive_real_data_slot-1461 I DEBUG    > 매수취소 전달 성공
[2021-03-11 12:36:02,044] I EventLoop.py | Kiwoom-_msg_slot-1612 I DEBUG    > 스크린: 6001, 요청이름: 매수취소, tr코드: KOA_NORMAL_KP_CANCEL, 시간: 2021-03-11 12:36:02 --- [00Z115] 모의투자 정상처리 되었습니다
[2021-03-11 12:36:02,111] I EventLoop.py | Kiwoom-_chejan_slot-1542 I DEBUG    > 접수, 확인, 체결 : {'종목코드': '044490', '주문번호': '0127123', '종목명': '태웅', '주문상태': '접수', '주문수량': 52, '주문가격': 0, '미체결수량': 52, '원주문번호': '0127116', '주문구분': '매수취소', '주문/체결시간': '123600', '체결가': 0, '체결량': 0, '현재가': 12050, '(최우선)매도호가': 12100, '(최우선)매수호가': 12000}
[2021-03-11 12:36:02,120] I EventLoop.py | Kiwoom-_chejan_slot-1542 I DEBUG    > 접수, 확인, 체결 : {'종목코드': '044490', '주문번호': '0127123', '종목명': '태웅', '주문상태': '확인', '주문수량': 52, '주문가격': 0, '미체결수량': 0, '원주문번호': '0127116', '주문구분': '매수취소', '주문/체결시간': '123600', '체결가': 0, '체결량': 0, '현재가': 12050, '(최우선)매도호가': 12100, '(최우선)매수호가': 12000}
[2021-03-11 12:36:02,126] I EventLoop.py | Kiwoom-_chejan_slot-1542 I DEBUG    > 접수, 확인, 체결 : {'종목코드': '044490', '주문번호': '0127116', '종목명': '태웅', '주문상태': '접수', '주문수량': 52, '주문가격': 12100, '미체결수량': 0, '원주문번호': '0000000', '주문구분': '매수', '주문/체결시간': '123558', '체결가': 0, '체결량': 0, '현재가': 12050, '(최우선)매도호가': 12100, '(최우선)매수호가': 12000}
[2021-03-11 12:36:46,032] I Signal.py | Kiwoom-screen_number_real_time_setting-0259 I DEBUG    > 스크린 넘버 세팅 새로 들어온 종목: 057680, portfolio_stock_dict: {'매수매도': '매수'}
[2021-03-11 12:36:49,040] I Signal.py | Kiwoom-screen_number_real_time_setting-0306 I DEBUG    > 실시간 등록 코드: ;057680, 실시간 등록 리턴값: 0
[2021-03-11 12:39:26,725] I EventLoop.py | Kiwoom-_receive_real_data_slot-1425 I DEBUG    > 매수조건 통과 057680 
[2021-03-11 12:39:26,737] I EventLoop.py | Kiwoom-_receive_real_data_slot-1426 I DEBUG    > (최우선)매도호가 3270 
[2021-03-11 12:39:27,071] I EventLoop.py | Kiwoom-_receive_real_data_slot-1439 I DEBUG    > 코드 : 057680 매수주문 전달 성공
[2021-03-11 12:39:27,275] I EventLoop.py | Kiwoom-_msg_slot-1612 I DEBUG    > 스크린: 8010, 요청이름: 신규매수, tr코드: KOA_NORMAL_BUY_KQ_ORD, 시간: 2021-03-11 12:39:27 --- [00Z112] 모의투자 정상처리 되었습니다
[2021-03-11 12:39:27,315] I EventLoop.py | Kiwoom-_chejan_slot-1542 I DEBUG    > 접수, 확인, 체결 : {'종목코드': '057680', '주문번호': '0128266', '종목명': '티사이언티픽', '주문상태': '접수', '주문수량': 193, '주문가격': 3270, '미체결수량': 193, '원주문번호': '0000000', '주문구분': '매수', '주문/체결시간': '123925', '체결가': 0, '체결량': 0, '현재가': 3265, '(최우선)매도호가': 3270, '(최우선)매수호가': 3250}
[2021-03-11 12:39:27,735] I EventLoop.py | Kiwoom-_receive_real_data_slot-1461 I DEBUG    > 매수취소 전달 성공
[2021-03-11 12:39:27,820] I EventLoop.py | Kiwoom-_msg_slot-1612 I DEBUG    > 스크린: 8009, 요청이름: 매수취소, tr코드: KOA_NORMAL_KQ_CANCEL, 시간: 2021-03-11 12:39:27 --- [00Z115] 모의투자 정상처리 되었습니다
[2021-03-11 12:39:27,911] I EventLoop.py | Kiwoom-_chejan_slot-1542 I DEBUG    > 접수, 확인, 체결 : {'종목코드': '057680', '주문번호': '0128271', '종목명': '티사이언티픽', '주문상태': '접수', '주문수량': 193, '주문가격': 0, '미체결수량': 193, '원주문번호': '0128266', '주문구분': '매수취소', '주문/체결시간': '123926', '체결가': 0, '체결량': 0, '현재가': 3265, '(최우선)매도호가': 3270, '(최우선)매수호가': 3250}
[2021-03-11 12:39:27,930] I EventLoop.py | Kiwoom-_chejan_slot-1542 I DEBUG    > 접수, 확인, 체결 : {'종목코드': '057680', '주문번호': '0128271', '종목명': '티사이언티픽', '주문상태': '확인', '주문수량': 193, '주문가격': 0, '미체결수량': 0, '원주문번호': '0128266', '주문구분': '매수취소', '주문/체결시간': '123926', '체결가': 0, '체결량': 0, '현재가': 3265, '(최우선)매도호가': 3270, '(최우선)매수호가': 3250}
[2021-03-11 12:39:27,949] I EventLoop.py | Kiwoom-_chejan_slot-1542 I DEBUG    > 접수, 확인, 체결 : {'종목코드': '057680', '주문번호': '0128266', '종목명': '티사이언티픽', '주문상태': '접수', '주문수량': 193, '주문가격': 3270, '미체결수량': 0, '원주문번호': '0000000', '주문구분': '매수', '주문/체결시간': '123925', '체결가': 0, '체결량': 0, '현재가': 3265, '(최우선)매도호가': 3270, '(최우선)매수호가': 3250}
[2021-03-11 12:40:19,155] I Signal.py | Kiwoom-screen_number_real_time_setting-0259 I DEBUG    > 스크린 넘버 세팅 새로 들어온 종목: 080580, portfolio_stock_dict: {'매수매도': '매수'}
[2021-03-11 12:40:22,269] I Signal.py | Kiwoom-screen_number_real_time_setting-0306 I DEBUG    > 실시간 등록 코드: ;080580, 실시간 등록 리턴값: 0
[2021-03-11 12:41:19,824] I EventLoop.py | Kiwoom-_receive_real_data_slot-1425 I DEBUG    > 매수조건 통과 080580 
[2021-03-11 12:41:19,839] I EventLoop.py | Kiwoom-_receive_real_data_slot-1426 I DEBUG    > (최우선)매도호가 24750 
[2021-03-11 12:41:20,167] I EventLoop.py | Kiwoom-_receive_real_data_slot-1439 I DEBUG    > 코드 : 080580 매수주문 전달 성공
[2021-03-11 12:41:20,478] I EventLoop.py | Kiwoom-_msg_slot-1612 I DEBUG    > 스크린: 8011, 요청이름: 신규매수, tr코드: KOA_NORMAL_BUY_KQ_ORD, 시간: 2021-03-11 12:41:20 --- [00Z112] 모의투자 정상처리 되었습니다
[2021-03-11 12:41:20,505] I EventLoop.py | Kiwoom-_chejan_slot-1542 I DEBUG    > 접수, 확인, 체결 : {'종목코드': '080580', '주문번호': '0129097', '종목명': '오킨스전자', '주문상태': '접수', '주문수량': 25, '주문가격': 24750, '미체결수량': 25, '원주문번호': '0000000', '주문구분': '매수', '주문/체결시간': '124118', '체결가': 0, '체결량': 0, '현재가': 24700, '(최우선)매도호가': 24750, '(최우선)매수호가': 24700}
[2021-03-11 12:41:33,918] I EventLoop.py | Kiwoom-_receive_real_data_slot-1461 I DEBUG    > 매수취소 전달 성공
[2021-03-11 12:41:34,320] I EventLoop.py | Kiwoom-_msg_slot-1612 I DEBUG    > 스크린: 6001, 요청이름: 매수취소, tr코드: KOA_NORMAL_KP_CANCEL, 시간: 2021-03-11 12:41:34 --- [00Z115] 모의투자 정상처리 되었습니다
[2021-03-11 12:41:34,417] I EventLoop.py | Kiwoom-_chejan_slot-1542 I DEBUG    > 접수, 확인, 체결 : {'종목코드': '080580', '주문번호': '0129190', '종목명': '오킨스전자', '주문상태': '접수', '주문수량': 25, '주문가격': 0, '미체결수량': 25, '원주문번호': '0129097', '주문구분': '매수취소', '주문/체결시간': '124132', '체결가': 0, '체결량': 0, '현재가': 24700, '(최우선)매도호가': 24750, '(최우선)매수호가': 24700}
[2021-03-11 12:41:34,430] I EventLoop.py | Kiwoom-_chejan_slot-1542 I DEBUG    > 접수, 확인, 체결 : {'종목코드': '080580', '주문번호': '0129190', '종목명': '오킨스전자', '주문상태': '확인', '주문수량': 25, '주문가격': 0, '미체결수량': 0, '원주문번호': '0129097', '주문구분': '매수취소', '주문/체결시간': '124132', '체결가': 0, '체결량': 0, '현재가': 24700, '(최우선)매도호가': 24750, '(최우선)매수호가': 24700}
[2021-03-11 12:41:34,432] I EventLoop.py | Kiwoom-_chejan_slot-1542 I DEBUG    > 접수, 확인, 체결 : {'종목코드': '080580', '주문번호': '0129097', '종목명': '오킨스전자', '주문상태': '접수', '주문수량': 25, '주문가격': 24750, '미체결수량': 0, '원주문번호': '0000000', '주문구분': '매수', '주문/체결시간': '124118', '체결가': 0, '체결량': 0, '현재가': 24700, '(최우선)매도호가': 24750, '(최우선)매수호가': 24700}
[2021-03-11 12:42:42,294] I Signal.py | Kiwoom-screen_number_real_time_setting-0259 I DEBUG    > 스크린 넘버 세팅 새로 들어온 종목: 090350, portfolio_stock_dict: {'매수매도': '매수'}
[2021-03-11 12:42:45,366] I Signal.py | Kiwoom-screen_number_real_time_setting-0306 I DEBUG    > 실시간 등록 코드: ;090350, 실시간 등록 리턴값: 0
[2021-03-11 12:43:55,380] I Signal.py | Kiwoom-screen_number_real_time_setting-0259 I DEBUG    > 스크린 넘버 세팅 새로 들어온 종목: 095660, portfolio_stock_dict: {'매수매도': '매수'}
[2021-03-11 12:43:58,406] I Signal.py | Kiwoom-screen_number_real_time_setting-0306 I DEBUG    > 실시간 등록 코드: ;095660, 실시간 등록 리턴값: 0
[2021-03-11 12:44:21,804] I EventLoop.py | Kiwoom-_receive_real_data_slot-1425 I DEBUG    > 매수조건 통과 090350 
[2021-03-11 12:44:21,804] I EventLoop.py | Kiwoom-_receive_real_data_slot-1426 I DEBUG    > (최우선)매도호가 9480 
[2021-03-11 12:44:22,109] I EventLoop.py | Kiwoom-_receive_real_data_slot-1439 I DEBUG    > 코드 : 090350 매수주문 전달 성공
[2021-03-11 12:44:22,178] I EventLoop.py | Kiwoom-_msg_slot-1612 I DEBUG    > 스크린: 8012, 요청이름: 신규매수, tr코드: KOA_NORMAL_BUY_KP_ORD, 시간: 2021-03-11 12:44:22 --- [00Z112] 모의투자 정상처리 되었습니다
[2021-03-11 12:44:22,208] I EventLoop.py | Kiwoom-_chejan_slot-1542 I DEBUG    > 접수, 확인, 체결 : {'종목코드': '090350', '주문번호': '0130163', '종목명': '노루페인트', '주문상태': '접수', '주문수량': 66, '주문가격': 9480, '미체결수량': 66, '원주문번호': '0000000', '주문구분': '매수', '주문/체결시간': '124420', '체결가': 0, '체결량': 0, '현재가': 9480, '(최우선)매도호가': 9490, '(최우선)매수호가': 9470}
[2021-03-11 12:44:22,413] I EventLoop.py | Kiwoom-_chejan_slot-1542 I DEBUG    > 접수, 확인, 체결 : {'종목코드': '090350', '주문번호': '0130163', '종목명': '노루페인트', '주문상태': '체결', '주문수량': 66, '주문가격': 9480, '미체결수량': 0, '원주문번호': '0000000', '주문구분': '매수', '주문/체결시간': '124420', '체결가': 9480, '체결량': 66, '현재가': 9480, '(최우선)매도호가': 9490, '(최우선)매수호가': 9470}
[2021-03-11 12:44:22,414] I EventLoop.py | Kiwoom-_chejan_slot-1590 I DEBUG    > 잔고반영: {'현재가': 9480, '종목코드': '090350', '종목명': '노루페인트', '보유수량': 66, '주문가능수량': 66, '매입단가': 9480, '총매입가': 625680, '매도매수구분': '매수', '(최우선)매도호가': 9490, '(최우선)매수호가': 9470}
[2021-03-11 12:44:40,001] I EventLoop.py | Kiwoom-_receive_real_data_slot-1425 I DEBUG    > 매수조건 통과 095660 
[2021-03-11 12:44:40,002] I EventLoop.py | Kiwoom-_receive_real_data_slot-1426 I DEBUG    > (최우선)매도호가 22700 
[2021-03-11 12:44:40,308] I EventLoop.py | Kiwoom-_receive_real_data_slot-1439 I DEBUG    > 코드 : 095660 매수주문 전달 성공
[2021-03-11 12:44:40,933] I EventLoop.py | Kiwoom-_msg_slot-1612 I DEBUG    > 스크린: 8013, 요청이름: 신규매수, tr코드: KOA_NORMAL_BUY_KQ_ORD, 시간: 2021-03-11 12:44:40 --- [00Z112] 모의투자 정상처리 되었습니다
[2021-03-11 12:44:41,007] I EventLoop.py | Kiwoom-_chejan_slot-1542 I DEBUG    > 접수, 확인, 체결 : {'종목코드': '095660', '주문번호': '0130257', '종목명': '네오위즈', '주문상태': '접수', '주문수량': 27, '주문가격': 22700, '미체결수량': 27, '원주문번호': '0000000', '주문구분': '매수', '주문/체결시간': '124439', '체결가': 0, '체결량': 0, '현재가': 22700, '(최우선)매도호가': 22700, '(최우선)매수호가': 22650}
[2021-03-11 12:44:50,947] I EventLoop.py | Kiwoom-_receive_real_data_slot-1461 I DEBUG    > 매수취소 전달 성공
[2021-03-11 12:44:51,548] I EventLoop.py | Kiwoom-_msg_slot-1612 I DEBUG    > 스크린: 6001, 요청이름: 매수취소, tr코드: KOA_NORMAL_KP_CANCEL, 시간: 2021-03-11 12:44:51 --- [00Z115] 모의투자 정상처리 되었습니다
[2021-03-11 12:44:51,620] I EventLoop.py | Kiwoom-_chejan_slot-1542 I DEBUG    > 접수, 확인, 체결 : {'종목코드': '095660', '주문번호': '0130310', '종목명': '네오위즈', '주문상태': '접수', '주문수량': 27, '주문가격': 0, '미체결수량': 27, '원주문번호': '0130257', '주문구분': '매수취소', '주문/체결시간': '124449', '체결가': 0, '체결량': 0, '현재가': 22700, '(최우선)매도호가': 22700, '(최우선)매수호가': 22650}
[2021-03-11 12:44:51,656] I EventLoop.py | Kiwoom-_chejan_slot-1542 I DEBUG    > 접수, 확인, 체결 : {'종목코드': '095660', '주문번호': '0130310', '종목명': '네오위즈', '주문상태': '확인', '주문수량': 27, '주문가격': 0, '미체결수량': 0, '원주문번호': '0130257', '주문구분': '매수취소', '주문/체결시간': '124449', '체결가': 0, '체결량': 0, '현재가': 22700, '(최우선)매도호가': 22700, '(최우선)매수호가': 22650}
[2021-03-11 12:44:51,669] I EventLoop.py | Kiwoom-_chejan_slot-1542 I DEBUG    > 접수, 확인, 체결 : {'종목코드': '095660', '주문번호': '0130257', '종목명': '네오위즈', '주문상태': '접수', '주문수량': 27, '주문가격': 22700, '미체결수량': 0, '원주문번호': '0000000', '주문구분': '매수', '주문/체결시간': '124439', '체결가': 0, '체결량': 0, '현재가': 22700, '(최우선)매도호가': 22700, '(최우선)매수호가': 22650}
[2021-03-11 12:48:38,421] I Signal.py | Kiwoom-screen_number_real_time_setting-0259 I DEBUG    > 스크린 넘버 세팅 새로 들어온 종목: 214150, portfolio_stock_dict: {'매수매도': '매수'}
[2021-03-11 12:48:41,428] I Signal.py | Kiwoom-screen_number_real_time_setting-0306 I DEBUG    > 실시간 등록 코드: ;214150, 실시간 등록 리턴값: 0
[2021-03-11 12:48:42,426] I EventLoop.py | Kiwoom-_receive_real_data_slot-1425 I DEBUG    > 매수조건 통과 214150 
[2021-03-11 12:48:42,438] I EventLoop.py | Kiwoom-_receive_real_data_slot-1426 I DEBUG    > (최우선)매도호가 13550 
[2021-03-11 12:48:42,767] I EventLoop.py | Kiwoom-_receive_real_data_slot-1439 I DEBUG    > 코드 : 214150 매수주문 전달 성공
[2021-03-11 12:48:43,113] I EventLoop.py | Kiwoom-_msg_slot-1612 I DEBUG    > 스크린: 8014, 요청이름: 신규매수, tr코드: KOA_NORMAL_BUY_KQ_ORD, 시간: 2021-03-11 12:48:43 --- [00Z112] 모의투자 정상처리 되었습니다
[2021-03-11 12:48:43,206] I EventLoop.py | Kiwoom-_chejan_slot-1542 I DEBUG    > 접수, 확인, 체결 : {'종목코드': '214150', '주문번호': '0131748', '종목명': '클래시스', '주문상태': '접수', '주문수량': 46, '주문가격': 13550, '미체결수량': 46, '원주문번호': '0000000', '주문구분': '매수', '주문/체결시간': '124841', '체결가': 0, '체결량': 0, '현재가': 13500, '(최우선)매도호가': 13550, '(최우선)매수호가': 13500}
[2021-03-11 12:48:54,614] I EventLoop.py | Kiwoom-_chejan_slot-1542 I DEBUG    > 접수, 확인, 체결 : {'종목코드': '214150', '주문번호': '0131748', '종목명': '클래시스', '주문상태': '체결', '주문수량': 46, '주문가격': 13550, '미체결수량': 11, '원주문번호': '0000000', '주문구분': '매수', '주문/체결시간': '124852', '체결가': 13500, '체결량': 35, '현재가': 13550, '(최우선)매도호가': 13550, '(최우선)매수호가': 13500}
[2021-03-11 12:48:54,718] I EventLoop.py | Kiwoom-_chejan_slot-1590 I DEBUG    > 잔고반영: {'현재가': 13550, '종목코드': '214150', '종목명': '클래시스', '보유수량': 35, '주문가능수량': 35, '매입단가': 13500, '총매입가': 472500, '매도매수구분': '매수', '(최우선)매도호가': 13550, '(최우선)매수호가': 13500}
[2021-03-11 12:48:55,213] I EventLoop.py | Kiwoom-_chejan_slot-1542 I DEBUG    > 접수, 확인, 체결 : {'종목코드': '214150', '주문번호': '0131748', '종목명': '클래시스', '주문상태': '체결', '주문수량': 46, '주문가격': 13550, '미체결수량': 10, '원주문번호': '0000000', '주문구분': '매수', '주문/체결시간': '124853', '체결가': 13501, '체결량': 36, '현재가': 13550, '(최우선)매도호가': 13550, '(최우선)매수호가': 13500}
[2021-03-11 12:48:55,217] I EventLoop.py | Kiwoom-_chejan_slot-1590 I DEBUG    > 잔고반영: {'현재가': 13550, '종목코드': '214150', '종목명': '클래시스', '보유수량': 36, '주문가능수량': 36, '매입단가': 13501, '총매입가': 486050, '매도매수구분': '매수', '(최우선)매도호가': 13550, '(최우선)매수호가': 13500}
[2021-03-11 12:49:01,437] I EventLoop.py | Kiwoom-_receive_real_data_slot-1461 I DEBUG    > 매수취소 전달 성공
[2021-03-11 12:49:01,663] I EventLoop.py | Kiwoom-_msg_slot-1612 I DEBUG    > 스크린: 6001, 요청이름: 매수취소, tr코드: KOA_NORMAL_KP_CANCEL, 시간: 2021-03-11 12:49:01 --- [00Z115] 모의투자 정상처리 되었습니다
[2021-03-11 12:49:01,711] I EventLoop.py | Kiwoom-_chejan_slot-1542 I DEBUG    > 접수, 확인, 체결 : {'종목코드': '214150', '주문번호': '0131829', '종목명': '클래시스', '주문상태': '접수', '주문수량': 10, '주문가격': 0, '미체결수량': 10, '원주문번호': '0131748', '주문구분': '매수취소', '주문/체결시간': '124859', '체결가': 0, '체결량': 0, '현재가': 13550, '(최우선)매도호가': 13550, '(최우선)매수호가': 13500}
[2021-03-11 12:49:01,715] I EventLoop.py | Kiwoom-_chejan_slot-1542 I DEBUG    > 접수, 확인, 체결 : {'종목코드': '214150', '주문번호': '0131829', '종목명': '클래시스', '주문상태': '확인', '주문수량': 10, '주문가격': 0, '미체결수량': 0, '원주문번호': '0131748', '주문구분': '매수취소', '주문/체결시간': '124859', '체결가': 0, '체결량': 0, '현재가': 13550, '(최우선)매도호가': 13550, '(최우선)매수호가': 13500}
[2021-03-11 12:49:01,717] I EventLoop.py | Kiwoom-_chejan_slot-1542 I DEBUG    > 접수, 확인, 체결 : {'종목코드': '214150', '주문번호': '0131748', '종목명': '클래시스', '주문상태': '체결', '주문수량': 46, '주문가격': 13550, '미체결수량': 0, '원주문번호': '0000000', '주문구분': '매수', '주문/체결시간': '124841', '체결가': 0, '체결량': 0, '현재가': 13550, '(최우선)매도호가': 13550, '(최우선)매수호가': 13500}
[2021-03-11 12:51:01,436] I Signal.py | Kiwoom-screen_number_real_time_setting-0259 I DEBUG    > 스크린 넘버 세팅 새로 들어온 종목: 265560, portfolio_stock_dict: {'매수매도': '매수'}
[2021-03-11 12:51:04,456] I Signal.py | Kiwoom-screen_number_real_time_setting-0306 I DEBUG    > 실시간 등록 코드: ;265560, 실시간 등록 리턴값: 0
[2021-03-11 12:52:14,465] I Signal.py | Kiwoom-screen_number_real_time_setting-0259 I DEBUG    > 스크린 넘버 세팅 새로 들어온 종목: 322180, portfolio_stock_dict: {'매수매도': '매수'}
[2021-03-11 12:52:17,482] I Signal.py | Kiwoom-screen_number_real_time_setting-0306 I DEBUG    > 실시간 등록 코드: ;322180, 실시간 등록 리턴값: 0
[2021-03-11 12:52:33,304] I EventLoop.py | Kiwoom-_receive_real_data_slot-1425 I DEBUG    > 매수조건 통과 265560 
[2021-03-11 12:52:33,304] I EventLoop.py | Kiwoom-_receive_real_data_slot-1426 I DEBUG    > (최우선)매도호가 20900 
[2021-03-11 12:52:33,610] I EventLoop.py | Kiwoom-_receive_real_data_slot-1439 I DEBUG    > 코드 : 265560 매수주문 전달 성공
[2021-03-11 12:52:33,714] I EventLoop.py | Kiwoom-_msg_slot-1612 I DEBUG    > 스크린: 8015, 요청이름: 신규매수, tr코드: KOA_NORMAL_BUY_KQ_ORD, 시간: 2021-03-11 12:52:33 --- [00Z112] 모의투자 정상처리 되었습니다
[2021-03-11 12:52:33,806] I EventLoop.py | Kiwoom-_chejan_slot-1542 I DEBUG    > 접수, 확인, 체결 : {'종목코드': '265560', '주문번호': '0133125', '종목명': '영화테크', '주문상태': '접수', '주문수량': 30, '주문가격': 20900, '미체결수량': 30, '원주문번호': '0000000', '주문구분': '매수', '주문/체결시간': '125231', '체결가': 0, '체결량': 0, '현재가': 20800, '(최우선)매도호가': 20900, '(최우선)매수호가': 20800}
[2021-03-11 12:52:33,906] I EventLoop.py | Kiwoom-_chejan_slot-1542 I DEBUG    > 접수, 확인, 체결 : {'종목코드': '265560', '주문번호': '0133125', '종목명': '영화테크', '주문상태': '체결', '주문수량': 30, '주문가격': 20900, '미체결수량': 0, '원주문번호': '0000000', '주문구분': '매수', '주문/체결시간': '125232', '체결가': 20800, '체결량': 30, '현재가': 20800, '(최우선)매도호가': 20900, '(최우선)매수호가': 20800}
[2021-03-11 12:52:33,908] I EventLoop.py | Kiwoom-_chejan_slot-1590 I DEBUG    > 잔고반영: {'현재가': 20800, '종목코드': '265560', '종목명': '영화테크', '보유수량': 30, '주문가능수량': 30, '매입단가': 20800, '총매입가': 624000, '매도매수구분': '매수', '(최우선)매도호가': 20900, '(최우선)매수호가': 20800}
[2021-03-11 12:52:49,611] I EventLoop.py | Kiwoom-_receive_real_data_slot-1425 I DEBUG    > 매수조건 통과 322180 
[2021-03-11 12:52:49,611] I EventLoop.py | Kiwoom-_receive_real_data_slot-1426 I DEBUG    > (최우선)매도호가 16250 
[2021-03-11 12:52:49,915] I EventLoop.py | Kiwoom-_receive_real_data_slot-1439 I DEBUG    > 코드 : 322180 매수주문 전달 성공
[2021-03-11 12:52:50,161] I EventLoop.py | Kiwoom-_msg_slot-1612 I DEBUG    > 스크린: 8016, 요청이름: 신규매수, tr코드: KOA_NORMAL_BUY_KQ_ORD, 시간: 2021-03-11 12:52:50 --- [00Z112] 모의투자 정상처리 되었습니다
[2021-03-11 12:52:50,206] I EventLoop.py | Kiwoom-_chejan_slot-1542 I DEBUG    > 접수, 확인, 체결 : {'종목코드': '322180', '주문번호': '0133220', '종목명': '티라유텍', '주문상태': '접수', '주문수량': 38, '주문가격': 16250, '미체결수량': 38, '원주문번호': '0000000', '주문구분': '매수', '주문/체결시간': '125248', '체결가': 0, '체결량': 0, '현재가': 16200, '(최우선)매도호가': 16250, '(최우선)매수호가': 16150}
[2021-03-11 12:52:50,716] I EventLoop.py | Kiwoom-_receive_real_data_slot-1461 I DEBUG    > 매수취소 전달 성공
[2021-03-11 12:52:51,127] I EventLoop.py | Kiwoom-_msg_slot-1612 I DEBUG    > 스크린: 6001, 요청이름: 매수취소, tr코드: KOA_NORMAL_KP_CANCEL, 시간: 2021-03-11 12:52:51 --- [00Z115] 모의투자 정상처리 되었습니다
[2021-03-11 12:52:51,205] I EventLoop.py | Kiwoom-_chejan_slot-1542 I DEBUG    > 접수, 확인, 체결 : {'종목코드': '322180', '주문번호': '0133225', '종목명': '티라유텍', '주문상태': '접수', '주문수량': 38, '주문가격': 0, '미체결수량': 38, '원주문번호': '0133220', '주문구분': '매수취소', '주문/체결시간': '125249', '체결가': 0, '체결량': 0, '현재가': 16200, '(최우선)매도호가': 16250, '(최우선)매수호가': 16150}
[2021-03-11 12:52:51,206] I EventLoop.py | Kiwoom-_chejan_slot-1542 I DEBUG    > 접수, 확인, 체결 : {'종목코드': '322180', '주문번호': '0133225', '종목명': '티라유텍', '주문상태': '확인', '주문수량': 38, '주문가격': 0, '미체결수량': 0, '원주문번호': '0133220', '주문구분': '매수취소', '주문/체결시간': '125249', '체결가': 0, '체결량': 0, '현재가': 16200, '(최우선)매도호가': 16250, '(최우선)매수호가': 16150}
[2021-03-11 12:52:51,207] I EventLoop.py | Kiwoom-_chejan_slot-1542 I DEBUG    > 접수, 확인, 체결 : {'종목코드': '322180', '주문번호': '0133220', '종목명': '티라유텍', '주문상태': '접수', '주문수량': 38, '주문가격': 16250, '미체결수량': 0, '원주문번호': '0000000', '주문구분': '매수', '주문/체결시간': '125248', '체결가': 0, '체결량': 0, '현재가': 16200, '(최우선)매도호가': 16250, '(최우선)매수호가': 16150}
[2021-03-11 15:20:00,241] I EventLoop.py | Kiwoom-_receive_real_data_slot-0961 I DEBUG    > 장 종료, 동시호가로 넘어감
[2021-03-11 15:21:00,243] I EventLoop.py | Kiwoom-_receive_real_data_slot-0961 I DEBUG    > 장 종료, 동시호가로 넘어감
[2021-03-11 15:22:00,239] I EventLoop.py | Kiwoom-_receive_real_data_slot-0961 I DEBUG    > 장 종료, 동시호가로 넘어감
[2021-03-11 15:23:00,239] I EventLoop.py | Kiwoom-_receive_real_data_slot-0961 I DEBUG    > 장 종료, 동시호가로 넘어감
[2021-03-11 15:24:00,236] I EventLoop.py | Kiwoom-_receive_real_data_slot-0961 I DEBUG    > 장 종료, 동시호가로 넘어감
[2021-03-11 15:25:00,242] I EventLoop.py | Kiwoom-_receive_real_data_slot-0961 I DEBUG    > 장 종료, 동시호가로 넘어감
[2021-03-11 15:26:00,243] I EventLoop.py | Kiwoom-_receive_real_data_slot-0961 I DEBUG    > 장 종료, 동시호가로 넘어감
[2021-03-11 15:27:00,243] I EventLoop.py | Kiwoom-_receive_real_data_slot-0961 I DEBUG    > 장 종료, 동시호가로 넘어감
[2021-03-11 15:28:00,238] I EventLoop.py | Kiwoom-_receive_real_data_slot-0961 I DEBUG    > 장 종료, 동시호가로 넘어감
[2021-03-11 15:29:00,243] I EventLoop.py | Kiwoom-_receive_real_data_slot-0961 I DEBUG    > 장 종료, 동시호가로 넘어감
[2021-03-11 15:29:10,247] I EventLoop.py | Kiwoom-_receive_real_data_slot-0961 I DEBUG    > 장 종료, 동시호가로 넘어감
[2021-03-11 15:29:20,237] I EventLoop.py | Kiwoom-_receive_real_data_slot-0961 I DEBUG    > 장 종료, 동시호가로 넘어감
[2021-03-11 15:29:30,246] I EventLoop.py | Kiwoom-_receive_real_data_slot-0961 I DEBUG    > 장 종료, 동시호가로 넘어감
[2021-03-11 15:29:40,240] I EventLoop.py | Kiwoom-_receive_real_data_slot-0961 I DEBUG    > 장 종료, 동시호가로 넘어감
[2021-03-11 15:29:50,239] I EventLoop.py | Kiwoom-_receive_real_data_slot-0961 I DEBUG    > 장 종료, 동시호가로 넘어감
[2021-03-11 15:30:00,244] I EventLoop.py | Kiwoom-_receive_real_data_slot-0964 I DEBUG    > 3시30분 장 종료
