[2021-03-03 08:52:23,948] I EventLoop.py | Kiwoom-_event_connect_slot-0112 I DEBUG    > 정상처리
[2021-03-03 08:52:24,664] I EventLoop.py | Kiwoom-_msg_slot-1555 I DEBUG    > 스크린: 2000, 요청이름: 예수금상세현황요청, tr코드: opw00001, 시간: 2021-03-03 08:52:24 --- [00Z310] 모의투자 조회가 완료되었습니다
[2021-03-03 08:52:24,760] I EventLoop.py | Kiwoom-_msg_slot-1555 I DEBUG    > 스크린: 2000, 요청이름: 계좌평가잔고내역요청, tr코드: opw00018, 시간: 2021-03-03 08:52:24 --- [00Z310] 모의투자 조회가 완료되었습니다
[2021-03-03 08:52:24,764] I EventLoop.py | Kiwoom-_tr_data_slot-0225 I DEBUG    > 계좌평가잔고내역요청 싱글데이터 : 총매입금액 6599610, 총평가손익금액 -182633, 총수익률(%) -2.77
[2021-03-03 08:52:24,766] I EventLoop.py | Kiwoom-_tr_data_slot-0241 I DEBUG    > 종목코드: 000660 - 종목명: SK하이닉스 - 보유수량: 2 - 매입가: 143000 - 수익률: .11 - 현재가: 144500
[2021-03-03 08:52:24,767] I EventLoop.py | Kiwoom-_tr_data_slot-0241 I DEBUG    > 종목코드: 002210 - 종목명: 동성제약 - 보유수량: 32 - 매입가: 13000 - 수익률: -3.22 - 현재가: 12700
[2021-03-03 08:52:24,768] I EventLoop.py | Kiwoom-_tr_data_slot-0241 I DEBUG    > 종목코드: 002620 - 종목명: 제일파마홀딩스 - 보유수량: 2 - 매입가: 19150 - 수익률: -3.77 - 현재가: 18600
[2021-03-03 08:52:24,768] I EventLoop.py | Kiwoom-_tr_data_slot-0241 I DEBUG    > 종목코드: 005690 - 종목명: 파미셀 - 보유수량: 27 - 매입가: 16100 - 수익률: -2.47 - 현재가: 15850
[2021-03-03 08:52:24,769] I EventLoop.py | Kiwoom-_tr_data_slot-0241 I DEBUG    > 종목코드: 006370 - 종목명: 대구백화점 - 보유수량: 58 - 매입가: 9340 - 수익률: -1.03 - 현재가: 9330
[2021-03-03 08:52:24,770] I EventLoop.py | Kiwoom-_tr_data_slot-0241 I DEBUG    > 종목코드: 007570 - 종목명: 일양약품 - 보유수량: 2 - 매입가: 51000 - 수익률: -2.29 - 현재가: 50300
[2021-03-03 08:52:24,774] I EventLoop.py | Kiwoom-_tr_data_slot-0241 I DEBUG    > 종목코드: 019550 - 종목명: SBI인베스트먼트 - 보유수량: 307 - 매입가: 1385 - 수익률: -4.52 - 현재가: 1335
[2021-03-03 08:52:24,775] I EventLoop.py | Kiwoom-_tr_data_slot-0241 I DEBUG    > 종목코드: 025820 - 종목명: 이구산업 - 보유수량: 1 - 매입가: 2935 - 수익률: 1.64 - 현재가: 3010
[2021-03-03 08:52:24,776] I EventLoop.py | Kiwoom-_tr_data_slot-0241 I DEBUG    > 종목코드: 035620 - 종목명: 바른손이앤에이 - 보유수량: 309 - 매입가: 1426 - 수익률: -1.35 - 현재가: 1420
[2021-03-03 08:52:24,777] I EventLoop.py | Kiwoom-_tr_data_slot-0241 I DEBUG    > 종목코드: 069730 - 종목명: DSR제강 - 보유수량: 104 - 매입가: 5320 - 수익률: -5.04 - 현재가: 5100
[2021-03-03 08:52:24,778] I EventLoop.py | Kiwoom-_tr_data_slot-0241 I DEBUG    > 종목코드: 082850 - 종목명: 우리바이오 - 보유수량: 109 - 매입가: 5050 - 수익률: -5.26 - 현재가: 4830
[2021-03-03 08:52:24,779] I EventLoop.py | Kiwoom-_tr_data_slot-0241 I DEBUG    > 종목코드: 094970 - 종목명: 제이엠티 - 보유수량: 135 - 매입가: 3250 - 수익률: -2.76 - 현재가: 3190
[2021-03-03 08:52:24,779] I EventLoop.py | Kiwoom-_tr_data_slot-0241 I DEBUG    > 종목코드: 18064K - 종목명: 한진칼우 - 보유수량: 3 - 매입가: 40450 - 수익률: -1.54 - 현재가: 40200
[2021-03-03 08:52:24,780] I EventLoop.py | Kiwoom-_tr_data_slot-0241 I DEBUG    > 종목코드: 182360 - 종목명: 큐브엔터 - 보유수량: 136 - 매입가: 3208 - 수익률: -1.48 - 현재가: 3190
[2021-03-03 08:52:24,781] I EventLoop.py | Kiwoom-_tr_data_slot-0241 I DEBUG    > 종목코드: 213090 - 종목명: 미래테크놀로지 - 보유수량: 51 - 매입가: 8480 - 수익률: -2.69 - 현재가: 8330
[2021-03-03 08:52:24,783] I EventLoop.py | Kiwoom-_tr_data_slot-0241 I DEBUG    > 종목코드: 270520 - 종목명: 지엔원에너지 - 보유수량: 7 - 매입가: 4555 - 수익률: -.59 - 현재가: 4570
[2021-03-03 08:52:24,784] I EventLoop.py | Kiwoom-_tr_data_slot-0241 I DEBUG    > 종목코드: 272450 - 종목명: 진에어 - 보유수량: 20 - 매입가: 21250 - 수익률: -3.27 - 현재가: 20750
[2021-03-03 08:52:24,785] I EventLoop.py | Kiwoom-_tr_data_slot-0241 I DEBUG    > 종목코드: 333430 - 종목명: 미래에셋대우스팩4호 - 보유수량: 161 - 매입가: 2738 - 수익률: -3.94 - 현재가: 2655
[2021-03-03 08:52:24,789] I EventLoop.py | Kiwoom-_tr_data_slot-0241 I DEBUG    > 종목코드: 367340 - 종목명: DB금융스팩8호 - 보유수량: 233 - 매입가: 2067 - 수익률: -.78 - 현재가: 2070
[2021-03-03 08:52:24,883] I EventLoop.py | Kiwoom-_msg_slot-1555 I DEBUG    > 스크린: , 요청이름: , tr코드: , 시간: 2021-03-03 08:52:24 ---  조회가 완료되었습니다.
[2021-03-03 08:52:59,761] I EventLoop.py | Kiwoom-_receive_real_data_slot-0956 I DEBUG    > 장 시작 전
[2021-03-03 08:53:59,775] I EventLoop.py | Kiwoom-_receive_real_data_slot-0956 I DEBUG    > 장 시작 전
[2021-03-03 08:54:59,765] I EventLoop.py | Kiwoom-_receive_real_data_slot-0956 I DEBUG    > 장 시작 전
[2021-03-03 08:55:59,762] I EventLoop.py | Kiwoom-_receive_real_data_slot-0956 I DEBUG    > 장 시작 전
[2021-03-03 08:56:59,762] I EventLoop.py | Kiwoom-_receive_real_data_slot-0956 I DEBUG    > 장 시작 전
[2021-03-03 08:57:59,766] I EventLoop.py | Kiwoom-_receive_real_data_slot-0956 I DEBUG    > 장 시작 전
[2021-03-03 08:58:59,762] I EventLoop.py | Kiwoom-_receive_real_data_slot-0956 I DEBUG    > 장 시작 전
[2021-03-03 08:59:09,769] I EventLoop.py | Kiwoom-_receive_real_data_slot-0956 I DEBUG    > 장 시작 전
[2021-03-03 08:59:19,759] I EventLoop.py | Kiwoom-_receive_real_data_slot-0956 I DEBUG    > 장 시작 전
[2021-03-03 08:59:29,786] I EventLoop.py | Kiwoom-_receive_real_data_slot-0956 I DEBUG    > 장 시작 전
[2021-03-03 08:59:39,769] I EventLoop.py | Kiwoom-_receive_real_data_slot-0956 I DEBUG    > 장 시작 전
[2021-03-03 08:59:49,867] I EventLoop.py | Kiwoom-_receive_real_data_slot-0956 I DEBUG    > 장 시작 전
[2021-03-03 08:59:59,860] I EventLoop.py | Kiwoom-_receive_real_data_slot-0959 I DEBUG    > 장 시작
[2021-03-03 09:03:23,968] I EventLoop.py | Kiwoom-_receive_real_data_slot-1318 I DEBUG    > 코드 : 069730 매도주문 전달 성공(계좌에 있던 거)
[2021-03-03 09:03:24,407] I EventLoop.py | Kiwoom-_msg_slot-1555 I DEBUG    > 스크린: 6001, 요청이름: 신규매도, tr코드: KOA_NORMAL_SELL_KP_ORD, 시간: 2021-03-03 09:03:24 --- [00Z113] 모의투자 정상처리 되었습니다
[2021-03-03 09:03:24,965] I EventLoop.py | Kiwoom-_chejan_slot-1484 I DEBUG    > 접수, 확인, 체결 : {'종목코드': '069730', '주문번호': '0018866', '종목명': 'DSR제강', '주문상태': '접수', '주문수량': 104, '주문가격': 0, '미체결수량': 104, '원주문번호': '0000000', '주문구분': '매도', '주문/체결시간': '090324', '체결가': 0, '체결량': 0, '현재가': 5050, '(최우선)매도호가': 5060, '(최우선)매수호가': 5050}
[2021-03-03 09:03:24,967] I EventLoop.py | Kiwoom-_chejan_slot-1532 I DEBUG    > 잔고반영: {'현재가': 5050, '종목코드': '069730', '종목명': 'DSR제강', '보유수량': 104, '주문가능수량': 0, '매입단가': 5320, '총매입가': 553280, '매도매수구분': '매도', '(최우선)매도호가': 5060, '(최우선)매수호가': 5050}
[2021-03-03 09:03:25,272] I EventLoop.py | Kiwoom-_receive_real_data_slot-1318 I DEBUG    > 코드 : 082850 매도주문 전달 성공(계좌에 있던 거)
[2021-03-03 09:03:25,715] I EventLoop.py | Kiwoom-_msg_slot-1555 I DEBUG    > 스크린: 6001, 요청이름: 신규매도, tr코드: KOA_NORMAL_SELL_KP_ORD, 시간: 2021-03-03 09:03:25 --- [00Z113] 모의투자 정상처리 되었습니다
[2021-03-03 09:03:25,970] I EventLoop.py | Kiwoom-_chejan_slot-1484 I DEBUG    > 접수, 확인, 체결 : {'종목코드': '082850', '주문번호': '0018908', '종목명': '우리바이오', '주문상태': '접수', '주문수량': 109, '주문가격': 0, '미체결수량': 109, '원주문번호': '0000000', '주문구분': '매도', '주문/체결시간': '090325', '체결가': 0, '체결량': 0, '현재가': 4795, '(최우선)매도호가': 4800, '(최우선)매수호가': 4795}
[2021-03-03 09:03:25,971] I EventLoop.py | Kiwoom-_chejan_slot-1532 I DEBUG    > 잔고반영: {'현재가': 4795, '종목코드': '082850', '종목명': '우리바이오', '보유수량': 109, '주문가능수량': 0, '매입단가': 5050, '총매입가': 550450, '매도매수구분': '매도', '(최우선)매도호가': 4800, '(최우선)매수호가': 4795}
[2021-03-03 09:03:27,662] I EventLoop.py | Kiwoom-_chejan_slot-1484 I DEBUG    > 접수, 확인, 체결 : {'종목코드': '069730', '주문번호': '0018866', '종목명': 'DSR제강', '주문상태': '체결', '주문수량': 104, '주문가격': 0, '미체결수량': 103, '원주문번호': '0000000', '주문구분': '매도', '주문/체결시간': '090327', '체결가': 5060, '체결량': 1, '현재가': 5060, '(최우선)매도호가': 5060, '(최우선)매수호가': 5050}
[2021-03-03 09:03:27,663] I EventLoop.py | Kiwoom-_chejan_slot-1532 I DEBUG    > 잔고반영: {'현재가': 5060, '종목코드': '069730', '종목명': 'DSR제강', '보유수량': 103, '주문가능수량': 0, '매입단가': 5320, '총매입가': 547960, '매도매수구분': '매도', '(최우선)매도호가': 5060, '(최우선)매수호가': 5050}
[2021-03-03 09:03:28,773] I EventLoop.py | Kiwoom-_chejan_slot-1484 I DEBUG    > 접수, 확인, 체결 : {'종목코드': '069730', '주문번호': '0018866', '종목명': 'DSR제강', '주문상태': '체결', '주문수량': 104, '주문가격': 0, '미체결수량': 22, '원주문번호': '0000000', '주문구분': '매도', '주문/체결시간': '090328', '체결가': 5050, '체결량': 82, '현재가': 5050, '(최우선)매도호가': 5060, '(최우선)매수호가': 5050}
[2021-03-03 09:03:28,775] I EventLoop.py | Kiwoom-_chejan_slot-1532 I DEBUG    > 잔고반영: {'현재가': 5050, '종목코드': '069730', '종목명': 'DSR제강', '보유수량': 22, '주문가능수량': 0, '매입단가': 5320, '총매입가': 117040, '매도매수구분': '매도', '(최우선)매도호가': 5060, '(최우선)매수호가': 5050}
[2021-03-03 09:03:30,162] I EventLoop.py | Kiwoom-_chejan_slot-1484 I DEBUG    > 접수, 확인, 체결 : {'종목코드': '082850', '주문번호': '0018908', '종목명': '우리바이오', '주문상태': '체결', '주문수량': 109, '주문가격': 0, '미체결수량': 105, '원주문번호': '0000000', '주문구분': '매도', '주문/체결시간': '090329', '체결가': 4795, '체결량': 4, '현재가': 4790, '(최우선)매도호가': 4800, '(최우선)매수호가': 4790}
[2021-03-03 09:03:30,164] I EventLoop.py | Kiwoom-_chejan_slot-1532 I DEBUG    > 잔고반영: {'현재가': 4790, '종목코드': '082850', '종목명': '우리바이오', '보유수량': 105, '주문가능수량': 0, '매입단가': 5050, '총매입가': 530250, '매도매수구분': '매도', '(최우선)매도호가': 4800, '(최우선)매수호가': 4790}
[2021-03-03 09:03:30,563] I EventLoop.py | Kiwoom-_chejan_slot-1484 I DEBUG    > 접수, 확인, 체결 : {'종목코드': '082850', '주문번호': '0018908', '종목명': '우리바이오', '주문상태': '체결', '주문수량': 109, '주문가격': 0, '미체결수량': 89, '원주문번호': '0000000', '주문구분': '매도', '주문/체결시간': '090330', '체결가': 4791, '체결량': 20, '현재가': 4790, '(최우선)매도호가': 4800, '(최우선)매수호가': 4790}
[2021-03-03 09:03:30,664] I EventLoop.py | Kiwoom-_chejan_slot-1532 I DEBUG    > 잔고반영: {'현재가': 4790, '종목코드': '082850', '종목명': '우리바이오', '보유수량': 89, '주문가능수량': 0, '매입단가': 5050, '총매입가': 449450, '매도매수구분': '매도', '(최우선)매도호가': 4800, '(최우선)매수호가': 4790}
[2021-03-03 09:03:36,669] I EventLoop.py | Kiwoom-_chejan_slot-1484 I DEBUG    > 접수, 확인, 체결 : {'종목코드': '082850', '주문번호': '0018908', '종목명': '우리바이오', '주문상태': '체결', '주문수량': 109, '주문가격': 0, '미체결수량': 88, '원주문번호': '0000000', '주문구분': '매도', '주문/체결시간': '090336', '체결가': 4791, '체결량': 21, '현재가': 4790, '(최우선)매도호가': 4800, '(최우선)매수호가': 4790}
[2021-03-03 09:03:36,670] I EventLoop.py | Kiwoom-_chejan_slot-1532 I DEBUG    > 잔고반영: {'현재가': 4790, '종목코드': '082850', '종목명': '우리바이오', '보유수량': 88, '주문가능수량': 0, '매입단가': 5050, '총매입가': 444400, '매도매수구분': '매도', '(최우선)매도호가': 4800, '(최우선)매수호가': 4790}
[2021-03-03 09:03:39,064] I EventLoop.py | Kiwoom-_chejan_slot-1484 I DEBUG    > 접수, 확인, 체결 : {'종목코드': '082850', '주문번호': '0018908', '종목명': '우리바이오', '주문상태': '체결', '주문수량': 109, '주문가격': 0, '미체결수량': 0, '원주문번호': '0000000', '주문구분': '매도', '주문/체결시간': '090338', '체결가': 4790, '체결량': 109, '현재가': 4790, '(최우선)매도호가': 4800, '(최우선)매수호가': 4790}
[2021-03-03 09:03:39,065] I EventLoop.py | Kiwoom-_chejan_slot-1532 I DEBUG    > 잔고반영: {'현재가': 4790, '종목코드': '082850', '종목명': '우리바이오', '보유수량': 0, '주문가능수량': 0, '매입단가': 0, '총매입가': 0, '매도매수구분': '매도', '(최우선)매도호가': 4800, '(최우선)매수호가': 4790}
[2021-03-03 09:03:43,370] I EventLoop.py | Kiwoom-_chejan_slot-1484 I DEBUG    > 접수, 확인, 체결 : {'종목코드': '069730', '주문번호': '0018866', '종목명': 'DSR제강', '주문상태': '체결', '주문수량': 104, '주문가격': 0, '미체결수량': 0, '원주문번호': '0000000', '주문구분': '매도', '주문/체결시간': '090343', '체결가': 5050, '체결량': 104, '현재가': 5030, '(최우선)매도호가': 5060, '(최우선)매수호가': 5030}
[2021-03-03 09:03:43,371] I EventLoop.py | Kiwoom-_chejan_slot-1532 I DEBUG    > 잔고반영: {'현재가': 5030, '종목코드': '069730', '종목명': 'DSR제강', '보유수량': 0, '주문가능수량': 0, '매입단가': 0, '총매입가': 0, '매도매수구분': '매도', '(최우선)매도호가': 5060, '(최우선)매수호가': 5030}
[2021-03-03 09:06:13,177] I EventLoop.py | Kiwoom-_receive_real_data_slot-1318 I DEBUG    > 코드 : 272450 매도주문 전달 성공(계좌에 있던 거)
[2021-03-03 09:06:13,421] I EventLoop.py | Kiwoom-_msg_slot-1555 I DEBUG    > 스크린: 6001, 요청이름: 신규매도, tr코드: KOA_NORMAL_SELL_KP_ORD, 시간: 2021-03-03 09:06:13 --- [00Z113] 모의투자 정상처리 되었습니다
[2021-03-03 09:06:13,464] I EventLoop.py | Kiwoom-_chejan_slot-1484 I DEBUG    > 접수, 확인, 체결 : {'종목코드': '272450', '주문번호': '0023288', '종목명': '진에어', '주문상태': '접수', '주문수량': 20, '주문가격': 0, '미체결수량': 20, '원주문번호': '0000000', '주문구분': '매도', '주문/체결시간': '090613', '체결가': 0, '체결량': 0, '현재가': 20150, '(최우선)매도호가': 20200, '(최우선)매수호가': 20150}
[2021-03-03 09:06:13,468] I EventLoop.py | Kiwoom-_chejan_slot-1532 I DEBUG    > 잔고반영: {'현재가': 20150, '종목코드': '272450', '종목명': '진에어', '보유수량': 20, '주문가능수량': 0, '매입단가': 21250, '총매입가': 425000, '매도매수구분': '매도', '(최우선)매도호가': 20200, '(최우선)매수호가': 20150}
[2021-03-03 09:06:13,967] I EventLoop.py | Kiwoom-_chejan_slot-1484 I DEBUG    > 접수, 확인, 체결 : {'종목코드': '272450', '주문번호': '0023288', '종목명': '진에어', '주문상태': '체결', '주문수량': 20, '주문가격': 0, '미체결수량': 5, '원주문번호': '0000000', '주문구분': '매도', '주문/체결시간': '090613', '체결가': 20150, '체결량': 15, '현재가': 20200, '(최우선)매도호가': 20200, '(최우선)매수호가': 20150}
[2021-03-03 09:06:13,969] I EventLoop.py | Kiwoom-_chejan_slot-1532 I DEBUG    > 잔고반영: {'현재가': 20200, '종목코드': '272450', '종목명': '진에어', '보유수량': 5, '주문가능수량': 0, '매입단가': 21250, '총매입가': 106250, '매도매수구분': '매도', '(최우선)매도호가': 20200, '(최우선)매수호가': 20150}
[2021-03-03 09:06:14,668] I EventLoop.py | Kiwoom-_chejan_slot-1484 I DEBUG    > 접수, 확인, 체결 : {'종목코드': '272450', '주문번호': '0023288', '종목명': '진에어', '주문상태': '체결', '주문수량': 20, '주문가격': 0, '미체결수량': 1, '원주문번호': '0000000', '주문구분': '매도', '주문/체결시간': '090614', '체결가': 20161, '체결량': 19, '현재가': 20200, '(최우선)매도호가': 20200, '(최우선)매수호가': 20150}
[2021-03-03 09:06:14,769] I EventLoop.py | Kiwoom-_chejan_slot-1532 I DEBUG    > 잔고반영: {'현재가': 20200, '종목코드': '272450', '종목명': '진에어', '보유수량': 1, '주문가능수량': 0, '매입단가': 21250, '총매입가': 21250, '매도매수구분': '매도', '(최우선)매도호가': 20200, '(최우선)매수호가': 20150}
[2021-03-03 09:06:15,170] I EventLoop.py | Kiwoom-_chejan_slot-1484 I DEBUG    > 접수, 확인, 체결 : {'종목코드': '272450', '주문번호': '0023288', '종목명': '진에어', '주문상태': '체결', '주문수량': 20, '주문가격': 0, '미체결수량': 0, '원주문번호': '0000000', '주문구분': '매도', '주문/체결시간': '090615', '체결가': 20163, '체결량': 20, '현재가': 20150, '(최우선)매도호가': 20200, '(최우선)매수호가': 20150}
[2021-03-03 09:06:15,171] I EventLoop.py | Kiwoom-_chejan_slot-1532 I DEBUG    > 잔고반영: {'현재가': 20150, '종목코드': '272450', '종목명': '진에어', '보유수량': 0, '주문가능수량': 0, '매입단가': 0, '총매입가': 0, '매도매수구분': '매도', '(최우선)매도호가': 20200, '(최우선)매수호가': 20150}
[2021-03-03 09:15:20,811] I EventLoop.py | Kiwoom-_event_connect_slot-0112 I DEBUG    > 정상처리
[2021-03-03 09:15:21,450] I EventLoop.py | Kiwoom-_msg_slot-1555 I DEBUG    > 스크린: 2000, 요청이름: 예수금상세현황요청, tr코드: opw00001, 시간: 2021-03-03 09:15:21 --- [00Z310] 모의투자 조회가 완료되었습니다
[2021-03-03 09:15:23,054] I EventLoop.py | Kiwoom-_msg_slot-1555 I DEBUG    > 스크린: 2000, 요청이름: 계좌평가잔고내역요청, tr코드: opw00018, 시간: 2021-03-03 09:15:23 --- [00Z310] 모의투자 조회가 완료되었습니다
[2021-03-03 09:15:23,056] I EventLoop.py | Kiwoom-_tr_data_slot-0225 I DEBUG    > 계좌평가잔고내역요청 싱글데이터 : 총매입금액 5070880, 총평가손익금액 -85548, 총수익률(%) -1.69
[2021-03-03 09:15:23,056] I EventLoop.py | Kiwoom-_tr_data_slot-0241 I DEBUG    > 종목코드: 000660 - 종목명: SK하이닉스 - 보유수량: 2 - 매입가: 143000 - 수익률: -1.27 - 현재가: 142500
[2021-03-03 09:15:23,057] I EventLoop.py | Kiwoom-_tr_data_slot-0241 I DEBUG    > 종목코드: 002210 - 종목명: 동성제약 - 보유수량: 32 - 매입가: 13000 - 수익률: -2.84 - 현재가: 12750
[2021-03-03 09:15:23,057] I EventLoop.py | Kiwoom-_tr_data_slot-0241 I DEBUG    > 종목코드: 002620 - 종목명: 제일파마홀딩스 - 보유수량: 2 - 매입가: 19150 - 수익률: -.65 - 현재가: 19200
[2021-03-03 09:15:23,058] I EventLoop.py | Kiwoom-_tr_data_slot-0241 I DEBUG    > 종목코드: 005690 - 종목명: 파미셀 - 보유수량: 27 - 매입가: 16100 - 수익률: -1.55 - 현재가: 16000
[2021-03-03 09:15:23,058] I EventLoop.py | Kiwoom-_tr_data_slot-0241 I DEBUG    > 종목코드: 006370 - 종목명: 대구백화점 - 보유수량: 58 - 매입가: 9340 - 수익률: -1.35 - 현재가: 9300
[2021-03-03 09:15:23,059] I EventLoop.py | Kiwoom-_tr_data_slot-0241 I DEBUG    > 종목코드: 007570 - 종목명: 일양약품 - 보유수량: 2 - 매입가: 51000 - 수익률: -2.48 - 현재가: 50200
[2021-03-03 09:15:23,059] I EventLoop.py | Kiwoom-_tr_data_slot-0241 I DEBUG    > 종목코드: 019550 - 종목명: SBI인베스트먼트 - 보유수량: 307 - 매입가: 1385 - 수익률: -4.52 - 현재가: 1335
[2021-03-03 09:15:23,060] I EventLoop.py | Kiwoom-_tr_data_slot-0241 I DEBUG    > 종목코드: 025820 - 종목명: 이구산업 - 보유수량: 1 - 매입가: 2935 - 수익률: 9.13 - 현재가: 3230
[2021-03-03 09:15:23,060] I EventLoop.py | Kiwoom-_tr_data_slot-0241 I DEBUG    > 종목코드: 035620 - 종목명: 바른손이앤에이 - 보유수량: 309 - 매입가: 1426 - 수익률: -.30 - 현재가: 1435
[2021-03-03 09:15:23,061] I EventLoop.py | Kiwoom-_tr_data_slot-0241 I DEBUG    > 종목코드: 094970 - 종목명: 제이엠티 - 보유수량: 135 - 매입가: 3250 - 수익률: -.32 - 현재가: 3270
[2021-03-03 09:15:23,061] I EventLoop.py | Kiwoom-_tr_data_slot-0241 I DEBUG    > 종목코드: 18064K - 종목명: 한진칼우 - 보유수량: 3 - 매입가: 40450 - 수익률: -.80 - 현재가: 40500
[2021-03-03 09:15:23,062] I EventLoop.py | Kiwoom-_tr_data_slot-0241 I DEBUG    > 종목코드: 182360 - 종목명: 큐브엔터 - 보유수량: 136 - 매입가: 3208 - 수익률: -1.02 - 현재가: 3205
[2021-03-03 09:15:23,062] I EventLoop.py | Kiwoom-_tr_data_slot-0241 I DEBUG    > 종목코드: 213090 - 종목명: 미래테크놀로지 - 보유수량: 51 - 매입가: 8480 - 수익률: -1.98 - 현재가: 8390
[2021-03-03 09:15:23,063] I EventLoop.py | Kiwoom-_tr_data_slot-0241 I DEBUG    > 종목코드: 270520 - 종목명: 지엔원에너지 - 보유수량: 7 - 매입가: 4555 - 수익률: -.81 - 현재가: 4560
[2021-03-03 09:15:23,063] I EventLoop.py | Kiwoom-_tr_data_slot-0241 I DEBUG    > 종목코드: 333430 - 종목명: 미래에셋대우스팩4호 - 보유수량: 161 - 매입가: 2738 - 수익률: -3.04 - 현재가: 2680
[2021-03-03 09:15:23,064] I EventLoop.py | Kiwoom-_tr_data_slot-0241 I DEBUG    > 종목코드: 367340 - 종목명: DB금융스팩8호 - 보유수량: 233 - 매입가: 2067 - 수익률: -.78 - 현재가: 2070
[2021-03-03 09:15:23,086] I EventLoop.py | Kiwoom-_msg_slot-1555 I DEBUG    > 스크린: , 요청이름: , tr코드: , 시간: 2021-03-03 09:15:23 ---  조회가 완료되었습니다.
[2021-03-03 09:15:26,190] I Signal.py | Kiwoom-real_time_recommand_fuc-0291 I DEBUG    > 새로 들어온 종목: 086520, real_time_recommand_dict: {'ub': None, 'time': '091526', 'numbering': False}
[2021-03-03 09:15:27,194] I Signal.py | Kiwoom-screen_number_real_time_setting-0216 I DEBUG    > 스크린 넘버 세팅 새로 들어온 종목: 086520, portfolio_stock_dict: {'매수매도': '매수', 'ub': None}
[2021-03-03 09:15:30,220] I Signal.py | Kiwoom-screen_number_real_time_setting-0263 I DEBUG    > 실시간 등록 코드: ;086520, 실시간 등록 리턴값: 0
[2021-03-03 09:15:30,357] I EventLoop.py | Kiwoom-_receive_real_data_slot-1367 I DEBUG    > 매수조건 통과 086520 
[2021-03-03 09:15:30,358] I EventLoop.py | Kiwoom-_receive_real_data_slot-1368 I DEBUG    > (최우선)매도호가 68900 
[2021-03-03 09:15:30,670] I EventLoop.py | Kiwoom-_receive_real_data_slot-1380 I DEBUG    > 코드 : 086520 매수주문 전달 성공
[2021-03-03 09:15:30,902] I EventLoop.py | Kiwoom-_msg_slot-1555 I DEBUG    > 스크린: 8001, 요청이름: 신규매수, tr코드: KOA_NORMAL_BUY_KQ_ORD, 시간: 2021-03-03 09:15:30 --- [00Z112] 모의투자 정상처리 되었습니다
[2021-03-03 09:15:30,962] I EventLoop.py | Kiwoom-_chejan_slot-1484 I DEBUG    > 접수, 확인, 체결 : {'종목코드': '086520', '주문번호': '0033425', '종목명': '에코프로', '주문상태': '접수', '주문수량': 5, '주문가격': 68900, '미체결수량': 5, '원주문번호': '0000000', '주문구분': '매수', '주문/체결시간': '091530', '체결가': 0, '체결량': 0, '현재가': 68900, '(최우선)매도호가': 68900, '(최우선)매수호가': 68800}
[2021-03-03 09:15:31,562] I EventLoop.py | Kiwoom-_receive_real_data_slot-1402 I DEBUG    > 매수취소 전달 성공
[2021-03-03 09:15:31,737] I EventLoop.py | Kiwoom-_msg_slot-1555 I DEBUG    > 스크린: 6001, 요청이름: 매수취소, tr코드: KOA_NORMAL_KP_CANCEL, 시간: 2021-03-03 09:15:31 --- [00Z115] 모의투자 정상처리 되었습니다
[2021-03-03 09:15:31,762] I EventLoop.py | Kiwoom-_chejan_slot-1484 I DEBUG    > 접수, 확인, 체결 : {'종목코드': '086520', '주문번호': '0033433', '종목명': '에코프로', '주문상태': '접수', '주문수량': 5, '주문가격': 0, '미체결수량': 5, '원주문번호': '0033425', '주문구분': '매수취소', '주문/체결시간': '091531', '체결가': 0, '체결량': 0, '현재가': 68900, '(최우선)매도호가': 68900, '(최우선)매수호가': 68800}
[2021-03-03 09:15:31,764] I EventLoop.py | Kiwoom-_chejan_slot-1484 I DEBUG    > 접수, 확인, 체결 : {'종목코드': '086520', '주문번호': '0033433', '종목명': '에코프로', '주문상태': '확인', '주문수량': 5, '주문가격': 0, '미체결수량': 0, '원주문번호': '0033425', '주문구분': '매수취소', '주문/체결시간': '091531', '체결가': 0, '체결량': 0, '현재가': 68900, '(최우선)매도호가': 68900, '(최우선)매수호가': 68800}
[2021-03-03 09:15:31,765] I EventLoop.py | Kiwoom-_chejan_slot-1484 I DEBUG    > 접수, 확인, 체결 : {'종목코드': '086520', '주문번호': '0033425', '종목명': '에코프로', '주문상태': '접수', '주문수량': 5, '주문가격': 68900, '미체결수량': 0, '원주문번호': '0000000', '주문구분': '매수', '주문/체결시간': '091530', '체결가': 0, '체결량': 0, '현재가': 68900, '(최우선)매도호가': 68900, '(최우선)매수호가': 68800}
[2021-03-03 11:07:40,431] I EventLoop.py | Kiwoom-_event_connect_slot-0112 I DEBUG    > 정상처리
[2021-03-03 11:07:40,655] I EventLoop.py | Kiwoom-_msg_slot-1555 I DEBUG    > 스크린: 2000, 요청이름: 예수금상세현황요청, tr코드: opw00001, 시간: 2021-03-03 11:07:40 --- [00Z310] 모의투자 조회가 완료되었습니다
[2021-03-03 11:07:41,623] I EventLoop.py | Kiwoom-_msg_slot-1555 I DEBUG    > 스크린: 2000, 요청이름: 계좌평가잔고내역요청, tr코드: opw00018, 시간: 2021-03-03 11:07:41 --- [00Z310] 모의투자 조회가 완료되었습니다
[2021-03-03 11:07:41,638] I EventLoop.py | Kiwoom-_tr_data_slot-0225 I DEBUG    > 계좌평가잔고내역요청 싱글데이터 : 총매입금액 5070880, 총평가손익금액 -81833, 총수익률(%) -1.61
[2021-03-03 11:07:41,642] I EventLoop.py | Kiwoom-_tr_data_slot-0241 I DEBUG    > 종목코드: 000660 - 종목명: SK하이닉스 - 보유수량: 2 - 매입가: 143000 - 수익률: -.58 - 현재가: 143500
[2021-03-03 11:07:41,652] I EventLoop.py | Kiwoom-_tr_data_slot-0241 I DEBUG    > 종목코드: 002210 - 종목명: 동성제약 - 보유수량: 32 - 매입가: 13000 - 수익률: -3.60 - 현재가: 12650
[2021-03-03 11:07:41,653] I EventLoop.py | Kiwoom-_tr_data_slot-0241 I DEBUG    > 종목코드: 002620 - 종목명: 제일파마홀딩스 - 보유수량: 2 - 매입가: 19150 - 수익률: -3.77 - 현재가: 18600
[2021-03-03 11:07:41,654] I EventLoop.py | Kiwoom-_tr_data_slot-0241 I DEBUG    > 종목코드: 005690 - 종목명: 파미셀 - 보유수량: 27 - 매입가: 16100 - 수익률: -2.16 - 현재가: 15900
[2021-03-03 11:07:41,657] I EventLoop.py | Kiwoom-_tr_data_slot-0241 I DEBUG    > 종목코드: 006370 - 종목명: 대구백화점 - 보유수량: 58 - 매입가: 9340 - 수익률: -.72 - 현재가: 9360
[2021-03-03 11:07:41,659] I EventLoop.py | Kiwoom-_tr_data_slot-0241 I DEBUG    > 종목코드: 007570 - 종목명: 일양약품 - 보유수량: 2 - 매입가: 51000 - 수익률: -2.68 - 현재가: 50100
[2021-03-03 11:07:41,660] I EventLoop.py | Kiwoom-_tr_data_slot-0241 I DEBUG    > 종목코드: 019550 - 종목명: SBI인베스트먼트 - 보유수량: 307 - 매입가: 1385 - 수익률: -4.87 - 현재가: 1330
[2021-03-03 11:07:41,667] I EventLoop.py | Kiwoom-_tr_data_slot-0241 I DEBUG    > 종목코드: 025820 - 종목명: 이구산업 - 보유수량: 1 - 매입가: 2935 - 수익률: 17.99 - 현재가: 3490
[2021-03-03 11:07:41,668] I EventLoop.py | Kiwoom-_tr_data_slot-0241 I DEBUG    > 종목코드: 035620 - 종목명: 바른손이앤에이 - 보유수량: 309 - 매입가: 1426 - 수익률: -1.70 - 현재가: 1415
[2021-03-03 11:07:41,672] I EventLoop.py | Kiwoom-_tr_data_slot-0241 I DEBUG    > 종목코드: 094970 - 종목명: 제이엠티 - 보유수량: 135 - 매입가: 3250 - 수익률: 3.35 - 현재가: 3390
[2021-03-03 11:07:41,673] I EventLoop.py | Kiwoom-_tr_data_slot-0241 I DEBUG    > 종목코드: 18064K - 종목명: 한진칼우 - 보유수량: 3 - 매입가: 40450 - 수익률: -2.03 - 현재가: 40000
[2021-03-03 11:07:41,673] I EventLoop.py | Kiwoom-_tr_data_slot-0241 I DEBUG    > 종목코드: 182360 - 종목명: 큐브엔터 - 보유수량: 136 - 매입가: 3208 - 수익률: -1.48 - 현재가: 3190
[2021-03-03 11:07:41,674] I EventLoop.py | Kiwoom-_tr_data_slot-0241 I DEBUG    > 종목코드: 213090 - 종목명: 미래테크놀로지 - 보유수량: 51 - 매입가: 8480 - 수익률: -2.10 - 현재가: 8380
[2021-03-03 11:07:41,675] I EventLoop.py | Kiwoom-_tr_data_slot-0241 I DEBUG    > 종목코드: 270520 - 종목명: 지엔원에너지 - 보유수량: 7 - 매입가: 4555 - 수익률: -1.68 - 현재가: 4520
[2021-03-03 11:07:41,676] I EventLoop.py | Kiwoom-_tr_data_slot-0241 I DEBUG    > 종목코드: 333430 - 종목명: 미래에셋대우스팩4호 - 보유수량: 161 - 매입가: 2738 - 수익률: -3.04 - 현재가: 2680
[2021-03-03 11:07:41,676] I EventLoop.py | Kiwoom-_tr_data_slot-0241 I DEBUG    > 종목코드: 367340 - 종목명: DB금융스팩8호 - 보유수량: 233 - 매입가: 2067 - 수익률: -.54 - 현재가: 2075
[2021-03-03 11:07:41,698] I EventLoop.py | Kiwoom-_msg_slot-1555 I DEBUG    > 스크린: , 요청이름: , tr코드: , 시간: 2021-03-03 11:07:41 ---  조회가 완료되었습니다.
[2021-03-03 11:07:44,389] I Signal.py | Kiwoom-real_time_recommand_fuc-0291 I DEBUG    > 새로 들어온 종목: 241590, real_time_recommand_dict: {'ub': None, 'time': '110744', 'numbering': False}
[2021-03-03 11:07:45,391] I Signal.py | Kiwoom-screen_number_real_time_setting-0216 I DEBUG    > 스크린 넘버 세팅 새로 들어온 종목: 241590, portfolio_stock_dict: {'매수매도': '매수', 'ub': None}
[2021-03-03 11:07:48,425] I Signal.py | Kiwoom-screen_number_real_time_setting-0263 I DEBUG    > 실시간 등록 코드: ;241590, 실시간 등록 리턴값: 0
[2021-03-03 11:07:50,022] I EventLoop.py | Kiwoom-_receive_real_data_slot-1367 I DEBUG    > 매수조건 통과 241590 
[2021-03-03 11:07:50,022] I EventLoop.py | Kiwoom-_receive_real_data_slot-1368 I DEBUG    > (최우선)매도호가 16850 
[2021-03-03 11:07:50,327] I EventLoop.py | Kiwoom-_receive_real_data_slot-1380 I DEBUG    > 코드 : 241590 매수주문 전달 성공
[2021-03-03 11:07:50,721] I EventLoop.py | Kiwoom-_msg_slot-1555 I DEBUG    > 스크린: 8001, 요청이름: 신규매수, tr코드: KOA_NORMAL_BUY_KP_ORD, 시간: 2021-03-03 11:07:50 --- [00Z112] 모의투자 정상처리 되었습니다
[2021-03-03 11:07:50,729] I EventLoop.py | Kiwoom-_chejan_slot-1484 I DEBUG    > 접수, 확인, 체결 : {'종목코드': '241590', '주문번호': '0099960', '종목명': '화승엔터프라이즈', '주문상태': '접수', '주문수량': 20, '주문가격': 16850, '미체결수량': 20, '원주문번호': '0000000', '주문구분': '매수', '주문/체결시간': '110749', '체결가': 0, '체결량': 0, '현재가': 16800, '(최우선)매도호가': 16850, '(최우선)매수호가': 16750}
[2021-03-03 11:07:51,460] I EventLoop.py | Kiwoom-_receive_real_data_slot-1402 I DEBUG    > 매수취소 전달 성공
[2021-03-03 11:07:51,749] I EventLoop.py | Kiwoom-_msg_slot-1555 I DEBUG    > 스크린: 6001, 요청이름: 매수취소, tr코드: KOA_NORMAL_KP_CANCEL, 시간: 2021-03-03 11:07:51 --- [00Z115] 모의투자 정상처리 되었습니다
[2021-03-03 11:07:51,827] I EventLoop.py | Kiwoom-_chejan_slot-1484 I DEBUG    > 접수, 확인, 체결 : {'종목코드': '241590', '주문번호': '0099974', '종목명': '화승엔터프라이즈', '주문상태': '접수', '주문수량': 20, '주문가격': 0, '미체결수량': 20, '원주문번호': '0099960', '주문구분': '매수취소', '주문/체결시간': '110750', '체결가': 0, '체결량': 0, '현재가': 16750, '(최우선)매도호가': 16850, '(최우선)매수호가': 16750}
[2021-03-03 11:07:51,829] I EventLoop.py | Kiwoom-_chejan_slot-1484 I DEBUG    > 접수, 확인, 체결 : {'종목코드': '241590', '주문번호': '0099974', '종목명': '화승엔터프라이즈', '주문상태': '확인', '주문수량': 20, '주문가격': 0, '미체결수량': 0, '원주문번호': '0099960', '주문구분': '매수취소', '주문/체결시간': '110750', '체결가': 0, '체결량': 0, '현재가': 16750, '(최우선)매도호가': 16850, '(최우선)매수호가': 16750}
[2021-03-03 11:07:51,832] I EventLoop.py | Kiwoom-_chejan_slot-1484 I DEBUG    > 접수, 확인, 체결 : {'종목코드': '241590', '주문번호': '0099960', '종목명': '화승엔터프라이즈', '주문상태': '접수', '주문수량': 20, '주문가격': 16850, '미체결수량': 0, '원주문번호': '0000000', '주문구분': '매수', '주문/체결시간': '110749', '체결가': 0, '체결량': 0, '현재가': 16750, '(최우선)매도호가': 16850, '(최우선)매수호가': 16750}
[2021-03-03 11:08:46,435] I EventLoop.py | Kiwoom-_receive_real_data_slot-1318 I DEBUG    > 코드 : 094970 매도주문 전달 성공(계좌에 있던 거)
[2021-03-03 11:08:46,974] I EventLoop.py | Kiwoom-_msg_slot-1555 I DEBUG    > 스크린: 6001, 요청이름: 신규매도, tr코드: KOA_NORMAL_SELL_KQ_ORD, 시간: 2021-03-03 11:08:46 --- [00Z113] 모의투자 정상처리 되었습니다
[2021-03-03 11:08:47,030] I EventLoop.py | Kiwoom-_chejan_slot-1484 I DEBUG    > 접수, 확인, 체결 : {'종목코드': '094970', '주문번호': '0100282', '종목명': '제이엠티', '주문상태': '접수', '주문수량': 135, '주문가격': 0, '미체결수량': 135, '원주문번호': '0000000', '주문구분': '매도', '주문/체결시간': '110846', '체결가': 0, '체결량': 0, '현재가': 3385, '(최우선)매도호가': 3385, '(최우선)매수호가': 3380}
[2021-03-03 11:08:47,032] I EventLoop.py | Kiwoom-_chejan_slot-1532 I DEBUG    > 잔고반영: {'현재가': 3385, '종목코드': '094970', '종목명': '제이엠티', '보유수량': 135, '주문가능수량': 0, '매입단가': 3250, '총매입가': 438750, '매도매수구분': '매도', '(최우선)매도호가': 3385, '(최우선)매수호가': 3380}
[2021-03-03 11:08:52,726] I EventLoop.py | Kiwoom-_chejan_slot-1484 I DEBUG    > 접수, 확인, 체결 : {'종목코드': '094970', '주문번호': '0100282', '종목명': '제이엠티', '주문상태': '체결', '주문수량': 135, '주문가격': 0, '미체결수량': 0, '원주문번호': '0000000', '주문구분': '매도', '주문/체결시간': '110851', '체결가': 3385, '체결량': 135, '현재가': 3385, '(최우선)매도호가': 3395, '(최우선)매수호가': 3385}
[2021-03-03 11:08:52,736] I EventLoop.py | Kiwoom-_chejan_slot-1532 I DEBUG    > 잔고반영: {'현재가': 3385, '종목코드': '094970', '종목명': '제이엠티', '보유수량': 0, '주문가능수량': 0, '매입단가': 0, '총매입가': 0, '매도매수구분': '매도', '(최우선)매도호가': 3395, '(최우선)매수호가': 3385}
[2021-03-03 11:12:06,745] I EventLoop.py | Kiwoom-_receive_real_data_slot-1318 I DEBUG    > 코드 : 025820 매도주문 전달 성공(계좌에 있던 거)
[2021-03-03 11:12:07,364] I EventLoop.py | Kiwoom-_msg_slot-1555 I DEBUG    > 스크린: 6001, 요청이름: 신규매도, tr코드: KOA_NORMAL_SELL_KQ_ORD, 시간: 2021-03-03 11:12:07 --- [00Z113] 모의투자 정상처리 되었습니다
[2021-03-03 11:12:07,426] I EventLoop.py | Kiwoom-_chejan_slot-1484 I DEBUG    > 접수, 확인, 체결 : {'종목코드': '025820', '주문번호': '0101619', '종목명': '이구산업', '주문상태': '접수', '주문수량': 1, '주문가격': 0, '미체결수량': 1, '원주문번호': '0000000', '주문구분': '매도', '주문/체결시간': '111206', '체결가': 0, '체결량': 0, '현재가': 3530, '(최우선)매도호가': 3530, '(최우선)매수호가': 3525}
[2021-03-03 11:12:07,428] I EventLoop.py | Kiwoom-_chejan_slot-1532 I DEBUG    > 잔고반영: {'현재가': 3530, '종목코드': '025820', '종목명': '이구산업', '보유수량': 1, '주문가능수량': 0, '매입단가': 2935, '총매입가': 2935, '매도매수구분': '매도', '(최우선)매도호가': 3530, '(최우선)매수호가': 3525}
[2021-03-03 11:12:07,727] I EventLoop.py | Kiwoom-_chejan_slot-1484 I DEBUG    > 접수, 확인, 체결 : {'종목코드': '025820', '주문번호': '0101619', '종목명': '이구산업', '주문상태': '체결', '주문수량': 1, '주문가격': 0, '미체결수량': 0, '원주문번호': '0000000', '주문구분': '매도', '주문/체결시간': '111206', '체결가': 3530, '체결량': 1, '현재가': 3530, '(최우선)매도호가': 3530, '(최우선)매수호가': 3525}
[2021-03-03 11:12:07,729] I EventLoop.py | Kiwoom-_chejan_slot-1532 I DEBUG    > 잔고반영: {'현재가': 3530, '종목코드': '025820', '종목명': '이구산업', '보유수량': 0, '주문가능수량': 0, '매입단가': 0, '총매입가': 0, '매도매수구분': '매도', '(최우선)매도호가': 3530, '(최우선)매수호가': 3525}
[2021-03-03 11:53:59,958] I EventLoop.py | Kiwoom-_receive_real_data_slot-1318 I DEBUG    > 코드 : 000660 매도주문 전달 성공(계좌에 있던 거)
[2021-03-03 11:54:00,228] I EventLoop.py | Kiwoom-_msg_slot-1555 I DEBUG    > 스크린: 6001, 요청이름: 신규매도, tr코드: KOA_NORMAL_SELL_KQ_ORD, 시간: 2021-03-03 11:54:00 --- [00Z113] 모의투자 정상처리 되었습니다
[2021-03-03 11:54:00,331] I EventLoop.py | Kiwoom-_chejan_slot-1484 I DEBUG    > 접수, 확인, 체결 : {'종목코드': '000660', '주문번호': '0116506', '종목명': 'SK하이닉스', '주문상태': '접수', '주문수량': 2, '주문가격': 0, '미체결수량': 2, '원주문번호': '0000000', '주문구분': '매도', '주문/체결시간': '115359', '체결가': 0, '체결량': 0, '현재가': 144500, '(최우선)매도호가': 145000, '(최우선)매수호가': 144500}
[2021-03-03 11:54:00,333] I EventLoop.py | Kiwoom-_chejan_slot-1532 I DEBUG    > 잔고반영: {'현재가': 144500, '종목코드': '000660', '종목명': 'SK하이닉스', '보유수량': 2, '주문가능수량': 0, '매입단가': 143000, '총매입가': 286000, '매도매수구분': '매도', '(최우선)매도호가': 145000, '(최우선)매수호가': 144500}
[2021-03-03 11:54:00,746] I EventLoop.py | Kiwoom-_chejan_slot-1484 I DEBUG    > 접수, 확인, 체결 : {'종목코드': '000660', '주문번호': '0116506', '종목명': 'SK하이닉스', '주문상태': '체결', '주문수량': 2, '주문가격': 0, '미체결수량': 1, '원주문번호': '0000000', '주문구분': '매도', '주문/체결시간': '115359', '체결가': 145000, '체결량': 1, '현재가': 144500, '(최우선)매도호가': 145000, '(최우선)매수호가': 144500}
[2021-03-03 11:54:00,747] I EventLoop.py | Kiwoom-_chejan_slot-1532 I DEBUG    > 잔고반영: {'현재가': 144500, '종목코드': '000660', '종목명': 'SK하이닉스', '보유수량': 1, '주문가능수량': 0, '매입단가': 143000, '총매입가': 143000, '매도매수구분': '매도', '(최우선)매도호가': 145000, '(최우선)매수호가': 144500}
[2021-03-03 11:54:01,041] I EventLoop.py | Kiwoom-_chejan_slot-1484 I DEBUG    > 접수, 확인, 체결 : {'종목코드': '000660', '주문번호': '0116506', '종목명': 'SK하이닉스', '주문상태': '체결', '주문수량': 2, '주문가격': 0, '미체결수량': 0, '원주문번호': '0000000', '주문구분': '매도', '주문/체결시간': '115359', '체결가': 144750, '체결량': 2, '현재가': 145000, '(최우선)매도호가': 145000, '(최우선)매수호가': 144500}
[2021-03-03 11:54:01,051] I EventLoop.py | Kiwoom-_chejan_slot-1532 I DEBUG    > 잔고반영: {'현재가': 145000, '종목코드': '000660', '종목명': 'SK하이닉스', '보유수량': 0, '주문가능수량': 0, '매입단가': 0, '총매입가': 0, '매도매수구분': '매도', '(최우선)매도호가': 145000, '(최우선)매수호가': 144500}
[2021-03-03 13:26:13,673] I EventLoop.py | Kiwoom-_receive_real_data_slot-1318 I DEBUG    > 코드 : 035620 매도주문 전달 성공(계좌에 있던 거)
[2021-03-03 13:26:14,050] I EventLoop.py | Kiwoom-_msg_slot-1555 I DEBUG    > 스크린: 6001, 요청이름: 신규매도, tr코드: KOA_NORMAL_SELL_KQ_ORD, 시간: 2021-03-03 13:26:14 --- [00Z113] 모의투자 정상처리 되었습니다
[2021-03-03 13:26:14,151] I EventLoop.py | Kiwoom-_chejan_slot-1484 I DEBUG    > 접수, 확인, 체결 : {'종목코드': '035620', '주문번호': '0143401', '종목명': '바른손이앤에이', '주문상태': '접수', '주문수량': 309, '주문가격': 0, '미체결수량': 309, '원주문번호': '0000000', '주문구분': '매도', '주문/체결시간': '132612', '체결가': 0, '체결량': 0, '현재가': 1445, '(최우선)매도호가': 1445, '(최우선)매수호가': 1440}
[2021-03-03 13:26:14,153] I EventLoop.py | Kiwoom-_chejan_slot-1532 I DEBUG    > 잔고반영: {'현재가': 1445, '종목코드': '035620', '종목명': '바른손이앤에이', '보유수량': 309, '주문가능수량': 0, '매입단가': 1426, '총매입가': 440650, '매도매수구분': '매도', '(최우선)매도호가': 1445, '(최우선)매수호가': 1440}
[2021-03-03 13:26:23,650] I EventLoop.py | Kiwoom-_chejan_slot-1484 I DEBUG    > 접수, 확인, 체결 : {'종목코드': '035620', '주문번호': '0143401', '종목명': '바른손이앤에이', '주문상태': '체결', '주문수량': 309, '주문가격': 0, '미체결수량': 308, '원주문번호': '0000000', '주문구분': '매도', '주문/체결시간': '132622', '체결가': 1440, '체결량': 1, '현재가': 1440, '(최우선)매도호가': 1445, '(최우선)매수호가': 1440}
[2021-03-03 13:26:23,652] I EventLoop.py | Kiwoom-_chejan_slot-1532 I DEBUG    > 잔고반영: {'현재가': 1440, '종목코드': '035620', '종목명': '바른손이앤에이', '보유수량': 308, '주문가능수량': 0, '매입단가': 1426, '총매입가': 439224, '매도매수구분': '매도', '(최우선)매도호가': 1445, '(최우선)매수호가': 1440}
[2021-03-03 13:26:29,257] I EventLoop.py | Kiwoom-_chejan_slot-1484 I DEBUG    > 접수, 확인, 체결 : {'종목코드': '035620', '주문번호': '0143401', '종목명': '바른손이앤에이', '주문상태': '체결', '주문수량': 309, '주문가격': 0, '미체결수량': 0, '원주문번호': '0000000', '주문구분': '매도', '주문/체결시간': '132627', '체결가': 1440, '체결량': 309, '현재가': 1440, '(최우선)매도호가': 1445, '(최우선)매수호가': 1440}
[2021-03-03 13:26:29,261] I EventLoop.py | Kiwoom-_chejan_slot-1532 I DEBUG    > 잔고반영: {'현재가': 1440, '종목코드': '035620', '종목명': '바른손이앤에이', '보유수량': 0, '주문가능수량': 0, '매입단가': 0, '총매입가': 0, '매도매수구분': '매도', '(최우선)매도호가': 1445, '(최우선)매수호가': 1440}
[2021-03-03 17:22:01,976] I EventLoop.py | Kiwoom-_event_connect_slot-0112 I DEBUG    > 정상처리
[2021-03-03 17:23:37,442] I EventLoop.py | Kiwoom-_event_connect_slot-0112 I DEBUG    > 정상처리
[2021-03-03 20:23:13,306] I EventLoop.py | Kiwoom-_event_connect_slot-0112 I DEBUG    > 정상처리
[2021-03-03 20:29:34,600] I EventLoop.py | Kiwoom-_event_connect_slot-0112 I DEBUG    > 정상처리
[2021-03-03 20:45:54,579] I EventLoop.py | Kiwoom-_event_connect_slot-0112 I DEBUG    > 정상처리
